#
# There is insufficient memory for the Java Runtime Environment to continue.
# Native memory allocation (mmap) failed to map 368574464 bytes for committing reserved memory.
# Possible reasons:
#   The system is out of physical RAM or swap space
#   In 32 bit mode, the process size limit was hit
# Possible solutions:
#   Reduce memory load on the system
#   Increase physical memory or swap space
#   Check if swap backing store is full
#   Use 64 bit Java on a 64 bit OS
#   Decrease Java heap size (-Xmx/-Xms)
#   Decrease number of Java threads
#   Decrease Java thread stack sizes (-Xss)
#   Set larger code cache with -XX:ReservedCodeCacheSize=
# This output file may be truncated or incomplete.
#
#  Out of Memory Error (os_linux.cpp:2640), pid=7667, tid=0x00007efef73f3700
#
# JRE version: Java(TM) SE Runtime Environment (8.0_161-b12) (build 1.8.0_161-b12)
# Java VM: Java HotSpot(TM) 64-Bit Server VM (25.161-b12 mixed mode linux-amd64 compressed oops)
# Failed to write core dump. Core dumps have been disabled. To enable core dumping, try "ulimit -c unlimited" before starting Java again
#

---------------  T H R E A D  ---------------

Current thread (0x00007eff0c079800):  VMThread [stack: 0x00007efef72f3000,0x00007efef73f4000] [id=7692]

Stack: [0x00007efef72f3000,0x00007efef73f4000],  sp=0x00007efef73f1fd0,  free space=1019k
Native frames: (J=compiled Java code, j=interpreted, Vv=VM code, C=native code)
V  [libjvm.so+0xacf94a]  VMError::report_and_die()+0x2ba
V  [libjvm.so+0x50050b]  report_vm_out_of_memory(char const*, int, unsigned long, VMErrorType, char const*)+0x8b
V  [libjvm.so+0x92b133]  os::Linux::commit_memory_impl(char*, unsigned long, bool)+0x103
V  [libjvm.so+0x92b5c9]  os::pd_commit_memory(char*, unsigned long, unsigned long, bool)+0x29
V  [libjvm.so+0x924c0a]  os::commit_memory(char*, unsigned long, unsigned long, bool)+0x2a
V  [libjvm.so+0x99ab53]  PSVirtualSpace::expand_by(unsigned long)+0x53
V  [libjvm.so+0x98b410]  PSOldGen::expand(unsigned long)+0x170
V  [libjvm.so+0x98b61b]  PSOldGen::resize(unsigned long)+0x1cb
V  [libjvm.so+0x993321]  PSParallelCompact::invoke_no_policy(bool)+0x991
V  [libjvm.so+0x998c7d]  PSScavenge::invoke()+0x1ad
V  [libjvm.so+0x94f5a0]  ParallelScavengeHeap::failed_mem_allocate(unsigned long)+0x70
V  [libjvm.so+0xad13c7]  VM_ParallelGCFailedAllocation::doit()+0x97
V  [libjvm.so+0xad8ed5]  VM_Operation::evaluate()+0x55
V  [libjvm.so+0xad729a]  VMThread::evaluate_operation(VM_Operation*)+0xba
V  [libjvm.so+0xad761e]  VMThread::loop()+0x1ce
V  [libjvm.so+0xad7a90]  VMThread::run()+0x70
V  [libjvm.so+0x92da28]  java_start(Thread*)+0x108

VM_Operation (0x00007eff14b56510): ParallelGCFailedAllocation, mode: safepoint, requested by thread 0x00007eff0c00b800


---------------  P R O C E S S  ---------------

Java Threads: ( => current thread )
  0x00007eff0c12e800 JavaThread "pool-1-thread-1" [_thread_blocked, id=7727, stack(0x00007efef6678000,0x00007efef6779000)]
  0x00007eff0c0c2000 JavaThread "Service Thread" daemon [_thread_blocked, id=7717, stack(0x00007efef6910000,0x00007efef6a11000)]
  0x00007eff0c0bf000 JavaThread "C1 CompilerThread2" daemon [_thread_blocked, id=7716, stack(0x00007efef6a11000,0x00007efef6b12000)]
  0x00007eff0c0bd000 JavaThread "C2 CompilerThread1" daemon [_thread_blocked, id=7715, stack(0x00007efef6b12000,0x00007efef6c13000)]
  0x00007eff0c0ba000 JavaThread "C2 CompilerThread0" daemon [_thread_blocked, id=7708, stack(0x00007efef6c13000,0x00007efef6d14000)]
  0x00007eff0c0b8800 JavaThread "Signal Dispatcher" daemon [_thread_blocked, id=7707, stack(0x00007efef6d14000,0x00007efef6e15000)]
  0x00007eff0c085800 JavaThread "Finalizer" daemon [_thread_blocked, id=7698, stack(0x00007efef70f1000,0x00007efef71f2000)]
  0x00007eff0c081000 JavaThread "Reference Handler" daemon [_thread_blocked, id=7696, stack(0x00007efef71f2000,0x00007efef72f3000)]
  0x00007eff0c00b800 JavaThread "main" [_thread_blocked, id=7672, stack(0x00007eff14a5a000,0x00007eff14b5b000)]

Other Threads:
=>0x00007eff0c079800 VMThread [stack: 0x00007efef72f3000,0x00007efef73f4000] [id=7692]
  0x00007eff0c0c6800 WatcherThread [stack: 0x00007efef680f000,0x00007efef6910000] [id=7718]

VM state:at safepoint (normal execution)

VM Mutex/Monitor currently owned by a thread:  ([mutex/lock_event])
[0x00007eff0c007850] ExpandHeap_lock - owner thread: 0x00007eff0c079800
[0x00007eff0c007ed0] Threads_lock - owner thread: 0x00007eff0c079800
[0x00007eff0c0083d0] Heap_lock - owner thread: 0x00007eff0c00b800

Heap:
 PSYoungGen      total 1288704K, used 25138K [0x000000076d300000, 0x00000007c0000000, 0x00000007c0000000)
  eden space 1220608K, 0% used [0x000000076d300000,0x000000076d300000,0x00000007b7b00000)
  from space 68096K, 36% used [0x00000007bbd80000,0x00000007bd60c8e0,0x00000007c0000000)
  to   space 68096K, 0% used [0x00000007b7b00000,0x00000007b7b00000,0x00000007bbd80000)
 ParOldGen       total 822272K, used 822031K [0x00000006c7800000, 0x00000006f9b00000, 0x000000076d300000)
  object space 822272K, 99% used [0x00000006c7800000,0x00000006f9ac3ca8,0x00000006f9b00000)
 Metaspace       used 4587K, capacity 5528K, committed 5760K, reserved 1056768K
  class space    used 497K, capacity 520K, committed 640K, reserved 1048576K

Card table byte_map: [0x00007eff10fc7000,0x00007eff1178c000] byte_map_base: 0x00007eff0d98b000

Marking Bits: (ParMarkBitMap*) 0x00007eff13f11920
 Begin Bits: [0x00007efeed3c0000, 0x00007efef11e0000)
 End Bits:   [0x00007efef11e0000, 0x00007efef5000000)

Polling page: 0x00007eff14b7e000

CodeCache: size=245760Kb used=4190Kb max_used=5461Kb free=241569Kb
 bounds [0x00007efefd000000, 0x00007efefd560000, 0x00007eff0c000000]
 total_blobs=1030 nmethods=767 adapters=177
 compilation: enabled

Compilation events (10 events):
Event: 192.262 Thread 0x00007eff0c0bf000 1014       3       java.util.concurrent.locks.ReentrantLock$Sync::nonfairTryAcquire (67 bytes)
Event: 192.266 Thread 0x00007eff0c0bf000 nmethod 1014 0x00007efefd2df750 code [0x00007efefd2df900, 0x00007efefd2e0028]
Event: 192.268 Thread 0x00007eff0c0bf000 1015       3       java.util.concurrent.ScheduledThreadPoolExecutor$ScheduledFutureTask::getDelay (20 bytes)
Event: 192.269 Thread 0x00007eff0c0bf000 nmethod 1015 0x00007efefd10b1d0 code [0x00007efefd10b360, 0x00007efefd10b6a8]
Event: 192.269 Thread 0x00007eff0c0bf000 1016       3       java.util.concurrent.TimeUnit$1::convert (6 bytes)
Event: 192.269 Thread 0x00007eff0c0bf000 nmethod 1016 0x00007efefd3aea10 code [0x00007efefd3aeb80, 0x00007efefd3aeda8]
Event: 192.269 Thread 0x00007eff0c0bf000 1017       3       java.util.concurrent.ScheduledThreadPoolExecutor$DelayedWorkQueue::setIndex (16 bytes)
Event: 192.270 Thread 0x00007eff0c0bf000 nmethod 1017 0x00007efefd28a2d0 code [0x00007efefd28a440, 0x00007efefd28a7b0]
Event: 200.253 Thread 0x00007eff0c0bf000 1018       3       java.lang.String::<init> (38 bytes)
Event: 200.255 Thread 0x00007eff0c0bf000 nmethod 1018 0x00007efefd1e9490 code [0x00007efefd1e9620, 0x00007efefd1e9988]

GC Heap History (10 events):
Event: 194.017 GC heap after
Heap after GC invocations=105 (full 3):
 PSYoungGen      total 1288192K, used 63127K [0x000000076d300000, 0x00000007c0000000, 0x00000007c0000000)
  eden space 1219584K, 0% used [0x000000076d300000,0x000000076d300000,0x00000007b7a00000)
  from space 68608K, 92% used [0x00000007bbd00000,0x00000007bfaa5d80,0x00000007c0000000)
  to   space 68608K, 0% used [0x00000007b7a00000,0x00000007b7a00000,0x00000007bbd00000)
 ParOldGen       total 822272K, used 775515K [0x00000006c7800000, 0x00000006f9b00000, 0x000000076d300000)
  object space 822272K, 94% used [0x00000006c7800000,0x00000006f6d56c90,0x00000006f9b00000)
 Metaspace       used 4587K, capacity 5528K, committed 5760K, reserved 1056768K
  class space    used 497K, capacity 520K, committed 640K, reserved 1048576K
}
Event: 195.963 GC heap before
{Heap before GC invocations=106 (full 3):
 PSYoungGen      total 1288192K, used 1282711K [0x000000076d300000, 0x00000007c0000000, 0x00000007c0000000)
  eden space 1219584K, 100% used [0x000000076d300000,0x00000007b7a00000,0x00000007b7a00000)
  from space 68608K, 92% used [0x00000007bbd00000,0x00000007bfaa5d80,0x00000007c0000000)
  to   space 68608K, 0% used [0x00000007b7a00000,0x00000007b7a00000,0x00000007bbd00000)
 ParOldGen       total 822272K, used 775515K [0x00000006c7800000, 0x00000006f9b00000, 0x000000076d300000)
  object space 822272K, 94% used [0x00000006c7800000,0x00000006f6d56c90,0x00000006f9b00000)
 Metaspace       used 4587K, capacity 5528K, committed 5760K, reserved 1056768K
  class space    used 497K, capacity 520K, committed 640K, reserved 1048576K
Event: 196.060 GC heap after
Heap after GC invocations=106 (full 3):
 PSYoungGen      total 1288192K, used 63127K [0x000000076d300000, 0x00000007c0000000, 0x00000007c0000000)
  eden space 1219584K, 0% used [0x000000076d300000,0x000000076d300000,0x00000007b7a00000)
  from space 68608K, 92% used [0x00000007b7a00000,0x00000007bb7a5d80,0x00000007bbd00000)
  to   space 68608K, 0% used [0x00000007bbd00000,0x00000007bbd00000,0x00000007c0000000)
 ParOldGen       total 822272K, used 779379K [0x00000006c7800000, 0x00000006f9b00000, 0x000000076d300000)
  object space 822272K, 94% used [0x00000006c7800000,0x00000006f711cc90,0x00000006f9b00000)
 Metaspace       used 4587K, capacity 5528K, committed 5760K, reserved 1056768K
  class space    used 497K, capacity 520K, committed 640K, reserved 1048576K
}
Event: 198.377 GC heap before
{Heap before GC invocations=107 (full 3):
 PSYoungGen      total 1288192K, used 1282711K [0x000000076d300000, 0x00000007c0000000, 0x00000007c0000000)
  eden space 1219584K, 100% used [0x000000076d300000,0x00000007b7a00000,0x00000007b7a00000)
  from space 68608K, 92% used [0x00000007b7a00000,0x00000007bb7a5d80,0x00000007bbd00000)
  to   space 68608K, 0% used [0x00000007bbd00000,0x00000007bbd00000,0x00000007c0000000)
 ParOldGen       total 822272K, used 779379K [0x00000006c7800000, 0x00000006f9b00000, 0x000000076d300000)
  object space 822272K, 94% used [0x00000006c7800000,0x00000006f711cc90,0x00000006f9b00000)
 Metaspace       used 4587K, capacity 5528K, committed 5760K, reserved 1056768K
  class space    used 497K, capacity 520K, committed 640K, reserved 1048576K
Event: 198.476 GC heap after
Heap after GC invocations=107 (full 3):
 PSYoungGen      total 1287168K, used 63063K [0x000000076d300000, 0x00000007bff00000, 0x00000007c0000000)
  eden space 1219584K, 0% used [0x000000076d300000,0x000000076d300000,0x00000007b7a00000)
  from space 67584K, 93% used [0x00000007bbd00000,0x00000007bfa95d80,0x00000007bff00000)
  to   space 68096K, 0% used [0x00000007b7a00000,0x00000007b7a00000,0x00000007bbc80000)
 ParOldGen       total 822272K, used 783275K [0x00000006c7800000, 0x00000006f9b00000, 0x000000076d300000)
  object space 822272K, 95% used [0x00000006c7800000,0x00000006f74eac90,0x00000006f9b00000)
 Metaspace       used 4587K, capacity 5528K, committed 5760K, reserved 1056768K
  class space    used 497K, capacity 520K, committed 640K, reserved 1048576K
}
Event: 200.322 GC heap before
{Heap before GC invocations=108 (full 3):
 PSYoungGen      total 1287168K, used 1282647K [0x000000076d300000, 0x00000007bff00000, 0x00000007c0000000)
  eden space 1219584K, 100% used [0x000000076d300000,0x00000007b7a00000,0x00000007b7a00000)
  from space 67584K, 93% used [0x00000007bbd00000,0x00000007bfa95d80,0x00000007bff00000)
  to   space 68096K, 0% used [0x00000007b7a00000,0x00000007b7a00000,0x00000007bbc80000)
 ParOldGen       total 822272K, used 783275K [0x00000006c7800000, 0x00000006f9b00000, 0x000000076d300000)
  object space 822272K, 95% used [0x00000006c7800000,0x00000006f74eac90,0x00000006f9b00000)
 Metaspace       used 4587K, capacity 5528K, committed 5760K, reserved 1056768K
  class space    used 497K, capacity 520K, committed 640K, reserved 1048576K
Event: 200.420 GC heap after
Heap after GC invocations=108 (full 3):
 PSYoungGen      total 1287680K, used 63095K [0x000000076d300000, 0x00000007c0000000, 0x00000007c0000000)
  eden space 1219584K, 0% used [0x000000076d300000,0x000000076d300000,0x00000007b7a00000)
  from space 68096K, 92% used [0x00000007b7a00000,0x00000007bb79dd80,0x00000007bbc80000)
  to   space 68096K, 0% used [0x00000007bbd80000,0x00000007bbd80000,0x00000007c0000000)
 ParOldGen       total 822272K, used 787139K [0x00000006c7800000, 0x00000006f9b00000, 0x000000076d300000)
  object space 822272K, 95% used [0x00000006c7800000,0x00000006f78b0c90,0x00000006f9b00000)
 Metaspace       used 4587K, capacity 5528K, committed 5760K, reserved 1056768K
  class space    used 497K, capacity 520K, committed 640K, reserved 1048576K
}
Event: 202.752 GC heap before
{Heap before GC invocations=109 (full 3):
 PSYoungGen      total 1287680K, used 1282679K [0x000000076d300000, 0x00000007c0000000, 0x00000007c0000000)
  eden space 1219584K, 100% used [0x000000076d300000,0x00000007b7a00000,0x00000007b7a00000)
  from space 68096K, 92% used [0x00000007b7a00000,0x00000007bb79dd80,0x00000007bbc80000)
  to   space 68096K, 0% used [0x00000007bbd80000,0x00000007bbd80000,0x00000007c0000000)
 ParOldGen       total 822272K, used 787139K [0x00000006c7800000, 0x00000006f9b00000, 0x000000076d300000)
  object space 822272K, 95% used [0x00000006c7800000,0x00000006f78b0c90,0x00000006f9b00000)
 Metaspace       used 4587K, capacity 5528K, committed 5760K, reserved 1056768K
  class space    used 497K, capacity 520K, committed 640K, reserved 1048576K
Event: 202.868 GC heap after
Heap after GC invocations=109 (full 3):
 PSYoungGen      total 1288704K, used 63095K [0x000000076d300000, 0x00000007c0000000, 0x00000007c0000000)
  eden space 1220608K, 0% used [0x000000076d300000,0x000000076d300000,0x00000007b7b00000)
  from space 68096K, 92% used [0x00000007bbd80000,0x00000007bfb1dd80,0x00000007c0000000)
  to   space 68096K, 0% used [0x00000007b7b00000,0x00000007b7b00000,0x00000007bbd80000)
 ParOldGen       total 822272K, used 791027K [0x00000006c7800000, 0x00000006f9b00000, 0x000000076d300000)
  object space 822272K, 96% used [0x00000006c7800000,0x00000006f7c7cc90,0x00000006f9b00000)
 Metaspace       used 4587K, capacity 5528K, committed 5760K, reserved 1056768K
  class space    used 497K, capacity 520K, committed 640K, reserved 1048576K
}
Event: 202.868 GC heap before
{Heap before GC invocations=110 (full 4):
 PSYoungGen      total 1288704K, used 63095K [0x000000076d300000, 0x00000007c0000000, 0x00000007c0000000)
  eden space 1220608K, 0% used [0x000000076d300000,0x000000076d300000,0x00000007b7b00000)
  from space 68096K, 92% used [0x00000007bbd80000,0x00000007bfb1dd80,0x00000007c0000000)
  to   space 68096K, 0% used [0x00000007b7b00000,0x00000007b7b00000,0x00000007bbd80000)
 ParOldGen       total 822272K, used 791027K [0x00000006c7800000, 0x00000006f9b00000, 0x000000076d300000)
  object space 822272K, 96% used [0x00000006c7800000,0x00000006f7c7cc90,0x00000006f9b00000)
 Metaspace       used 4587K, capacity 5528K, committed 5760K, reserved 1056768K
  class space    used 497K, capacity 520K, committed 640K, reserved 1048576K

Deoptimization events (10 events):
Event: 38.986 Thread 0x00007eff0c00b800 Uncommon trap: reason=class_check action=maybe_recompile pc=0x00007efefd4e546c method=java.util.AbstractList.hashCode()I @ 36
Event: 38.986 Thread 0x00007eff0c00b800 Uncommon trap: reason=class_check action=maybe_recompile pc=0x00007efefd4e546c method=java.util.AbstractList.hashCode()I @ 36
Event: 38.986 Thread 0x00007eff0c00b800 Uncommon trap: reason=class_check action=maybe_recompile pc=0x00007efefd4e546c method=java.util.AbstractList.hashCode()I @ 36
Event: 38.988 Thread 0x00007eff0c00b800 Uncommon trap: reason=unstable_if action=reinterpret pc=0x00007efefd4899e4 method=org.antlr.v4.runtime.atn.ATN.nextTokens(Lorg/antlr/v4/runtime/atn/ATNState;)Lorg/antlr/v4/runtime/misc/IntervalSet; @ 4
Event: 38.988 Thread 0x00007eff0c00b800 Uncommon trap: reason=unstable_if action=reinterpret pc=0x00007efefd48b740 method=org.antlr.v4.runtime.atn.ParserATNSimulator.adaptivePredict(Lorg/antlr/v4/runtime/TokenStream;ILorg/antlr/v4/runtime/ParserRuleContext;)I @ 82
Event: 38.988 Thread 0x00007eff0c00b800 Uncommon trap: reason=unstable_if action=reinterpret pc=0x00007efefd452470 method=org.antlr.v4.runtime.atn.ParserATNSimulator.getExistingTargetState(Lorg/antlr/v4/runtime/dfa/DFAState;I)Lorg/antlr/v4/runtime/dfa/DFAState; @ 6
Event: 38.995 Thread 0x00007eff0c00b800 Uncommon trap: reason=unstable_if action=reinterpret pc=0x00007efefd4c7898 method=org.antlr.v4.runtime.Parser.consume()Lorg/antlr/v4/runtime/Token; @ 70
Event: 38.998 Thread 0x00007eff0c00b800 Uncommon trap: reason=unstable_if action=reinterpret pc=0x00007efefd4ca13c method=org.antlr.v4.runtime.Parser.match(I)Lorg/antlr/v4/runtime/Token; @ 12
Event: 38.998 Thread 0x00007eff0c00b800 Uncommon trap: reason=unstable_if action=reinterpret pc=0x00007efefd454170 method=org.antlr.v4.runtime.CommonTokenStream.LT(I)Lorg/antlr/v4/runtime/Token; @ 30
Event: 38.999 Thread 0x00007eff0c00b800 Uncommon trap: reason=unstable_if action=reinterpret pc=0x00007efefd4518b4 method=org.antlr.v4.runtime.CommonTokenStream.LT(I)Lorg/antlr/v4/runtime/Token; @ 30

Classes redefined (0 events):
No events

Internal exceptions (10 events):
Event: 193.253 Thread 0x00007eff0c12e800 Exception <a 'java/io/IOException'> (0x000000077a961a78) thrown at [/HUDSON/workspace/8-2-build-linux-amd64/jdk8u161/10277/hotspot/src/share/vm/prims/jni.cpp, line 709]
Event: 194.253 Thread 0x00007eff0c12e800 Exception <a 'java/io/IOException'> (0x0000000779160df8) thrown at [/HUDSON/workspace/8-2-build-linux-amd64/jdk8u161/10277/hotspot/src/share/vm/prims/jni.cpp, line 709]
Event: 195.253 Thread 0x00007eff0c12e800 Exception <a 'java/io/IOException'> (0x00000007791610b0) thrown at [/HUDSON/workspace/8-2-build-linux-amd64/jdk8u161/10277/hotspot/src/share/vm/prims/jni.cpp, line 709]
Event: 196.253 Thread 0x00007eff0c12e800 Exception <a 'java/io/IOException'> (0x0000000774a06830) thrown at [/HUDSON/workspace/8-2-build-linux-amd64/jdk8u161/10277/hotspot/src/share/vm/prims/jni.cpp, line 709]
Event: 197.253 Thread 0x00007eff0c12e800 Exception <a 'java/io/IOException'> (0x0000000774a06ae8) thrown at [/HUDSON/workspace/8-2-build-linux-amd64/jdk8u161/10277/hotspot/src/share/vm/prims/jni.cpp, line 709]
Event: 198.253 Thread 0x00007eff0c12e800 Exception <a 'java/io/IOException'> (0x0000000774a06da0) thrown at [/HUDSON/workspace/8-2-build-linux-amd64/jdk8u161/10277/hotspot/src/share/vm/prims/jni.cpp, line 709]
Event: 199.253 Thread 0x00007eff0c12e800 Exception <a 'java/io/IOException'> (0x0000000784ff7220) thrown at [/HUDSON/workspace/8-2-build-linux-amd64/jdk8u161/10277/hotspot/src/share/vm/prims/jni.cpp, line 709]
Event: 200.253 Thread 0x00007eff0c12e800 Exception <a 'java/io/IOException'> (0x0000000784ff74d8) thrown at [/HUDSON/workspace/8-2-build-linux-amd64/jdk8u161/10277/hotspot/src/share/vm/prims/jni.cpp, line 709]
Event: 201.254 Thread 0x00007eff0c12e800 Exception <a 'java/io/IOException'> (0x00000007867d5560) thrown at [/HUDSON/workspace/8-2-build-linux-amd64/jdk8u161/10277/hotspot/src/share/vm/prims/jni.cpp, line 709]
Event: 202.256 Thread 0x00007eff0c12e800 Exception <a 'java/io/IOException'> (0x00000007867d5818) thrown at [/HUDSON/workspace/8-2-build-linux-amd64/jdk8u161/10277/hotspot/src/share/vm/prims/jni.cpp, line 709]

Events (10 events):
Event: 192.267 Thread 0x00007eff0c0bf000 flushing nmethod 0x00007efefd449bd0
Event: 193.879 Executing VM operation: ParallelGCFailedAllocation
Event: 194.017 Executing VM operation: ParallelGCFailedAllocation done
Event: 195.963 Executing VM operation: ParallelGCFailedAllocation
Event: 196.060 Executing VM operation: ParallelGCFailedAllocation done
Event: 198.377 Executing VM operation: ParallelGCFailedAllocation
Event: 198.476 Executing VM operation: ParallelGCFailedAllocation done
Event: 200.322 Executing VM operation: ParallelGCFailedAllocation
Event: 200.420 Executing VM operation: ParallelGCFailedAllocation done
Event: 202.752 Executing VM operation: ParallelGCFailedAllocation


Dynamic libraries:
00400000-00401000 r-xp 00000000 103:06 676153                            /usr/lib/jvm/java-8-oracle/bin/java
00600000-00601000 rw-p 00000000 103:06 676153                            /usr/lib/jvm/java-8-oracle/bin/java
00c47000-00c68000 rw-p 00000000 00:00 0                                  [heap]
6c7800000-6f9b00000 rw-p 00000000 00:00 0 
70fa80000-76d300000 ---p 00000000 00:00 0 
76d300000-7c0000000 rw-p 00000000 00:00 0 
7c0000000-7c00a0000 rw-p 00000000 00:00 0 
7c00a0000-800000000 ---p 00000000 00:00 0 
7efeb0000000-7efeb0021000 rw-p 00000000 00:00 0 
7efeb0021000-7efeb4000000 ---p 00000000 00:00 0 
7efeb8000000-7efeb8021000 rw-p 00000000 00:00 0 
7efeb8021000-7efebc000000 ---p 00000000 00:00 0 
7efebc000000-7efebc021000 rw-p 00000000 00:00 0 
7efebc021000-7efec0000000 ---p 00000000 00:00 0 
7efec0000000-7efec1e27000 rw-p 00000000 00:00 0 
7efec1e27000-7efec4000000 ---p 00000000 00:00 0 
7efec4000000-7efec4604000 rw-p 00000000 00:00 0 
7efec4604000-7efec8000000 ---p 00000000 00:00 0 
7efec8000000-7efec8021000 rw-p 00000000 00:00 0 
7efec8021000-7efecc000000 ---p 00000000 00:00 0 
7efecc000000-7efece27e000 rw-p 00000000 00:00 0 
7efece27e000-7efed0000000 ---p 00000000 00:00 0 
7efed0000000-7efed0021000 rw-p 00000000 00:00 0 
7efed0021000-7efed4000000 ---p 00000000 00:00 0 
7efed4000000-7efed4021000 rw-p 00000000 00:00 0 
7efed4021000-7efed8000000 ---p 00000000 00:00 0 
7efed8000000-7efed80cf000 rw-p 00000000 00:00 0 
7efed80cf000-7efedc000000 ---p 00000000 00:00 0 
7efedc000000-7efedc292000 rw-p 00000000 00:00 0 
7efedc292000-7efee0000000 ---p 00000000 00:00 0 
7efee0000000-7efee004d000 rw-p 00000000 00:00 0 
7efee004d000-7efee4000000 ---p 00000000 00:00 0 
7efee8000000-7efee8050000 rw-p 00000000 00:00 0 
7efee8050000-7efeec000000 ---p 00000000 00:00 0 
7efeed3c0000-7efef5000000 rw-p 00000000 00:00 0 
7efef6678000-7efef667b000 ---p 00000000 00:00 0 
7efef667b000-7efef6779000 rw-p 00000000 00:00 0 
7efef6779000-7efef680f000 r--s 0110a000 103:06 806264                    /usr/lib/jvm/java-8-oracle/jre/lib/ext/jfxrt.jar
7efef680f000-7efef6810000 ---p 00000000 00:00 0 
7efef6810000-7efef6910000 rw-p 00000000 00:00 0 
7efef6910000-7efef6913000 ---p 00000000 00:00 0 
7efef6913000-7efef6a11000 rw-p 00000000 00:00 0 
7efef6a11000-7efef6a14000 ---p 00000000 00:00 0 
7efef6a14000-7efef6b12000 rw-p 00000000 00:00 0 
7efef6b12000-7efef6b15000 ---p 00000000 00:00 0 
7efef6b15000-7efef6c13000 rw-p 00000000 00:00 0 
7efef6c13000-7efef6c16000 ---p 00000000 00:00 0 
7efef6c16000-7efef6d14000 rw-p 00000000 00:00 0 
7efef6d14000-7efef6d17000 ---p 00000000 00:00 0 
7efef6d17000-7efef6e15000 rw-p 00000000 00:00 0 
7efef6e15000-7efef70f1000 r--p 00000000 103:06 132049                    /usr/lib/locale/locale-archive
7efef70f1000-7efef70f4000 ---p 00000000 00:00 0 
7efef70f4000-7efef71f2000 rw-p 00000000 00:00 0 
7efef71f2000-7efef71f5000 ---p 00000000 00:00 0 
7efef71f5000-7efef72f3000 rw-p 00000000 00:00 0 
7efef72f3000-7efef72f4000 ---p 00000000 00:00 0 
7efef72f4000-7efef8000000 rw-p 00000000 00:00 0 
7efef8000000-7efef80f6000 rw-p 00000000 00:00 0 
7efef80f6000-7efefc000000 ---p 00000000 00:00 0 
7efefc03c000-7efefc53c000 rw-p 00000000 00:00 0 
7efefc53c000-7efefc83c000 ---p 00000000 00:00 0 
7efefc83c000-7efefd000000 rw-p 00000000 00:00 0 
7efefd000000-7efefd560000 rwxp 00000000 00:00 0 
7efefd560000-7eff0c000000 ---p 00000000 00:00 0 
7eff0c000000-7eff0c3cd000 rw-p 00000000 00:00 0 
7eff0c3cd000-7eff10000000 ---p 00000000 00:00 0 
7eff1002c000-7eff10046000 r--s 00209000 103:06 1062073                   /home/ahmed/Desktop/eclipse-projects/RDF-Doctor/lib/antlr-4.7.1-complete.jar
7eff10046000-7eff1004a000 r--s 00031000 103:06 1060185                   /home/ahmed/Desktop/eclipse-projects/RDF-Doctor/lib/commons-io-2.6.jar
7eff1004a000-7eff1004f000 r--s 00084000 103:06 806358                    /usr/lib/jvm/java-8-oracle/jre/lib/jfr.jar
7eff1004f000-7eff10446000 rw-p 00000000 00:00 0 
7eff10446000-7eff1061f000 r--s 03d64000 103:06 806398                    /usr/lib/jvm/java-8-oracle/jre/lib/rt.jar
7eff1061f000-7eff10695000 rw-p 00000000 00:00 0 
7eff10695000-7eff10696000 ---p 00000000 00:00 0 
7eff10696000-7eff10796000 rw-p 00000000 00:00 0 
7eff10796000-7eff10797000 ---p 00000000 00:00 0 
7eff10797000-7eff10897000 rw-p 00000000 00:00 0 
7eff10897000-7eff10898000 ---p 00000000 00:00 0 
7eff10898000-7eff10998000 rw-p 00000000 00:00 0 
7eff10998000-7eff10999000 ---p 00000000 00:00 0 
7eff10999000-7eff10c2b000 rw-p 00000000 00:00 0 
7eff10c2b000-7eff10fc7000 ---p 00000000 00:00 0 
7eff10fc7000-7eff11159000 rw-p 00000000 00:00 0 
7eff11159000-7eff114f4000 ---p 00000000 00:00 0 
7eff114f4000-7eff1178b000 rw-p 00000000 00:00 0 
7eff1178b000-7eff117a2000 rw-p 00000000 00:00 0 
7eff117a2000-7eff11b4c000 ---p 00000000 00:00 0 
7eff11b4c000-7eff11b67000 r-xp 00000000 103:06 806463                    /usr/lib/jvm/java-8-oracle/jre/lib/amd64/libzip.so
7eff11b67000-7eff11d67000 ---p 0001b000 103:06 806463                    /usr/lib/jvm/java-8-oracle/jre/lib/amd64/libzip.so
7eff11d67000-7eff11d68000 rw-p 0001b000 103:06 806463                    /usr/lib/jvm/java-8-oracle/jre/lib/amd64/libzip.so
7eff11d68000-7eff11d73000 r-xp 00000000 103:06 1725579                   /lib/x86_64-linux-gnu/libnss_files-2.26.so
7eff11d73000-7eff11f72000 ---p 0000b000 103:06 1725579                   /lib/x86_64-linux-gnu/libnss_files-2.26.so
7eff11f72000-7eff11f73000 r--p 0000a000 103:06 1725579                   /lib/x86_64-linux-gnu/libnss_files-2.26.so
7eff11f73000-7eff11f74000 rw-p 0000b000 103:06 1725579                   /lib/x86_64-linux-gnu/libnss_files-2.26.so
7eff11f74000-7eff11f7a000 rw-p 00000000 00:00 0 
7eff11f7a000-7eff11f85000 r-xp 00000000 103:06 1725581                   /lib/x86_64-linux-gnu/libnss_nis-2.26.so
7eff11f85000-7eff12184000 ---p 0000b000 103:06 1725581                   /lib/x86_64-linux-gnu/libnss_nis-2.26.so
7eff12184000-7eff12185000 r--p 0000a000 103:06 1725581                   /lib/x86_64-linux-gnu/libnss_nis-2.26.so
7eff12185000-7eff12186000 rw-p 0000b000 103:06 1725581                   /lib/x86_64-linux-gnu/libnss_nis-2.26.so
7eff12186000-7eff1219d000 r-xp 00000000 103:06 1725576                   /lib/x86_64-linux-gnu/libnsl-2.26.so
7eff1219d000-7eff1239c000 ---p 00017000 103:06 1725576                   /lib/x86_64-linux-gnu/libnsl-2.26.so
7eff1239c000-7eff1239d000 r--p 00016000 103:06 1725576                   /lib/x86_64-linux-gnu/libnsl-2.26.so
7eff1239d000-7eff1239e000 rw-p 00017000 103:06 1725576                   /lib/x86_64-linux-gnu/libnsl-2.26.so
7eff1239e000-7eff123a0000 rw-p 00000000 00:00 0 
7eff123a0000-7eff123a8000 r-xp 00000000 103:06 1725577                   /lib/x86_64-linux-gnu/libnss_compat-2.26.so
7eff123a8000-7eff125a7000 ---p 00008000 103:06 1725577                   /lib/x86_64-linux-gnu/libnss_compat-2.26.so
7eff125a7000-7eff125a8000 r--p 00007000 103:06 1725577                   /lib/x86_64-linux-gnu/libnss_compat-2.26.so
7eff125a8000-7eff125a9000 rw-p 00008000 103:06 1725577                   /lib/x86_64-linux-gnu/libnss_compat-2.26.so
7eff125a9000-7eff125d4000 r-xp 00000000 103:06 806457                    /usr/lib/jvm/java-8-oracle/jre/lib/amd64/libjava.so
7eff125d4000-7eff127d3000 ---p 0002b000 103:06 806457                    /usr/lib/jvm/java-8-oracle/jre/lib/amd64/libjava.so
7eff127d3000-7eff127d5000 rw-p 0002a000 103:06 806457                    /usr/lib/jvm/java-8-oracle/jre/lib/amd64/libjava.so
7eff127d5000-7eff127e2000 r-xp 00000000 103:06 806462                    /usr/lib/jvm/java-8-oracle/jre/lib/amd64/libverify.so
7eff127e2000-7eff129e2000 ---p 0000d000 103:06 806462                    /usr/lib/jvm/java-8-oracle/jre/lib/amd64/libverify.so
7eff129e2000-7eff129e4000 rw-p 0000d000 103:06 806462                    /usr/lib/jvm/java-8-oracle/jre/lib/amd64/libverify.so
7eff129e4000-7eff129eb000 r-xp 00000000 103:06 1725588                   /lib/x86_64-linux-gnu/librt-2.26.so
7eff129eb000-7eff12bea000 ---p 00007000 103:06 1725588                   /lib/x86_64-linux-gnu/librt-2.26.so
7eff12bea000-7eff12beb000 r--p 00006000 103:06 1725588                   /lib/x86_64-linux-gnu/librt-2.26.so
7eff12beb000-7eff12bec000 rw-p 00007000 103:06 1725588                   /lib/x86_64-linux-gnu/librt-2.26.so
7eff12bec000-7eff12d41000 r-xp 00000000 103:06 1725573                   /lib/x86_64-linux-gnu/libm-2.26.so
7eff12d41000-7eff12f40000 ---p 00155000 103:06 1725573                   /lib/x86_64-linux-gnu/libm-2.26.so
7eff12f40000-7eff12f41000 r--p 00154000 103:06 1725573                   /lib/x86_64-linux-gnu/libm-2.26.so
7eff12f41000-7eff12f42000 rw-p 00155000 103:06 1725573                   /lib/x86_64-linux-gnu/libm-2.26.so
7eff12f42000-7eff13c1b000 r-xp 00000000 103:06 806415                    /usr/lib/jvm/java-8-oracle/jre/lib/amd64/server/libjvm.so
7eff13c1b000-7eff13e1a000 ---p 00cd9000 103:06 806415                    /usr/lib/jvm/java-8-oracle/jre/lib/amd64/server/libjvm.so
7eff13e1a000-7eff13ef3000 rw-p 00cd8000 103:06 806415                    /usr/lib/jvm/java-8-oracle/jre/lib/amd64/server/libjvm.so
7eff13ef3000-7eff13f3f000 rw-p 00000000 00:00 0 
7eff13f3f000-7eff14115000 r-xp 00000000 103:06 1725569                   /lib/x86_64-linux-gnu/libc-2.26.so
7eff14115000-7eff14315000 ---p 001d6000 103:06 1725569                   /lib/x86_64-linux-gnu/libc-2.26.so
7eff14315000-7eff14319000 r--p 001d6000 103:06 1725569                   /lib/x86_64-linux-gnu/libc-2.26.so
7eff14319000-7eff1431b000 rw-p 001da000 103:06 1725569                   /lib/x86_64-linux-gnu/libc-2.26.so
7eff1431b000-7eff1431f000 rw-p 00000000 00:00 0 
7eff1431f000-7eff14322000 r-xp 00000000 103:06 1725572                   /lib/x86_64-linux-gnu/libdl-2.26.so
7eff14322000-7eff14521000 ---p 00003000 103:06 1725572                   /lib/x86_64-linux-gnu/libdl-2.26.so
7eff14521000-7eff14522000 r--p 00002000 103:06 1725572                   /lib/x86_64-linux-gnu/libdl-2.26.so
7eff14522000-7eff14523000 rw-p 00003000 103:06 1725572                   /lib/x86_64-linux-gnu/libdl-2.26.so
7eff14523000-7eff14539000 r-xp 00000000 103:06 677025                    /usr/lib/jvm/java-8-oracle/lib/amd64/jli/libjli.so
7eff14539000-7eff14738000 ---p 00016000 103:06 677025                    /usr/lib/jvm/java-8-oracle/lib/amd64/jli/libjli.so
7eff14738000-7eff14739000 rw-p 00015000 103:06 677025                    /usr/lib/jvm/java-8-oracle/lib/amd64/jli/libjli.so
7eff14739000-7eff14753000 r-xp 00000000 103:06 1725586                   /lib/x86_64-linux-gnu/libpthread-2.26.so
7eff14753000-7eff14952000 ---p 0001a000 103:06 1725586                   /lib/x86_64-linux-gnu/libpthread-2.26.so
7eff14952000-7eff14953000 r--p 00019000 103:06 1725586                   /lib/x86_64-linux-gnu/libpthread-2.26.so
7eff14953000-7eff14954000 rw-p 0001a000 103:06 1725586                   /lib/x86_64-linux-gnu/libpthread-2.26.so
7eff14954000-7eff14958000 rw-p 00000000 00:00 0 
7eff14958000-7eff1497f000 r-xp 00000000 103:06 1718427                   /lib/x86_64-linux-gnu/ld-2.26.so
7eff1497f000-7eff14984000 r--s 002f9000 103:06 806396                    /usr/lib/jvm/java-8-oracle/jre/lib/charsets.jar
7eff14984000-7eff14989000 r--s 0009d000 103:06 806408                    /usr/lib/jvm/java-8-oracle/jre/lib/jsse.jar
7eff14989000-7eff14a5a000 rw-p 00000000 00:00 0 
7eff14a5a000-7eff14a5d000 ---p 00000000 00:00 0 
7eff14a5d000-7eff14b5f000 rw-p 00000000 00:00 0 
7eff14b5f000-7eff14b62000 r--s 0001a000 103:06 806483                    /usr/lib/jvm/java-8-oracle/jre/lib/jce.jar
7eff14b62000-7eff14b75000 r--s 00345000 103:06 806407                    /usr/lib/jvm/java-8-oracle/jre/lib/resources.jar
7eff14b75000-7eff14b7d000 rw-s 00000000 103:06 1839484                   /tmp/hsperfdata_ahmed/7667
7eff14b7d000-7eff14b7e000 rw-p 00000000 00:00 0 
7eff14b7e000-7eff14b7f000 ---p 00000000 00:00 0 
7eff14b7f000-7eff14b80000 r--p 00027000 103:06 1718427                   /lib/x86_64-linux-gnu/ld-2.26.so
7eff14b80000-7eff14b81000 rw-p 00028000 103:06 1718427                   /lib/x86_64-linux-gnu/ld-2.26.so
7eff14b81000-7eff14b82000 rw-p 00000000 00:00 0 
7ffc18761000-7ffc18782000 rw-p 00000000 00:00 0                          [stack]
7ffc1879e000-7ffc187a1000 r--p 00000000 00:00 0                          [vvar]
7ffc187a1000-7ffc187a3000 r-xp 00000000 00:00 0                          [vdso]
ffffffffff600000-ffffffffff601000 r-xp 00000000 00:00 0                  [vsyscall]

VM Arguments:
jvm_args: -Dfile.encoding=UTF-8 
java_command: main.Main
java_class_path (initial): /usr/lib/jvm/java-8-oracle/jre/lib/resources.jar:/usr/lib/jvm/java-8-oracle/jre/lib/rt.jar:/usr/lib/jvm/java-8-oracle/jre/lib/jsse.jar:/usr/lib/jvm/java-8-oracle/jre/lib/jce.jar:/usr/lib/jvm/java-8-oracle/jre/lib/charsets.jar:/usr/lib/jvm/java-8-oracle/jre/lib/jfr.jar:/usr/lib/jvm/java-8-oracle/jre/lib/ext/cldrdata.jar:/usr/lib/jvm/java-8-oracle/jre/lib/ext/dnsns.jar:/usr/lib/jvm/java-8-oracle/jre/lib/ext/sunjce_provider.jar:/usr/lib/jvm/java-8-oracle/jre/lib/ext/sunpkcs11.jar:/usr/lib/jvm/java-8-oracle/jre/lib/ext/jaccess.jar:/usr/lib/jvm/java-8-oracle/jre/lib/ext/nashorn.jar:/usr/lib/jvm/java-8-oracle/jre/lib/ext/sunec.jar:/usr/lib/jvm/java-8-oracle/jre/lib/ext/zipfs.jar:/usr/lib/jvm/java-8-oracle/jre/lib/ext/jfxrt.jar:/usr/lib/jvm/java-8-oracle/jre/lib/ext/localedata.jar:/home/ahmed/Desktop/eclipse-projects/RDF-Doctor/target/classes:/home/ahmed/Desktop/eclipse-projects/RDF-Doctor/lib/commons-io-2.6.jar:/home/ahmed/Desktop/eclipse-projects/RDF-Doctor/lib/antlr-4.7.1-complete.jar
Launcher Type: SUN_STANDARD

Environment Variables:
JAVA_HOME=/usr/lib/jvm/java-8-oracle
PATH=/opt/maven/bin:/usr/local/sbin:/usr/local/bin:/usr/sbin:/usr/bin:/sbin:/bin:/usr/games:/usr/local/games:/snap/bin:/usr/lib/jvm/java-8-oracle/bin:/usr/lib/jvm/java-8-oracle/db/bin:/usr/lib/jvm/java-8-oracle/jre/bin
USERNAME=ahmed
SHELL=/bin/bash
DISPLAY=:1

Signal Handlers:
SIGSEGV: [libjvm.so+0xad01e0], sa_mask[0]=11111111011111111101111111111110, sa_flags=SA_RESTART|SA_SIGINFO
SIGBUS: [libjvm.so+0xad01e0], sa_mask[0]=11111111011111111101111111111110, sa_flags=SA_RESTART|SA_SIGINFO
SIGFPE: [libjvm.so+0x927fb0], sa_mask[0]=11111111011111111101111111111110, sa_flags=SA_RESTART|SA_SIGINFO
SIGPIPE: [libjvm.so+0x927fb0], sa_mask[0]=11111111011111111101111111111110, sa_flags=SA_RESTART|SA_SIGINFO
SIGXFSZ: [libjvm.so+0x927fb0], sa_mask[0]=11111111011111111101111111111110, sa_flags=SA_RESTART|SA_SIGINFO
SIGILL: [libjvm.so+0x927fb0], sa_mask[0]=11111111011111111101111111111110, sa_flags=SA_RESTART|SA_SIGINFO
SIGUSR1: SIG_DFL, sa_mask[0]=00000000000000000000000000000000, sa_flags=none
SIGUSR2: [libjvm.so+0x9297f0], sa_mask[0]=00100000000000000000000000000000, sa_flags=SA_RESTART|SA_SIGINFO
SIGHUP: [libjvm.so+0x92abf0], sa_mask[0]=11111111011111111101111111111110, sa_flags=SA_RESTART|SA_SIGINFO
SIGINT: [libjvm.so+0x92abf0], sa_mask[0]=11111111011111111101111111111110, sa_flags=SA_RESTART|SA_SIGINFO
SIGTERM: [libjvm.so+0x92abf0], sa_mask[0]=11111111011111111101111111111110, sa_flags=SA_RESTART|SA_SIGINFO
SIGQUIT: [libjvm.so+0x92abf0], sa_mask[0]=11111111011111111101111111111110, sa_flags=SA_RESTART|SA_SIGINFO


---------------  S Y S T E M  ---------------

OS:DISTRIB_ID=Ubuntu
DISTRIB_RELEASE=17.10
DISTRIB_CODENAME=artful
DISTRIB_DESCRIPTION="Ubuntu 17.10"

uname:Linux 4.13.0-43-generic #48-Ubuntu SMP Wed May 16 12:18:48 UTC 2018 x86_64
libc:glibc 2.26 NPTL 2.26 
rlimit: STACK 8192k, CORE 0k, NPROC 63187, NOFILE 4096, AS infinity
load average:9.79 9.73 4.65

/proc/meminfo:
MemTotal:       16280364 kB
MemFree:          154336 kB
MemAvailable:      34384 kB
Buffers:            1328 kB
Cached:           112416 kB
SwapCached:        45428 kB
Active:         14367440 kB
Inactive:        1335660 kB
Active(anon):   14328908 kB
Inactive(anon):  1302440 kB
Active(file):      38532 kB
Inactive(file):    33220 kB
Unevictable:         456 kB
Mlocked:             456 kB
SwapTotal:       1537788 kB
SwapFree:              0 kB
Dirty:               524 kB
Writeback:             0 kB
AnonPages:      15545496 kB
Mapped:           203192 kB
Shmem:             41584 kB
Slab:             111636 kB
SReclaimable:      34912 kB
SUnreclaim:        76724 kB
KernelStack:       15968 kB
PageTables:        96520 kB
NFS_Unstable:          0 kB
Bounce:                0 kB
WritebackTmp:          0 kB
CommitLimit:     9677968 kB
Committed_AS:   25642284 kB
VmallocTotal:   34359738367 kB
VmallocUsed:           0 kB
VmallocChunk:          0 kB
HardwareCorrupted:     0 kB
AnonHugePages:         0 kB
ShmemHugePages:        0 kB
ShmemPmdMapped:        0 kB
CmaTotal:              0 kB
CmaFree:               0 kB
HugePages_Total:       0
HugePages_Free:        0
HugePages_Rsvd:        0
HugePages_Surp:        0
Hugepagesize:       2048 kB
DirectMap4k:      409684 kB
DirectMap2M:     9930752 kB
DirectMap1G:     6291456 kB


CPU:total 4 (initial active 4) (4 cores per cpu, 1 threads per core) family 6 model 158 stepping 9, cmov, cx8, fxsr, mmx, sse, sse2, sse3, ssse3, sse4.1, sse4.2, popcnt, avx, avx2, aes, clmul, erms, rtm, 3dnowpref, lzcnt, tsc, tscinvbit, bmi1, bmi2, adx

/proc/cpuinfo:
processor	: 0
vendor_id	: GenuineIntel
cpu family	: 6
model		: 158
model name	: Intel(R) Core(TM) i5-7440HQ CPU @ 2.80GHz
stepping	: 9
microcode	: 0x84
cpu MHz		: 3125.748
cache size	: 6144 KB
physical id	: 0
siblings	: 4
core id		: 0
cpu cores	: 4
apicid		: 0
initial apicid	: 0
fpu		: yes
fpu_exception	: yes
cpuid level	: 22
wp		: yes
flags		: fpu vme de pse tsc msr pae mce cx8 apic sep mtrr pge mca cmov pat pse36 clflush dts acpi mmx fxsr sse sse2 ss ht tm pbe syscall nx pdpe1gb rdtscp lm constant_tsc art arch_perfmon pebs bts rep_good nopl xtopology nonstop_tsc cpuid aperfmperf tsc_known_freq pni pclmulqdq dtes64 monitor ds_cpl vmx smx est tm2 ssse3 sdbg fma cx16 xtpr pdcm pcid sse4_1 sse4_2 x2apic movbe popcnt tsc_deadline_timer aes xsave avx f16c rdrand lahf_lm abm 3dnowprefetch cpuid_fault epb invpcid_single pti retpoline intel_pt rsb_ctxsw spec_ctrl tpr_shadow vnmi flexpriority ept vpid fsgsbase tsc_adjust bmi1 hle avx2 smep bmi2 erms invpcid rtm mpx rdseed adx smap clflushopt xsaveopt xsavec xgetbv1 xsaves dtherm ida arat pln pts hwp hwp_notify hwp_act_window hwp_epp
bugs		: cpu_meltdown spectre_v1 spectre_v2 spec_store_bypass
bogomips	: 5616.00
clflush size	: 64
cache_alignment	: 64
address sizes	: 39 bits physical, 48 bits virtual
power management:

processor	: 1
vendor_id	: GenuineIntel
cpu family	: 6
model		: 158
model name	: Intel(R) Core(TM) i5-7440HQ CPU @ 2.80GHz
stepping	: 9
microcode	: 0x84
cpu MHz		: 3125.610
cache size	: 6144 KB
physical id	: 0
siblings	: 4
core id		: 1
cpu cores	: 4
apicid		: 2
initial apicid	: 2
fpu		: yes
fpu_exception	: yes
cpuid level	: 22
wp		: yes
flags		: fpu vme de pse tsc msr pae mce cx8 apic sep mtrr pge mca cmov pat pse36 clflush dts acpi mmx fxsr sse sse2 ss ht tm pbe syscall nx pdpe1gb rdtscp lm constant_tsc art arch_perfmon pebs bts rep_good nopl xtopology nonstop_tsc cpuid aperfmperf tsc_known_freq pni pclmulqdq dtes64 monitor ds_cpl vmx smx est tm2 ssse3 sdbg fma cx16 xtpr pdcm pcid sse4_1 sse4_2 x2apic movbe popcnt tsc_deadline_timer aes xsave avx f16c rdrand lahf_lm abm 3dnowprefetch cpuid_fault epb invpcid_single pti retpoline intel_pt rsb_ctxsw spec_ctrl tpr_shadow vnmi flexpriority ept vpid fsgsbase tsc_adjust bmi1 hle avx2 smep bmi2 erms invpcid rtm mpx rdseed adx smap clflushopt xsaveopt xsavec xgetbv1 xsaves dtherm ida arat pln pts hwp hwp_notify hwp_act_window hwp_epp
bugs		: cpu_meltdown spectre_v1 spectre_v2 spec_store_bypass
bogomips	: 5616.00
clflush size	: 64
cache_alignment	: 64
address sizes	: 39 bits physical, 48 bits virtual
power management:

processor	: 2
vendor_id	: GenuineIntel
cpu family	: 6
model		: 158
model name	: Intel(R) Core(TM) i5-7440HQ CPU @ 2.80GHz
stepping	: 9
microcode	: 0x84
cpu MHz		: 3125.497
cache size	: 6144 KB
physical id	: 0
siblings	: 4
core id		: 2
cpu cores	: 4
apicid		: 4
initial apicid	: 4
fpu		: yes
fpu_exception	: yes
cpuid level	: 22
wp		: yes
flags		: fpu vme de pse tsc msr pae mce cx8 apic sep mtrr pge mca cmov pat pse36 clflush dts acpi mmx fxsr sse sse2 ss ht tm pbe syscall nx pdpe1gb rdtscp lm constant_tsc art arch_perfmon pebs bts rep_good nopl xtopology nonstop_tsc cpuid aperfmperf tsc_known_freq pni pclmulqdq dtes64 monitor ds_cpl vmx smx est tm2 ssse3 sdbg fma cx16 xtpr pdcm pcid sse4_1 sse4_2 x2apic movbe popcnt tsc_deadline_timer aes xsave avx f16c rdrand lahf_lm abm 3dnowprefetch cpuid_fault epb invpcid_single pti retpoline intel_pt rsb_ctxsw spec_ctrl tpr_shadow vnmi flexpriority ept vpid fsgsbase tsc_adjust bmi1 hle avx2 smep bmi2 erms invpcid rtm mpx rdseed adx smap clflushopt xsaveopt xsavec xgetbv1 xsaves dtherm ida arat pln pts hwp hwp_notify hwp_act_window hwp_epp
bugs		: cpu_meltdown spectre_v1 spectre_v2 spec_store_bypass
bogomips	: 5616.00
clflush size	: 64
cache_alignment	: 64
address sizes	: 39 bits physical, 48 bits virtual
power management:

processor	: 3
vendor_id	: GenuineIntel
cpu family	: 6
model		: 158
model name	: Intel(R) Core(TM) i5-7440HQ CPU @ 2.80GHz
stepping	: 9
microcode	: 0x84
cpu MHz		: 3125.369
cache size	: 6144 KB
physical id	: 0
siblings	: 4
core id		: 3
cpu cores	: 4
apicid		: 6
initial apicid	: 6
fpu		: yes
fpu_exception	: yes
cpuid level	: 22
wp		: yes
flags		: fpu vme de pse tsc msr pae mce cx8 apic sep mtrr pge mca cmov pat pse36 clflush dts acpi mmx fxsr sse sse2 ss ht tm pbe syscall nx pdpe1gb rdtscp lm constant_tsc art arch_perfmon pebs bts rep_good nopl xtopology nonstop_tsc cpuid aperfmperf tsc_known_freq pni pclmulqdq dtes64 monitor ds_cpl vmx smx est tm2 ssse3 sdbg fma cx16 xtpr pdcm pcid sse4_1 sse4_2 x2apic movbe popcnt tsc_deadline_timer aes xsave avx f16c rdrand lahf_lm abm 3dnowprefetch cpuid_fault epb invpcid_single pti retpoline intel_pt rsb_ctxsw spec_ctrl tpr_shadow vnmi flexpriority ept vpid fsgsbase tsc_adjust bmi1 hle avx2 smep bmi2 erms invpcid rtm mpx rdseed adx smap clflushopt xsaveopt xsavec xgetbv1 xsaves dtherm ida arat pln pts hwp hwp_notify hwp_act_window hwp_epp
bugs		: cpu_meltdown spectre_v1 spectre_v2 spec_store_bypass
bogomips	: 5616.00
clflush size	: 64
cache_alignment	: 64
address sizes	: 39 bits physical, 48 bits virtual
power management:



Memory: 4k page, physical 16280364k(163816k free), swap 1537788k(0k free)

vm_info: Java HotSpot(TM) 64-Bit Server VM (25.161-b12) for linux-amd64 JRE (1.8.0_161-b12), built on Dec 19 2017 16:12:43 by "java_re" with gcc 4.3.0 20080428 (Red Hat 4.3.0-8)

time: Sat May 26 14:16:22 2018
elapsed time: 208 seconds (0d 0h 3m 28s)

