#
# There is insufficient memory for the Java Runtime Environment to continue.
# Native memory allocation (mmap) failed to map 477102080 bytes for committing reserved memory.
# Possible reasons:
#   The system is out of physical RAM or swap space
#   In 32 bit mode, the process size limit was hit
# Possible solutions:
#   Reduce memory load on the system
#   Increase physical memory or swap space
#   Check if swap backing store is full
#   Use 64 bit Java on a 64 bit OS
#   Decrease Java heap size (-Xmx/-Xms)
#   Decrease number of Java threads
#   Decrease Java thread stack sizes (-Xss)
#   Set larger code cache with -XX:ReservedCodeCacheSize=
# This output file may be truncated or incomplete.
#
#  Out of Memory Error (os_linux.cpp:2640), pid=7669, tid=0x00007fc9ab7f7700
#
# JRE version: Java(TM) SE Runtime Environment (8.0_161-b12) (build 1.8.0_161-b12)
# Java VM: Java HotSpot(TM) 64-Bit Server VM (25.161-b12 mixed mode linux-amd64 compressed oops)
# Failed to write core dump. Core dumps have been disabled. To enable core dumping, try "ulimit -c unlimited" before starting Java again
#

---------------  T H R E A D  ---------------

Current thread (0x00007fc9d0079800):  VMThread [stack: 0x00007fc9ab6f7000,0x00007fc9ab7f8000] [id=7705]

Stack: [0x00007fc9ab6f7000,0x00007fc9ab7f8000],  sp=0x00007fc9ab7f62d0,  free space=1020k
Native frames: (J=compiled Java code, j=interpreted, Vv=VM code, C=native code)
V  [libjvm.so+0xacf94a]  VMError::report_and_die()+0x2ba
V  [libjvm.so+0x50050b]  report_vm_out_of_memory(char const*, int, unsigned long, VMErrorType, char const*)+0x8b
V  [libjvm.so+0x92b133]  os::Linux::commit_memory_impl(char*, unsigned long, bool)+0x103
V  [libjvm.so+0x92b5c9]  os::pd_commit_memory(char*, unsigned long, unsigned long, bool)+0x29
V  [libjvm.so+0x924c0a]  os::commit_memory(char*, unsigned long, unsigned long, bool)+0x2a
V  [libjvm.so+0x99ab53]  PSVirtualSpace::expand_by(unsigned long)+0x53
V  [libjvm.so+0x98b410]  PSOldGen::expand(unsigned long)+0x170
V  [libjvm.so+0x98b61b]  PSOldGen::resize(unsigned long)+0x1cb
V  [libjvm.so+0x993321]  PSParallelCompact::invoke_no_policy(bool)+0x991
V  [libjvm.so+0x998c7d]  PSScavenge::invoke()+0x1ad
V  [libjvm.so+0x94f5a0]  ParallelScavengeHeap::failed_mem_allocate(unsigned long)+0x70
V  [libjvm.so+0xad13c7]  VM_ParallelGCFailedAllocation::doit()+0x97
V  [libjvm.so+0xad8ed5]  VM_Operation::evaluate()+0x55
V  [libjvm.so+0xad729a]  VMThread::evaluate_operation(VM_Operation*)+0xba
V  [libjvm.so+0xad761e]  VMThread::loop()+0x1ce
V  [libjvm.so+0xad7a90]  VMThread::run()+0x70
V  [libjvm.so+0x92da28]  java_start(Thread*)+0x108

VM_Operation (0x00007fc9d8bbc440): ParallelGCFailedAllocation, mode: safepoint, requested by thread 0x00007fc9d000b800


---------------  P R O C E S S  ---------------

Java Threads: ( => current thread )
  0x00007fc9d014f000 JavaThread "pool-1-thread-1" [_thread_blocked, id=7726, stack(0x00007fc9aaaf8000,0x00007fc9aabf9000)]
  0x00007fc9d00e4000 JavaThread "Service Thread" daemon [_thread_blocked, id=7723, stack(0x00007fc9aad14000,0x00007fc9aae15000)]
  0x00007fc9d00bf000 JavaThread "C1 CompilerThread2" daemon [_thread_blocked, id=7722, stack(0x00007fc9aae15000,0x00007fc9aaf16000)]
  0x00007fc9d00bd000 JavaThread "C2 CompilerThread1" daemon [_thread_blocked, id=7721, stack(0x00007fc9aaf16000,0x00007fc9ab017000)]
  0x00007fc9d00ba000 JavaThread "C2 CompilerThread0" daemon [_thread_blocked, id=7720, stack(0x00007fc9ab017000,0x00007fc9ab118000)]
  0x00007fc9d00b8800 JavaThread "Signal Dispatcher" daemon [_thread_blocked, id=7719, stack(0x00007fc9ab118000,0x00007fc9ab219000)]
  0x00007fc9d0085800 JavaThread "Finalizer" daemon [_thread_blocked, id=7714, stack(0x00007fc9ab4f5000,0x00007fc9ab5f6000)]
  0x00007fc9d0081000 JavaThread "Reference Handler" daemon [_thread_blocked, id=7706, stack(0x00007fc9ab5f6000,0x00007fc9ab6f7000)]
  0x00007fc9d000b800 JavaThread "main" [_thread_blocked, id=7674, stack(0x00007fc9d8abd000,0x00007fc9d8bbe000)]

Other Threads:
=>0x00007fc9d0079800 VMThread [stack: 0x00007fc9ab6f7000,0x00007fc9ab7f8000] [id=7705]
  0x00007fc9d00e9000 WatcherThread [stack: 0x00007fc9aac13000,0x00007fc9aad14000] [id=7725]

VM state:at safepoint (normal execution)

VM Mutex/Monitor currently owned by a thread:  ([mutex/lock_event])
[0x00007fc9d0007850] ExpandHeap_lock - owner thread: 0x00007fc9d0079800
[0x00007fc9d0007ed0] Threads_lock - owner thread: 0x00007fc9d0079800
[0x00007fc9d00083d0] Heap_lock - owner thread: 0x00007fc9d000b800

Heap:
 PSYoungGen      total 1283584K, used 2778K [0x000000076d300000, 0x00000007c0000000, 0x00000007c0000000)
  eden space 1212416K, 0% used [0x000000076d300000,0x000000076d300000,0x00000007b7300000)
  from space 71168K, 3% used [0x00000007bba80000,0x00000007bbd369d0,0x00000007c0000000)
  to   space 72192K, 0% used [0x00000007b7300000,0x00000007b7300000,0x00000007bb980000)
 ParOldGen       total 1186304K, used 1186249K [0x00000006c7800000, 0x000000070fe80000, 0x000000076d300000)
  object space 1186304K, 99% used [0x00000006c7800000,0x000000070fe72508,0x000000070fe80000)
 Metaspace       used 4635K, capacity 5528K, committed 5760K, reserved 1056768K
  class space    used 497K, capacity 520K, committed 640K, reserved 1048576K

Card table byte_map: [0x00007fc9d502a000,0x00007fc9d57ef000] byte_map_base: 0x00007fc9d19ee000

Marking Bits: (ParMarkBitMap*) 0x00007fc9d7f74920
 Begin Bits: [0x00007fc9b93c0000, 0x00007fc9bd1e0000)
 End Bits:   [0x00007fc9bd1e0000, 0x00007fc9c1000000)

Polling page: 0x00007fc9d8be1000

CodeCache: size=245760Kb used=3624Kb max_used=4952Kb free=242135Kb
 bounds [0x00007fc9c1000000, 0x00007fc9c14e0000, 0x00007fc9d0000000]
 total_blobs=999 nmethods=736 adapters=177
 compilation: enabled

Compilation events (10 events):
Event: 384.203 Thread 0x00007fc9d00bf000 1042       3       java.util.concurrent.ThreadPoolExecutor::runStateAtLeast (11 bytes)
Event: 384.203 Thread 0x00007fc9d00bf000 nmethod 1042 0x00007fc9c129e890 code [0x00007fc9c129ea00, 0x00007fc9c129eb90]
Event: 384.203 Thread 0x00007fc9d00bf000 1043       3       java.util.concurrent.ThreadPoolExecutor::beforeExecute (1 bytes)
Event: 384.203 Thread 0x00007fc9d00bf000 nmethod 1043 0x00007fc9c12ce390 code [0x00007fc9c12ce4e0, 0x00007fc9c12ce630]
Event: 384.204 Thread 0x00007fc9d00bf000 1044       3       java.util.concurrent.ScheduledThreadPoolExecutor$ScheduledFutureTask::run (59 bytes)
Event: 384.204 Thread 0x00007fc9d00bf000 nmethod 1044 0x00007fc9c12df690 code [0x00007fc9c12df8a0, 0x00007fc9c12e0148]
Event: 384.204 Thread 0x00007fc9d00bf000 1045       3       java.util.concurrent.ScheduledThreadPoolExecutor$ScheduledFutureTask::isPeriodic (15 bytes)
Event: 384.205 Thread 0x00007fc9d00bf000 nmethod 1045 0x00007fc9c1305a10 code [0x00007fc9c1305b80, 0x00007fc9c1305d30]
Event: 384.205 Thread 0x00007fc9d00bf000 1046       3       java.util.concurrent.ScheduledThreadPoolExecutor$ScheduledFutureTask::access$301 (5 bytes)
Event: 384.205 Thread 0x00007fc9d00bf000 nmethod 1046 0x00007fc9c1412a10 code [0x00007fc9c1412b80, 0x00007fc9c1412ce8]

GC Heap History (10 events):
Event: 375.817 GC heap after
Heap after GC invocations=192 (full 4):
 PSYoungGen      total 1281536K, used 66044K [0x000000076d300000, 0x00000007c0000000, 0x00000007c0000000)
  eden space 1215488K, 0% used [0x000000076d300000,0x000000076d300000,0x00000007b7600000)
  from space 66048K, 99% used [0x00000007bbf80000,0x00000007bffff230,0x00000007c0000000)
  to   space 70656K, 0% used [0x00000007b7600000,0x00000007b7600000,0x00000007bbb00000)
 ParOldGen       total 1186304K, used 1123369K [0x00000006c7800000, 0x000000070fe80000, 0x000000076d300000)
  object space 1186304K, 94% used [0x00000006c7800000,0x000000070c10a7f0,0x000000070fe80000)
 Metaspace       used 4620K, capacity 5528K, committed 5760K, reserved 1056768K
  class space    used 497K, capacity 520K, committed 640K, reserved 1048576K
}
Event: 379.024 GC heap before
{Heap before GC invocations=193 (full 4):
 PSYoungGen      total 1281536K, used 1281532K [0x000000076d300000, 0x00000007c0000000, 0x00000007c0000000)
  eden space 1215488K, 100% used [0x000000076d300000,0x00000007b7600000,0x00000007b7600000)
  from space 66048K, 99% used [0x00000007bbf80000,0x00000007bffff230,0x00000007c0000000)
  to   space 70656K, 0% used [0x00000007b7600000,0x00000007b7600000,0x00000007bbb00000)
 ParOldGen       total 1186304K, used 1123369K [0x00000006c7800000, 0x000000070fe80000, 0x000000076d300000)
  object space 1186304K, 94% used [0x00000006c7800000,0x000000070c10a7f0,0x000000070fe80000)
 Metaspace       used 4622K, capacity 5528K, committed 5760K, reserved 1056768K
  class space    used 497K, capacity 520K, committed 640K, reserved 1048576K
Event: 379.230 GC heap after
Heap after GC invocations=193 (full 4):
 PSYoungGen      total 1286144K, used 62332K [0x000000076d300000, 0x00000007c0000000, 0x00000007c0000000)
  eden space 1215488K, 0% used [0x000000076d300000,0x000000076d300000,0x00000007b7600000)
  from space 70656K, 88% used [0x00000007b7600000,0x00000007bb2df230,0x00000007bbb00000)
  to   space 69632K, 0% used [0x00000007bbc00000,0x00000007bbc00000,0x00000007c0000000)
 ParOldGen       total 1186304K, used 1130969K [0x00000006c7800000, 0x000000070fe80000, 0x000000076d300000)
  object space 1186304K, 95% used [0x00000006c7800000,0x000000070c8767f0,0x000000070fe80000)
 Metaspace       used 4622K, capacity 5528K, committed 5760K, reserved 1056768K
  class space    used 497K, capacity 520K, committed 640K, reserved 1048576K
}
Event: 381.579 GC heap before
{Heap before GC invocations=194 (full 4):
 PSYoungGen      total 1286144K, used 1277820K [0x000000076d300000, 0x00000007c0000000, 0x00000007c0000000)
  eden space 1215488K, 100% used [0x000000076d300000,0x00000007b7600000,0x00000007b7600000)
  from space 70656K, 88% used [0x00000007b7600000,0x00000007bb2df230,0x00000007bbb00000)
  to   space 69632K, 0% used [0x00000007bbc00000,0x00000007bbc00000,0x00000007c0000000)
 ParOldGen       total 1186304K, used 1130969K [0x00000006c7800000, 0x000000070fe80000, 0x000000076d300000)
  object space 1186304K, 95% used [0x00000006c7800000,0x000000070c8767f0,0x000000070fe80000)
 Metaspace       used 4623K, capacity 5528K, committed 5760K, reserved 1056768K
  class space    used 497K, capacity 520K, committed 640K, reserved 1048576K
Event: 381.697 GC heap after
Heap after GC invocations=194 (full 4):
 PSYoungGen      total 1285120K, used 66140K [0x000000076d300000, 0x00000007c0000000, 0x00000007c0000000)
  eden space 1215488K, 0% used [0x000000076d300000,0x000000076d300000,0x00000007b7600000)
  from space 69632K, 94% used [0x00000007bbc00000,0x00000007bfc97230,0x00000007c0000000)
  to   space 70656K, 0% used [0x00000007b7600000,0x00000007b7600000,0x00000007bbb00000)
 ParOldGen       total 1186304K, used 1130969K [0x00000006c7800000, 0x000000070fe80000, 0x000000076d300000)
  object space 1186304K, 95% used [0x00000006c7800000,0x000000070c8767f0,0x000000070fe80000)
 Metaspace       used 4623K, capacity 5528K, committed 5760K, reserved 1056768K
  class space    used 497K, capacity 520K, committed 640K, reserved 1048576K
}
Event: 383.275 GC heap before
{Heap before GC invocations=195 (full 4):
 PSYoungGen      total 1285120K, used 1281628K [0x000000076d300000, 0x00000007c0000000, 0x00000007c0000000)
  eden space 1215488K, 100% used [0x000000076d300000,0x00000007b7600000,0x00000007b7600000)
  from space 69632K, 94% used [0x00000007bbc00000,0x00000007bfc97230,0x00000007c0000000)
  to   space 70656K, 0% used [0x00000007b7600000,0x00000007b7600000,0x00000007bbb00000)
 ParOldGen       total 1186304K, used 1130969K [0x00000006c7800000, 0x000000070fe80000, 0x000000076d300000)
  object space 1186304K, 95% used [0x00000006c7800000,0x000000070c8767f0,0x000000070fe80000)
 Metaspace       used 4629K, capacity 5528K, committed 5760K, reserved 1056768K
  class space    used 497K, capacity 520K, committed 640K, reserved 1048576K
Event: 383.367 GC heap after
Heap after GC invocations=195 (full 4):
 PSYoungGen      total 1285632K, used 70012K [0x000000076d300000, 0x00000007c0000000, 0x00000007c0000000)
  eden space 1215488K, 0% used [0x000000076d300000,0x000000076d300000,0x00000007b7600000)
  from space 70144K, 99% used [0x00000007b7600000,0x00000007bba5f230,0x00000007bba80000)
  to   space 71168K, 0% used [0x00000007bba80000,0x00000007bba80000,0x00000007c0000000)
 ParOldGen       total 1186304K, used 1130969K [0x00000006c7800000, 0x000000070fe80000, 0x000000076d300000)
  object space 1186304K, 95% used [0x00000006c7800000,0x000000070c8767f0,0x000000070fe80000)
 Metaspace       used 4629K, capacity 5528K, committed 5760K, reserved 1056768K
  class space    used 497K, capacity 520K, committed 640K, reserved 1048576K
}
Event: 384.834 GC heap before
{Heap before GC invocations=196 (full 4):
 PSYoungGen      total 1285632K, used 1285500K [0x000000076d300000, 0x00000007c0000000, 0x00000007c0000000)
  eden space 1215488K, 100% used [0x000000076d300000,0x00000007b7600000,0x00000007b7600000)
  from space 70144K, 99% used [0x00000007b7600000,0x00000007bba5f230,0x00000007bba80000)
  to   space 71168K, 0% used [0x00000007bba80000,0x00000007bba80000,0x00000007c0000000)
 ParOldGen       total 1186304K, used 1130969K [0x00000006c7800000, 0x000000070fe80000, 0x000000076d300000)
  object space 1186304K, 95% used [0x00000006c7800000,0x000000070c8767f0,0x000000070fe80000)
 Metaspace       used 4635K, capacity 5528K, committed 5760K, reserved 1056768K
  class space    used 497K, capacity 520K, committed 640K, reserved 1048576K
Event: 384.975 GC heap after
Heap after GC invocations=196 (full 4):
 PSYoungGen      total 1283584K, used 60158K [0x000000076d300000, 0x00000007c0000000, 0x00000007c0000000)
  eden space 1212416K, 0% used [0x000000076d300000,0x000000076d300000,0x00000007b7300000)
  from space 71168K, 84% used [0x00000007bba80000,0x00000007bf53f8f8,0x00000007c0000000)
  to   space 72192K, 0% used [0x00000007b7300000,0x00000007b7300000,0x00000007bb980000)
 ParOldGen       total 1186304K, used 1144672K [0x00000006c7800000, 0x000000070fe80000, 0x000000076d300000)
  object space 1186304K, 96% used [0x00000006c7800000,0x000000070d5d8128,0x000000070fe80000)
 Metaspace       used 4635K, capacity 5528K, committed 5760K, reserved 1056768K
  class space    used 497K, capacity 520K, committed 640K, reserved 1048576K
}
Event: 384.975 GC heap before
{Heap before GC invocations=197 (full 5):
 PSYoungGen      total 1283584K, used 60158K [0x000000076d300000, 0x00000007c0000000, 0x00000007c0000000)
  eden space 1212416K, 0% used [0x000000076d300000,0x000000076d300000,0x00000007b7300000)
  from space 71168K, 84% used [0x00000007bba80000,0x00000007bf53f8f8,0x00000007c0000000)
  to   space 72192K, 0% used [0x00000007b7300000,0x00000007b7300000,0x00000007bb980000)
 ParOldGen       total 1186304K, used 1144672K [0x00000006c7800000, 0x000000070fe80000, 0x000000076d300000)
  object space 1186304K, 96% used [0x00000006c7800000,0x000000070d5d8128,0x000000070fe80000)
 Metaspace       used 4635K, capacity 5528K, committed 5760K, reserved 1056768K
  class space    used 497K, capacity 520K, committed 640K, reserved 1048576K

Deoptimization events (10 events):
Event: 41.799 Thread 0x00007fc9d000b800 Uncommon trap: reason=unstable_if action=reinterpret pc=0x00007fc9c13e10d8 method=org.antlr.v4.runtime.atn.ParserATNSimulator.computeReachSet(Lorg/antlr/v4/runtime/atn/ATNConfigSet;IZ)Lorg/antlr/v4/runtime/atn/ATNConfigSet; @ 226
Event: 41.799 Thread 0x00007fc9d000b800 Uncommon trap: reason=unstable_if action=reinterpret pc=0x00007fc9c138b2c0 method=org.antlr.v4.runtime.atn.ParserATNSimulator.getUniqueAlt(Lorg/antlr/v4/runtime/atn/ATNConfigSet;)I @ 13
Event: 41.801 Thread 0x00007fc9d000b800 Uncommon trap: reason=unstable_if action=reinterpret pc=0x00007fc9c1418464 method=org.antlr.v4.runtime.atn.ATN.nextTokens(Lorg/antlr/v4/runtime/atn/ATNState;)Lorg/antlr/v4/runtime/misc/IntervalSet; @ 4
Event: 41.802 Thread 0x00007fc9d000b800 Uncommon trap: reason=unstable_if action=reinterpret pc=0x00007fc9c1416b00 method=org.antlr.v4.runtime.atn.ParserATNSimulator.adaptivePredict(Lorg/antlr/v4/runtime/TokenStream;ILorg/antlr/v4/runtime/ParserRuleContext;)I @ 82
Event: 41.802 Thread 0x00007fc9d000b800 Uncommon trap: reason=unstable_if action=reinterpret pc=0x00007fc9c14053b0 method=org.antlr.v4.runtime.atn.ParserATNSimulator.getExistingTargetState(Lorg/antlr/v4/runtime/dfa/DFAState;I)Lorg/antlr/v4/runtime/dfa/DFAState; @ 6
Event: 41.805 Thread 0x00007fc9d000b800 Uncommon trap: reason=unstable_if action=reinterpret pc=0x00007fc9c1459e0c method=org.antlr.v4.runtime.Parser.consume()Lorg/antlr/v4/runtime/Token; @ 70
Event: 41.806 Thread 0x00007fc9d000b800 Uncommon trap: reason=unstable_if action=reinterpret pc=0x00007fc9c145c6a4 method=org.antlr.v4.runtime.Parser.match(I)Lorg/antlr/v4/runtime/Token; @ 12
Event: 41.806 Thread 0x00007fc9d000b800 Uncommon trap: reason=unstable_if action=reinterpret pc=0x00007fc9c13ef2b0 method=org.antlr.v4.runtime.CommonTokenStream.LT(I)Lorg/antlr/v4/runtime/Token; @ 30
Event: 41.808 Thread 0x00007fc9d000b800 Uncommon trap: reason=unstable_if action=reinterpret pc=0x00007fc9c13ee9b4 method=org.antlr.v4.runtime.CommonTokenStream.LT(I)Lorg/antlr/v4/runtime/Token; @ 30
Event: 220.289 Thread 0x00007fc9d000b800 Uncommon trap: reason=unstable_if action=reinterpret pc=0x00007fc9c1423a9c method=org.antlr.v4.runtime.atn.LexerATNSimulator.closure(Lorg/antlr/v4/runtime/CharStream;Lorg/antlr/v4/runtime/atn/LexerATNConfig;Lorg/antlr/v4/runtime/atn/ATNConfigSet;ZZZ)Z @ 2

Classes redefined (0 events):
No events

Internal exceptions (10 events):
Event: 375.224 Thread 0x00007fc9d014f000 Exception <a 'java/io/IOException'> (0x00000007821e19e8) thrown at [/HUDSON/workspace/8-2-build-linux-amd64/jdk8u161/10277/hotspot/src/share/vm/prims/jni.cpp, line 709]
Event: 376.252 Thread 0x00007fc9d014f000 Exception <a 'java/io/IOException'> (0x00000007749b3258) thrown at [/HUDSON/workspace/8-2-build-linux-amd64/jdk8u161/10277/hotspot/src/share/vm/prims/jni.cpp, line 709]
Event: 377.378 Thread 0x00007fc9d014f000 Exception <a 'java/io/IOException'> (0x00000007749b3510) thrown at [/HUDSON/workspace/8-2-build-linux-amd64/jdk8u161/10277/hotspot/src/share/vm/prims/jni.cpp, line 709]
Event: 378.383 Thread 0x00007fc9d014f000 Exception <a 'java/io/IOException'> (0x00000007749b37c8) thrown at [/HUDSON/workspace/8-2-build-linux-amd64/jdk8u161/10277/hotspot/src/share/vm/prims/jni.cpp, line 709]
Event: 379.234 Thread 0x00007fc9d014f000 Exception <a 'java/io/IOException'> (0x000000076d3000b0) thrown at [/HUDSON/workspace/8-2-build-linux-amd64/jdk8u161/10277/hotspot/src/share/vm/prims/jni.cpp, line 709]
Event: 380.208 Thread 0x00007fc9d014f000 Exception <a 'java/io/IOException'> (0x000000076d300368) thrown at [/HUDSON/workspace/8-2-build-linux-amd64/jdk8u161/10277/hotspot/src/share/vm/prims/jni.cpp, line 709]
Event: 381.204 Thread 0x00007fc9d014f000 Exception <a 'java/io/IOException'> (0x000000076d300620) thrown at [/HUDSON/workspace/8-2-build-linux-amd64/jdk8u161/10277/hotspot/src/share/vm/prims/jni.cpp, line 709]
Event: 382.203 Thread 0x00007fc9d014f000 Exception <a 'java/io/IOException'> (0x0000000781f5c148) thrown at [/HUDSON/workspace/8-2-build-linux-amd64/jdk8u161/10277/hotspot/src/share/vm/prims/jni.cpp, line 709]
Event: 383.203 Thread 0x00007fc9d014f000 Exception <a 'java/io/IOException'> (0x0000000781f5c400) thrown at [/HUDSON/workspace/8-2-build-linux-amd64/jdk8u161/10277/hotspot/src/share/vm/prims/jni.cpp, line 709]
Event: 384.203 Thread 0x00007fc9d014f000 Exception <a 'java/io/IOException'> (0x0000000798375cb8) thrown at [/HUDSON/workspace/8-2-build-linux-amd64/jdk8u161/10277/hotspot/src/share/vm/prims/jni.cpp, line 709]

Events (10 events):
Event: 384.203 Thread 0x00007fc9d00bf000 flushing nmethod 0x00007fc9c1297990
Event: 384.204 Thread 0x00007fc9d00bf000 flushing nmethod 0x00007fc9c12cdb90
Event: 384.204 Thread 0x00007fc9d00bf000 flushing nmethod 0x00007fc9c12d0fd0
Event: 384.204 Thread 0x00007fc9d00bf000 flushing nmethod 0x00007fc9c12d97d0
Event: 384.204 Thread 0x00007fc9d00bf000 flushing nmethod 0x00007fc9c12e4250
Event: 384.204 Thread 0x00007fc9d00bf000 flushing nmethod 0x00007fc9c12e5e90
Event: 384.205 Thread 0x00007fc9d00bf000 flushing nmethod 0x00007fc9c131ff50
Event: 384.205 Thread 0x00007fc9d00bf000 flushing nmethod 0x00007fc9c138ae50
Event: 384.205 Thread 0x00007fc9d00bf000 flushing nmethod 0x00007fc9c13bd110
Event: 384.834 Executing VM operation: ParallelGCFailedAllocation


Dynamic libraries:
00400000-00401000 r-xp 00000000 103:06 676153                            /usr/lib/jvm/java-8-oracle/bin/java
00600000-00601000 rw-p 00000000 103:06 676153                            /usr/lib/jvm/java-8-oracle/bin/java
0206b000-0208c000 rw-p 00000000 00:00 0                                  [heap]
6c7800000-70fe80000 rw-p 00000000 00:00 0 
72c580000-76d300000 ---p 00000000 00:00 0 
76d300000-7c0000000 rw-p 00000000 00:00 0 
7c0000000-7c00a0000 rw-p 00000000 00:00 0 
7c00a0000-800000000 ---p 00000000 00:00 0 
7fc978000000-7fc978021000 rw-p 00000000 00:00 0 
7fc978021000-7fc97c000000 ---p 00000000 00:00 0 
7fc980000000-7fc980021000 rw-p 00000000 00:00 0 
7fc980021000-7fc984000000 ---p 00000000 00:00 0 
7fc984000000-7fc984021000 rw-p 00000000 00:00 0 
7fc984021000-7fc988000000 ---p 00000000 00:00 0 
7fc988000000-7fc989112000 rw-p 00000000 00:00 0 
7fc989112000-7fc98c000000 ---p 00000000 00:00 0 
7fc98c000000-7fc98c812000 rw-p 00000000 00:00 0 
7fc98c812000-7fc990000000 ---p 00000000 00:00 0 
7fc990000000-7fc990021000 rw-p 00000000 00:00 0 
7fc990021000-7fc994000000 ---p 00000000 00:00 0 
7fc994000000-7fc9958e6000 rw-p 00000000 00:00 0 
7fc9958e6000-7fc998000000 ---p 00000000 00:00 0 
7fc998000000-7fc998021000 rw-p 00000000 00:00 0 
7fc998021000-7fc99c000000 ---p 00000000 00:00 0 
7fc99c000000-7fc99c021000 rw-p 00000000 00:00 0 
7fc99c021000-7fc9a0000000 ---p 00000000 00:00 0 
7fc9a0000000-7fc9a0290000 rw-p 00000000 00:00 0 
7fc9a0290000-7fc9a4000000 ---p 00000000 00:00 0 
7fc9a4000000-7fc9a4055000 rw-p 00000000 00:00 0 
7fc9a4055000-7fc9a8000000 ---p 00000000 00:00 0 
7fc9aaaf8000-7fc9aaafb000 ---p 00000000 00:00 0 
7fc9aaafb000-7fc9aabf9000 rw-p 00000000 00:00 0 
7fc9aabf9000-7fc9aac13000 r--s 00209000 103:06 1062073                   /home/ahmed/Desktop/eclipse-projects/RDF-Doctor/lib/antlr-4.7.1-complete.jar
7fc9aac13000-7fc9aac14000 ---p 00000000 00:00 0 
7fc9aac14000-7fc9aad14000 rw-p 00000000 00:00 0 
7fc9aad14000-7fc9aad17000 ---p 00000000 00:00 0 
7fc9aad17000-7fc9aae15000 rw-p 00000000 00:00 0 
7fc9aae15000-7fc9aae18000 ---p 00000000 00:00 0 
7fc9aae18000-7fc9aaf16000 rw-p 00000000 00:00 0 
7fc9aaf16000-7fc9aaf19000 ---p 00000000 00:00 0 
7fc9aaf19000-7fc9ab017000 rw-p 00000000 00:00 0 
7fc9ab017000-7fc9ab01a000 ---p 00000000 00:00 0 
7fc9ab01a000-7fc9ab118000 rw-p 00000000 00:00 0 
7fc9ab118000-7fc9ab11b000 ---p 00000000 00:00 0 
7fc9ab11b000-7fc9ab219000 rw-p 00000000 00:00 0 
7fc9ab219000-7fc9ab4f5000 r--p 00000000 103:06 132049                    /usr/lib/locale/locale-archive
7fc9ab4f5000-7fc9ab4f8000 ---p 00000000 00:00 0 
7fc9ab4f8000-7fc9ab5f6000 rw-p 00000000 00:00 0 
7fc9ab5f6000-7fc9ab5f9000 ---p 00000000 00:00 0 
7fc9ab5f9000-7fc9ab6f7000 rw-p 00000000 00:00 0 
7fc9ab6f7000-7fc9ab6f8000 ---p 00000000 00:00 0 
7fc9ab6f8000-7fc9ac000000 rw-p 00000000 00:00 0 
7fc9ac000000-7fc9ac057000 rw-p 00000000 00:00 0 
7fc9ac057000-7fc9b0000000 ---p 00000000 00:00 0 
7fc9b0000000-7fc9b0058000 rw-p 00000000 00:00 0 
7fc9b0058000-7fc9b4000000 ---p 00000000 00:00 0 
7fc9b4000000-7fc9b4120000 rw-p 00000000 00:00 0 
7fc9b4120000-7fc9b8000000 ---p 00000000 00:00 0 
7fc9b8000000-7fc9b8096000 r--s 0110a000 103:06 806264                    /usr/lib/jvm/java-8-oracle/jre/lib/ext/jfxrt.jar
7fc9b8096000-7fc9b88fc000 rw-p 00000000 00:00 0 
7fc9b88fc000-7fc9b8bfc000 ---p 00000000 00:00 0 
7fc9b8bfc000-7fc9c1000000 rw-p 00000000 00:00 0 
7fc9c1000000-7fc9c14e0000 rwxp 00000000 00:00 0 
7fc9c14e0000-7fc9d0000000 ---p 00000000 00:00 0 
7fc9d0000000-7fc9d03ed000 rw-p 00000000 00:00 0 
7fc9d03ed000-7fc9d4000000 ---p 00000000 00:00 0 
7fc9d400b000-7fc9d400f000 r--s 00031000 103:06 1060185                   /home/ahmed/Desktop/eclipse-projects/RDF-Doctor/lib/commons-io-2.6.jar
7fc9d400f000-7fc9d4014000 r--s 00084000 103:06 806358                    /usr/lib/jvm/java-8-oracle/jre/lib/jfr.jar
7fc9d4014000-7fc9d44a9000 rw-p 00000000 00:00 0 
7fc9d44a9000-7fc9d4682000 r--s 03d64000 103:06 806398                    /usr/lib/jvm/java-8-oracle/jre/lib/rt.jar
7fc9d4682000-7fc9d46f8000 rw-p 00000000 00:00 0 
7fc9d46f8000-7fc9d46f9000 ---p 00000000 00:00 0 
7fc9d46f9000-7fc9d47f9000 rw-p 00000000 00:00 0 
7fc9d47f9000-7fc9d47fa000 ---p 00000000 00:00 0 
7fc9d47fa000-7fc9d48fa000 rw-p 00000000 00:00 0 
7fc9d48fa000-7fc9d48fb000 ---p 00000000 00:00 0 
7fc9d48fb000-7fc9d49fb000 rw-p 00000000 00:00 0 
7fc9d49fb000-7fc9d49fc000 ---p 00000000 00:00 0 
7fc9d49fc000-7fc9d4d40000 rw-p 00000000 00:00 0 
7fc9d4d40000-7fc9d502a000 ---p 00000000 00:00 0 
7fc9d502a000-7fc9d526e000 rw-p 00000000 00:00 0 
7fc9d526e000-7fc9d5557000 ---p 00000000 00:00 0 
7fc9d5557000-7fc9d57ee000 rw-p 00000000 00:00 0 
7fc9d57ee000-7fc9d5803000 rw-p 00000000 00:00 0 
7fc9d5803000-7fc9d5baf000 ---p 00000000 00:00 0 
7fc9d5baf000-7fc9d5bca000 r-xp 00000000 103:06 806463                    /usr/lib/jvm/java-8-oracle/jre/lib/amd64/libzip.so
7fc9d5bca000-7fc9d5dca000 ---p 0001b000 103:06 806463                    /usr/lib/jvm/java-8-oracle/jre/lib/amd64/libzip.so
7fc9d5dca000-7fc9d5dcb000 rw-p 0001b000 103:06 806463                    /usr/lib/jvm/java-8-oracle/jre/lib/amd64/libzip.so
7fc9d5dcb000-7fc9d5dd6000 r-xp 00000000 103:06 1725579                   /lib/x86_64-linux-gnu/libnss_files-2.26.so
7fc9d5dd6000-7fc9d5fd5000 ---p 0000b000 103:06 1725579                   /lib/x86_64-linux-gnu/libnss_files-2.26.so
7fc9d5fd5000-7fc9d5fd6000 r--p 0000a000 103:06 1725579                   /lib/x86_64-linux-gnu/libnss_files-2.26.so
7fc9d5fd6000-7fc9d5fd7000 rw-p 0000b000 103:06 1725579                   /lib/x86_64-linux-gnu/libnss_files-2.26.so
7fc9d5fd7000-7fc9d5fdd000 rw-p 00000000 00:00 0 
7fc9d5fdd000-7fc9d5fe8000 r-xp 00000000 103:06 1725581                   /lib/x86_64-linux-gnu/libnss_nis-2.26.so
7fc9d5fe8000-7fc9d61e7000 ---p 0000b000 103:06 1725581                   /lib/x86_64-linux-gnu/libnss_nis-2.26.so
7fc9d61e7000-7fc9d61e8000 r--p 0000a000 103:06 1725581                   /lib/x86_64-linux-gnu/libnss_nis-2.26.so
7fc9d61e8000-7fc9d61e9000 rw-p 0000b000 103:06 1725581                   /lib/x86_64-linux-gnu/libnss_nis-2.26.so
7fc9d61e9000-7fc9d6200000 r-xp 00000000 103:06 1725576                   /lib/x86_64-linux-gnu/libnsl-2.26.so
7fc9d6200000-7fc9d63ff000 ---p 00017000 103:06 1725576                   /lib/x86_64-linux-gnu/libnsl-2.26.so
7fc9d63ff000-7fc9d6400000 r--p 00016000 103:06 1725576                   /lib/x86_64-linux-gnu/libnsl-2.26.so
7fc9d6400000-7fc9d6401000 rw-p 00017000 103:06 1725576                   /lib/x86_64-linux-gnu/libnsl-2.26.so
7fc9d6401000-7fc9d6403000 rw-p 00000000 00:00 0 
7fc9d6403000-7fc9d640b000 r-xp 00000000 103:06 1725577                   /lib/x86_64-linux-gnu/libnss_compat-2.26.so
7fc9d640b000-7fc9d660a000 ---p 00008000 103:06 1725577                   /lib/x86_64-linux-gnu/libnss_compat-2.26.so
7fc9d660a000-7fc9d660b000 r--p 00007000 103:06 1725577                   /lib/x86_64-linux-gnu/libnss_compat-2.26.so
7fc9d660b000-7fc9d660c000 rw-p 00008000 103:06 1725577                   /lib/x86_64-linux-gnu/libnss_compat-2.26.so
7fc9d660c000-7fc9d6637000 r-xp 00000000 103:06 806457                    /usr/lib/jvm/java-8-oracle/jre/lib/amd64/libjava.so
7fc9d6637000-7fc9d6836000 ---p 0002b000 103:06 806457                    /usr/lib/jvm/java-8-oracle/jre/lib/amd64/libjava.so
7fc9d6836000-7fc9d6838000 rw-p 0002a000 103:06 806457                    /usr/lib/jvm/java-8-oracle/jre/lib/amd64/libjava.so
7fc9d6838000-7fc9d6845000 r-xp 00000000 103:06 806462                    /usr/lib/jvm/java-8-oracle/jre/lib/amd64/libverify.so
7fc9d6845000-7fc9d6a45000 ---p 0000d000 103:06 806462                    /usr/lib/jvm/java-8-oracle/jre/lib/amd64/libverify.so
7fc9d6a45000-7fc9d6a47000 rw-p 0000d000 103:06 806462                    /usr/lib/jvm/java-8-oracle/jre/lib/amd64/libverify.so
7fc9d6a47000-7fc9d6a4e000 r-xp 00000000 103:06 1725588                   /lib/x86_64-linux-gnu/librt-2.26.so
7fc9d6a4e000-7fc9d6c4d000 ---p 00007000 103:06 1725588                   /lib/x86_64-linux-gnu/librt-2.26.so
7fc9d6c4d000-7fc9d6c4e000 r--p 00006000 103:06 1725588                   /lib/x86_64-linux-gnu/librt-2.26.so
7fc9d6c4e000-7fc9d6c4f000 rw-p 00007000 103:06 1725588                   /lib/x86_64-linux-gnu/librt-2.26.so
7fc9d6c4f000-7fc9d6da4000 r-xp 00000000 103:06 1725573                   /lib/x86_64-linux-gnu/libm-2.26.so
7fc9d6da4000-7fc9d6fa3000 ---p 00155000 103:06 1725573                   /lib/x86_64-linux-gnu/libm-2.26.so
7fc9d6fa3000-7fc9d6fa4000 r--p 00154000 103:06 1725573                   /lib/x86_64-linux-gnu/libm-2.26.so
7fc9d6fa4000-7fc9d6fa5000 rw-p 00155000 103:06 1725573                   /lib/x86_64-linux-gnu/libm-2.26.so
7fc9d6fa5000-7fc9d7c7e000 r-xp 00000000 103:06 806415                    /usr/lib/jvm/java-8-oracle/jre/lib/amd64/server/libjvm.so
7fc9d7c7e000-7fc9d7e7d000 ---p 00cd9000 103:06 806415                    /usr/lib/jvm/java-8-oracle/jre/lib/amd64/server/libjvm.so
7fc9d7e7d000-7fc9d7f56000 rw-p 00cd8000 103:06 806415                    /usr/lib/jvm/java-8-oracle/jre/lib/amd64/server/libjvm.so
7fc9d7f56000-7fc9d7fa2000 rw-p 00000000 00:00 0 
7fc9d7fa2000-7fc9d8178000 r-xp 00000000 103:06 1725569                   /lib/x86_64-linux-gnu/libc-2.26.so
7fc9d8178000-7fc9d8378000 ---p 001d6000 103:06 1725569                   /lib/x86_64-linux-gnu/libc-2.26.so
7fc9d8378000-7fc9d837c000 r--p 001d6000 103:06 1725569                   /lib/x86_64-linux-gnu/libc-2.26.so
7fc9d837c000-7fc9d837e000 rw-p 001da000 103:06 1725569                   /lib/x86_64-linux-gnu/libc-2.26.so
7fc9d837e000-7fc9d8382000 rw-p 00000000 00:00 0 
7fc9d8382000-7fc9d8385000 r-xp 00000000 103:06 1725572                   /lib/x86_64-linux-gnu/libdl-2.26.so
7fc9d8385000-7fc9d8584000 ---p 00003000 103:06 1725572                   /lib/x86_64-linux-gnu/libdl-2.26.so
7fc9d8584000-7fc9d8585000 r--p 00002000 103:06 1725572                   /lib/x86_64-linux-gnu/libdl-2.26.so
7fc9d8585000-7fc9d8586000 rw-p 00003000 103:06 1725572                   /lib/x86_64-linux-gnu/libdl-2.26.so
7fc9d8586000-7fc9d859c000 r-xp 00000000 103:06 677025                    /usr/lib/jvm/java-8-oracle/lib/amd64/jli/libjli.so
7fc9d859c000-7fc9d879b000 ---p 00016000 103:06 677025                    /usr/lib/jvm/java-8-oracle/lib/amd64/jli/libjli.so
7fc9d879b000-7fc9d879c000 rw-p 00015000 103:06 677025                    /usr/lib/jvm/java-8-oracle/lib/amd64/jli/libjli.so
7fc9d879c000-7fc9d87b6000 r-xp 00000000 103:06 1725586                   /lib/x86_64-linux-gnu/libpthread-2.26.so
7fc9d87b6000-7fc9d89b5000 ---p 0001a000 103:06 1725586                   /lib/x86_64-linux-gnu/libpthread-2.26.so
7fc9d89b5000-7fc9d89b6000 r--p 00019000 103:06 1725586                   /lib/x86_64-linux-gnu/libpthread-2.26.so
7fc9d89b6000-7fc9d89b7000 rw-p 0001a000 103:06 1725586                   /lib/x86_64-linux-gnu/libpthread-2.26.so
7fc9d89b7000-7fc9d89bb000 rw-p 00000000 00:00 0 
7fc9d89bb000-7fc9d89e2000 r-xp 00000000 103:06 1718427                   /lib/x86_64-linux-gnu/ld-2.26.so
7fc9d89e2000-7fc9d89e7000 r--s 002f9000 103:06 806396                    /usr/lib/jvm/java-8-oracle/jre/lib/charsets.jar
7fc9d89e7000-7fc9d89ec000 r--s 0009d000 103:06 806408                    /usr/lib/jvm/java-8-oracle/jre/lib/jsse.jar
7fc9d89ec000-7fc9d8abd000 rw-p 00000000 00:00 0 
7fc9d8abd000-7fc9d8ac0000 ---p 00000000 00:00 0 
7fc9d8ac0000-7fc9d8bc2000 rw-p 00000000 00:00 0 
7fc9d8bc2000-7fc9d8bc5000 r--s 0001a000 103:06 806483                    /usr/lib/jvm/java-8-oracle/jre/lib/jce.jar
7fc9d8bc5000-7fc9d8bd8000 r--s 00345000 103:06 806407                    /usr/lib/jvm/java-8-oracle/jre/lib/resources.jar
7fc9d8bd8000-7fc9d8be0000 rw-s 00000000 103:06 1839492                   /tmp/hsperfdata_ahmed/7669
7fc9d8be0000-7fc9d8be1000 rw-p 00000000 00:00 0 
7fc9d8be1000-7fc9d8be2000 ---p 00000000 00:00 0 
7fc9d8be2000-7fc9d8be3000 r--p 00027000 103:06 1718427                   /lib/x86_64-linux-gnu/ld-2.26.so
7fc9d8be3000-7fc9d8be4000 rw-p 00028000 103:06 1718427                   /lib/x86_64-linux-gnu/ld-2.26.so
7fc9d8be4000-7fc9d8be5000 rw-p 00000000 00:00 0 
7fffc1fb8000-7fffc1fd9000 rw-p 00000000 00:00 0                          [stack]
7fffc1ffa000-7fffc1ffd000 r--p 00000000 00:00 0                          [vvar]
7fffc1ffd000-7fffc1fff000 r-xp 00000000 00:00 0                          [vdso]
ffffffffff600000-ffffffffff601000 r-xp 00000000 00:00 0                  [vsyscall]

VM Arguments:
jvm_args: -Dfile.encoding=UTF-8 
java_command: main.Main
java_class_path (initial): /usr/lib/jvm/java-8-oracle/jre/lib/resources.jar:/usr/lib/jvm/java-8-oracle/jre/lib/rt.jar:/usr/lib/jvm/java-8-oracle/jre/lib/jsse.jar:/usr/lib/jvm/java-8-oracle/jre/lib/jce.jar:/usr/lib/jvm/java-8-oracle/jre/lib/charsets.jar:/usr/lib/jvm/java-8-oracle/jre/lib/jfr.jar:/usr/lib/jvm/java-8-oracle/jre/lib/ext/cldrdata.jar:/usr/lib/jvm/java-8-oracle/jre/lib/ext/dnsns.jar:/usr/lib/jvm/java-8-oracle/jre/lib/ext/sunjce_provider.jar:/usr/lib/jvm/java-8-oracle/jre/lib/ext/sunpkcs11.jar:/usr/lib/jvm/java-8-oracle/jre/lib/ext/jaccess.jar:/usr/lib/jvm/java-8-oracle/jre/lib/ext/nashorn.jar:/usr/lib/jvm/java-8-oracle/jre/lib/ext/sunec.jar:/usr/lib/jvm/java-8-oracle/jre/lib/ext/zipfs.jar:/usr/lib/jvm/java-8-oracle/jre/lib/ext/jfxrt.jar:/usr/lib/jvm/java-8-oracle/jre/lib/ext/localedata.jar:/home/ahmed/Desktop/eclipse-projects/RDF-Doctor/target/classes:/home/ahmed/Desktop/eclipse-projects/RDF-Doctor/lib/commons-io-2.6.jar:/home/ahmed/Desktop/eclipse-projects/RDF-Doctor/lib/antlr-4.7.1-complete.jar
Launcher Type: SUN_STANDARD

Environment Variables:
JAVA_HOME=/usr/lib/jvm/java-8-oracle
PATH=/opt/maven/bin:/usr/local/sbin:/usr/local/bin:/usr/sbin:/usr/bin:/sbin:/bin:/usr/games:/usr/local/games:/snap/bin:/usr/lib/jvm/java-8-oracle/bin:/usr/lib/jvm/java-8-oracle/db/bin:/usr/lib/jvm/java-8-oracle/jre/bin
USERNAME=ahmed
SHELL=/bin/bash
DISPLAY=:1

Signal Handlers:
SIGSEGV: [libjvm.so+0xad01e0], sa_mask[0]=11111111011111111101111111111110, sa_flags=SA_RESTART|SA_SIGINFO
SIGBUS: [libjvm.so+0xad01e0], sa_mask[0]=11111111011111111101111111111110, sa_flags=SA_RESTART|SA_SIGINFO
SIGFPE: [libjvm.so+0x927fb0], sa_mask[0]=11111111011111111101111111111110, sa_flags=SA_RESTART|SA_SIGINFO
SIGPIPE: [libjvm.so+0x927fb0], sa_mask[0]=11111111011111111101111111111110, sa_flags=SA_RESTART|SA_SIGINFO
SIGXFSZ: [libjvm.so+0x927fb0], sa_mask[0]=11111111011111111101111111111110, sa_flags=SA_RESTART|SA_SIGINFO
SIGILL: [libjvm.so+0x927fb0], sa_mask[0]=11111111011111111101111111111110, sa_flags=SA_RESTART|SA_SIGINFO
SIGUSR1: SIG_DFL, sa_mask[0]=00000000000000000000000000000000, sa_flags=none
SIGUSR2: [libjvm.so+0x9297f0], sa_mask[0]=00100000000000000000000000000000, sa_flags=SA_RESTART|SA_SIGINFO
SIGHUP: [libjvm.so+0x92abf0], sa_mask[0]=11111111011111111101111111111110, sa_flags=SA_RESTART|SA_SIGINFO
SIGINT: [libjvm.so+0x92abf0], sa_mask[0]=11111111011111111101111111111110, sa_flags=SA_RESTART|SA_SIGINFO
SIGTERM: [libjvm.so+0x92abf0], sa_mask[0]=11111111011111111101111111111110, sa_flags=SA_RESTART|SA_SIGINFO
SIGQUIT: [libjvm.so+0x92abf0], sa_mask[0]=11111111011111111101111111111110, sa_flags=SA_RESTART|SA_SIGINFO


---------------  S Y S T E M  ---------------

OS:DISTRIB_ID=Ubuntu
DISTRIB_RELEASE=17.10
DISTRIB_CODENAME=artful
DISTRIB_DESCRIPTION="Ubuntu 17.10"

uname:Linux 4.13.0-43-generic #48-Ubuntu SMP Wed May 16 12:18:48 UTC 2018 x86_64
libc:glibc 2.26 NPTL 2.26 
rlimit: STACK 8192k, CORE 0k, NPROC 63187, NOFILE 4096, AS infinity
load average:8.80 8.73 5.12

/proc/meminfo:
MemTotal:       16280364 kB
MemFree:          163572 kB
MemAvailable:      20644 kB
Buffers:             676 kB
Cached:            61528 kB
SwapCached:        36752 kB
Active:         14380428 kB
Inactive:        1318548 kB
Active(anon):   14366832 kB
Inactive(anon):  1305832 kB
Active(file):      13596 kB
Inactive(file):    12716 kB
Unevictable:         456 kB
Mlocked:             456 kB
SwapTotal:       1537788 kB
SwapFree:            164 kB
Dirty:                76 kB
Writeback:             0 kB
AnonPages:      15602148 kB
Mapped:           155592 kB
Shmem:             35492 kB
Slab:             110876 kB
SReclaimable:      34396 kB
SUnreclaim:        76480 kB
KernelStack:       15392 kB
PageTables:        94984 kB
NFS_Unstable:          0 kB
Bounce:                0 kB
WritebackTmp:          0 kB
CommitLimit:     9677968 kB
Committed_AS:   25678660 kB
VmallocTotal:   34359738367 kB
VmallocUsed:           0 kB
VmallocChunk:          0 kB
HardwareCorrupted:     0 kB
AnonHugePages:         0 kB
ShmemHugePages:        0 kB
ShmemPmdMapped:        0 kB
CmaTotal:              0 kB
CmaFree:               0 kB
HugePages_Total:       0
HugePages_Free:        0
HugePages_Rsvd:        0
HugePages_Surp:        0
Hugepagesize:       2048 kB
DirectMap4k:      409684 kB
DirectMap2M:     9930752 kB
DirectMap1G:     6291456 kB


CPU:total 4 (initial active 4) (4 cores per cpu, 1 threads per core) family 6 model 158 stepping 9, cmov, cx8, fxsr, mmx, sse, sse2, sse3, ssse3, sse4.1, sse4.2, popcnt, avx, avx2, aes, clmul, erms, rtm, 3dnowpref, lzcnt, tsc, tscinvbit, bmi1, bmi2, adx

/proc/cpuinfo:
processor	: 0
vendor_id	: GenuineIntel
cpu family	: 6
model		: 158
model name	: Intel(R) Core(TM) i5-7440HQ CPU @ 2.80GHz
stepping	: 9
microcode	: 0x84
cpu MHz		: 3173.683
cache size	: 6144 KB
physical id	: 0
siblings	: 4
core id		: 0
cpu cores	: 4
apicid		: 0
initial apicid	: 0
fpu		: yes
fpu_exception	: yes
cpuid level	: 22
wp		: yes
flags		: fpu vme de pse tsc msr pae mce cx8 apic sep mtrr pge mca cmov pat pse36 clflush dts acpi mmx fxsr sse sse2 ss ht tm pbe syscall nx pdpe1gb rdtscp lm constant_tsc art arch_perfmon pebs bts rep_good nopl xtopology nonstop_tsc cpuid aperfmperf tsc_known_freq pni pclmulqdq dtes64 monitor ds_cpl vmx smx est tm2 ssse3 sdbg fma cx16 xtpr pdcm pcid sse4_1 sse4_2 x2apic movbe popcnt tsc_deadline_timer aes xsave avx f16c rdrand lahf_lm abm 3dnowprefetch cpuid_fault epb invpcid_single pti retpoline intel_pt rsb_ctxsw spec_ctrl tpr_shadow vnmi flexpriority ept vpid fsgsbase tsc_adjust bmi1 hle avx2 smep bmi2 erms invpcid rtm mpx rdseed adx smap clflushopt xsaveopt xsavec xgetbv1 xsaves dtherm ida arat pln pts hwp hwp_notify hwp_act_window hwp_epp
bugs		: cpu_meltdown spectre_v1 spectre_v2 spec_store_bypass
bogomips	: 5616.00
clflush size	: 64
cache_alignment	: 64
address sizes	: 39 bits physical, 48 bits virtual
power management:

processor	: 1
vendor_id	: GenuineIntel
cpu family	: 6
model		: 158
model name	: Intel(R) Core(TM) i5-7440HQ CPU @ 2.80GHz
stepping	: 9
microcode	: 0x84
cpu MHz		: 3173.815
cache size	: 6144 KB
physical id	: 0
siblings	: 4
core id		: 1
cpu cores	: 4
apicid		: 2
initial apicid	: 2
fpu		: yes
fpu_exception	: yes
cpuid level	: 22
wp		: yes
flags		: fpu vme de pse tsc msr pae mce cx8 apic sep mtrr pge mca cmov pat pse36 clflush dts acpi mmx fxsr sse sse2 ss ht tm pbe syscall nx pdpe1gb rdtscp lm constant_tsc art arch_perfmon pebs bts rep_good nopl xtopology nonstop_tsc cpuid aperfmperf tsc_known_freq pni pclmulqdq dtes64 monitor ds_cpl vmx smx est tm2 ssse3 sdbg fma cx16 xtpr pdcm pcid sse4_1 sse4_2 x2apic movbe popcnt tsc_deadline_timer aes xsave avx f16c rdrand lahf_lm abm 3dnowprefetch cpuid_fault epb invpcid_single pti retpoline intel_pt rsb_ctxsw spec_ctrl tpr_shadow vnmi flexpriority ept vpid fsgsbase tsc_adjust bmi1 hle avx2 smep bmi2 erms invpcid rtm mpx rdseed adx smap clflushopt xsaveopt xsavec xgetbv1 xsaves dtherm ida arat pln pts hwp hwp_notify hwp_act_window hwp_epp
bugs		: cpu_meltdown spectre_v1 spectre_v2 spec_store_bypass
bogomips	: 5616.00
clflush size	: 64
cache_alignment	: 64
address sizes	: 39 bits physical, 48 bits virtual
power management:

processor	: 2
vendor_id	: GenuineIntel
cpu family	: 6
model		: 158
model name	: Intel(R) Core(TM) i5-7440HQ CPU @ 2.80GHz
stepping	: 9
microcode	: 0x84
cpu MHz		: 3173.930
cache size	: 6144 KB
physical id	: 0
siblings	: 4
core id		: 2
cpu cores	: 4
apicid		: 4
initial apicid	: 4
fpu		: yes
fpu_exception	: yes
cpuid level	: 22
wp		: yes
flags		: fpu vme de pse tsc msr pae mce cx8 apic sep mtrr pge mca cmov pat pse36 clflush dts acpi mmx fxsr sse sse2 ss ht tm pbe syscall nx pdpe1gb rdtscp lm constant_tsc art arch_perfmon pebs bts rep_good nopl xtopology nonstop_tsc cpuid aperfmperf tsc_known_freq pni pclmulqdq dtes64 monitor ds_cpl vmx smx est tm2 ssse3 sdbg fma cx16 xtpr pdcm pcid sse4_1 sse4_2 x2apic movbe popcnt tsc_deadline_timer aes xsave avx f16c rdrand lahf_lm abm 3dnowprefetch cpuid_fault epb invpcid_single pti retpoline intel_pt rsb_ctxsw spec_ctrl tpr_shadow vnmi flexpriority ept vpid fsgsbase tsc_adjust bmi1 hle avx2 smep bmi2 erms invpcid rtm mpx rdseed adx smap clflushopt xsaveopt xsavec xgetbv1 xsaves dtherm ida arat pln pts hwp hwp_notify hwp_act_window hwp_epp
bugs		: cpu_meltdown spectre_v1 spectre_v2 spec_store_bypass
bogomips	: 5616.00
clflush size	: 64
cache_alignment	: 64
address sizes	: 39 bits physical, 48 bits virtual
power management:

processor	: 3
vendor_id	: GenuineIntel
cpu family	: 6
model		: 158
model name	: Intel(R) Core(TM) i5-7440HQ CPU @ 2.80GHz
stepping	: 9
microcode	: 0x84
cpu MHz		: 3169.024
cache size	: 6144 KB
physical id	: 0
siblings	: 4
core id		: 3
cpu cores	: 4
apicid		: 6
initial apicid	: 6
fpu		: yes
fpu_exception	: yes
cpuid level	: 22
wp		: yes
flags		: fpu vme de pse tsc msr pae mce cx8 apic sep mtrr pge mca cmov pat pse36 clflush dts acpi mmx fxsr sse sse2 ss ht tm pbe syscall nx pdpe1gb rdtscp lm constant_tsc art arch_perfmon pebs bts rep_good nopl xtopology nonstop_tsc cpuid aperfmperf tsc_known_freq pni pclmulqdq dtes64 monitor ds_cpl vmx smx est tm2 ssse3 sdbg fma cx16 xtpr pdcm pcid sse4_1 sse4_2 x2apic movbe popcnt tsc_deadline_timer aes xsave avx f16c rdrand lahf_lm abm 3dnowprefetch cpuid_fault epb invpcid_single pti retpoline intel_pt rsb_ctxsw spec_ctrl tpr_shadow vnmi flexpriority ept vpid fsgsbase tsc_adjust bmi1 hle avx2 smep bmi2 erms invpcid rtm mpx rdseed adx smap clflushopt xsaveopt xsavec xgetbv1 xsaves dtherm ida arat pln pts hwp hwp_notify hwp_act_window hwp_epp
bugs		: cpu_meltdown spectre_v1 spectre_v2 spec_store_bypass
bogomips	: 5616.00
clflush size	: 64
cache_alignment	: 64
address sizes	: 39 bits physical, 48 bits virtual
power management:



Memory: 4k page, physical 16280364k(157024k free), swap 1537788k(168k free)

vm_info: Java HotSpot(TM) 64-Bit Server VM (25.161-b12) for linux-amd64 JRE (1.8.0_161-b12), built on Dec 19 2017 16:12:43 by "java_re" with gcc 4.3.0 20080428 (Red Hat 4.3.0-8)

time: Sat May 26 14:19:21 2018
elapsed time: 387 seconds (0d 0h 6m 27s)

