#
# There is insufficient memory for the Java Runtime Environment to continue.
# Native memory allocation (mmap) failed to map 132120576 bytes for committing reserved memory.
# Possible reasons:
#   The system is out of physical RAM or swap space
#   In 32 bit mode, the process size limit was hit
# Possible solutions:
#   Reduce memory load on the system
#   Increase physical memory or swap space
#   Check if swap backing store is full
#   Use 64 bit Java on a 64 bit OS
#   Decrease Java heap size (-Xmx/-Xms)
#   Decrease number of Java threads
#   Decrease Java thread stack sizes (-Xss)
#   Set larger code cache with -XX:ReservedCodeCacheSize=
# This output file may be truncated or incomplete.
#
#  Out of Memory Error (os_linux.cpp:2640), pid=8026, tid=0x00007f25676f6700
#
# JRE version: Java(TM) SE Runtime Environment (8.0_161-b12) (build 1.8.0_161-b12)
# Java VM: Java HotSpot(TM) 64-Bit Server VM (25.161-b12 mixed mode linux-amd64 compressed oops)
# Failed to write core dump. Core dumps have been disabled. To enable core dumping, try "ulimit -c unlimited" before starting Java again
#

---------------  T H R E A D  ---------------

Current thread (0x00007f258c079800):  VMThread [stack: 0x00007f25675f6000,0x00007f25676f7000] [id=8048]

Stack: [0x00007f25675f6000,0x00007f25676f7000],  sp=0x00007f25676f4fd0,  free space=1019k
Native frames: (J=compiled Java code, j=interpreted, Vv=VM code, C=native code)
V  [libjvm.so+0xacf94a]  VMError::report_and_die()+0x2ba
V  [libjvm.so+0x50050b]  report_vm_out_of_memory(char const*, int, unsigned long, VMErrorType, char const*)+0x8b
V  [libjvm.so+0x92b133]  os::Linux::commit_memory_impl(char*, unsigned long, bool)+0x103
V  [libjvm.so+0x92b5c9]  os::pd_commit_memory(char*, unsigned long, unsigned long, bool)+0x29
V  [libjvm.so+0x924c0a]  os::commit_memory(char*, unsigned long, unsigned long, bool)+0x2a
V  [libjvm.so+0x99ab53]  PSVirtualSpace::expand_by(unsigned long)+0x53
V  [libjvm.so+0x99bf58]  PSYoungGen::resize_generation(unsigned long, unsigned long)+0xf8
V  [libjvm.so+0x99b0b2]  PSYoungGen::resize(unsigned long, unsigned long)+0x22
V  [libjvm.so+0x99838b]  PSScavenge::invoke_no_policy()+0xf3b
V  [libjvm.so+0x998b11]  PSScavenge::invoke()+0x41
V  [libjvm.so+0x94f5a0]  ParallelScavengeHeap::failed_mem_allocate(unsigned long)+0x70
V  [libjvm.so+0xad13c7]  VM_ParallelGCFailedAllocation::doit()+0x97
V  [libjvm.so+0xad8ed5]  VM_Operation::evaluate()+0x55
V  [libjvm.so+0xad729a]  VMThread::evaluate_operation(VM_Operation*)+0xba
V  [libjvm.so+0xad761e]  VMThread::loop()+0x1ce
V  [libjvm.so+0xad7a90]  VMThread::run()+0x70
V  [libjvm.so+0x92da28]  java_start(Thread*)+0x108

VM_Operation (0x00007f2594aed740): ParallelGCFailedAllocation, mode: safepoint, requested by thread 0x00007f258c00b800


---------------  P R O C E S S  ---------------

Java Threads: ( => current thread )
  0x00007f258c15f000 JavaThread "pool-1-thread-1" [_thread_blocked, id=8065, stack(0x00007f2566a11000,0x00007f2566b12000)]
  0x00007f258c0ec000 JavaThread "Service Thread" daemon [_thread_blocked, id=8062, stack(0x00007f2566c13000,0x00007f2566d14000)]
  0x00007f258c0bf000 JavaThread "C1 CompilerThread2" daemon [_thread_blocked, id=8060, stack(0x00007f2566d14000,0x00007f2566e15000)]
  0x00007f258c0bd000 JavaThread "C2 CompilerThread1" daemon [_thread_blocked, id=8058, stack(0x00007f2566e15000,0x00007f2566f16000)]
  0x00007f258c0ba000 JavaThread "C2 CompilerThread0" daemon [_thread_blocked, id=8056, stack(0x00007f2566f16000,0x00007f2567017000)]
  0x00007f258c0b8800 JavaThread "Signal Dispatcher" daemon [_thread_blocked, id=8053, stack(0x00007f2567017000,0x00007f2567118000)]
  0x00007f258c085800 JavaThread "Finalizer" daemon [_thread_blocked, id=8052, stack(0x00007f25673f4000,0x00007f25674f5000)]
  0x00007f258c081000 JavaThread "Reference Handler" daemon [_thread_blocked, id=8050, stack(0x00007f25674f5000,0x00007f25675f6000)]
  0x00007f258c00b800 JavaThread "main" [_thread_blocked, id=8030, stack(0x00007f25949ee000,0x00007f2594aef000)]

Other Threads:
=>0x00007f258c079800 VMThread [stack: 0x00007f25675f6000,0x00007f25676f7000] [id=8048]
  0x00007f258c0f9000 WatcherThread [stack: 0x00007f2566b12000,0x00007f2566c13000] [id=8063]

VM state:at safepoint (normal execution)

VM Mutex/Monitor currently owned by a thread:  ([mutex/lock_event])
[0x00007f258c007ed0] Threads_lock - owner thread: 0x00007f258c079800
[0x00007f258c0083d0] Heap_lock - owner thread: 0x00007f258c00b800

Heap:
 PSYoungGen      total 139264K, used 10210K [0x000000076d300000, 0x0000000776500000, 0x00000007c0000000)
  eden space 129024K, 0% used [0x000000076d300000,0x000000076d300000,0x0000000775100000)
  from space 10240K, 99% used [0x0000000775100000,0x0000000775af8910,0x0000000775b00000)
  to   space 10240K, 0% used [0x0000000775b00000,0x0000000775b00000,0x0000000776500000)
 ParOldGen       total 171008K, used 76392K [0x00000006c7800000, 0x00000006d1f00000, 0x000000076d300000)
  object space 171008K, 44% used [0x00000006c7800000,0x00000006cc29a000,0x00000006d1f00000)
 Metaspace       used 3244K, capacity 4566K, committed 4864K, reserved 1056768K
  class space    used 353K, capacity 390K, committed 512K, reserved 1048576K

Card table byte_map: [0x00007f2590f5b000,0x00007f2591720000] byte_map_base: 0x00007f258d91f000

Marking Bits: (ParMarkBitMap*) 0x00007f2593ea5920
 Begin Bits: [0x00007f25753c0000, 0x00007f25791e0000)
 End Bits:   [0x00007f25791e0000, 0x00007f257d000000)

Polling page: 0x00007f2594b12000

CodeCache: size=245760Kb used=1644Kb max_used=1656Kb free=244115Kb
 bounds [0x00007f257d000000, 0x00007f257d270000, 0x00007f258c000000]
 total_blobs=389 nmethods=147 adapters=156
 compilation: enabled

Compilation events (10 events):
Event: 1.736 Thread 0x00007f258c0bf000  143       3       sun.nio.cs.UTF_8$Decoder::decodeArrayLoop (691 bytes)
Event: 1.739 Thread 0x00007f258c0bf000 nmethod 143 0x00007f257d191590 code [0x00007f257d191ee0, 0x00007f257d198508]
Event: 1.746 Thread 0x00007f258c0ba000  144       4       sun.nio.cs.UTF_8$Decoder::decodeArrayLoop (691 bytes)
Event: 1.807 Thread 0x00007f258c0ba000 nmethod 144 0x00007f257d19d050 code [0x00007f257d19d2c0, 0x00007f257d19e280]
Event: 1.851 Thread 0x00007f258c0bd000  145       4       java.lang.AbstractStringBuilder::append (40 bytes)
Event: 1.855 Thread 0x00007f258c0bd000 nmethod 145 0x00007f257d171e50 code [0x00007f257d171fc0, 0x00007f257d1723f8]
Event: 1.902 Thread 0x00007f258c0ba000  146       4       java.nio.Buffer::limit (62 bytes)
Event: 1.902 Thread 0x00007f258c0ba000 nmethod 146 0x00007f257d171b10 code [0x00007f257d171c60, 0x00007f257d171d58]
Event: 1.902 Thread 0x00007f258c0bd000  147   !   4       java.nio.charset.CharsetDecoder::decode (287 bytes)
Event: 1.905 Thread 0x00007f258c0bd000 nmethod 147 0x00007f257d178350 code [0x00007f257d1784e0, 0x00007f257d178728]

GC Heap History (5 events):
Event: 1.329 GC heap before
{Heap before GC invocations=1 (full 0):
 PSYoungGen      total 74752K, used 64512K [0x000000076d300000, 0x0000000772600000, 0x00000007c0000000)
  eden space 64512K, 100% used [0x000000076d300000,0x0000000771200000,0x0000000771200000)
  from space 10240K, 0% used [0x0000000771c00000,0x0000000771c00000,0x0000000772600000)
  to   space 10240K, 0% used [0x0000000771200000,0x0000000771200000,0x0000000771c00000)
 ParOldGen       total 171008K, used 0K [0x00000006c7800000, 0x00000006d1f00000, 0x000000076d300000)
  object space 171008K, 0% used [0x00000006c7800000,0x00000006c7800000,0x00000006d1f00000)
 Metaspace       used 3242K, capacity 4566K, committed 4864K, reserved 1056768K
  class space    used 353K, capacity 390K, committed 512K, reserved 1048576K
Event: 1.373 GC heap after
Heap after GC invocations=1 (full 0):
 PSYoungGen      total 74752K, used 10210K [0x000000076d300000, 0x0000000776500000, 0x00000007c0000000)
  eden space 64512K, 0% used [0x000000076d300000,0x000000076d300000,0x0000000771200000)
  from space 10240K, 99% used [0x0000000771200000,0x0000000771bf8930,0x0000000771c00000)
  to   space 10240K, 0% used [0x0000000775b00000,0x0000000775b00000,0x0000000776500000)
 ParOldGen       total 171008K, used 12720K [0x00000006c7800000, 0x00000006d1f00000, 0x000000076d300000)
  object space 171008K, 7% used [0x00000006c7800000,0x00000006c846c000,0x00000006d1f00000)
 Metaspace       used 3242K, capacity 4566K, committed 4864K, reserved 1056768K
  class space    used 353K, capacity 390K, committed 512K, reserved 1048576K
}
Event: 1.496 GC heap before
{Heap before GC invocations=2 (full 0):
 PSYoungGen      total 74752K, used 74722K [0x000000076d300000, 0x0000000776500000, 0x00000007c0000000)
  eden space 64512K, 100% used [0x000000076d300000,0x0000000771200000,0x0000000771200000)
  from space 10240K, 99% used [0x0000000771200000,0x0000000771bf8930,0x0000000771c00000)
  to   space 10240K, 0% used [0x0000000775b00000,0x0000000775b00000,0x0000000776500000)
 ParOldGen       total 171008K, used 12720K [0x00000006c7800000, 0x00000006d1f00000, 0x000000076d300000)
  object space 171008K, 7% used [0x00000006c7800000,0x00000006c846c000,0x00000006d1f00000)
 Metaspace       used 3243K, capacity 4566K, committed 4864K, reserved 1056768K
  class space    used 353K, capacity 390K, committed 512K, reserved 1048576K
Event: 1.568 GC heap after
Heap after GC invocations=2 (full 0):
 PSYoungGen      total 139264K, used 10210K [0x000000076d300000, 0x0000000776500000, 0x00000007c0000000)
  eden space 129024K, 0% used [0x000000076d300000,0x000000076d300000,0x0000000775100000)
  from space 10240K, 99% used [0x0000000775b00000,0x00000007764f8930,0x0000000776500000)
  to   space 10240K, 0% used [0x0000000775100000,0x0000000775100000,0x0000000775b00000)
 ParOldGen       total 171008K, used 33736K [0x00000006c7800000, 0x00000006d1f00000, 0x000000076d300000)
  object space 171008K, 19% used [0x00000006c7800000,0x00000006c98f2000,0x00000006d1f00000)
 Metaspace       used 3243K, capacity 4566K, committed 4864K, reserved 1056768K
  class space    used 353K, capacity 390K, committed 512K, reserved 1048576K
}
Event: 2.461 GC heap before
{Heap before GC invocations=3 (full 0):
 PSYoungGen      total 139264K, used 139234K [0x000000076d300000, 0x0000000776500000, 0x00000007c0000000)
  eden space 129024K, 100% used [0x000000076d300000,0x0000000775100000,0x0000000775100000)
  from space 10240K, 99% used [0x0000000775b00000,0x00000007764f8930,0x0000000776500000)
  to   space 10240K, 0% used [0x0000000775100000,0x0000000775100000,0x0000000775b00000)
 ParOldGen       total 171008K, used 33736K [0x00000006c7800000, 0x00000006d1f00000, 0x000000076d300000)
  object space 171008K, 19% used [0x00000006c7800000,0x00000006c98f2000,0x00000006d1f00000)
 Metaspace       used 3244K, capacity 4566K, committed 4864K, reserved 1056768K
  class space    used 353K, capacity 390K, committed 512K, reserved 1048576K

Deoptimization events (6 events):
Event: 0.663 Thread 0x00007f258c00b800 Uncommon trap: reason=predicate action=maybe_recompile pc=0x00007f257d12b4ac method=java.util.Arrays.fill([Ljava/lang/Object;Ljava/lang/Object;)V @ 5
Event: 0.666 Thread 0x00007f258c00b800 Uncommon trap: reason=array_check action=maybe_recompile pc=0x00007f257d129a68 method=java.util.Arrays.fill([Ljava/lang/Object;Ljava/lang/Object;)V @ 13
Event: 0.666 Thread 0x00007f258c00b800 Uncommon trap: reason=array_check action=maybe_recompile pc=0x00007f257d129a68 method=java.util.Arrays.fill([Ljava/lang/Object;Ljava/lang/Object;)V @ 13
Event: 0.666 Thread 0x00007f258c00b800 Uncommon trap: reason=array_check action=maybe_recompile pc=0x00007f257d129a68 method=java.util.Arrays.fill([Ljava/lang/Object;Ljava/lang/Object;)V @ 13
Event: 0.666 Thread 0x00007f258c00b800 Uncommon trap: reason=array_check action=maybe_recompile pc=0x00007f257d129a68 method=java.util.Arrays.fill([Ljava/lang/Object;Ljava/lang/Object;)V @ 13
Event: 1.735 Thread 0x00007f258c00b800 Uncommon trap: reason=unstable_if action=reinterpret pc=0x00007f257d17d12c method=sun.nio.cs.UTF_8$Decoder.decodeArrayLoop(Ljava/nio/ByteBuffer;Ljava/nio/CharBuffer;)Ljava/nio/charset/CoderResult; @ 184

Classes redefined (0 events):
No events

Internal exceptions (2 events):
Event: 0.281 Thread 0x00007f258c00b800 Exception <a 'java/lang/NoSuchMethodError': Method sun.misc.Unsafe.defineClass(Ljava/lang/String;[BII)Ljava/lang/Class; name or signature does not match> (0x000000076d307ca0) thrown at [/HUDSON/workspace/8-2-build-linux-amd64/jdk8u161/10277/hotspot/src/sh
Event: 0.281 Thread 0x00007f258c00b800 Exception <a 'java/lang/NoSuchMethodError': Method sun.misc.Unsafe.prefetchRead(Ljava/lang/Object;J)V name or signature does not match> (0x000000076d307f88) thrown at [/HUDSON/workspace/8-2-build-linux-amd64/jdk8u161/10277/hotspot/src/share/vm/prims/jni.c

Events (10 events):
Event: 1.806 Thread 0x00007f258c00b800 DEOPT UNPACKING pc=0x00007f257d047784 sp=0x00007f2594aed0c0 mode 0
Event: 1.807 Thread 0x00007f258c00b800 DEOPT PACKING pc=0x00007f257d197883 sp=0x00007f2594aed2a0
Event: 1.807 Thread 0x00007f258c00b800 DEOPT UNPACKING pc=0x00007f257d047784 sp=0x00007f2594aed0c0 mode 0
Event: 1.807 Thread 0x00007f258c00b800 DEOPT PACKING pc=0x00007f257d197883 sp=0x00007f2594aed2a0
Event: 1.807 Thread 0x00007f258c00b800 DEOPT UNPACKING pc=0x00007f257d047784 sp=0x00007f2594aed0c0 mode 0
Event: 1.807 Thread 0x00007f258c00b800 DEOPT PACKING pc=0x00007f257d19775b sp=0x00007f2594aed2a0
Event: 1.807 Thread 0x00007f258c00b800 DEOPT UNPACKING pc=0x00007f257d047784 sp=0x00007f2594aed0c0 mode 0
Event: 1.807 Thread 0x00007f258c00b800 DEOPT PACKING pc=0x00007f257d197883 sp=0x00007f2594aed2a0
Event: 1.807 Thread 0x00007f258c00b800 DEOPT UNPACKING pc=0x00007f257d047784 sp=0x00007f2594aed0c0 mode 0
Event: 2.461 Executing VM operation: ParallelGCFailedAllocation


Dynamic libraries:
00400000-00401000 r-xp 00000000 103:06 676153                            /usr/lib/jvm/java-8-oracle/bin/java
00600000-00601000 rw-p 00000000 103:06 676153                            /usr/lib/jvm/java-8-oracle/bin/java
01c49000-01c6a000 rw-p 00000000 00:00 0                                  [heap]
6c7800000-6d1f00000 rw-p 00000000 00:00 0 
6d1f00000-76d300000 ---p 00000000 00:00 0 
76d300000-776500000 rw-p 00000000 00:00 0 
77e300000-7c0000000 ---p 00000000 00:00 0 
7c0000000-7c0080000 rw-p 00000000 00:00 0 
7c0080000-800000000 ---p 00000000 00:00 0 
7f2538000000-7f2538021000 rw-p 00000000 00:00 0 
7f2538021000-7f253c000000 ---p 00000000 00:00 0 
7f253c000000-7f253c021000 rw-p 00000000 00:00 0 
7f253c021000-7f2540000000 ---p 00000000 00:00 0 
7f2540000000-7f254028e000 rw-p 00000000 00:00 0 
7f254028e000-7f2544000000 ---p 00000000 00:00 0 
7f2544000000-7f2544021000 rw-p 00000000 00:00 0 
7f2544021000-7f2548000000 ---p 00000000 00:00 0 
7f2548000000-7f2548162000 rw-p 00000000 00:00 0 
7f2548162000-7f254c000000 ---p 00000000 00:00 0 
7f254c000000-7f254c156000 rw-p 00000000 00:00 0 
7f254c156000-7f2550000000 ---p 00000000 00:00 0 
7f2550000000-7f2550021000 rw-p 00000000 00:00 0 
7f2550021000-7f2554000000 ---p 00000000 00:00 0 
7f2554000000-7f2554021000 rw-p 00000000 00:00 0 
7f2554021000-7f2558000000 ---p 00000000 00:00 0 
7f2558000000-7f2558021000 rw-p 00000000 00:00 0 
7f2558021000-7f255c000000 ---p 00000000 00:00 0 
7f255c000000-7f255c021000 rw-p 00000000 00:00 0 
7f255c021000-7f2560000000 ---p 00000000 00:00 0 
7f2560000000-7f2560021000 rw-p 00000000 00:00 0 
7f2560021000-7f2564000000 ---p 00000000 00:00 0 
7f2566789000-7f2566a11000 rw-p 00000000 00:00 0 
7f2566a11000-7f2566a14000 ---p 00000000 00:00 0 
7f2566a14000-7f2566b12000 rw-p 00000000 00:00 0 
7f2566b12000-7f2566b13000 ---p 00000000 00:00 0 
7f2566b13000-7f2566c13000 rw-p 00000000 00:00 0 
7f2566c13000-7f2566c16000 ---p 00000000 00:00 0 
7f2566c16000-7f2566d14000 rw-p 00000000 00:00 0 
7f2566d14000-7f2566d17000 ---p 00000000 00:00 0 
7f2566d17000-7f2566e15000 rw-p 00000000 00:00 0 
7f2566e15000-7f2566e18000 ---p 00000000 00:00 0 
7f2566e18000-7f2566f16000 rw-p 00000000 00:00 0 
7f2566f16000-7f2566f19000 ---p 00000000 00:00 0 
7f2566f19000-7f2567017000 rw-p 00000000 00:00 0 
7f2567017000-7f256701a000 ---p 00000000 00:00 0 
7f256701a000-7f2567118000 rw-p 00000000 00:00 0 
7f2567118000-7f25673f4000 r--p 00000000 103:06 132049                    /usr/lib/locale/locale-archive
7f25673f4000-7f25673f7000 ---p 00000000 00:00 0 
7f25673f7000-7f25674f5000 rw-p 00000000 00:00 0 
7f25674f5000-7f25674f8000 ---p 00000000 00:00 0 
7f25674f8000-7f25675f6000 rw-p 00000000 00:00 0 
7f25675f6000-7f25675f7000 ---p 00000000 00:00 0 
7f25675f7000-7f2568000000 rw-p 00000000 00:00 0 
7f2568000000-7f2568021000 rw-p 00000000 00:00 0 
7f2568021000-7f256c000000 ---p 00000000 00:00 0 
7f256c000000-7f256c021000 rw-p 00000000 00:00 0 
7f256c021000-7f2570000000 ---p 00000000 00:00 0 
7f2570000000-7f2570021000 rw-p 00000000 00:00 0 
7f2570021000-7f2574000000 ---p 00000000 00:00 0 
7f2574023000-7f257403d000 r--s 00209000 103:06 1062073                   /home/ahmed/Desktop/eclipse-projects/RDF-Doctor/lib/antlr-4.7.1-complete.jar
7f257403d000-7f2574042000 r--s 00084000 103:06 806358                    /usr/lib/jvm/java-8-oracle/jre/lib/jfr.jar
7f2574042000-7f25740d8000 r--s 0110a000 103:06 806264                    /usr/lib/jvm/java-8-oracle/jre/lib/ext/jfxrt.jar
7f25740d8000-7f257483c000 rw-p 00000000 00:00 0 
7f257483c000-7f2574bfc000 ---p 00000000 00:00 0 
7f2574bfc000-7f257d000000 rw-p 00000000 00:00 0 
7f257d000000-7f257d270000 rwxp 00000000 00:00 0 
7f257d270000-7f258c000000 ---p 00000000 00:00 0 
7f258c000000-7f258c163000 rw-p 00000000 00:00 0 
7f258c163000-7f2590000000 ---p 00000000 00:00 0 
7f2590000000-7f2590004000 r--s 00031000 103:06 1060185                   /home/ahmed/Desktop/eclipse-projects/RDF-Doctor/lib/commons-io-2.6.jar
7f2590004000-7f25903da000 rw-p 00000000 00:00 0 
7f25903da000-7f25905b3000 r--s 03d64000 103:06 806398                    /usr/lib/jvm/java-8-oracle/jre/lib/rt.jar
7f25905b3000-7f2590629000 rw-p 00000000 00:00 0 
7f2590629000-7f259062a000 ---p 00000000 00:00 0 
7f259062a000-7f259072a000 rw-p 00000000 00:00 0 
7f259072a000-7f259072b000 ---p 00000000 00:00 0 
7f259072b000-7f259082b000 rw-p 00000000 00:00 0 
7f259082b000-7f259082c000 ---p 00000000 00:00 0 
7f259082c000-7f259092c000 rw-p 00000000 00:00 0 
7f259092c000-7f259092d000 ---p 00000000 00:00 0 
7f259092d000-7f2590a81000 rw-p 00000000 00:00 0 
7f2590a81000-7f2590f5b000 ---p 00000000 00:00 0 
7f2590f5b000-7f2590faf000 rw-p 00000000 00:00 0 
7f2590faf000-7f2591488000 ---p 00000000 00:00 0 
7f2591488000-7f25914d2000 rw-p 00000000 00:00 0 
7f25914d2000-7f259171f000 ---p 00000000 00:00 0 
7f259171f000-7f259172a000 rw-p 00000000 00:00 0 
7f259172a000-7f2591ae0000 ---p 00000000 00:00 0 
7f2591ae0000-7f2591afb000 r-xp 00000000 103:06 806463                    /usr/lib/jvm/java-8-oracle/jre/lib/amd64/libzip.so
7f2591afb000-7f2591cfb000 ---p 0001b000 103:06 806463                    /usr/lib/jvm/java-8-oracle/jre/lib/amd64/libzip.so
7f2591cfb000-7f2591cfc000 rw-p 0001b000 103:06 806463                    /usr/lib/jvm/java-8-oracle/jre/lib/amd64/libzip.so
7f2591cfc000-7f2591d07000 r-xp 00000000 103:06 1725579                   /lib/x86_64-linux-gnu/libnss_files-2.26.so
7f2591d07000-7f2591f06000 ---p 0000b000 103:06 1725579                   /lib/x86_64-linux-gnu/libnss_files-2.26.so
7f2591f06000-7f2591f07000 r--p 0000a000 103:06 1725579                   /lib/x86_64-linux-gnu/libnss_files-2.26.so
7f2591f07000-7f2591f08000 rw-p 0000b000 103:06 1725579                   /lib/x86_64-linux-gnu/libnss_files-2.26.so
7f2591f08000-7f2591f0e000 rw-p 00000000 00:00 0 
7f2591f0e000-7f2591f19000 r-xp 00000000 103:06 1725581                   /lib/x86_64-linux-gnu/libnss_nis-2.26.so
7f2591f19000-7f2592118000 ---p 0000b000 103:06 1725581                   /lib/x86_64-linux-gnu/libnss_nis-2.26.so
7f2592118000-7f2592119000 r--p 0000a000 103:06 1725581                   /lib/x86_64-linux-gnu/libnss_nis-2.26.so
7f2592119000-7f259211a000 rw-p 0000b000 103:06 1725581                   /lib/x86_64-linux-gnu/libnss_nis-2.26.so
7f259211a000-7f2592131000 r-xp 00000000 103:06 1725576                   /lib/x86_64-linux-gnu/libnsl-2.26.so
7f2592131000-7f2592330000 ---p 00017000 103:06 1725576                   /lib/x86_64-linux-gnu/libnsl-2.26.so
7f2592330000-7f2592331000 r--p 00016000 103:06 1725576                   /lib/x86_64-linux-gnu/libnsl-2.26.so
7f2592331000-7f2592332000 rw-p 00017000 103:06 1725576                   /lib/x86_64-linux-gnu/libnsl-2.26.so
7f2592332000-7f2592334000 rw-p 00000000 00:00 0 
7f2592334000-7f259233c000 r-xp 00000000 103:06 1725577                   /lib/x86_64-linux-gnu/libnss_compat-2.26.so
7f259233c000-7f259253b000 ---p 00008000 103:06 1725577                   /lib/x86_64-linux-gnu/libnss_compat-2.26.so
7f259253b000-7f259253c000 r--p 00007000 103:06 1725577                   /lib/x86_64-linux-gnu/libnss_compat-2.26.so
7f259253c000-7f259253d000 rw-p 00008000 103:06 1725577                   /lib/x86_64-linux-gnu/libnss_compat-2.26.so
7f259253d000-7f2592568000 r-xp 00000000 103:06 806457                    /usr/lib/jvm/java-8-oracle/jre/lib/amd64/libjava.so
7f2592568000-7f2592767000 ---p 0002b000 103:06 806457                    /usr/lib/jvm/java-8-oracle/jre/lib/amd64/libjava.so
7f2592767000-7f2592769000 rw-p 0002a000 103:06 806457                    /usr/lib/jvm/java-8-oracle/jre/lib/amd64/libjava.so
7f2592769000-7f2592776000 r-xp 00000000 103:06 806462                    /usr/lib/jvm/java-8-oracle/jre/lib/amd64/libverify.so
7f2592776000-7f2592976000 ---p 0000d000 103:06 806462                    /usr/lib/jvm/java-8-oracle/jre/lib/amd64/libverify.so
7f2592976000-7f2592978000 rw-p 0000d000 103:06 806462                    /usr/lib/jvm/java-8-oracle/jre/lib/amd64/libverify.so
7f2592978000-7f259297f000 r-xp 00000000 103:06 1725588                   /lib/x86_64-linux-gnu/librt-2.26.so
7f259297f000-7f2592b7e000 ---p 00007000 103:06 1725588                   /lib/x86_64-linux-gnu/librt-2.26.so
7f2592b7e000-7f2592b7f000 r--p 00006000 103:06 1725588                   /lib/x86_64-linux-gnu/librt-2.26.so
7f2592b7f000-7f2592b80000 rw-p 00007000 103:06 1725588                   /lib/x86_64-linux-gnu/librt-2.26.so
7f2592b80000-7f2592cd5000 r-xp 00000000 103:06 1725573                   /lib/x86_64-linux-gnu/libm-2.26.so
7f2592cd5000-7f2592ed4000 ---p 00155000 103:06 1725573                   /lib/x86_64-linux-gnu/libm-2.26.so
7f2592ed4000-7f2592ed5000 r--p 00154000 103:06 1725573                   /lib/x86_64-linux-gnu/libm-2.26.so
7f2592ed5000-7f2592ed6000 rw-p 00155000 103:06 1725573                   /lib/x86_64-linux-gnu/libm-2.26.so
7f2592ed6000-7f2593baf000 r-xp 00000000 103:06 806415                    /usr/lib/jvm/java-8-oracle/jre/lib/amd64/server/libjvm.so
7f2593baf000-7f2593dae000 ---p 00cd9000 103:06 806415                    /usr/lib/jvm/java-8-oracle/jre/lib/amd64/server/libjvm.so
7f2593dae000-7f2593e87000 rw-p 00cd8000 103:06 806415                    /usr/lib/jvm/java-8-oracle/jre/lib/amd64/server/libjvm.so
7f2593e87000-7f2593ed3000 rw-p 00000000 00:00 0 
7f2593ed3000-7f25940a9000 r-xp 00000000 103:06 1725569                   /lib/x86_64-linux-gnu/libc-2.26.so
7f25940a9000-7f25942a9000 ---p 001d6000 103:06 1725569                   /lib/x86_64-linux-gnu/libc-2.26.so
7f25942a9000-7f25942ad000 r--p 001d6000 103:06 1725569                   /lib/x86_64-linux-gnu/libc-2.26.so
7f25942ad000-7f25942af000 rw-p 001da000 103:06 1725569                   /lib/x86_64-linux-gnu/libc-2.26.so
7f25942af000-7f25942b3000 rw-p 00000000 00:00 0 
7f25942b3000-7f25942b6000 r-xp 00000000 103:06 1725572                   /lib/x86_64-linux-gnu/libdl-2.26.so
7f25942b6000-7f25944b5000 ---p 00003000 103:06 1725572                   /lib/x86_64-linux-gnu/libdl-2.26.so
7f25944b5000-7f25944b6000 r--p 00002000 103:06 1725572                   /lib/x86_64-linux-gnu/libdl-2.26.so
7f25944b6000-7f25944b7000 rw-p 00003000 103:06 1725572                   /lib/x86_64-linux-gnu/libdl-2.26.so
7f25944b7000-7f25944cd000 r-xp 00000000 103:06 677025                    /usr/lib/jvm/java-8-oracle/lib/amd64/jli/libjli.so
7f25944cd000-7f25946cc000 ---p 00016000 103:06 677025                    /usr/lib/jvm/java-8-oracle/lib/amd64/jli/libjli.so
7f25946cc000-7f25946cd000 rw-p 00015000 103:06 677025                    /usr/lib/jvm/java-8-oracle/lib/amd64/jli/libjli.so
7f25946cd000-7f25946e7000 r-xp 00000000 103:06 1725586                   /lib/x86_64-linux-gnu/libpthread-2.26.so
7f25946e7000-7f25948e6000 ---p 0001a000 103:06 1725586                   /lib/x86_64-linux-gnu/libpthread-2.26.so
7f25948e6000-7f25948e7000 r--p 00019000 103:06 1725586                   /lib/x86_64-linux-gnu/libpthread-2.26.so
7f25948e7000-7f25948e8000 rw-p 0001a000 103:06 1725586                   /lib/x86_64-linux-gnu/libpthread-2.26.so
7f25948e8000-7f25948ec000 rw-p 00000000 00:00 0 
7f25948ec000-7f2594913000 r-xp 00000000 103:06 1718427                   /lib/x86_64-linux-gnu/ld-2.26.so
7f2594913000-7f2594918000 r--s 002f9000 103:06 806396                    /usr/lib/jvm/java-8-oracle/jre/lib/charsets.jar
7f2594918000-7f259491d000 r--s 0009d000 103:06 806408                    /usr/lib/jvm/java-8-oracle/jre/lib/jsse.jar
7f259491d000-7f25949ee000 rw-p 00000000 00:00 0 
7f25949ee000-7f25949f1000 ---p 00000000 00:00 0 
7f25949f1000-7f2594af3000 rw-p 00000000 00:00 0 
7f2594af3000-7f2594af6000 r--s 0001a000 103:06 806483                    /usr/lib/jvm/java-8-oracle/jre/lib/jce.jar
7f2594af6000-7f2594b09000 r--s 00345000 103:06 806407                    /usr/lib/jvm/java-8-oracle/jre/lib/resources.jar
7f2594b09000-7f2594b11000 rw-s 00000000 103:06 1839507                   /tmp/hsperfdata_ahmed/8026
7f2594b11000-7f2594b12000 rw-p 00000000 00:00 0 
7f2594b12000-7f2594b13000 ---p 00000000 00:00 0 
7f2594b13000-7f2594b14000 r--p 00027000 103:06 1718427                   /lib/x86_64-linux-gnu/ld-2.26.so
7f2594b14000-7f2594b15000 rw-p 00028000 103:06 1718427                   /lib/x86_64-linux-gnu/ld-2.26.so
7f2594b15000-7f2594b16000 rw-p 00000000 00:00 0 
7ffda18e4000-7ffda1905000 rw-p 00000000 00:00 0                          [stack]
7ffda1926000-7ffda1929000 r--p 00000000 00:00 0                          [vvar]
7ffda1929000-7ffda192b000 r-xp 00000000 00:00 0                          [vdso]
ffffffffff600000-ffffffffff601000 r-xp 00000000 00:00 0                  [vsyscall]

VM Arguments:
jvm_args: -Dfile.encoding=UTF-8 
java_command: main.Main
java_class_path (initial): /usr/lib/jvm/java-8-oracle/jre/lib/resources.jar:/usr/lib/jvm/java-8-oracle/jre/lib/rt.jar:/usr/lib/jvm/java-8-oracle/jre/lib/jsse.jar:/usr/lib/jvm/java-8-oracle/jre/lib/jce.jar:/usr/lib/jvm/java-8-oracle/jre/lib/charsets.jar:/usr/lib/jvm/java-8-oracle/jre/lib/jfr.jar:/usr/lib/jvm/java-8-oracle/jre/lib/ext/cldrdata.jar:/usr/lib/jvm/java-8-oracle/jre/lib/ext/dnsns.jar:/usr/lib/jvm/java-8-oracle/jre/lib/ext/sunjce_provider.jar:/usr/lib/jvm/java-8-oracle/jre/lib/ext/sunpkcs11.jar:/usr/lib/jvm/java-8-oracle/jre/lib/ext/jaccess.jar:/usr/lib/jvm/java-8-oracle/jre/lib/ext/nashorn.jar:/usr/lib/jvm/java-8-oracle/jre/lib/ext/sunec.jar:/usr/lib/jvm/java-8-oracle/jre/lib/ext/zipfs.jar:/usr/lib/jvm/java-8-oracle/jre/lib/ext/jfxrt.jar:/usr/lib/jvm/java-8-oracle/jre/lib/ext/localedata.jar:/home/ahmed/Desktop/eclipse-projects/RDF-Doctor/target/classes:/home/ahmed/Desktop/eclipse-projects/RDF-Doctor/lib/commons-io-2.6.jar:/home/ahmed/Desktop/eclipse-projects/RDF-Doctor/lib/antlr-4.7.1-complete.jar
Launcher Type: SUN_STANDARD

Environment Variables:
JAVA_HOME=/usr/lib/jvm/java-8-oracle
PATH=/opt/maven/bin:/usr/local/sbin:/usr/local/bin:/usr/sbin:/usr/bin:/sbin:/bin:/usr/games:/usr/local/games:/snap/bin:/usr/lib/jvm/java-8-oracle/bin:/usr/lib/jvm/java-8-oracle/db/bin:/usr/lib/jvm/java-8-oracle/jre/bin
USERNAME=ahmed
SHELL=/bin/bash
DISPLAY=:1

Signal Handlers:
SIGSEGV: [libjvm.so+0xad01e0], sa_mask[0]=11111111011111111101111111111110, sa_flags=SA_RESTART|SA_SIGINFO
SIGBUS: [libjvm.so+0xad01e0], sa_mask[0]=11111111011111111101111111111110, sa_flags=SA_RESTART|SA_SIGINFO
SIGFPE: [libjvm.so+0x927fb0], sa_mask[0]=11111111011111111101111111111110, sa_flags=SA_RESTART|SA_SIGINFO
SIGPIPE: [libjvm.so+0x927fb0], sa_mask[0]=11111111011111111101111111111110, sa_flags=SA_RESTART|SA_SIGINFO
SIGXFSZ: [libjvm.so+0x927fb0], sa_mask[0]=11111111011111111101111111111110, sa_flags=SA_RESTART|SA_SIGINFO
SIGILL: [libjvm.so+0x927fb0], sa_mask[0]=11111111011111111101111111111110, sa_flags=SA_RESTART|SA_SIGINFO
SIGUSR1: SIG_DFL, sa_mask[0]=00000000000000000000000000000000, sa_flags=none
SIGUSR2: [libjvm.so+0x9297f0], sa_mask[0]=00100000000000000000000000000000, sa_flags=SA_RESTART|SA_SIGINFO
SIGHUP: [libjvm.so+0x92abf0], sa_mask[0]=11111111011111111101111111111110, sa_flags=SA_RESTART|SA_SIGINFO
SIGINT: [libjvm.so+0x92abf0], sa_mask[0]=11111111011111111101111111111110, sa_flags=SA_RESTART|SA_SIGINFO
SIGTERM: [libjvm.so+0x92abf0], sa_mask[0]=11111111011111111101111111111110, sa_flags=SA_RESTART|SA_SIGINFO
SIGQUIT: [libjvm.so+0x92abf0], sa_mask[0]=11111111011111111101111111111110, sa_flags=SA_RESTART|SA_SIGINFO


---------------  S Y S T E M  ---------------

OS:DISTRIB_ID=Ubuntu
DISTRIB_RELEASE=17.10
DISTRIB_CODENAME=artful
DISTRIB_DESCRIPTION="Ubuntu 17.10"

uname:Linux 4.13.0-43-generic #48-Ubuntu SMP Wed May 16 12:18:48 UTC 2018 x86_64
libc:glibc 2.26 NPTL 2.26 
rlimit: STACK 8192k, CORE 0k, NPROC 63187, NOFILE 4096, AS infinity
load average:16.16 10.44 4.43

/proc/meminfo:
MemTotal:       16280364 kB
MemFree:          221936 kB
MemAvailable:     100148 kB
Buffers:             632 kB
Cached:           135808 kB
SwapCached:        18596 kB
Active:         14283920 kB
Inactive:        1347500 kB
Active(anon):   14270288 kB
Inactive(anon):  1293728 kB
Active(file):      13632 kB
Inactive(file):    53772 kB
Unevictable:         456 kB
Mlocked:             456 kB
SwapTotal:       1537788 kB
SwapFree:         305472 kB
Dirty:               120 kB
Writeback:             0 kB
AnonPages:      15478148 kB
Mapped:           196536 kB
Shmem:             68236 kB
Slab:             112796 kB
SReclaimable:      35584 kB
SUnreclaim:        77212 kB
KernelStack:       17200 kB
PageTables:        96556 kB
NFS_Unstable:          0 kB
Bounce:                0 kB
WritebackTmp:          0 kB
CommitLimit:     9677968 kB
Committed_AS:   26927648 kB
VmallocTotal:   34359738367 kB
VmallocUsed:           0 kB
VmallocChunk:          0 kB
HardwareCorrupted:     0 kB
AnonHugePages:         0 kB
ShmemHugePages:        0 kB
ShmemPmdMapped:        0 kB
CmaTotal:              0 kB
CmaFree:               0 kB
HugePages_Total:       0
HugePages_Free:        0
HugePages_Rsvd:        0
HugePages_Surp:        0
Hugepagesize:       2048 kB
DirectMap4k:      407636 kB
DirectMap2M:     9932800 kB
DirectMap1G:     6291456 kB


CPU:total 4 (initial active 4) (4 cores per cpu, 1 threads per core) family 6 model 158 stepping 9, cmov, cx8, fxsr, mmx, sse, sse2, sse3, ssse3, sse4.1, sse4.2, popcnt, avx, avx2, aes, clmul, erms, rtm, 3dnowpref, lzcnt, tsc, tscinvbit, bmi1, bmi2, adx

/proc/cpuinfo:
processor	: 0
vendor_id	: GenuineIntel
cpu family	: 6
model		: 158
model name	: Intel(R) Core(TM) i5-7440HQ CPU @ 2.80GHz
stepping	: 9
microcode	: 0x84
cpu MHz		: 3142.262
cache size	: 6144 KB
physical id	: 0
siblings	: 4
core id		: 0
cpu cores	: 4
apicid		: 0
initial apicid	: 0
fpu		: yes
fpu_exception	: yes
cpuid level	: 22
wp		: yes
flags		: fpu vme de pse tsc msr pae mce cx8 apic sep mtrr pge mca cmov pat pse36 clflush dts acpi mmx fxsr sse sse2 ss ht tm pbe syscall nx pdpe1gb rdtscp lm constant_tsc art arch_perfmon pebs bts rep_good nopl xtopology nonstop_tsc cpuid aperfmperf tsc_known_freq pni pclmulqdq dtes64 monitor ds_cpl vmx smx est tm2 ssse3 sdbg fma cx16 xtpr pdcm pcid sse4_1 sse4_2 x2apic movbe popcnt tsc_deadline_timer aes xsave avx f16c rdrand lahf_lm abm 3dnowprefetch cpuid_fault epb invpcid_single pti retpoline intel_pt rsb_ctxsw spec_ctrl tpr_shadow vnmi flexpriority ept vpid fsgsbase tsc_adjust bmi1 hle avx2 smep bmi2 erms invpcid rtm mpx rdseed adx smap clflushopt xsaveopt xsavec xgetbv1 xsaves dtherm ida arat pln pts hwp hwp_notify hwp_act_window hwp_epp
bugs		: cpu_meltdown spectre_v1 spectre_v2 spec_store_bypass
bogomips	: 5616.00
clflush size	: 64
cache_alignment	: 64
address sizes	: 39 bits physical, 48 bits virtual
power management:

processor	: 1
vendor_id	: GenuineIntel
cpu family	: 6
model		: 158
model name	: Intel(R) Core(TM) i5-7440HQ CPU @ 2.80GHz
stepping	: 9
microcode	: 0x84
cpu MHz		: 3142.566
cache size	: 6144 KB
physical id	: 0
siblings	: 4
core id		: 1
cpu cores	: 4
apicid		: 2
initial apicid	: 2
fpu		: yes
fpu_exception	: yes
cpuid level	: 22
wp		: yes
flags		: fpu vme de pse tsc msr pae mce cx8 apic sep mtrr pge mca cmov pat pse36 clflush dts acpi mmx fxsr sse sse2 ss ht tm pbe syscall nx pdpe1gb rdtscp lm constant_tsc art arch_perfmon pebs bts rep_good nopl xtopology nonstop_tsc cpuid aperfmperf tsc_known_freq pni pclmulqdq dtes64 monitor ds_cpl vmx smx est tm2 ssse3 sdbg fma cx16 xtpr pdcm pcid sse4_1 sse4_2 x2apic movbe popcnt tsc_deadline_timer aes xsave avx f16c rdrand lahf_lm abm 3dnowprefetch cpuid_fault epb invpcid_single pti retpoline intel_pt rsb_ctxsw spec_ctrl tpr_shadow vnmi flexpriority ept vpid fsgsbase tsc_adjust bmi1 hle avx2 smep bmi2 erms invpcid rtm mpx rdseed adx smap clflushopt xsaveopt xsavec xgetbv1 xsaves dtherm ida arat pln pts hwp hwp_notify hwp_act_window hwp_epp
bugs		: cpu_meltdown spectre_v1 spectre_v2 spec_store_bypass
bogomips	: 5616.00
clflush size	: 64
cache_alignment	: 64
address sizes	: 39 bits physical, 48 bits virtual
power management:

processor	: 2
vendor_id	: GenuineIntel
cpu family	: 6
model		: 158
model name	: Intel(R) Core(TM) i5-7440HQ CPU @ 2.80GHz
stepping	: 9
microcode	: 0x84
cpu MHz		: 3142.837
cache size	: 6144 KB
physical id	: 0
siblings	: 4
core id		: 2
cpu cores	: 4
apicid		: 4
initial apicid	: 4
fpu		: yes
fpu_exception	: yes
cpuid level	: 22
wp		: yes
flags		: fpu vme de pse tsc msr pae mce cx8 apic sep mtrr pge mca cmov pat pse36 clflush dts acpi mmx fxsr sse sse2 ss ht tm pbe syscall nx pdpe1gb rdtscp lm constant_tsc art arch_perfmon pebs bts rep_good nopl xtopology nonstop_tsc cpuid aperfmperf tsc_known_freq pni pclmulqdq dtes64 monitor ds_cpl vmx smx est tm2 ssse3 sdbg fma cx16 xtpr pdcm pcid sse4_1 sse4_2 x2apic movbe popcnt tsc_deadline_timer aes xsave avx f16c rdrand lahf_lm abm 3dnowprefetch cpuid_fault epb invpcid_single pti retpoline intel_pt rsb_ctxsw spec_ctrl tpr_shadow vnmi flexpriority ept vpid fsgsbase tsc_adjust bmi1 hle avx2 smep bmi2 erms invpcid rtm mpx rdseed adx smap clflushopt xsaveopt xsavec xgetbv1 xsaves dtherm ida arat pln pts hwp hwp_notify hwp_act_window hwp_epp
bugs		: cpu_meltdown spectre_v1 spectre_v2 spec_store_bypass
bogomips	: 5616.00
clflush size	: 64
cache_alignment	: 64
address sizes	: 39 bits physical, 48 bits virtual
power management:

processor	: 3
vendor_id	: GenuineIntel
cpu family	: 6
model		: 158
model name	: Intel(R) Core(TM) i5-7440HQ CPU @ 2.80GHz
stepping	: 9
microcode	: 0x84
cpu MHz		: 3142.910
cache size	: 6144 KB
physical id	: 0
siblings	: 4
core id		: 3
cpu cores	: 4
apicid		: 6
initial apicid	: 6
fpu		: yes
fpu_exception	: yes
cpuid level	: 22
wp		: yes
flags		: fpu vme de pse tsc msr pae mce cx8 apic sep mtrr pge mca cmov pat pse36 clflush dts acpi mmx fxsr sse sse2 ss ht tm pbe syscall nx pdpe1gb rdtscp lm constant_tsc art arch_perfmon pebs bts rep_good nopl xtopology nonstop_tsc cpuid aperfmperf tsc_known_freq pni pclmulqdq dtes64 monitor ds_cpl vmx smx est tm2 ssse3 sdbg fma cx16 xtpr pdcm pcid sse4_1 sse4_2 x2apic movbe popcnt tsc_deadline_timer aes xsave avx f16c rdrand lahf_lm abm 3dnowprefetch cpuid_fault epb invpcid_single pti retpoline intel_pt rsb_ctxsw spec_ctrl tpr_shadow vnmi flexpriority ept vpid fsgsbase tsc_adjust bmi1 hle avx2 smep bmi2 erms invpcid rtm mpx rdseed adx smap clflushopt xsaveopt xsavec xgetbv1 xsaves dtherm ida arat pln pts hwp hwp_notify hwp_act_window hwp_epp
bugs		: cpu_meltdown spectre_v1 spectre_v2 spec_store_bypass
bogomips	: 5616.00
clflush size	: 64
cache_alignment	: 64
address sizes	: 39 bits physical, 48 bits virtual
power management:



Memory: 4k page, physical 16280364k(430216k free), swap 1537788k(305728k free)

vm_info: Java HotSpot(TM) 64-Bit Server VM (25.161-b12) for linux-amd64 JRE (1.8.0_161-b12), built on Dec 19 2017 16:12:43 by "java_re" with gcc 4.3.0 20080428 (Red Hat 4.3.0-8)

time: Sat May 26 14:15:11 2018
elapsed time: 3 seconds (0d 0h 0m 3s)

