#
# There is insufficient memory for the Java Runtime Environment to continue.
# Native memory allocation (mmap) failed to map 176685056 bytes for committing reserved memory.
# Possible reasons:
#   The system is out of physical RAM or swap space
#   In 32 bit mode, the process size limit was hit
# Possible solutions:
#   Reduce memory load on the system
#   Increase physical memory or swap space
#   Check if swap backing store is full
#   Use 64 bit Java on a 64 bit OS
#   Decrease Java heap size (-Xmx/-Xms)
#   Decrease number of Java threads
#   Decrease Java thread stack sizes (-Xss)
#   Set larger code cache with -XX:ReservedCodeCacheSize=
# This output file may be truncated or incomplete.
#
#  Out of Memory Error (os_linux.cpp:2640), pid=26275, tid=0x00007ff0ca7f7700
#
# JRE version: Java(TM) SE Runtime Environment (8.0_161-b12) (build 1.8.0_161-b12)
# Java VM: Java HotSpot(TM) 64-Bit Server VM (25.161-b12 mixed mode linux-amd64 compressed oops)
# Failed to write core dump. Core dumps have been disabled. To enable core dumping, try "ulimit -c unlimited" before starting Java again
#

---------------  T H R E A D  ---------------

Current thread (0x00007ff0e8079800):  VMThread [stack: 0x00007ff0ca6f7000,0x00007ff0ca7f8000] [id=26286]

Stack: [0x00007ff0ca6f7000,0x00007ff0ca7f8000],  sp=0x00007ff0ca7f5fa0,  free space=1019k
Native frames: (J=compiled Java code, j=interpreted, Vv=VM code, C=native code)
V  [libjvm.so+0xacf94a]  VMError::report_and_die()+0x2ba
V  [libjvm.so+0x50050b]  report_vm_out_of_memory(char const*, int, unsigned long, VMErrorType, char const*)+0x8b
V  [libjvm.so+0x92b133]  os::Linux::commit_memory_impl(char*, unsigned long, bool)+0x103
V  [libjvm.so+0x92b5c9]  os::pd_commit_memory(char*, unsigned long, unsigned long, bool)+0x29
V  [libjvm.so+0x924c0a]  os::commit_memory(char*, unsigned long, unsigned long, bool)+0x2a
V  [libjvm.so+0x99ab53]  PSVirtualSpace::expand_by(unsigned long)+0x53
V  [libjvm.so+0x99bf58]  PSYoungGen::resize_generation(unsigned long, unsigned long)+0xf8
V  [libjvm.so+0x99b0b2]  PSYoungGen::resize(unsigned long, unsigned long)+0x22
V  [libjvm.so+0x99838b]  PSScavenge::invoke_no_policy()+0xf3b
V  [libjvm.so+0x993635]  PSParallelCompact::invoke(bool)+0x85
V  [libjvm.so+0xad1508]  VM_ParallelGCSystemGC::doit()+0xa8
V  [libjvm.so+0xad8ed5]  VM_Operation::evaluate()+0x55
V  [libjvm.so+0xad729a]  VMThread::evaluate_operation(VM_Operation*)+0xba
V  [libjvm.so+0xad761e]  VMThread::loop()+0x1ce
V  [libjvm.so+0xad7a90]  VMThread::run()+0x70
V  [libjvm.so+0x92da28]  java_start(Thread*)+0x108

VM_Operation (0x00007ff0efedd6c0): ParallelGCSystemGC, mode: safepoint, requested by thread 0x00007ff0e800b800


---------------  P R O C E S S  ---------------

Java Threads: ( => current thread )
  0x00007ff0e8145800 JavaThread "pool-1-thread-1" [_thread_blocked, id=26295, stack(0x00007ff0c9a62000,0x00007ff0c9b63000)]
  0x00007ff0e80ca000 JavaThread "Service Thread" daemon [_thread_blocked, id=26293, stack(0x00007ff0c9d14000,0x00007ff0c9e15000)]
  0x00007ff0e80bf000 JavaThread "C1 CompilerThread2" daemon [_thread_blocked, id=26292, stack(0x00007ff0c9e15000,0x00007ff0c9f16000)]
  0x00007ff0e80bd000 JavaThread "C2 CompilerThread1" daemon [_thread_blocked, id=26291, stack(0x00007ff0c9f16000,0x00007ff0ca017000)]
  0x00007ff0e80ba000 JavaThread "C2 CompilerThread0" daemon [_thread_blocked, id=26290, stack(0x00007ff0ca017000,0x00007ff0ca118000)]
  0x00007ff0e80b8800 JavaThread "Signal Dispatcher" daemon [_thread_blocked, id=26289, stack(0x00007ff0ca118000,0x00007ff0ca219000)]
  0x00007ff0e8085800 JavaThread "Finalizer" daemon [_thread_blocked, id=26288, stack(0x00007ff0ca4f5000,0x00007ff0ca5f6000)]
  0x00007ff0e8081000 JavaThread "Reference Handler" daemon [_thread_blocked, id=26287, stack(0x00007ff0ca5f6000,0x00007ff0ca6f7000)]
  0x00007ff0e800b800 JavaThread "main" [_thread_blocked, id=26281, stack(0x00007ff0efdde000,0x00007ff0efedf000)]

Other Threads:
=>0x00007ff0e8079800 VMThread [stack: 0x00007ff0ca6f7000,0x00007ff0ca7f8000] [id=26286]
  0x00007ff0e80cf000 WatcherThread [stack: 0x00007ff0c9c13000,0x00007ff0c9d14000] [id=26294]

VM state:at safepoint (normal execution)

VM Mutex/Monitor currently owned by a thread:  ([mutex/lock_event])
[0x00007ff0e8007ed0] Threads_lock - owner thread: 0x00007ff0e8079800
[0x00007ff0e80083d0] Heap_lock - owner thread: 0x00007ff0e800b800

Heap:
 PSYoungGen      total 669696K, used 32K [0x000000076d300000, 0x000000079a880000, 0x00000007c0000000)
  eden space 668672K, 0% used [0x000000076d300000,0x000000076d300000,0x0000000796000000)
  from space 1024K, 3% used [0x0000000796000000,0x0000000796008000,0x0000000796100000)
  to   space 1024K, 0% used [0x0000000796100000,0x0000000796100000,0x0000000796200000)
 ParOldGen       total 966144K, used 792498K [0x00000006c7800000, 0x0000000702780000, 0x000000076d300000)
  object space 966144K, 82% used [0x00000006c7800000,0x00000006f7decbb8,0x0000000702780000)
 Metaspace       used 4339K, capacity 5400K, committed 5760K, reserved 1056768K
  class space    used 495K, capacity 520K, committed 640K, reserved 1048576K

Card table byte_map: [0x00007ff0ec34b000,0x00007ff0ecb10000] byte_map_base: 0x00007ff0e8d0f000

Marking Bits: (ParMarkBitMap*) 0x00007ff0ef295920
 Begin Bits: [0x00007ff0bc3c0000, 0x00007ff0c01e0000)
 End Bits:   [0x00007ff0c01e0000, 0x00007ff0c4000000)

Polling page: 0x00007ff0eff02000

CodeCache: size=245760Kb used=3296Kb max_used=3322Kb free=242463Kb
 bounds [0x00007ff0d9000000, 0x00007ff0d9350000, 0x00007ff0e8000000]
 total_blobs=833 nmethods=577 adapters=170
 compilation: enabled

Compilation events (10 events):
Event: 2.867 Thread 0x00007ff0e80ba000  549       4       org.antlr.v4.runtime.atn.ParserATNSimulator::closureCheckingStopState (244 bytes)
Event: 3.007 Thread 0x00007ff0e80ba000 nmethod 549 0x00007ff0d931fa50 code [0x00007ff0d9320500, 0x00007ff0d9326da0]
Event: 3.007 Thread 0x00007ff0e80ba000  551       4       org.antlr.v4.runtime.atn.ParserATNSimulator::canDropLoopEntryEdgeInLeftRecursiveRule (328 bytes)
Event: 3.008 Thread 0x00007ff0e80ba000 nmethod 551 0x00007ff0d9312250 code [0x00007ff0d93123a0, 0x00007ff0d9312498]
Event: 3.012 Thread 0x00007ff0e80bd000 nmethod 550 0x00007ff0d93328d0 code [0x00007ff0d9333380, 0x00007ff0d93390e0]
Event: 3.521 Thread 0x00007ff0e80ba000  582   !   4       java.nio.CharBuffer::wrap (20 bytes)
Event: 3.533 Thread 0x00007ff0e80ba000 nmethod 582 0x00007ff0d9312d50 code [0x00007ff0d9312ec0, 0x00007ff0d93130f8]
Event: 3.804 Thread 0x00007ff0e80ba000  584       4       org.antlr.v4.runtime.misc.Array2DHashSet::getOrAddImpl (146 bytes)
Event: 3.804 Thread 0x00007ff0e80bd000  583       4       org.antlr.v4.runtime.atn.LexerATNSimulator::getReachableConfigSet (210 bytes)
Event: 3.806 Thread 0x00007ff0e80bf000  587       3       org.antlr.v4.runtime.BufferedTokenStream::lazyInit (13 bytes)

GC Heap History (10 events):
Event: 2.842 GC heap after
Heap after GC invocations=15 (full 3):
 PSYoungGen      total 567296K, used 128K [0x000000076d300000, 0x000000078fe00000, 0x00000007c0000000)
  eden space 566272K, 0% used [0x000000076d300000,0x000000076d300000,0x000000078fc00000)
  from space 1024K, 12% used [0x000000078fd00000,0x000000078fd20000,0x000000078fe00000)
  to   space 1024K, 0% used [0x000000078fc00000,0x000000078fc00000,0x000000078fd00000)
 ParOldGen       total 959488K, used 324440K [0x00000006c7800000, 0x0000000702100000, 0x000000076d300000)
  object space 959488K, 33% used [0x00000006c7800000,0x00000006db4d63f0,0x0000000702100000)
 Metaspace       used 4338K, capacity 5400K, committed 5760K, reserved 1056768K
  class space    used 495K, capacity 520K, committed 640K, reserved 1048576K
}
Event: 2.842 GC heap before
{Heap before GC invocations=16 (full 4):
 PSYoungGen      total 567296K, used 128K [0x000000076d300000, 0x000000078fe00000, 0x00000007c0000000)
  eden space 566272K, 0% used [0x000000076d300000,0x000000076d300000,0x000000078fc00000)
  from space 1024K, 12% used [0x000000078fd00000,0x000000078fd20000,0x000000078fe00000)
  to   space 1024K, 0% used [0x000000078fc00000,0x000000078fc00000,0x000000078fd00000)
 ParOldGen       total 959488K, used 324440K [0x00000006c7800000, 0x0000000702100000, 0x000000076d300000)
  object space 959488K, 33% used [0x00000006c7800000,0x00000006db4d63f0,0x0000000702100000)
 Metaspace       used 4338K, capacity 5400K, committed 5760K, reserved 1056768K
  class space    used 495K, capacity 520K, committed 640K, reserved 1048576K
Event: 2.848 GC heap after
Heap after GC invocations=16 (full 4):
 PSYoungGen      total 567296K, used 0K [0x000000076d300000, 0x000000078fe00000, 0x00000007c0000000)
  eden space 566272K, 0% used [0x000000076d300000,0x000000076d300000,0x000000078fc00000)
  from space 1024K, 0% used [0x000000078fd00000,0x000000078fd00000,0x000000078fe00000)
  to   space 1024K, 0% used [0x000000078fc00000,0x000000078fc00000,0x000000078fd00000)
 ParOldGen       total 959488K, used 324473K [0x00000006c7800000, 0x0000000702100000, 0x000000076d300000)
  object space 959488K, 33% used [0x00000006c7800000,0x00000006db4de728,0x0000000702100000)
 Metaspace       used 4338K, capacity 5400K, committed 5760K, reserved 1056768K
  class space    used 495K, capacity 520K, committed 640K, reserved 1048576K
}
Event: 3.273 GC heap before
{Heap before GC invocations=17 (full 4):
 PSYoungGen      total 567296K, used 566272K [0x000000076d300000, 0x000000078fe00000, 0x00000007c0000000)
  eden space 566272K, 100% used [0x000000076d300000,0x000000078fc00000,0x000000078fc00000)
  from space 1024K, 0% used [0x000000078fd00000,0x000000078fd00000,0x000000078fe00000)
  to   space 1024K, 0% used [0x000000078fc00000,0x000000078fc00000,0x000000078fd00000)
 ParOldGen       total 959488K, used 324473K [0x00000006c7800000, 0x0000000702100000, 0x000000076d300000)
  object space 959488K, 33% used [0x00000006c7800000,0x00000006db4de728,0x0000000702100000)
 Metaspace       used 4338K, capacity 5400K, committed 5760K, reserved 1056768K
  class space    used 495K, capacity 520K, committed 640K, reserved 1048576K
Event: 3.320 GC heap after
Heap after GC invocations=17 (full 4):
 PSYoungGen      total 567296K, used 32K [0x000000076d300000, 0x0000000796200000, 0x00000007c0000000)
  eden space 566272K, 0% used [0x000000076d300000,0x000000076d300000,0x000000078fc00000)
  from space 1024K, 3% used [0x000000078fc00000,0x000000078fc08000,0x000000078fd00000)
  to   space 1024K, 0% used [0x0000000796100000,0x0000000796100000,0x0000000796200000)
 ParOldGen       total 959488K, used 324473K [0x00000006c7800000, 0x0000000702100000, 0x000000076d300000)
  object space 959488K, 33% used [0x00000006c7800000,0x00000006db4de728,0x0000000702100000)
 Metaspace       used 4338K, capacity 5400K, committed 5760K, reserved 1056768K
  class space    used 495K, capacity 520K, committed 640K, reserved 1048576K
}
Event: 3.586 GC heap before
{Heap before GC invocations=18 (full 4):
 PSYoungGen      total 567296K, used 493758K [0x000000076d300000, 0x0000000796200000, 0x00000007c0000000)
  eden space 566272K, 87% used [0x000000076d300000,0x000000078b5279d8,0x000000078fc00000)
  from space 1024K, 3% used [0x000000078fc00000,0x000000078fc08000,0x000000078fd00000)
  to   space 1024K, 0% used [0x0000000796100000,0x0000000796100000,0x0000000796200000)
 ParOldGen       total 959488K, used 324473K [0x00000006c7800000, 0x0000000702100000, 0x000000076d300000)
  object space 959488K, 33% used [0x00000006c7800000,0x00000006db4de728,0x0000000702100000)
 Metaspace       used 4338K, capacity 5400K, committed 5760K, reserved 1056768K
  class space    used 495K, capacity 520K, committed 640K, reserved 1048576K
Event: 3.665 GC heap after
Heap after GC invocations=18 (full 4):
 PSYoungGen      total 669696K, used 96K [0x000000076d300000, 0x000000079a880000, 0x00000007c0000000)
  eden space 668672K, 0% used [0x000000076d300000,0x000000076d300000,0x0000000796000000)
  from space 1024K, 9% used [0x0000000796100000,0x0000000796118000,0x0000000796200000)
  to   space 1024K, 0% used [0x0000000796000000,0x0000000796000000,0x0000000796100000)
 ParOldGen       total 959488K, used 792498K [0x00000006c7800000, 0x0000000702100000, 0x000000076d300000)
  object space 959488K, 82% used [0x00000006c7800000,0x00000006f7decac8,0x0000000702100000)
 Metaspace       used 4338K, capacity 5400K, committed 5760K, reserved 1056768K
  class space    used 495K, capacity 520K, committed 640K, reserved 1048576K
}
Event: 3.680 GC heap before
{Heap before GC invocations=19 (full 5):
 PSYoungGen      total 669696K, used 96K [0x000000076d300000, 0x000000079a880000, 0x00000007c0000000)
  eden space 668672K, 0% used [0x000000076d300000,0x000000076d300000,0x0000000796000000)
  from space 1024K, 9% used [0x0000000796100000,0x0000000796118000,0x0000000796200000)
  to   space 1024K, 0% used [0x0000000796000000,0x0000000796000000,0x0000000796100000)
 ParOldGen       total 959488K, used 792498K [0x00000006c7800000, 0x0000000702100000, 0x000000076d300000)
  object space 959488K, 82% used [0x00000006c7800000,0x00000006f7decac8,0x0000000702100000)
 Metaspace       used 4338K, capacity 5400K, committed 5760K, reserved 1056768K
  class space    used 495K, capacity 520K, committed 640K, reserved 1048576K
Event: 3.703 GC heap after
Heap after GC invocations=19 (full 5):
 PSYoungGen      total 669696K, used 0K [0x000000076d300000, 0x000000079a880000, 0x00000007c0000000)
  eden space 668672K, 0% used [0x000000076d300000,0x000000076d300000,0x0000000796000000)
  from space 1024K, 0% used [0x0000000796100000,0x0000000796100000,0x0000000796200000)
  to   space 1024K, 0% used [0x0000000796000000,0x0000000796000000,0x0000000796100000)
 ParOldGen       total 966144K, used 558486K [0x00000006c7800000, 0x0000000702780000, 0x000000076d300000)
  object space 966144K, 57% used [0x00000006c7800000,0x00000006e99659e8,0x0000000702780000)
 Metaspace       used 4338K, capacity 5400K, committed 5760K, reserved 1056768K
  class space    used 495K, capacity 520K, committed 640K, reserved 1048576K
}
Event: 3.807 GC heap before
{Heap before GC invocations=20 (full 5):
 PSYoungGen      total 669696K, used 246265K [0x000000076d300000, 0x000000079a880000, 0x00000007c0000000)
  eden space 668672K, 36% used [0x000000076d300000,0x000000077c37e520,0x0000000796000000)
  from space 1024K, 0% used [0x0000000796100000,0x0000000796100000,0x0000000796200000)
  to   space 1024K, 0% used [0x0000000796000000,0x0000000796000000,0x0000000796100000)
 ParOldGen       total 966144K, used 558486K [0x00000006c7800000, 0x0000000702780000, 0x000000076d300000)
  object space 966144K, 57% used [0x00000006c7800000,0x00000006e99659e8,0x0000000702780000)
 Metaspace       used 4339K, capacity 5400K, committed 5760K, reserved 1056768K
  class space    used 495K, capacity 520K, committed 640K, reserved 1048576K

Deoptimization events (10 events):
Event: 2.135 Thread 0x00007ff0e800b800 Uncommon trap: reason=array_check action=maybe_recompile pc=0x00007ff0d92d1a70 method=org.antlr.v4.runtime.misc.Array2DHashSet.getOrAddImpl(Ljava/lang/Object;)Ljava/lang/Object; @ 36
Event: 2.135 Thread 0x00007ff0e800b800 Uncommon trap: reason=array_check action=maybe_recompile pc=0x00007ff0d92d1a70 method=org.antlr.v4.runtime.misc.Array2DHashSet.getOrAddImpl(Ljava/lang/Object;)Ljava/lang/Object; @ 36
Event: 2.145 Thread 0x00007ff0e800b800 Uncommon trap: reason=unstable_if action=reinterpret pc=0x00007ff0d92a1ffc method=org.antlr.v4.runtime.atn.LexerATNSimulator.execATN(Lorg/antlr/v4/runtime/CharStream;Lorg/antlr/v4/runtime/dfa/DFAState;)I @ 57
Event: 2.828 Thread 0x00007ff0e800b800 Uncommon trap: reason=array_check action=maybe_recompile pc=0x00007ff0d92c37a0 method=org.antlr.v4.runtime.misc.Array2DHashSet.getOrAddImpl(Ljava/lang/Object;)Ljava/lang/Object; @ 74
Event: 2.828 Thread 0x00007ff0e800b800 Uncommon trap: reason=array_check action=maybe_recompile pc=0x00007ff0d92c37a0 method=org.antlr.v4.runtime.misc.Array2DHashSet.getOrAddImpl(Ljava/lang/Object;)Ljava/lang/Object; @ 74
Event: 2.830 Thread 0x00007ff0e800b800 Uncommon trap: reason=array_check action=maybe_recompile pc=0x00007ff0d92fd99c method=org.antlr.v4.runtime.misc.Array2DHashSet.getOrAddImpl(Ljava/lang/Object;)Ljava/lang/Object; @ 74
Event: 2.833 Thread 0x00007ff0e800b800 Uncommon trap: reason=unstable_if action=reinterpret pc=0x00007ff0d92f19ac method=java.util.HashMap.getNode(ILjava/lang/Object;)Ljava/util/HashMap$Node; @ 129
Event: 2.833 Thread 0x00007ff0e800b800 Uncommon trap: reason=unstable_if action=reinterpret pc=0x00007ff0d9258e18 method=java.util.HashMap.getNode(ILjava/lang/Object;)Ljava/util/HashMap$Node; @ 129
Event: 3.802 Thread 0x00007ff0e800b800 Uncommon trap: reason=array_check action=maybe_recompile pc=0x00007ff0d9315624 method=org.antlr.v4.runtime.misc.Array2DHashSet.getOrAddImpl(Ljava/lang/Object;)Ljava/lang/Object; @ 128
Event: 3.804 Thread 0x00007ff0e800b800 Uncommon trap: reason=array_check action=maybe_recompile pc=0x00007ff0d9315624 method=org.antlr.v4.runtime.misc.Array2DHashSet.getOrAddImpl(Ljava/lang/Object;)Ljava/lang/Object; @ 128

Classes redefined (0 events):
No events

Internal exceptions (2 events):
Event: 0.027 Thread 0x00007ff0e800b800 Exception <a 'java/lang/NoSuchMethodError': Method sun.misc.Unsafe.defineClass(Ljava/lang/String;[BII)Ljava/lang/Class; name or signature does not match> (0x000000076d307ca0) thrown at [/HUDSON/workspace/8-2-build-linux-amd64/jdk8u161/10277/hotspot/src/sh
Event: 0.027 Thread 0x00007ff0e800b800 Exception <a 'java/lang/NoSuchMethodError': Method sun.misc.Unsafe.prefetchRead(Ljava/lang/Object;J)V name or signature does not match> (0x000000076d307f88) thrown at [/HUDSON/workspace/8-2-build-linux-amd64/jdk8u161/10277/hotspot/src/share/vm/prims/jni.c

Events (10 events):
Event: 3.323 Executing VM operation: ParallelGCFailedAllocation done
Event: 3.583 Executing VM operation: ParallelGCFailedAllocation
Event: 3.704 Executing VM operation: ParallelGCFailedAllocation done
Event: 3.801 Thread 0x00007ff0e800b800 Uncommon trap: trap_request=0xffffffd6 fr.pc=0x00007ff0d9315624
Event: 3.803 Thread 0x00007ff0e800b800 DEOPT PACKING pc=0x00007ff0d9315624 sp=0x00007ff0efedcb20
Event: 3.803 Thread 0x00007ff0e800b800 DEOPT UNPACKING pc=0x00007ff0d904573a sp=0x00007ff0efedcae8 mode 2
Event: 3.804 Thread 0x00007ff0e800b800 Uncommon trap: trap_request=0xffffffd6 fr.pc=0x00007ff0d9315624
Event: 3.804 Thread 0x00007ff0e800b800 DEOPT PACKING pc=0x00007ff0d9315624 sp=0x00007ff0efedcb20
Event: 3.804 Thread 0x00007ff0e800b800 DEOPT UNPACKING pc=0x00007ff0d904573a sp=0x00007ff0efedcae8 mode 2
Event: 3.807 Executing VM operation: ParallelGCSystemGC


Dynamic libraries:
00400000-00401000 r-xp 00000000 103:06 676153                            /usr/lib/jvm/java-8-oracle/bin/java
00600000-00601000 rw-p 00000000 103:06 676153                            /usr/lib/jvm/java-8-oracle/bin/java
024f0000-02511000 rw-p 00000000 00:00 0                                  [heap]
6c7800000-702780000 rw-p 00000000 00:00 0 
702780000-76d300000 ---p 00000000 00:00 0 
76d300000-79a880000 rw-p 00000000 00:00 0 
7a5100000-7c0000000 ---p 00000000 00:00 0 
7c0000000-7c00a0000 rw-p 00000000 00:00 0 
7c00a0000-800000000 ---p 00000000 00:00 0 
7ff090000000-7ff090021000 rw-p 00000000 00:00 0 
7ff090021000-7ff094000000 ---p 00000000 00:00 0 
7ff098000000-7ff098021000 rw-p 00000000 00:00 0 
7ff098021000-7ff09c000000 ---p 00000000 00:00 0 
7ff09c000000-7ff09c021000 rw-p 00000000 00:00 0 
7ff09c021000-7ff0a0000000 ---p 00000000 00:00 0 
7ff0a0000000-7ff0a156b000 rw-p 00000000 00:00 0 
7ff0a156b000-7ff0a4000000 ---p 00000000 00:00 0 
7ff0a4000000-7ff0a43f1000 rw-p 00000000 00:00 0 
7ff0a43f1000-7ff0a8000000 ---p 00000000 00:00 0 
7ff0a8000000-7ff0a8021000 rw-p 00000000 00:00 0 
7ff0a8021000-7ff0ac000000 ---p 00000000 00:00 0 
7ff0ac000000-7ff0acb4b000 rw-p 00000000 00:00 0 
7ff0acb4b000-7ff0b0000000 ---p 00000000 00:00 0 
7ff0b0000000-7ff0b0021000 rw-p 00000000 00:00 0 
7ff0b0021000-7ff0b4000000 ---p 00000000 00:00 0 
7ff0b4000000-7ff0b4021000 rw-p 00000000 00:00 0 
7ff0b4021000-7ff0b8000000 ---p 00000000 00:00 0 
7ff0b8000000-7ff0b8292000 rw-p 00000000 00:00 0 
7ff0b8292000-7ff0bc000000 ---p 00000000 00:00 0 
7ff0bc3c0000-7ff0c4000000 rw-p 00000000 00:00 0 
7ff0c4000000-7ff0c4021000 rw-p 00000000 00:00 0 
7ff0c4021000-7ff0c8000000 ---p 00000000 00:00 0 
7ff0c9a62000-7ff0c9a65000 ---p 00000000 00:00 0 
7ff0c9a65000-7ff0c9b63000 rw-p 00000000 00:00 0 
7ff0c9b63000-7ff0c9b7d000 r--s 00209000 103:06 1062073                   /home/ahmed/Desktop/eclipse-projects/RDF-Doctor/lib/antlr-4.7.1-complete.jar
7ff0c9b7d000-7ff0c9c13000 r--s 0110a000 103:06 806264                    /usr/lib/jvm/java-8-oracle/jre/lib/ext/jfxrt.jar
7ff0c9c13000-7ff0c9c14000 ---p 00000000 00:00 0 
7ff0c9c14000-7ff0c9d14000 rw-p 00000000 00:00 0 
7ff0c9d14000-7ff0c9d17000 ---p 00000000 00:00 0 
7ff0c9d17000-7ff0c9e15000 rw-p 00000000 00:00 0 
7ff0c9e15000-7ff0c9e18000 ---p 00000000 00:00 0 
7ff0c9e18000-7ff0c9f16000 rw-p 00000000 00:00 0 
7ff0c9f16000-7ff0c9f19000 ---p 00000000 00:00 0 
7ff0c9f19000-7ff0ca017000 rw-p 00000000 00:00 0 
7ff0ca017000-7ff0ca01a000 ---p 00000000 00:00 0 
7ff0ca01a000-7ff0ca118000 rw-p 00000000 00:00 0 
7ff0ca118000-7ff0ca11b000 ---p 00000000 00:00 0 
7ff0ca11b000-7ff0ca219000 rw-p 00000000 00:00 0 
7ff0ca219000-7ff0ca4f5000 r--p 00000000 103:06 132049                    /usr/lib/locale/locale-archive
7ff0ca4f5000-7ff0ca4f8000 ---p 00000000 00:00 0 
7ff0ca4f8000-7ff0ca5f6000 rw-p 00000000 00:00 0 
7ff0ca5f6000-7ff0ca5f9000 ---p 00000000 00:00 0 
7ff0ca5f9000-7ff0ca6f7000 rw-p 00000000 00:00 0 
7ff0ca6f7000-7ff0ca6f8000 ---p 00000000 00:00 0 
7ff0ca6f8000-7ff0cb627000 rw-p 00000000 00:00 0 
7ff0cb627000-7ff0cb800000 r--s 03d64000 103:06 806398                    /usr/lib/jvm/java-8-oracle/jre/lib/rt.jar
7ff0cb800000-7ff0cbd00000 rw-p 00000000 00:00 0 
7ff0cbd00000-7ff0cc000000 ---p 00000000 00:00 0 
7ff0cc000000-7ff0cc021000 rw-p 00000000 00:00 0 
7ff0cc021000-7ff0d0000000 ---p 00000000 00:00 0 
7ff0d0000000-7ff0d0021000 rw-p 00000000 00:00 0 
7ff0d0021000-7ff0d4000000 ---p 00000000 00:00 0 
7ff0d4000000-7ff0d4021000 rw-p 00000000 00:00 0 
7ff0d4021000-7ff0d8000000 ---p 00000000 00:00 0 
7ff0d8001000-7ff0d8005000 r--s 00031000 103:06 1060185                   /home/ahmed/Desktop/eclipse-projects/RDF-Doctor/lib/commons-io-2.6.jar
7ff0d8005000-7ff0d89d1000 rw-p 00000000 00:00 0 
7ff0d89d1000-7ff0d89d2000 ---p 00000000 00:00 0 
7ff0d89d2000-7ff0d8caa000 rw-p 00000000 00:00 0 
7ff0d8caa000-7ff0d9000000 ---p 00000000 00:00 0 
7ff0d9000000-7ff0d9350000 rwxp 00000000 00:00 0 
7ff0d9350000-7ff0e8000000 ---p 00000000 00:00 0 
7ff0e8000000-7ff0e83f0000 rw-p 00000000 00:00 0 
7ff0e83f0000-7ff0ec000000 ---p 00000000 00:00 0 
7ff0ec001000-7ff0ec006000 r--s 00084000 103:06 806358                    /usr/lib/jvm/java-8-oracle/jre/lib/jfr.jar
7ff0ec006000-7ff0ec048000 rw-p 00000000 00:00 0 
7ff0ec048000-7ff0ec049000 ---p 00000000 00:00 0 
7ff0ec049000-7ff0ec149000 rw-p 00000000 00:00 0 
7ff0ec149000-7ff0ec14a000 ---p 00000000 00:00 0 
7ff0ec14a000-7ff0ec24a000 rw-p 00000000 00:00 0 
7ff0ec24a000-7ff0ec24b000 ---p 00000000 00:00 0 
7ff0ec24b000-7ff0ec523000 rw-p 00000000 00:00 0 
7ff0ec523000-7ff0ec878000 ---p 00000000 00:00 0 
7ff0ec878000-7ff0ec9e4000 rw-p 00000000 00:00 0 
7ff0ec9e4000-7ff0ecb0f000 ---p 00000000 00:00 0 
7ff0ecb0f000-7ff0ecb1e000 rw-p 00000000 00:00 0 
7ff0ecb1e000-7ff0eced0000 ---p 00000000 00:00 0 
7ff0eced0000-7ff0eceeb000 r-xp 00000000 103:06 806463                    /usr/lib/jvm/java-8-oracle/jre/lib/amd64/libzip.so
7ff0eceeb000-7ff0ed0eb000 ---p 0001b000 103:06 806463                    /usr/lib/jvm/java-8-oracle/jre/lib/amd64/libzip.so
7ff0ed0eb000-7ff0ed0ec000 rw-p 0001b000 103:06 806463                    /usr/lib/jvm/java-8-oracle/jre/lib/amd64/libzip.so
7ff0ed0ec000-7ff0ed0f7000 r-xp 00000000 103:06 1725579                   /lib/x86_64-linux-gnu/libnss_files-2.26.so
7ff0ed0f7000-7ff0ed2f6000 ---p 0000b000 103:06 1725579                   /lib/x86_64-linux-gnu/libnss_files-2.26.so
7ff0ed2f6000-7ff0ed2f7000 r--p 0000a000 103:06 1725579                   /lib/x86_64-linux-gnu/libnss_files-2.26.so
7ff0ed2f7000-7ff0ed2f8000 rw-p 0000b000 103:06 1725579                   /lib/x86_64-linux-gnu/libnss_files-2.26.so
7ff0ed2f8000-7ff0ed2fe000 rw-p 00000000 00:00 0 
7ff0ed2fe000-7ff0ed309000 r-xp 00000000 103:06 1725581                   /lib/x86_64-linux-gnu/libnss_nis-2.26.so
7ff0ed309000-7ff0ed508000 ---p 0000b000 103:06 1725581                   /lib/x86_64-linux-gnu/libnss_nis-2.26.so
7ff0ed508000-7ff0ed509000 r--p 0000a000 103:06 1725581                   /lib/x86_64-linux-gnu/libnss_nis-2.26.so
7ff0ed509000-7ff0ed50a000 rw-p 0000b000 103:06 1725581                   /lib/x86_64-linux-gnu/libnss_nis-2.26.so
7ff0ed50a000-7ff0ed521000 r-xp 00000000 103:06 1725576                   /lib/x86_64-linux-gnu/libnsl-2.26.so
7ff0ed521000-7ff0ed720000 ---p 00017000 103:06 1725576                   /lib/x86_64-linux-gnu/libnsl-2.26.so
7ff0ed720000-7ff0ed721000 r--p 00016000 103:06 1725576                   /lib/x86_64-linux-gnu/libnsl-2.26.so
7ff0ed721000-7ff0ed722000 rw-p 00017000 103:06 1725576                   /lib/x86_64-linux-gnu/libnsl-2.26.so
7ff0ed722000-7ff0ed724000 rw-p 00000000 00:00 0 
7ff0ed724000-7ff0ed72c000 r-xp 00000000 103:06 1725577                   /lib/x86_64-linux-gnu/libnss_compat-2.26.so
7ff0ed72c000-7ff0ed92b000 ---p 00008000 103:06 1725577                   /lib/x86_64-linux-gnu/libnss_compat-2.26.so
7ff0ed92b000-7ff0ed92c000 r--p 00007000 103:06 1725577                   /lib/x86_64-linux-gnu/libnss_compat-2.26.so
7ff0ed92c000-7ff0ed92d000 rw-p 00008000 103:06 1725577                   /lib/x86_64-linux-gnu/libnss_compat-2.26.so
7ff0ed92d000-7ff0ed958000 r-xp 00000000 103:06 806457                    /usr/lib/jvm/java-8-oracle/jre/lib/amd64/libjava.so
7ff0ed958000-7ff0edb57000 ---p 0002b000 103:06 806457                    /usr/lib/jvm/java-8-oracle/jre/lib/amd64/libjava.so
7ff0edb57000-7ff0edb59000 rw-p 0002a000 103:06 806457                    /usr/lib/jvm/java-8-oracle/jre/lib/amd64/libjava.so
7ff0edb59000-7ff0edb66000 r-xp 00000000 103:06 806462                    /usr/lib/jvm/java-8-oracle/jre/lib/amd64/libverify.so
7ff0edb66000-7ff0edd66000 ---p 0000d000 103:06 806462                    /usr/lib/jvm/java-8-oracle/jre/lib/amd64/libverify.so
7ff0edd66000-7ff0edd68000 rw-p 0000d000 103:06 806462                    /usr/lib/jvm/java-8-oracle/jre/lib/amd64/libverify.so
7ff0edd68000-7ff0edd6f000 r-xp 00000000 103:06 1725588                   /lib/x86_64-linux-gnu/librt-2.26.so
7ff0edd6f000-7ff0edf6e000 ---p 00007000 103:06 1725588                   /lib/x86_64-linux-gnu/librt-2.26.so
7ff0edf6e000-7ff0edf6f000 r--p 00006000 103:06 1725588                   /lib/x86_64-linux-gnu/librt-2.26.so
7ff0edf6f000-7ff0edf70000 rw-p 00007000 103:06 1725588                   /lib/x86_64-linux-gnu/librt-2.26.so
7ff0edf70000-7ff0ee0c5000 r-xp 00000000 103:06 1725573                   /lib/x86_64-linux-gnu/libm-2.26.so
7ff0ee0c5000-7ff0ee2c4000 ---p 00155000 103:06 1725573                   /lib/x86_64-linux-gnu/libm-2.26.so
7ff0ee2c4000-7ff0ee2c5000 r--p 00154000 103:06 1725573                   /lib/x86_64-linux-gnu/libm-2.26.so
7ff0ee2c5000-7ff0ee2c6000 rw-p 00155000 103:06 1725573                   /lib/x86_64-linux-gnu/libm-2.26.so
7ff0ee2c6000-7ff0eef9f000 r-xp 00000000 103:06 806415                    /usr/lib/jvm/java-8-oracle/jre/lib/amd64/server/libjvm.so
7ff0eef9f000-7ff0ef19e000 ---p 00cd9000 103:06 806415                    /usr/lib/jvm/java-8-oracle/jre/lib/amd64/server/libjvm.so
7ff0ef19e000-7ff0ef277000 rw-p 00cd8000 103:06 806415                    /usr/lib/jvm/java-8-oracle/jre/lib/amd64/server/libjvm.so
7ff0ef277000-7ff0ef2c3000 rw-p 00000000 00:00 0 
7ff0ef2c3000-7ff0ef499000 r-xp 00000000 103:06 1725569                   /lib/x86_64-linux-gnu/libc-2.26.so
7ff0ef499000-7ff0ef699000 ---p 001d6000 103:06 1725569                   /lib/x86_64-linux-gnu/libc-2.26.so
7ff0ef699000-7ff0ef69d000 r--p 001d6000 103:06 1725569                   /lib/x86_64-linux-gnu/libc-2.26.so
7ff0ef69d000-7ff0ef69f000 rw-p 001da000 103:06 1725569                   /lib/x86_64-linux-gnu/libc-2.26.so
7ff0ef69f000-7ff0ef6a3000 rw-p 00000000 00:00 0 
7ff0ef6a3000-7ff0ef6a6000 r-xp 00000000 103:06 1725572                   /lib/x86_64-linux-gnu/libdl-2.26.so
7ff0ef6a6000-7ff0ef8a5000 ---p 00003000 103:06 1725572                   /lib/x86_64-linux-gnu/libdl-2.26.so
7ff0ef8a5000-7ff0ef8a6000 r--p 00002000 103:06 1725572                   /lib/x86_64-linux-gnu/libdl-2.26.so
7ff0ef8a6000-7ff0ef8a7000 rw-p 00003000 103:06 1725572                   /lib/x86_64-linux-gnu/libdl-2.26.so
7ff0ef8a7000-7ff0ef8bd000 r-xp 00000000 103:06 677025                    /usr/lib/jvm/java-8-oracle/lib/amd64/jli/libjli.so
7ff0ef8bd000-7ff0efabc000 ---p 00016000 103:06 677025                    /usr/lib/jvm/java-8-oracle/lib/amd64/jli/libjli.so
7ff0efabc000-7ff0efabd000 rw-p 00015000 103:06 677025                    /usr/lib/jvm/java-8-oracle/lib/amd64/jli/libjli.so
7ff0efabd000-7ff0efad7000 r-xp 00000000 103:06 1725586                   /lib/x86_64-linux-gnu/libpthread-2.26.so
7ff0efad7000-7ff0efcd6000 ---p 0001a000 103:06 1725586                   /lib/x86_64-linux-gnu/libpthread-2.26.so
7ff0efcd6000-7ff0efcd7000 r--p 00019000 103:06 1725586                   /lib/x86_64-linux-gnu/libpthread-2.26.so
7ff0efcd7000-7ff0efcd8000 rw-p 0001a000 103:06 1725586                   /lib/x86_64-linux-gnu/libpthread-2.26.so
7ff0efcd8000-7ff0efcdc000 rw-p 00000000 00:00 0 
7ff0efcdc000-7ff0efd03000 r-xp 00000000 103:06 1718427                   /lib/x86_64-linux-gnu/ld-2.26.so
7ff0efd03000-7ff0efd08000 r--s 002f9000 103:06 806396                    /usr/lib/jvm/java-8-oracle/jre/lib/charsets.jar
7ff0efd08000-7ff0efd0d000 r--s 0009d000 103:06 806408                    /usr/lib/jvm/java-8-oracle/jre/lib/jsse.jar
7ff0efd0d000-7ff0efdde000 rw-p 00000000 00:00 0 
7ff0efdde000-7ff0efde1000 ---p 00000000 00:00 0 
7ff0efde1000-7ff0efee3000 rw-p 00000000 00:00 0 
7ff0efee3000-7ff0efee6000 r--s 0001a000 103:06 806483                    /usr/lib/jvm/java-8-oracle/jre/lib/jce.jar
7ff0efee6000-7ff0efef9000 r--s 00345000 103:06 806407                    /usr/lib/jvm/java-8-oracle/jre/lib/resources.jar
7ff0efef9000-7ff0eff01000 rw-s 00000000 103:06 1862685                   /tmp/hsperfdata_ahmed/26275
7ff0eff01000-7ff0eff02000 rw-p 00000000 00:00 0 
7ff0eff02000-7ff0eff03000 ---p 00000000 00:00 0 
7ff0eff03000-7ff0eff04000 r--p 00027000 103:06 1718427                   /lib/x86_64-linux-gnu/ld-2.26.so
7ff0eff04000-7ff0eff05000 rw-p 00028000 103:06 1718427                   /lib/x86_64-linux-gnu/ld-2.26.so
7ff0eff05000-7ff0eff06000 rw-p 00000000 00:00 0 
7fff4e0b5000-7fff4e0d6000 rw-p 00000000 00:00 0                          [stack]
7fff4e1bb000-7fff4e1be000 r--p 00000000 00:00 0                          [vvar]
7fff4e1be000-7fff4e1c0000 r-xp 00000000 00:00 0                          [vdso]
ffffffffff600000-ffffffffff601000 r-xp 00000000 00:00 0                  [vsyscall]

VM Arguments:
jvm_args: -Dfile.encoding=UTF-8 
java_command: main.Main
java_class_path (initial): /usr/lib/jvm/java-8-oracle/jre/lib/resources.jar:/usr/lib/jvm/java-8-oracle/jre/lib/rt.jar:/usr/lib/jvm/java-8-oracle/jre/lib/jsse.jar:/usr/lib/jvm/java-8-oracle/jre/lib/jce.jar:/usr/lib/jvm/java-8-oracle/jre/lib/charsets.jar:/usr/lib/jvm/java-8-oracle/jre/lib/jfr.jar:/usr/lib/jvm/java-8-oracle/jre/lib/ext/cldrdata.jar:/usr/lib/jvm/java-8-oracle/jre/lib/ext/dnsns.jar:/usr/lib/jvm/java-8-oracle/jre/lib/ext/sunjce_provider.jar:/usr/lib/jvm/java-8-oracle/jre/lib/ext/sunpkcs11.jar:/usr/lib/jvm/java-8-oracle/jre/lib/ext/jaccess.jar:/usr/lib/jvm/java-8-oracle/jre/lib/ext/nashorn.jar:/usr/lib/jvm/java-8-oracle/jre/lib/ext/sunec.jar:/usr/lib/jvm/java-8-oracle/jre/lib/ext/zipfs.jar:/usr/lib/jvm/java-8-oracle/jre/lib/ext/jfxrt.jar:/usr/lib/jvm/java-8-oracle/jre/lib/ext/localedata.jar:/home/ahmed/Desktop/eclipse-projects/RDF-Doctor/target/classes:/home/ahmed/Desktop/eclipse-projects/RDF-Doctor/lib/commons-io-2.6.jar:/home/ahmed/Desktop/eclipse-projects/RDF-Doctor/lib/antlr-4.7.1-complete.jar
Launcher Type: SUN_STANDARD

Environment Variables:
JAVA_HOME=/usr/lib/jvm/java-8-oracle
PATH=/opt/maven/bin:/usr/local/sbin:/usr/local/bin:/usr/sbin:/usr/bin:/sbin:/bin:/usr/games:/usr/local/games:/snap/bin:/usr/lib/jvm/java-8-oracle/bin:/usr/lib/jvm/java-8-oracle/db/bin:/usr/lib/jvm/java-8-oracle/jre/bin
USERNAME=ahmed
SHELL=/bin/bash
DISPLAY=:1

Signal Handlers:
SIGSEGV: [libjvm.so+0xad01e0], sa_mask[0]=11111111011111111101111111111110, sa_flags=SA_RESTART|SA_SIGINFO
SIGBUS: [libjvm.so+0xad01e0], sa_mask[0]=11111111011111111101111111111110, sa_flags=SA_RESTART|SA_SIGINFO
SIGFPE: [libjvm.so+0x927fb0], sa_mask[0]=11111111011111111101111111111110, sa_flags=SA_RESTART|SA_SIGINFO
SIGPIPE: [libjvm.so+0x927fb0], sa_mask[0]=11111111011111111101111111111110, sa_flags=SA_RESTART|SA_SIGINFO
SIGXFSZ: [libjvm.so+0x927fb0], sa_mask[0]=11111111011111111101111111111110, sa_flags=SA_RESTART|SA_SIGINFO
SIGILL: [libjvm.so+0x927fb0], sa_mask[0]=11111111011111111101111111111110, sa_flags=SA_RESTART|SA_SIGINFO
SIGUSR1: SIG_DFL, sa_mask[0]=00000000000000000000000000000000, sa_flags=none
SIGUSR2: [libjvm.so+0x9297f0], sa_mask[0]=00100000000000000000000000000000, sa_flags=SA_RESTART|SA_SIGINFO
SIGHUP: [libjvm.so+0x92abf0], sa_mask[0]=11111111011111111101111111111110, sa_flags=SA_RESTART|SA_SIGINFO
SIGINT: [libjvm.so+0x92abf0], sa_mask[0]=11111111011111111101111111111110, sa_flags=SA_RESTART|SA_SIGINFO
SIGTERM: [libjvm.so+0x92abf0], sa_mask[0]=11111111011111111101111111111110, sa_flags=SA_RESTART|SA_SIGINFO
SIGQUIT: [libjvm.so+0x92abf0], sa_mask[0]=11111111011111111101111111111110, sa_flags=SA_RESTART|SA_SIGINFO


---------------  S Y S T E M  ---------------

OS:DISTRIB_ID=Ubuntu
DISTRIB_RELEASE=17.10
DISTRIB_CODENAME=artful
DISTRIB_DESCRIPTION="Ubuntu 17.10"

uname:Linux 4.13.0-41-generic #46-Ubuntu SMP Wed May 2 13:38:30 UTC 2018 x86_64
libc:glibc 2.26 NPTL 2.26 
rlimit: STACK 8192k, CORE 0k, NPROC 63188, NOFILE 4096, AS infinity
load average:0.76 1.05 1.25

/proc/meminfo:
MemTotal:       16280364 kB
MemFree:          154108 kB
MemAvailable:      21552 kB
Buffers:            1976 kB
Cached:           125984 kB
SwapCached:       102860 kB
Active:         14281624 kB
Inactive:        1315292 kB
Active(anon):   14270744 kB
Inactive(anon):  1297216 kB
Active(file):      10880 kB
Inactive(file):    18076 kB
Unevictable:        1028 kB
Mlocked:            1028 kB
SwapTotal:       1537788 kB
SwapFree:              0 kB
Dirty:               116 kB
Writeback:             0 kB
AnonPages:      15368556 kB
Mapped:           233412 kB
Shmem:             98792 kB
Slab:             142912 kB
SReclaimable:      52488 kB
SUnreclaim:        90424 kB
KernelStack:       23968 kB
PageTables:       132360 kB
NFS_Unstable:          0 kB
Bounce:                0 kB
WritebackTmp:          0 kB
CommitLimit:     9677968 kB
Committed_AS:   29341284 kB
VmallocTotal:   34359738367 kB
VmallocUsed:           0 kB
VmallocChunk:          0 kB
HardwareCorrupted:     0 kB
AnonHugePages:         0 kB
ShmemHugePages:        0 kB
ShmemPmdMapped:        0 kB
CmaTotal:              0 kB
CmaFree:               0 kB
HugePages_Total:       0
HugePages_Free:        0
HugePages_Rsvd:        0
HugePages_Surp:        0
Hugepagesize:       2048 kB
DirectMap4k:      542804 kB
DirectMap2M:    15040512 kB
DirectMap1G:     1048576 kB


CPU:total 4 (initial active 4) (4 cores per cpu, 1 threads per core) family 6 model 158 stepping 9, cmov, cx8, fxsr, mmx, sse, sse2, sse3, ssse3, sse4.1, sse4.2, popcnt, avx, avx2, aes, clmul, erms, rtm, 3dnowpref, lzcnt, tsc, tscinvbit, bmi1, bmi2, adx

/proc/cpuinfo:
processor	: 0
vendor_id	: GenuineIntel
cpu family	: 6
model		: 158
model name	: Intel(R) Core(TM) i5-7440HQ CPU @ 2.80GHz
stepping	: 9
microcode	: 0x84
cpu MHz		: 3214.275
cache size	: 6144 KB
physical id	: 0
siblings	: 4
core id		: 0
cpu cores	: 4
apicid		: 0
initial apicid	: 0
fpu		: yes
fpu_exception	: yes
cpuid level	: 22
wp		: yes
flags		: fpu vme de pse tsc msr pae mce cx8 apic sep mtrr pge mca cmov pat pse36 clflush dts acpi mmx fxsr sse sse2 ss ht tm pbe syscall nx pdpe1gb rdtscp lm constant_tsc art arch_perfmon pebs bts rep_good nopl xtopology nonstop_tsc cpuid aperfmperf tsc_known_freq pni pclmulqdq dtes64 monitor ds_cpl vmx smx est tm2 ssse3 sdbg fma cx16 xtpr pdcm pcid sse4_1 sse4_2 x2apic movbe popcnt tsc_deadline_timer aes xsave avx f16c rdrand lahf_lm abm 3dnowprefetch cpuid_fault epb invpcid_single pti retpoline intel_pt rsb_ctxsw spec_ctrl tpr_shadow vnmi flexpriority ept vpid fsgsbase tsc_adjust bmi1 hle avx2 smep bmi2 erms invpcid rtm mpx rdseed adx smap clflushopt xsaveopt xsavec xgetbv1 xsaves dtherm ida arat pln pts hwp hwp_notify hwp_act_window hwp_epp
bugs		: cpu_meltdown spectre_v1 spectre_v2
bogomips	: 5616.00
clflush size	: 64
cache_alignment	: 64
address sizes	: 39 bits physical, 48 bits virtual
power management:

processor	: 1
vendor_id	: GenuineIntel
cpu family	: 6
model		: 158
model name	: Intel(R) Core(TM) i5-7440HQ CPU @ 2.80GHz
stepping	: 9
microcode	: 0x84
cpu MHz		: 3217.569
cache size	: 6144 KB
physical id	: 0
siblings	: 4
core id		: 1
cpu cores	: 4
apicid		: 2
initial apicid	: 2
fpu		: yes
fpu_exception	: yes
cpuid level	: 22
wp		: yes
flags		: fpu vme de pse tsc msr pae mce cx8 apic sep mtrr pge mca cmov pat pse36 clflush dts acpi mmx fxsr sse sse2 ss ht tm pbe syscall nx pdpe1gb rdtscp lm constant_tsc art arch_perfmon pebs bts rep_good nopl xtopology nonstop_tsc cpuid aperfmperf tsc_known_freq pni pclmulqdq dtes64 monitor ds_cpl vmx smx est tm2 ssse3 sdbg fma cx16 xtpr pdcm pcid sse4_1 sse4_2 x2apic movbe popcnt tsc_deadline_timer aes xsave avx f16c rdrand lahf_lm abm 3dnowprefetch cpuid_fault epb invpcid_single pti retpoline intel_pt rsb_ctxsw spec_ctrl tpr_shadow vnmi flexpriority ept vpid fsgsbase tsc_adjust bmi1 hle avx2 smep bmi2 erms invpcid rtm mpx rdseed adx smap clflushopt xsaveopt xsavec xgetbv1 xsaves dtherm ida arat pln pts hwp hwp_notify hwp_act_window hwp_epp
bugs		: cpu_meltdown spectre_v1 spectre_v2
bogomips	: 5616.00
clflush size	: 64
cache_alignment	: 64
address sizes	: 39 bits physical, 48 bits virtual
power management:

processor	: 2
vendor_id	: GenuineIntel
cpu family	: 6
model		: 158
model name	: Intel(R) Core(TM) i5-7440HQ CPU @ 2.80GHz
stepping	: 9
microcode	: 0x84
cpu MHz		: 3212.261
cache size	: 6144 KB
physical id	: 0
siblings	: 4
core id		: 2
cpu cores	: 4
apicid		: 4
initial apicid	: 4
fpu		: yes
fpu_exception	: yes
cpuid level	: 22
wp		: yes
flags		: fpu vme de pse tsc msr pae mce cx8 apic sep mtrr pge mca cmov pat pse36 clflush dts acpi mmx fxsr sse sse2 ss ht tm pbe syscall nx pdpe1gb rdtscp lm constant_tsc art arch_perfmon pebs bts rep_good nopl xtopology nonstop_tsc cpuid aperfmperf tsc_known_freq pni pclmulqdq dtes64 monitor ds_cpl vmx smx est tm2 ssse3 sdbg fma cx16 xtpr pdcm pcid sse4_1 sse4_2 x2apic movbe popcnt tsc_deadline_timer aes xsave avx f16c rdrand lahf_lm abm 3dnowprefetch cpuid_fault epb invpcid_single pti retpoline intel_pt rsb_ctxsw spec_ctrl tpr_shadow vnmi flexpriority ept vpid fsgsbase tsc_adjust bmi1 hle avx2 smep bmi2 erms invpcid rtm mpx rdseed adx smap clflushopt xsaveopt xsavec xgetbv1 xsaves dtherm ida arat pln pts hwp hwp_notify hwp_act_window hwp_epp
bugs		: cpu_meltdown spectre_v1 spectre_v2
bogomips	: 5616.00
clflush size	: 64
cache_alignment	: 64
address sizes	: 39 bits physical, 48 bits virtual
power management:

processor	: 3
vendor_id	: GenuineIntel
cpu family	: 6
model		: 158
model name	: Intel(R) Core(TM) i5-7440HQ CPU @ 2.80GHz
stepping	: 9
microcode	: 0x84
cpu MHz		: 3205.731
cache size	: 6144 KB
physical id	: 0
siblings	: 4
core id		: 3
cpu cores	: 4
apicid		: 6
initial apicid	: 6
fpu		: yes
fpu_exception	: yes
cpuid level	: 22
wp		: yes
flags		: fpu vme de pse tsc msr pae mce cx8 apic sep mtrr pge mca cmov pat pse36 clflush dts acpi mmx fxsr sse sse2 ss ht tm pbe syscall nx pdpe1gb rdtscp lm constant_tsc art arch_perfmon pebs bts rep_good nopl xtopology nonstop_tsc cpuid aperfmperf tsc_known_freq pni pclmulqdq dtes64 monitor ds_cpl vmx smx est tm2 ssse3 sdbg fma cx16 xtpr pdcm pcid sse4_1 sse4_2 x2apic movbe popcnt tsc_deadline_timer aes xsave avx f16c rdrand lahf_lm abm 3dnowprefetch cpuid_fault epb invpcid_single pti retpoline intel_pt rsb_ctxsw spec_ctrl tpr_shadow vnmi flexpriority ept vpid fsgsbase tsc_adjust bmi1 hle avx2 smep bmi2 erms invpcid rtm mpx rdseed adx smap clflushopt xsaveopt xsavec xgetbv1 xsaves dtherm ida arat pln pts hwp hwp_notify hwp_act_window hwp_epp
bugs		: cpu_meltdown spectre_v1 spectre_v2
bogomips	: 5616.00
clflush size	: 64
cache_alignment	: 64
address sizes	: 39 bits physical, 48 bits virtual
power management:



Memory: 4k page, physical 16280364k(152436k free), swap 1537788k(0k free)

vm_info: Java HotSpot(TM) 64-Bit Server VM (25.161-b12) for linux-amd64 JRE (1.8.0_161-b12), built on Dec 19 2017 16:12:43 by "java_re" with gcc 4.3.0 20080428 (Red Hat 4.3.0-8)

time: Wed May 16 17:54:21 2018
elapsed time: 3 seconds (0d 0h 0m 3s)

