#
# There is insufficient memory for the Java Runtime Environment to continue.
# Native memory allocation (mmap) failed to map 1177550848 bytes for committing reserved memory.
# Possible reasons:
#   The system is out of physical RAM or swap space
#   In 32 bit mode, the process size limit was hit
# Possible solutions:
#   Reduce memory load on the system
#   Increase physical memory or swap space
#   Check if swap backing store is full
#   Use 64 bit Java on a 64 bit OS
#   Decrease Java heap size (-Xmx/-Xms)
#   Decrease number of Java threads
#   Decrease Java thread stack sizes (-Xss)
#   Set larger code cache with -XX:ReservedCodeCacheSize=
# This output file may be truncated or incomplete.
#
#  Out of Memory Error (os_linux.cpp:2640), pid=22566, tid=0x00007f29bb9f9700
#
# JRE version: Java(TM) SE Runtime Environment (8.0_161-b12) (build 1.8.0_161-b12)
# Java VM: Java HotSpot(TM) 64-Bit Server VM (25.161-b12 mixed mode linux-amd64 compressed oops)
# Failed to write core dump. Core dumps have been disabled. To enable core dumping, try "ulimit -c unlimited" before starting Java again
#

---------------  T H R E A D  ---------------

Current thread (0x00007f29f0079800):  VMThread [stack: 0x00007f29bb8f9000,0x00007f29bb9fa000] [id=22577]

Stack: [0x00007f29bb8f9000,0x00007f29bb9fa000],  sp=0x00007f29bb9f8250,  free space=1020k
Native frames: (J=compiled Java code, j=interpreted, Vv=VM code, C=native code)
V  [libjvm.so+0xacf94a]  VMError::report_and_die()+0x2ba
V  [libjvm.so+0x50050b]  report_vm_out_of_memory(char const*, int, unsigned long, VMErrorType, char const*)+0x8b
V  [libjvm.so+0x92b133]  os::Linux::commit_memory_impl(char*, unsigned long, bool)+0x103
V  [libjvm.so+0x92b5c9]  os::pd_commit_memory(char*, unsigned long, unsigned long, bool)+0x29
V  [libjvm.so+0x924c0a]  os::commit_memory(char*, unsigned long, unsigned long, bool)+0x2a
V  [libjvm.so+0x99ab53]  PSVirtualSpace::expand_by(unsigned long)+0x53
V  [libjvm.so+0x98b410]  PSOldGen::expand(unsigned long)+0x170
V  [libjvm.so+0x98b61b]  PSOldGen::resize(unsigned long)+0x1cb
V  [libjvm.so+0x993321]  PSParallelCompact::invoke_no_policy(bool)+0x991
V  [libjvm.so+0x998c7d]  PSScavenge::invoke()+0x1ad
V  [libjvm.so+0x94f5a0]  ParallelScavengeHeap::failed_mem_allocate(unsigned long)+0x70
V  [libjvm.so+0xad13c7]  VM_ParallelGCFailedAllocation::doit()+0x97
V  [libjvm.so+0xad8ed5]  VM_Operation::evaluate()+0x55
V  [libjvm.so+0xad729a]  VMThread::evaluate_operation(VM_Operation*)+0xba
V  [libjvm.so+0xad761e]  VMThread::loop()+0x1ce
V  [libjvm.so+0xad7a90]  VMThread::run()+0x70
V  [libjvm.so+0x92da28]  java_start(Thread*)+0x108

VM_Operation (0x00007f29f72d1c80): ParallelGCFailedAllocation, mode: safepoint, requested by thread 0x00007f29f000b800


---------------  P R O C E S S  ---------------

Java Threads: ( => current thread )
  0x00007f29f0147000 JavaThread "pool-1-thread-1" [_thread_blocked, id=22586, stack(0x00007f29bad14000,0x00007f29bae15000)]
  0x00007f29f00dc000 JavaThread "Service Thread" daemon [_thread_blocked, id=22584, stack(0x00007f29baf16000,0x00007f29bb017000)]
  0x00007f29f00bf000 JavaThread "C1 CompilerThread2" daemon [_thread_blocked, id=22583, stack(0x00007f29bb017000,0x00007f29bb118000)]
  0x00007f29f00bd000 JavaThread "C2 CompilerThread1" daemon [_thread_blocked, id=22582, stack(0x00007f29bb118000,0x00007f29bb219000)]
  0x00007f29f00ba000 JavaThread "C2 CompilerThread0" daemon [_thread_blocked, id=22581, stack(0x00007f29bb219000,0x00007f29bb31a000)]
  0x00007f29f00b8800 JavaThread "Signal Dispatcher" daemon [_thread_blocked, id=22580, stack(0x00007f29bb31a000,0x00007f29bb41b000)]
  0x00007f29f0085800 JavaThread "Finalizer" daemon [_thread_blocked, id=22579, stack(0x00007f29bb6f7000,0x00007f29bb7f8000)]
  0x00007f29f0081000 JavaThread "Reference Handler" daemon [_thread_blocked, id=22578, stack(0x00007f29bb7f8000,0x00007f29bb8f9000)]
  0x00007f29f000b800 JavaThread "main" [_thread_blocked, id=22568, stack(0x00007f29f71d3000,0x00007f29f72d4000)]

Other Threads:
=>0x00007f29f0079800 VMThread [stack: 0x00007f29bb8f9000,0x00007f29bb9fa000] [id=22577]
  0x00007f29f00e1000 WatcherThread [stack: 0x00007f29bae15000,0x00007f29baf16000] [id=22585]

VM state:at safepoint (normal execution)

VM Mutex/Monitor currently owned by a thread:  ([mutex/lock_event])
[0x00007f29f0007870] ExpandHeap_lock - owner thread: 0x00007f29f0079800
[0x00007f29f0007ef0] Threads_lock - owner thread: 0x00007f29f0079800
[0x00007f29f00083f0] Heap_lock - owner thread: 0x00007f29f000b800

Heap:
 PSYoungGen      total 1469952K, used 263175K [0x00000006eab00000, 0x0000000779180000, 0x00000007c0000000)
  eden space 678912K, 0% used [0x00000006eab00000,0x00000006eab00000,0x0000000714200000)
  from space 791040K, 33% used [0x0000000714200000,0x0000000724301e30,0x0000000744680000)
  to   space 753664K, 0% used [0x000000074b180000,0x000000074b180000,0x0000000779180000)
 ParOldGen       total 1811456K, used 1811353K [0x0000000540000000, 0x00000005ae900000, 0x00000006eab00000)
  object space 1811456K, 99% used [0x0000000540000000,0x00000005ae8e6418,0x00000005ae900000)
 Metaspace       used 4445K, capacity 5528K, committed 5760K, reserved 1056768K
  class space    used 485K, capacity 520K, committed 640K, reserved 1048576K

Card table byte_map: [0x00007f29df83f000,0x00007f29e0c40000] byte_map_base: 0x00007f29dce3f000

Marking Bits: (ParMarkBitMap*) 0x00007f29f668d920
 Begin Bits: [0x00007f29ca8e7000, 0x00007f29d48e7000)
 End Bits:   [0x00007f29d48e7000, 0x00007f29de8e7000)

Polling page: 0x00007f29f72fa000

CodeCache: size=245760Kb used=4752Kb max_used=4764Kb free=241007Kb
 bounds [0x00007f29e1000000, 0x00007f29e14b0000, 0x00007f29f0000000]
 total_blobs=1119 nmethods=863 adapters=170
 compilation: enabled

Compilation events (10 events):
Event: 16.322 Thread 0x00007f29f00bd000 nmethod 854 0x00007f29e1462dd0 code [0x00007f29e1462f20, 0x00007f29e1463018]
Event: 16.327 Thread 0x00007f29f00ba000 nmethod 866 0x00007f29e1491e90 code [0x00007f29e1492060, 0x00007f29e1492808]
Event: 16.541 Thread 0x00007f29f00bd000  867 % !   4       core.TurtleParser::start @ 59 (206 bytes)
Event: 16.547 Thread 0x00007f29f00bd000 nmethod 867% 0x00007f29e149da90 code [0x00007f29e149dca0, 0x00007f29e149e320]
Event: 16.570 Thread 0x00007f29f00ba000  868   !   4       core.TurtleParser::start (206 bytes)
Event: 16.580 Thread 0x00007f29f00ba000 nmethod 868 0x00007f29e149f590 code [0x00007f29e149f7e0, 0x00007f29e149ffe0]
Event: 21.192 Thread 0x00007f29f00bf000  869       1       java.util.concurrent.atomic.AtomicInteger::get (5 bytes)
Event: 21.192 Thread 0x00007f29f00bf000 nmethod 869 0x00007f29e1491bd0 code [0x00007f29e1491d20, 0x00007f29e1491e30]
Event: 21.192 Thread 0x00007f29f00bf000  870       1       java.util.concurrent.locks.AbstractQueuedSynchronizer::getState (5 bytes)
Event: 21.192 Thread 0x00007f29f00bf000 nmethod 870 0x00007f29e1485d90 code [0x00007f29e1485ee0, 0x00007f29e1485ff0]

GC Heap History (10 events):
Event: 17.360 GC heap after
Heap after GC invocations=26 (full 6):
 PSYoungGen      total 1306112K, used 337495K [0x00000006eab00000, 0x0000000761b00000, 0x00000007c0000000)
  eden space 703488K, 0% used [0x00000006eab00000,0x00000006eab00000,0x0000000715a00000)
  from space 602624K, 56% used [0x000000073ce80000,0x0000000751815d80,0x0000000761b00000)
  to   space 623104K, 0% used [0x0000000715a00000,0x0000000715a00000,0x000000073ba80000)
 ParOldGen       total 901632K, used 583612K [0x0000000540000000, 0x0000000577080000, 0x00000006eab00000)
  object space 901632K, 64% used [0x0000000540000000,0x00000005639ef368,0x0000000577080000)
 Metaspace       used 4445K, capacity 5528K, committed 5760K, reserved 1056768K
  class space    used 485K, capacity 520K, committed 640K, reserved 1048576K
}
Event: 17.360 GC heap before
{Heap before GC invocations=27 (full 7):
 PSYoungGen      total 1306112K, used 337495K [0x00000006eab00000, 0x0000000761b00000, 0x00000007c0000000)
  eden space 703488K, 0% used [0x00000006eab00000,0x00000006eab00000,0x0000000715a00000)
  from space 602624K, 56% used [0x000000073ce80000,0x0000000751815d80,0x0000000761b00000)
  to   space 623104K, 0% used [0x0000000715a00000,0x0000000715a00000,0x000000073ba80000)
 ParOldGen       total 901632K, used 583612K [0x0000000540000000, 0x0000000577080000, 0x00000006eab00000)
  object space 901632K, 64% used [0x0000000540000000,0x00000005639ef368,0x0000000577080000)
 Metaspace       used 4445K, capacity 5528K, committed 5760K, reserved 1056768K
  class space    used 485K, capacity 520K, committed 640K, reserved 1048576K
Event: 18.484 GC heap after
Heap after GC invocations=27 (full 7):
 PSYoungGen      total 1306112K, used 15364K [0x00000006eab00000, 0x0000000761b00000, 0x00000007c0000000)
  eden space 703488K, 0% used [0x00000006eab00000,0x00000006eab00000,0x0000000715a00000)
  from space 602624K, 2% used [0x000000073ce80000,0x000000073dd81088,0x0000000761b00000)
  to   space 623104K, 0% used [0x0000000715a00000,0x0000000715a00000,0x000000073ba80000)
 ParOldGen       total 1811456K, used 901464K [0x0000000540000000, 0x00000005ae900000, 0x00000006eab00000)
  object space 1811456K, 49% used [0x0000000540000000,0x0000000577056228,0x00000005ae900000)
 Metaspace       used 4445K, capacity 5528K, committed 5760K, reserved 1056768K
  class space    used 485K, capacity 520K, committed 640K, reserved 1048576K
}
Event: 19.228 GC heap before
{Heap before GC invocations=28 (full 7):
 PSYoungGen      total 1306112K, used 718852K [0x00000006eab00000, 0x0000000761b00000, 0x00000007c0000000)
  eden space 703488K, 100% used [0x00000006eab00000,0x0000000715a00000,0x0000000715a00000)
  from space 602624K, 2% used [0x000000073ce80000,0x000000073dd81088,0x0000000761b00000)
  to   space 623104K, 0% used [0x0000000715a00000,0x0000000715a00000,0x000000073ba80000)
 ParOldGen       total 1811456K, used 901464K [0x0000000540000000, 0x00000005ae900000, 0x00000006eab00000)
  object space 1811456K, 49% used [0x0000000540000000,0x0000000577056228,0x00000005ae900000)
 Metaspace       used 4445K, capacity 5528K, committed 5760K, reserved 1056768K
  class space    used 485K, capacity 520K, committed 640K, reserved 1048576K
Event: 19.499 GC heap after
Heap after GC invocations=28 (full 7):
 PSYoungGen      total 1326592K, used 412156K [0x00000006eab00000, 0x000000076b280000, 0x00000007c0000000)
  eden space 703488K, 0% used [0x00000006eab00000,0x00000006eab00000,0x0000000715a00000)
  from space 623104K, 66% used [0x0000000715a00000,0x000000072ec7f230,0x000000073ba80000)
  to   space 634880K, 0% used [0x0000000744680000,0x0000000744680000,0x000000076b280000)
 ParOldGen       total 1811456K, used 916920K [0x0000000540000000, 0x00000005ae900000, 0x00000006eab00000)
  object space 1811456K, 50% used [0x0000000540000000,0x0000000577f6e228,0x00000005ae900000)
 Metaspace       used 4445K, capacity 5528K, committed 5760K, reserved 1056768K
  class space    used 485K, capacity 520K, committed 640K, reserved 1048576K
}
Event: 20.254 GC heap before
{Heap before GC invocations=29 (full 7):
 PSYoungGen      total 1326592K, used 1115644K [0x00000006eab00000, 0x000000076b280000, 0x00000007c0000000)
  eden space 703488K, 100% used [0x00000006eab00000,0x0000000715a00000,0x0000000715a00000)
  from space 623104K, 66% used [0x0000000715a00000,0x000000072ec7f230,0x000000073ba80000)
  to   space 634880K, 0% used [0x0000000744680000,0x0000000744680000,0x000000076b280000)
 ParOldGen       total 1811456K, used 916920K [0x0000000540000000, 0x00000005ae900000, 0x00000006eab00000)
  object space 1811456K, 50% used [0x0000000540000000,0x0000000577f6e228,0x00000005ae900000)
 Metaspace       used 4445K, capacity 5528K, committed 5760K, reserved 1056768K
  class space    used 485K, capacity 520K, committed 640K, reserved 1048576K
Event: 20.747 GC heap after
Heap after GC invocations=29 (full 7):
 PSYoungGen      total 1313792K, used 634858K [0x00000006eab00000, 0x000000077ea00000, 0x00000007c0000000)
  eden space 678912K, 0% used [0x00000006eab00000,0x00000006eab00000,0x0000000714200000)
  from space 634880K, 99% used [0x0000000744680000,0x000000076b27ab30,0x000000076b280000)
  to   space 791040K, 0% used [0x0000000714200000,0x0000000714200000,0x0000000744680000)
 ParOldGen       total 1811456K, used 1095952K [0x0000000540000000, 0x00000005ae900000, 0x00000006eab00000)
  object space 1811456K, 60% used [0x0000000540000000,0x0000000582e44228,0x00000005ae900000)
 Metaspace       used 4445K, capacity 5528K, committed 5760K, reserved 1056768K
  class space    used 485K, capacity 520K, committed 640K, reserved 1048576K
}
Event: 21.477 GC heap before
{Heap before GC invocations=30 (full 7):
 PSYoungGen      total 1313792K, used 1313770K [0x00000006eab00000, 0x000000077ea00000, 0x00000007c0000000)
  eden space 678912K, 100% used [0x00000006eab00000,0x0000000714200000,0x0000000714200000)
  from space 634880K, 99% used [0x0000000744680000,0x000000076b27ab30,0x000000076b280000)
  to   space 791040K, 0% used [0x0000000714200000,0x0000000714200000,0x0000000744680000)
 ParOldGen       total 1811456K, used 1095952K [0x0000000540000000, 0x00000005ae900000, 0x00000006eab00000)
  object space 1811456K, 60% used [0x0000000540000000,0x0000000582e44228,0x00000005ae900000)
 Metaspace       used 4445K, capacity 5528K, committed 5760K, reserved 1056768K
  class space    used 485K, capacity 520K, committed 640K, reserved 1048576K
Event: 22.541 GC heap after
Heap after GC invocations=30 (full 7):
 PSYoungGen      total 1469952K, used 369024K [0x00000006eab00000, 0x0000000779180000, 0x00000007c0000000)
  eden space 678912K, 0% used [0x00000006eab00000,0x00000006eab00000,0x0000000714200000)
  from space 791040K, 46% used [0x0000000714200000,0x000000072aa600b0,0x0000000744680000)
  to   space 753664K, 0% used [0x000000074b180000,0x000000074b180000,0x0000000779180000)
 ParOldGen       total 1811456K, used 1715136K [0x0000000540000000, 0x00000005ae900000, 0x00000006eab00000)
  object space 1811456K, 94% used [0x0000000540000000,0x00000005a8af0228,0x00000005ae900000)
 Metaspace       used 4445K, capacity 5528K, committed 5760K, reserved 1056768K
  class space    used 485K, capacity 520K, committed 640K, reserved 1048576K
}
Event: 22.545 GC heap before
{Heap before GC invocations=31 (full 8):
 PSYoungGen      total 1469952K, used 369024K [0x00000006eab00000, 0x0000000779180000, 0x00000007c0000000)
  eden space 678912K, 0% used [0x00000006eab00000,0x00000006eab00000,0x0000000714200000)
  from space 791040K, 46% used [0x0000000714200000,0x000000072aa600b0,0x0000000744680000)
  to   space 753664K, 0% used [0x000000074b180000,0x000000074b180000,0x0000000779180000)
 ParOldGen       total 1811456K, used 1715136K [0x0000000540000000, 0x00000005ae900000, 0x00000006eab00000)
  object space 1811456K, 94% used [0x0000000540000000,0x00000005a8af0228,0x00000005ae900000)
 Metaspace       used 4445K, capacity 5528K, committed 5760K, reserved 1056768K
  class space    used 485K, capacity 520K, committed 640K, reserved 1048576K

Deoptimization events (10 events):
Event: 14.365 Thread 0x00007f29f000b800 Uncommon trap: reason=unstable_if action=reinterpret pc=0x00007f29e13bff6c method=org.antlr.v4.runtime.BufferedTokenStream.consume()V @ 11
Event: 14.366 Thread 0x00007f29f000b800 Uncommon trap: reason=unstable_if action=reinterpret pc=0x00007f29e13bc254 method=core.TurtleParser.start()Lcore/TurtleParser$StartContext; @ 101
Event: 14.366 Thread 0x00007f29f000b800 Uncommon trap: reason=unstable_if action=reinterpret pc=0x00007f29e13b7964 method=org.antlr.v4.runtime.Parser.exitRule()V @ 4
Event: 14.367 Thread 0x00007f29f000b800 Uncommon trap: reason=array_check action=maybe_recompile pc=0x00007f29e11297a8 method=java.util.Arrays.fill([Ljava/lang/Object;Ljava/lang/Object;)V @ 13
Event: 14.367 Thread 0x00007f29f000b800 Uncommon trap: reason=array_check action=maybe_recompile pc=0x00007f29e11297a8 method=java.util.Arrays.fill([Ljava/lang/Object;Ljava/lang/Object;)V @ 13
Event: 14.367 Thread 0x00007f29f000b800 Uncommon trap: reason=array_check action=maybe_recompile pc=0x00007f29e11297a8 method=java.util.Arrays.fill([Ljava/lang/Object;Ljava/lang/Object;)V @ 13
Event: 14.367 Thread 0x00007f29f000b800 Uncommon trap: reason=array_check action=maybe_recompile pc=0x00007f29e11297a8 method=java.util.Arrays.fill([Ljava/lang/Object;Ljava/lang/Object;)V @ 13
Event: 15.604 Thread 0x00007f29f000b800 Uncommon trap: reason=unstable_if action=reinterpret pc=0x00007f29e14617c8 method=main.Main.main([Ljava/lang/String;)V @ 248
Event: 15.604 Thread 0x00007f29f000b800 Uncommon trap: reason=unstable_if action=reinterpret pc=0x00007f29e1201f74 method=java.util.StringJoiner.prepareBuilder()Ljava/lang/StringBuilder; @ 4
Event: 16.247 Thread 0x00007f29f000b800 Uncommon trap: reason=unstable_if action=reinterpret pc=0x00007f29e13b6970 method=org.antlr.v4.runtime.BufferedTokenStream.lazyInit()V @ 5

Classes redefined (0 events):
No events

Internal exceptions (4 events):
Event: 0.078 Thread 0x00007f29f000b800 Exception <a 'java/lang/NoSuchMethodError': Method sun.misc.Unsafe.defineClass(Ljava/lang/String;[BII)Ljava/lang/Class; name or signature does not match> (0x00000006eab07ca0) thrown at [/HUDSON/workspace/8-2-build-linux-amd64/jdk8u161/10277/hotspot/src/sh
Event: 0.078 Thread 0x00007f29f000b800 Exception <a 'java/lang/NoSuchMethodError': Method sun.misc.Unsafe.prefetchRead(Ljava/lang/Object;J)V name or signature does not match> (0x00000006eab07f88) thrown at [/HUDSON/workspace/8-2-build-linux-amd64/jdk8u161/10277/hotspot/src/share/vm/prims/jni.c
Event: 3.813 Thread 0x00007f29f000b800 Implicit null exception at 0x00007f29e13d0e04 to 0x00007f29e13d0fd9
Event: 15.604 Thread 0x00007f29f000b800 Implicit null exception at 0x00007f29e1201afa to 0x00007f29e1201f65

Events (10 events):
Event: 16.502 Executing VM operation: ParallelGCFailedAllocation done
Event: 16.570 Thread 0x00007f29f000b800 DEOPT PACKING pc=0x00007f29e132e4b9 sp=0x00007f29f72d26d0
Event: 16.570 Thread 0x00007f29f000b800 DEOPT UNPACKING pc=0x00007f29e1047784 sp=0x00007f29f72d2460 mode 0
Event: 17.157 Executing VM operation: ParallelGCFailedAllocation
Event: 18.484 Executing VM operation: ParallelGCFailedAllocation done
Event: 19.228 Executing VM operation: ParallelGCFailedAllocation
Event: 19.499 Executing VM operation: ParallelGCFailedAllocation done
Event: 20.254 Executing VM operation: ParallelGCFailedAllocation
Event: 20.747 Executing VM operation: ParallelGCFailedAllocation done
Event: 21.477 Executing VM operation: ParallelGCFailedAllocation


Dynamic libraries:
00400000-00401000 r-xp 00000000 103:06 676153                            /usr/lib/jvm/java-8-oracle/bin/java
00600000-00601000 rw-p 00000000 103:06 676153                            /usr/lib/jvm/java-8-oracle/bin/java
01bcc000-01bed000 rw-p 00000000 00:00 0                                  [heap]
540000000-5ae900000 rw-p 00000000 00:00 0 
5f4c00000-6eab00000 ---p 00000000 00:00 0 
6eab00000-779180000 rw-p 00000000 00:00 0 
779180000-7c0000000 ---p 00000000 00:00 0 
7c0000000-7c00a0000 rw-p 00000000 00:00 0 
7c00a0000-800000000 ---p 00000000 00:00 0 
7f2988000000-7f2988021000 rw-p 00000000 00:00 0 
7f2988021000-7f298c000000 ---p 00000000 00:00 0 
7f2990000000-7f2990021000 rw-p 00000000 00:00 0 
7f2990021000-7f2994000000 ---p 00000000 00:00 0 
7f2994000000-7f2994021000 rw-p 00000000 00:00 0 
7f2994021000-7f2998000000 ---p 00000000 00:00 0 
7f2998000000-7f2999574000 rw-p 00000000 00:00 0 
7f2999574000-7f299c000000 ---p 00000000 00:00 0 
7f299c000000-7f299c85b000 rw-p 00000000 00:00 0 
7f299c85b000-7f29a0000000 ---p 00000000 00:00 0 
7f29a0000000-7f29a0021000 rw-p 00000000 00:00 0 
7f29a0021000-7f29a4000000 ---p 00000000 00:00 0 
7f29a4000000-7f29a6a7e000 rw-p 00000000 00:00 0 
7f29a6a7e000-7f29a8000000 ---p 00000000 00:00 0 
7f29a8000000-7f29a8021000 rw-p 00000000 00:00 0 
7f29a8021000-7f29ac000000 ---p 00000000 00:00 0 
7f29ac000000-7f29ac021000 rw-p 00000000 00:00 0 
7f29ac021000-7f29b0000000 ---p 00000000 00:00 0 
7f29b0000000-7f29b0292000 rw-p 00000000 00:00 0 
7f29b0292000-7f29b4000000 ---p 00000000 00:00 0 
7f29b4000000-7f29b4273000 rw-p 00000000 00:00 0 
7f29b4273000-7f29b8000000 ---p 00000000 00:00 0 
7f29bad14000-7f29bad17000 ---p 00000000 00:00 0 
7f29bad17000-7f29bae15000 rw-p 00000000 00:00 0 
7f29bae15000-7f29bae16000 ---p 00000000 00:00 0 
7f29bae16000-7f29baf16000 rw-p 00000000 00:00 0 
7f29baf16000-7f29baf19000 ---p 00000000 00:00 0 
7f29baf19000-7f29bb017000 rw-p 00000000 00:00 0 
7f29bb017000-7f29bb01a000 ---p 00000000 00:00 0 
7f29bb01a000-7f29bb118000 rw-p 00000000 00:00 0 
7f29bb118000-7f29bb11b000 ---p 00000000 00:00 0 
7f29bb11b000-7f29bb219000 rw-p 00000000 00:00 0 
7f29bb219000-7f29bb21c000 ---p 00000000 00:00 0 
7f29bb21c000-7f29bb31a000 rw-p 00000000 00:00 0 
7f29bb31a000-7f29bb31d000 ---p 00000000 00:00 0 
7f29bb31d000-7f29bb41b000 rw-p 00000000 00:00 0 
7f29bb41b000-7f29bb6f7000 r--p 00000000 103:06 132049                    /usr/lib/locale/locale-archive
7f29bb6f7000-7f29bb6fa000 ---p 00000000 00:00 0 
7f29bb6fa000-7f29bb7f8000 rw-p 00000000 00:00 0 
7f29bb7f8000-7f29bb7fb000 ---p 00000000 00:00 0 
7f29bb7fb000-7f29bb8f9000 rw-p 00000000 00:00 0 
7f29bb8f9000-7f29bb8fa000 ---p 00000000 00:00 0 
7f29bb8fa000-7f29bc000000 rw-p 00000000 00:00 0 
7f29bc000000-7f29bc202000 rw-p 00000000 00:00 0 
7f29bc202000-7f29c0000000 ---p 00000000 00:00 0 
7f29c0000000-7f29c0418000 rw-p 00000000 00:00 0 
7f29c0418000-7f29c4000000 ---p 00000000 00:00 0 
7f29c4000000-7f29c42cd000 rw-p 00000000 00:00 0 
7f29c42cd000-7f29c8000000 ---p 00000000 00:00 0 
7f29c8029000-7f29c8043000 r--s 00209000 103:06 1062073                   /home/ahmed/Desktop/eclipse-projects/RDF-Doctor/lib/antlr-4.7.1-complete.jar
7f29c8043000-7f29c8047000 r--s 00031000 103:06 1060185                   /home/ahmed/Desktop/eclipse-projects/RDF-Doctor/lib/commons-io-2.6.jar
7f29c8047000-7f29c80dd000 r--s 0110a000 103:06 806264                    /usr/lib/jvm/java-8-oracle/jre/lib/ext/jfxrt.jar
7f29c80dd000-7f29c8a98000 rw-p 00000000 00:00 0 
7f29c8a98000-7f29c8c71000 r--s 03d64000 103:06 806398                    /usr/lib/jvm/java-8-oracle/jre/lib/rt.jar
7f29c8c71000-7f29c91e7000 rw-p 00000000 00:00 0 
7f29c91e7000-7f29c94e7000 ---p 00000000 00:00 0 
7f29c94e7000-7f29de8e7000 rw-p 00000000 00:00 0 
7f29de8e7000-7f29de8e8000 ---p 00000000 00:00 0 
7f29de8e8000-7f29de9e8000 rw-p 00000000 00:00 0 
7f29de9e8000-7f29de9e9000 ---p 00000000 00:00 0 
7f29de9e9000-7f29dee5e000 rw-p 00000000 00:00 0 
7f29dee5e000-7f29df83f000 ---p 00000000 00:00 0 
7f29df83f000-7f29dfbb4000 rw-p 00000000 00:00 0 
7f29dfbb4000-7f29e0594000 ---p 00000000 00:00 0 
7f29e0594000-7f29e0a08000 rw-p 00000000 00:00 0 
7f29e0a08000-7f29e0c3f000 ---p 00000000 00:00 0 
7f29e0c3f000-7f29e0c53000 rw-p 00000000 00:00 0 
7f29e0c53000-7f29e1000000 ---p 00000000 00:00 0 
7f29e1000000-7f29e14b0000 rwxp 00000000 00:00 0 
7f29e14b0000-7f29f0000000 ---p 00000000 00:00 0 
7f29f0000000-7f29f03e6000 rw-p 00000000 00:00 0 
7f29f03e6000-7f29f4000000 ---p 00000000 00:00 0 
7f29f4001000-7f29f40c6000 rw-p 00000000 00:00 0 
7f29f40c6000-7f29f40c7000 ---p 00000000 00:00 0 
7f29f40c7000-7f29f41c7000 rw-p 00000000 00:00 0 
7f29f41c7000-7f29f41c8000 ---p 00000000 00:00 0 
7f29f41c8000-7f29f42c8000 rw-p 00000000 00:00 0 
7f29f42c8000-7f29f42e3000 r-xp 00000000 103:06 806463                    /usr/lib/jvm/java-8-oracle/jre/lib/amd64/libzip.so
7f29f42e3000-7f29f44e3000 ---p 0001b000 103:06 806463                    /usr/lib/jvm/java-8-oracle/jre/lib/amd64/libzip.so
7f29f44e3000-7f29f44e4000 rw-p 0001b000 103:06 806463                    /usr/lib/jvm/java-8-oracle/jre/lib/amd64/libzip.so
7f29f44e4000-7f29f44ef000 r-xp 00000000 103:06 1725579                   /lib/x86_64-linux-gnu/libnss_files-2.26.so
7f29f44ef000-7f29f46ee000 ---p 0000b000 103:06 1725579                   /lib/x86_64-linux-gnu/libnss_files-2.26.so
7f29f46ee000-7f29f46ef000 r--p 0000a000 103:06 1725579                   /lib/x86_64-linux-gnu/libnss_files-2.26.so
7f29f46ef000-7f29f46f0000 rw-p 0000b000 103:06 1725579                   /lib/x86_64-linux-gnu/libnss_files-2.26.so
7f29f46f0000-7f29f46f6000 rw-p 00000000 00:00 0 
7f29f46f6000-7f29f4701000 r-xp 00000000 103:06 1725581                   /lib/x86_64-linux-gnu/libnss_nis-2.26.so
7f29f4701000-7f29f4900000 ---p 0000b000 103:06 1725581                   /lib/x86_64-linux-gnu/libnss_nis-2.26.so
7f29f4900000-7f29f4901000 r--p 0000a000 103:06 1725581                   /lib/x86_64-linux-gnu/libnss_nis-2.26.so
7f29f4901000-7f29f4902000 rw-p 0000b000 103:06 1725581                   /lib/x86_64-linux-gnu/libnss_nis-2.26.so
7f29f4902000-7f29f4919000 r-xp 00000000 103:06 1725576                   /lib/x86_64-linux-gnu/libnsl-2.26.so
7f29f4919000-7f29f4b18000 ---p 00017000 103:06 1725576                   /lib/x86_64-linux-gnu/libnsl-2.26.so
7f29f4b18000-7f29f4b19000 r--p 00016000 103:06 1725576                   /lib/x86_64-linux-gnu/libnsl-2.26.so
7f29f4b19000-7f29f4b1a000 rw-p 00017000 103:06 1725576                   /lib/x86_64-linux-gnu/libnsl-2.26.so
7f29f4b1a000-7f29f4b1c000 rw-p 00000000 00:00 0 
7f29f4b1c000-7f29f4b24000 r-xp 00000000 103:06 1725577                   /lib/x86_64-linux-gnu/libnss_compat-2.26.so
7f29f4b24000-7f29f4d23000 ---p 00008000 103:06 1725577                   /lib/x86_64-linux-gnu/libnss_compat-2.26.so
7f29f4d23000-7f29f4d24000 r--p 00007000 103:06 1725577                   /lib/x86_64-linux-gnu/libnss_compat-2.26.so
7f29f4d24000-7f29f4d25000 rw-p 00008000 103:06 1725577                   /lib/x86_64-linux-gnu/libnss_compat-2.26.so
7f29f4d25000-7f29f4d50000 r-xp 00000000 103:06 806457                    /usr/lib/jvm/java-8-oracle/jre/lib/amd64/libjava.so
7f29f4d50000-7f29f4f4f000 ---p 0002b000 103:06 806457                    /usr/lib/jvm/java-8-oracle/jre/lib/amd64/libjava.so
7f29f4f4f000-7f29f4f51000 rw-p 0002a000 103:06 806457                    /usr/lib/jvm/java-8-oracle/jre/lib/amd64/libjava.so
7f29f4f51000-7f29f4f5e000 r-xp 00000000 103:06 806462                    /usr/lib/jvm/java-8-oracle/jre/lib/amd64/libverify.so
7f29f4f5e000-7f29f515e000 ---p 0000d000 103:06 806462                    /usr/lib/jvm/java-8-oracle/jre/lib/amd64/libverify.so
7f29f515e000-7f29f5160000 rw-p 0000d000 103:06 806462                    /usr/lib/jvm/java-8-oracle/jre/lib/amd64/libverify.so
7f29f5160000-7f29f5167000 r-xp 00000000 103:06 1725588                   /lib/x86_64-linux-gnu/librt-2.26.so
7f29f5167000-7f29f5366000 ---p 00007000 103:06 1725588                   /lib/x86_64-linux-gnu/librt-2.26.so
7f29f5366000-7f29f5367000 r--p 00006000 103:06 1725588                   /lib/x86_64-linux-gnu/librt-2.26.so
7f29f5367000-7f29f5368000 rw-p 00007000 103:06 1725588                   /lib/x86_64-linux-gnu/librt-2.26.so
7f29f5368000-7f29f54bd000 r-xp 00000000 103:06 1725573                   /lib/x86_64-linux-gnu/libm-2.26.so
7f29f54bd000-7f29f56bc000 ---p 00155000 103:06 1725573                   /lib/x86_64-linux-gnu/libm-2.26.so
7f29f56bc000-7f29f56bd000 r--p 00154000 103:06 1725573                   /lib/x86_64-linux-gnu/libm-2.26.so
7f29f56bd000-7f29f56be000 rw-p 00155000 103:06 1725573                   /lib/x86_64-linux-gnu/libm-2.26.so
7f29f56be000-7f29f6397000 r-xp 00000000 103:06 806415                    /usr/lib/jvm/java-8-oracle/jre/lib/amd64/server/libjvm.so
7f29f6397000-7f29f6596000 ---p 00cd9000 103:06 806415                    /usr/lib/jvm/java-8-oracle/jre/lib/amd64/server/libjvm.so
7f29f6596000-7f29f666f000 rw-p 00cd8000 103:06 806415                    /usr/lib/jvm/java-8-oracle/jre/lib/amd64/server/libjvm.so
7f29f666f000-7f29f66bb000 rw-p 00000000 00:00 0 
7f29f66bb000-7f29f6891000 r-xp 00000000 103:06 1725569                   /lib/x86_64-linux-gnu/libc-2.26.so
7f29f6891000-7f29f6a91000 ---p 001d6000 103:06 1725569                   /lib/x86_64-linux-gnu/libc-2.26.so
7f29f6a91000-7f29f6a95000 r--p 001d6000 103:06 1725569                   /lib/x86_64-linux-gnu/libc-2.26.so
7f29f6a95000-7f29f6a97000 rw-p 001da000 103:06 1725569                   /lib/x86_64-linux-gnu/libc-2.26.so
7f29f6a97000-7f29f6a9b000 rw-p 00000000 00:00 0 
7f29f6a9b000-7f29f6a9e000 r-xp 00000000 103:06 1725572                   /lib/x86_64-linux-gnu/libdl-2.26.so
7f29f6a9e000-7f29f6c9d000 ---p 00003000 103:06 1725572                   /lib/x86_64-linux-gnu/libdl-2.26.so
7f29f6c9d000-7f29f6c9e000 r--p 00002000 103:06 1725572                   /lib/x86_64-linux-gnu/libdl-2.26.so
7f29f6c9e000-7f29f6c9f000 rw-p 00003000 103:06 1725572                   /lib/x86_64-linux-gnu/libdl-2.26.so
7f29f6c9f000-7f29f6cb5000 r-xp 00000000 103:06 677025                    /usr/lib/jvm/java-8-oracle/lib/amd64/jli/libjli.so
7f29f6cb5000-7f29f6eb4000 ---p 00016000 103:06 677025                    /usr/lib/jvm/java-8-oracle/lib/amd64/jli/libjli.so
7f29f6eb4000-7f29f6eb5000 rw-p 00015000 103:06 677025                    /usr/lib/jvm/java-8-oracle/lib/amd64/jli/libjli.so
7f29f6eb5000-7f29f6ecf000 r-xp 00000000 103:06 1725586                   /lib/x86_64-linux-gnu/libpthread-2.26.so
7f29f6ecf000-7f29f70ce000 ---p 0001a000 103:06 1725586                   /lib/x86_64-linux-gnu/libpthread-2.26.so
7f29f70ce000-7f29f70cf000 r--p 00019000 103:06 1725586                   /lib/x86_64-linux-gnu/libpthread-2.26.so
7f29f70cf000-7f29f70d0000 rw-p 0001a000 103:06 1725586                   /lib/x86_64-linux-gnu/libpthread-2.26.so
7f29f70d0000-7f29f70d4000 rw-p 00000000 00:00 0 
7f29f70d4000-7f29f70fb000 r-xp 00000000 103:06 1718427                   /lib/x86_64-linux-gnu/ld-2.26.so
7f29f70fe000-7f29f7103000 r--s 00084000 103:06 806358                    /usr/lib/jvm/java-8-oracle/jre/lib/jfr.jar
7f29f7103000-7f29f7108000 r--s 002f9000 103:06 806396                    /usr/lib/jvm/java-8-oracle/jre/lib/charsets.jar
7f29f7108000-7f29f710b000 r--s 0001a000 103:06 806483                    /usr/lib/jvm/java-8-oracle/jre/lib/jce.jar
7f29f710b000-7f29f71d3000 rw-p 00000000 00:00 0 
7f29f71d3000-7f29f71d6000 ---p 00000000 00:00 0 
7f29f71d6000-7f29f72d8000 rw-p 00000000 00:00 0 
7f29f72d9000-7f29f72de000 r--s 0009d000 103:06 806408                    /usr/lib/jvm/java-8-oracle/jre/lib/jsse.jar
7f29f72de000-7f29f72f1000 r--s 00345000 103:06 806407                    /usr/lib/jvm/java-8-oracle/jre/lib/resources.jar
7f29f72f1000-7f29f72f9000 rw-s 00000000 103:06 1839099                   /tmp/hsperfdata_ahmed/22566
7f29f72f9000-7f29f72fa000 rw-p 00000000 00:00 0 
7f29f72fa000-7f29f72fb000 ---p 00000000 00:00 0 
7f29f72fb000-7f29f72fc000 r--p 00027000 103:06 1718427                   /lib/x86_64-linux-gnu/ld-2.26.so
7f29f72fc000-7f29f72fd000 rw-p 00028000 103:06 1718427                   /lib/x86_64-linux-gnu/ld-2.26.so
7f29f72fd000-7f29f72fe000 rw-p 00000000 00:00 0 
7ffd10bff000-7ffd10c20000 rw-p 00000000 00:00 0                          [stack]
7ffd10c2e000-7ffd10c31000 r--p 00000000 00:00 0                          [vvar]
7ffd10c31000-7ffd10c33000 r-xp 00000000 00:00 0                          [vdso]
ffffffffff600000-ffffffffff601000 r-xp 00000000 00:00 0                  [vsyscall]

VM Arguments:
jvm_args: -Xmx10g -Dfile.encoding=UTF-8 
java_command: main.Main
java_class_path (initial): /usr/lib/jvm/java-8-oracle/jre/lib/resources.jar:/usr/lib/jvm/java-8-oracle/jre/lib/rt.jar:/usr/lib/jvm/java-8-oracle/jre/lib/jsse.jar:/usr/lib/jvm/java-8-oracle/jre/lib/jce.jar:/usr/lib/jvm/java-8-oracle/jre/lib/charsets.jar:/usr/lib/jvm/java-8-oracle/jre/lib/jfr.jar:/usr/lib/jvm/java-8-oracle/jre/lib/ext/cldrdata.jar:/usr/lib/jvm/java-8-oracle/jre/lib/ext/dnsns.jar:/usr/lib/jvm/java-8-oracle/jre/lib/ext/sunjce_provider.jar:/usr/lib/jvm/java-8-oracle/jre/lib/ext/sunpkcs11.jar:/usr/lib/jvm/java-8-oracle/jre/lib/ext/jaccess.jar:/usr/lib/jvm/java-8-oracle/jre/lib/ext/nashorn.jar:/usr/lib/jvm/java-8-oracle/jre/lib/ext/sunec.jar:/usr/lib/jvm/java-8-oracle/jre/lib/ext/zipfs.jar:/usr/lib/jvm/java-8-oracle/jre/lib/ext/jfxrt.jar:/usr/lib/jvm/java-8-oracle/jre/lib/ext/localedata.jar:/home/ahmed/Desktop/eclipse-projects/RDF-Doctor/target/classes:/home/ahmed/Desktop/eclipse-projects/RDF-Doctor/lib/commons-io-2.6.jar:/home/ahmed/Desktop/eclipse-projects/RDF-Doctor/lib/antlr-4.7.1-complete.jar
Launcher Type: SUN_STANDARD

Environment Variables:
JAVA_HOME=/usr/lib/jvm/java-8-oracle
PATH=/opt/maven/bin:/usr/local/sbin:/usr/local/bin:/usr/sbin:/usr/bin:/sbin:/bin:/usr/games:/usr/local/games:/snap/bin:/usr/lib/jvm/java-8-oracle/bin:/usr/lib/jvm/java-8-oracle/db/bin:/usr/lib/jvm/java-8-oracle/jre/bin
USERNAME=ahmed
SHELL=/bin/bash
DISPLAY=:1

Signal Handlers:
SIGSEGV: [libjvm.so+0xad01e0], sa_mask[0]=11111111011111111101111111111110, sa_flags=SA_RESTART|SA_SIGINFO
SIGBUS: [libjvm.so+0xad01e0], sa_mask[0]=11111111011111111101111111111110, sa_flags=SA_RESTART|SA_SIGINFO
SIGFPE: [libjvm.so+0x927fb0], sa_mask[0]=11111111011111111101111111111110, sa_flags=SA_RESTART|SA_SIGINFO
SIGPIPE: [libjvm.so+0x927fb0], sa_mask[0]=11111111011111111101111111111110, sa_flags=SA_RESTART|SA_SIGINFO
SIGXFSZ: [libjvm.so+0x927fb0], sa_mask[0]=11111111011111111101111111111110, sa_flags=SA_RESTART|SA_SIGINFO
SIGILL: [libjvm.so+0x927fb0], sa_mask[0]=11111111011111111101111111111110, sa_flags=SA_RESTART|SA_SIGINFO
SIGUSR1: SIG_DFL, sa_mask[0]=00000000000000000000000000000000, sa_flags=none
SIGUSR2: [libjvm.so+0x9297f0], sa_mask[0]=00100000000000000000000000000000, sa_flags=SA_RESTART|SA_SIGINFO
SIGHUP: [libjvm.so+0x92abf0], sa_mask[0]=11111111011111111101111111111110, sa_flags=SA_RESTART|SA_SIGINFO
SIGINT: [libjvm.so+0x92abf0], sa_mask[0]=11111111011111111101111111111110, sa_flags=SA_RESTART|SA_SIGINFO
SIGTERM: [libjvm.so+0x92abf0], sa_mask[0]=11111111011111111101111111111110, sa_flags=SA_RESTART|SA_SIGINFO
SIGQUIT: [libjvm.so+0x92abf0], sa_mask[0]=11111111011111111101111111111110, sa_flags=SA_RESTART|SA_SIGINFO


---------------  S Y S T E M  ---------------

OS:DISTRIB_ID=Ubuntu
DISTRIB_RELEASE=17.10
DISTRIB_CODENAME=artful
DISTRIB_DESCRIPTION="Ubuntu 17.10"

uname:Linux 4.13.0-45-generic #50-Ubuntu SMP Wed May 30 08:23:18 UTC 2018 x86_64
libc:glibc 2.26 NPTL 2.26 
rlimit: STACK 8192k, CORE 0k, NPROC 63187, NOFILE 4096, AS infinity
load average:2.82 1.56 1.02

/proc/meminfo:
MemTotal:       16280364 kB
MemFree:          162524 kB
MemAvailable:     129176 kB
Buffers:           10980 kB
Cached:           460472 kB
SwapCached:        68624 kB
Active:         14170052 kB
Inactive:        1369132 kB
Active(anon):   14073596 kB
Inactive(anon):  1276308 kB
Active(file):      96456 kB
Inactive(file):    92824 kB
Unevictable:        1200 kB
Mlocked:            1200 kB
SwapTotal:       1537788 kB
SwapFree:              0 kB
Dirty:              2476 kB
Writeback:             0 kB
AnonPages:      15001520 kB
Mapped:           559528 kB
Shmem:            294924 kB
Slab:             164532 kB
SReclaimable:      70256 kB
SUnreclaim:        94276 kB
KernelStack:       22704 kB
PageTables:       137392 kB
NFS_Unstable:          0 kB
Bounce:                0 kB
WritebackTmp:          0 kB
CommitLimit:     9677968 kB
Committed_AS:   28626424 kB
VmallocTotal:   34359738367 kB
VmallocUsed:           0 kB
VmallocChunk:          0 kB
HardwareCorrupted:     0 kB
AnonHugePages:         0 kB
ShmemHugePages:        0 kB
ShmemPmdMapped:        0 kB
CmaTotal:              0 kB
CmaFree:               0 kB
HugePages_Total:       0
HugePages_Free:        0
HugePages_Rsvd:        0
HugePages_Surp:        0
Hugepagesize:       2048 kB
DirectMap4k:      604244 kB
DirectMap2M:    16027648 kB
DirectMap1G:           0 kB


CPU:total 4 (initial active 4) (4 cores per cpu, 1 threads per core) family 6 model 158 stepping 9, cmov, cx8, fxsr, mmx, sse, sse2, sse3, ssse3, sse4.1, sse4.2, popcnt, avx, avx2, aes, clmul, erms, rtm, 3dnowpref, lzcnt, tsc, tscinvbit, bmi1, bmi2, adx

/proc/cpuinfo:
processor	: 0
vendor_id	: GenuineIntel
cpu family	: 6
model		: 158
model name	: Intel(R) Core(TM) i5-7440HQ CPU @ 2.80GHz
stepping	: 9
microcode	: 0x84
cpu MHz		: 3341.461
cache size	: 6144 KB
physical id	: 0
siblings	: 4
core id		: 0
cpu cores	: 4
apicid		: 0
initial apicid	: 0
fpu		: yes
fpu_exception	: yes
cpuid level	: 22
wp		: yes
flags		: fpu vme de pse tsc msr pae mce cx8 apic sep mtrr pge mca cmov pat pse36 clflush dts acpi mmx fxsr sse sse2 ss ht tm pbe syscall nx pdpe1gb rdtscp lm constant_tsc art arch_perfmon pebs bts rep_good nopl xtopology nonstop_tsc cpuid aperfmperf tsc_known_freq pni pclmulqdq dtes64 monitor ds_cpl vmx smx est tm2 ssse3 sdbg fma cx16 xtpr pdcm pcid sse4_1 sse4_2 x2apic movbe popcnt tsc_deadline_timer aes xsave avx f16c rdrand lahf_lm abm 3dnowprefetch cpuid_fault epb invpcid_single pti retpoline intel_pt rsb_ctxsw spec_ctrl tpr_shadow vnmi flexpriority ept vpid fsgsbase tsc_adjust bmi1 hle avx2 smep bmi2 erms invpcid rtm mpx rdseed adx smap clflushopt xsaveopt xsavec xgetbv1 xsaves dtherm ida arat pln pts hwp hwp_notify hwp_act_window hwp_epp
bugs		: cpu_meltdown spectre_v1 spectre_v2 spec_store_bypass
bogomips	: 5616.00
clflush size	: 64
cache_alignment	: 64
address sizes	: 39 bits physical, 48 bits virtual
power management:

processor	: 1
vendor_id	: GenuineIntel
cpu family	: 6
model		: 158
model name	: Intel(R) Core(TM) i5-7440HQ CPU @ 2.80GHz
stepping	: 9
microcode	: 0x84
cpu MHz		: 3271.720
cache size	: 6144 KB
physical id	: 0
siblings	: 4
core id		: 1
cpu cores	: 4
apicid		: 2
initial apicid	: 2
fpu		: yes
fpu_exception	: yes
cpuid level	: 22
wp		: yes
flags		: fpu vme de pse tsc msr pae mce cx8 apic sep mtrr pge mca cmov pat pse36 clflush dts acpi mmx fxsr sse sse2 ss ht tm pbe syscall nx pdpe1gb rdtscp lm constant_tsc art arch_perfmon pebs bts rep_good nopl xtopology nonstop_tsc cpuid aperfmperf tsc_known_freq pni pclmulqdq dtes64 monitor ds_cpl vmx smx est tm2 ssse3 sdbg fma cx16 xtpr pdcm pcid sse4_1 sse4_2 x2apic movbe popcnt tsc_deadline_timer aes xsave avx f16c rdrand lahf_lm abm 3dnowprefetch cpuid_fault epb invpcid_single pti retpoline intel_pt rsb_ctxsw spec_ctrl tpr_shadow vnmi flexpriority ept vpid fsgsbase tsc_adjust bmi1 hle avx2 smep bmi2 erms invpcid rtm mpx rdseed adx smap clflushopt xsaveopt xsavec xgetbv1 xsaves dtherm ida arat pln pts hwp hwp_notify hwp_act_window hwp_epp
bugs		: cpu_meltdown spectre_v1 spectre_v2 spec_store_bypass
bogomips	: 5616.00
clflush size	: 64
cache_alignment	: 64
address sizes	: 39 bits physical, 48 bits virtual
power management:

processor	: 2
vendor_id	: GenuineIntel
cpu family	: 6
model		: 158
model name	: Intel(R) Core(TM) i5-7440HQ CPU @ 2.80GHz
stepping	: 9
microcode	: 0x84
cpu MHz		: 3346.330
cache size	: 6144 KB
physical id	: 0
siblings	: 4
core id		: 2
cpu cores	: 4
apicid		: 4
initial apicid	: 4
fpu		: yes
fpu_exception	: yes
cpuid level	: 22
wp		: yes
flags		: fpu vme de pse tsc msr pae mce cx8 apic sep mtrr pge mca cmov pat pse36 clflush dts acpi mmx fxsr sse sse2 ss ht tm pbe syscall nx pdpe1gb rdtscp lm constant_tsc art arch_perfmon pebs bts rep_good nopl xtopology nonstop_tsc cpuid aperfmperf tsc_known_freq pni pclmulqdq dtes64 monitor ds_cpl vmx smx est tm2 ssse3 sdbg fma cx16 xtpr pdcm pcid sse4_1 sse4_2 x2apic movbe popcnt tsc_deadline_timer aes xsave avx f16c rdrand lahf_lm abm 3dnowprefetch cpuid_fault epb invpcid_single pti retpoline intel_pt rsb_ctxsw spec_ctrl tpr_shadow vnmi flexpriority ept vpid fsgsbase tsc_adjust bmi1 hle avx2 smep bmi2 erms invpcid rtm mpx rdseed adx smap clflushopt xsaveopt xsavec xgetbv1 xsaves dtherm ida arat pln pts hwp hwp_notify hwp_act_window hwp_epp
bugs		: cpu_meltdown spectre_v1 spectre_v2 spec_store_bypass
bogomips	: 5616.00
clflush size	: 64
cache_alignment	: 64
address sizes	: 39 bits physical, 48 bits virtual
power management:

processor	: 3
vendor_id	: GenuineIntel
cpu family	: 6
model		: 158
model name	: Intel(R) Core(TM) i5-7440HQ CPU @ 2.80GHz
stepping	: 9
microcode	: 0x84
cpu MHz		: 3266.887
cache size	: 6144 KB
physical id	: 0
siblings	: 4
core id		: 3
cpu cores	: 4
apicid		: 6
initial apicid	: 6
fpu		: yes
fpu_exception	: yes
cpuid level	: 22
wp		: yes
flags		: fpu vme de pse tsc msr pae mce cx8 apic sep mtrr pge mca cmov pat pse36 clflush dts acpi mmx fxsr sse sse2 ss ht tm pbe syscall nx pdpe1gb rdtscp lm constant_tsc art arch_perfmon pebs bts rep_good nopl xtopology nonstop_tsc cpuid aperfmperf tsc_known_freq pni pclmulqdq dtes64 monitor ds_cpl vmx smx est tm2 ssse3 sdbg fma cx16 xtpr pdcm pcid sse4_1 sse4_2 x2apic movbe popcnt tsc_deadline_timer aes xsave avx f16c rdrand lahf_lm abm 3dnowprefetch cpuid_fault epb invpcid_single pti retpoline intel_pt rsb_ctxsw spec_ctrl tpr_shadow vnmi flexpriority ept vpid fsgsbase tsc_adjust bmi1 hle avx2 smep bmi2 erms invpcid rtm mpx rdseed adx smap clflushopt xsaveopt xsavec xgetbv1 xsaves dtherm ida arat pln pts hwp hwp_notify hwp_act_window hwp_epp
bugs		: cpu_meltdown spectre_v1 spectre_v2 spec_store_bypass
bogomips	: 5616.00
clflush size	: 64
cache_alignment	: 64
address sizes	: 39 bits physical, 48 bits virtual
power management:



Memory: 4k page, physical 16280364k(159300k free), swap 1537788k(0k free)

vm_info: Java HotSpot(TM) 64-Bit Server VM (25.161-b12) for linux-amd64 JRE (1.8.0_161-b12), built on Dec 19 2017 16:12:43 by "java_re" with gcc 4.3.0 20080428 (Red Hat 4.3.0-8)

time: Mon Jun 25 05:52:27 2018
elapsed time: 27 seconds (0d 0h 0m 27s)

