#
# There is insufficient memory for the Java Runtime Environment to continue.
# Native memory allocation (mmap) failed to map 234881024 bytes for committing reserved memory.
# Possible reasons:
#   The system is out of physical RAM or swap space
#   In 32 bit mode, the process size limit was hit
# Possible solutions:
#   Reduce memory load on the system
#   Increase physical memory or swap space
#   Check if swap backing store is full
#   Use 64 bit Java on a 64 bit OS
#   Decrease Java heap size (-Xmx/-Xms)
#   Decrease number of Java threads
#   Decrease Java thread stack sizes (-Xss)
#   Set larger code cache with -XX:ReservedCodeCacheSize=
# This output file may be truncated or incomplete.
#
#  Out of Memory Error (os_linux.cpp:2640), pid=30562, tid=0x00007f0a32a11700
#
# JRE version: Java(TM) SE Runtime Environment (8.0_161-b12) (build 1.8.0_161-b12)
# Java VM: Java HotSpot(TM) 64-Bit Server VM (25.161-b12 mixed mode linux-amd64 compressed oops)
# Failed to write core dump. Core dumps have been disabled. To enable core dumping, try "ulimit -c unlimited" before starting Java again
#

---------------  T H R E A D  ---------------

Current thread (0x00007f0a2c00b800):  JavaThread "main" [_thread_in_vm, id=30568, stack(0x00007f0a32911000,0x00007f0a32a12000)]

Stack: [0x00007f0a32911000,0x00007f0a32a12000],  sp=0x00007f0a32a0ff30,  free space=1019k
Native frames: (J=compiled Java code, j=interpreted, Vv=VM code, C=native code)
V  [libjvm.so+0xacf94a]  VMError::report_and_die()+0x2ba
V  [libjvm.so+0x50050b]  report_vm_out_of_memory(char const*, int, unsigned long, VMErrorType, char const*)+0x8b
V  [libjvm.so+0x92b133]  os::Linux::commit_memory_impl(char*, unsigned long, bool)+0x103
V  [libjvm.so+0x92b5c9]  os::pd_commit_memory(char*, unsigned long, unsigned long, bool)+0x29
V  [libjvm.so+0x924c0a]  os::commit_memory(char*, unsigned long, unsigned long, bool)+0x2a
V  [libjvm.so+0x99ab53]  PSVirtualSpace::expand_by(unsigned long)+0x53
V  [libjvm.so+0x98b1d9]  PSOldGen::expand_by(unsigned long)+0x49
V  [libjvm.so+0x98b445]  PSOldGen::expand(unsigned long)+0x1a5
V  [libjvm.so+0x98b6ca]  PSOldGen::expand_and_allocate(unsigned long)+0x1a
V  [libjvm.so+0x98b7eb]  PSOldGen::allocate(unsigned long)+0xcb
V  [libjvm.so+0x94f24e]  ParallelScavengeHeap::mem_allocate(unsigned long, bool*)+0xfe
V  [libjvm.so+0xa9511e]  TypeArrayKlass::allocate_common(int, bool, Thread*)+0x26e
V  [libjvm.so+0x3e105a]  Runtime1::new_type_array(JavaThread*, Klass*, int)+0x2a
v  ~RuntimeStub::new_type_array Runtime1 stub
J 229 C1 java.lang.String.toCharArray()[C (25 bytes) @ 0x00007f0a1cb92247 [0x00007f0a1cb920c0+0x187]
j  org.antlr.v4.runtime.ANTLRInputStream.<init>(Ljava/lang/String;)V+11
j  main.Main.parse(Ljava/lang/String;Ljava/lang/String;)V+34
J 612% C2 main.Main.main([Ljava/lang/String;)V (523 bytes) @ 0x00007f0a1ccf0650 [0x00007f0a1ccefa80+0xbd0]
v  ~StubRoutines::call_stub
V  [libjvm.so+0x695ae6]  JavaCalls::call_helper(JavaValue*, methodHandle*, JavaCallArguments*, Thread*)+0x1056
V  [libjvm.so+0x6d7072]  jni_invoke_static(JNIEnv_*, JavaValue*, _jobject*, JNICallType, _jmethodID*, JNI_ArgumentPusher*, Thread*)+0x362
V  [libjvm.so+0x6f38da]  jni_CallStaticVoidMethod+0x17a
C  [libjli.so+0x80ff]  JavaMain+0x81f
C  [libpthread.so.0+0x77fc]  start_thread+0xdc

Java frames: (J=compiled Java code, j=interpreted, Vv=VM code)
v  ~RuntimeStub::new_type_array Runtime1 stub
J 229 C1 java.lang.String.toCharArray()[C (25 bytes) @ 0x00007f0a1cb92247 [0x00007f0a1cb920c0+0x187]
j  org.antlr.v4.runtime.ANTLRInputStream.<init>(Ljava/lang/String;)V+11
j  main.Main.parse(Ljava/lang/String;Ljava/lang/String;)V+34
J 612% C2 main.Main.main([Ljava/lang/String;)V (523 bytes) @ 0x00007f0a1ccf0650 [0x00007f0a1ccefa80+0xbd0]
v  ~StubRoutines::call_stub

---------------  P R O C E S S  ---------------

Java Threads: ( => current thread )
  0x00007f0a2c13e000 JavaThread "pool-1-thread-1" [_thread_blocked, id=30582, stack(0x00007f0a18584000,0x00007f0a18685000)]
  0x00007f0a2c0ca000 JavaThread "Service Thread" daemon [_thread_blocked, id=30580, stack(0x00007f0a18836000,0x00007f0a18937000)]
  0x00007f0a2c0bf000 JavaThread "C1 CompilerThread2" daemon [_thread_blocked, id=30579, stack(0x00007f0a18937000,0x00007f0a18a38000)]
  0x00007f0a2c0bd000 JavaThread "C2 CompilerThread1" daemon [_thread_blocked, id=30578, stack(0x00007f0a18a38000,0x00007f0a18b39000)]
  0x00007f0a2c0ba000 JavaThread "C2 CompilerThread0" daemon [_thread_blocked, id=30577, stack(0x00007f0a18b39000,0x00007f0a18c3a000)]
  0x00007f0a2c0b8800 JavaThread "Signal Dispatcher" daemon [_thread_blocked, id=30576, stack(0x00007f0a18c3a000,0x00007f0a18d3b000)]
  0x00007f0a2c085800 JavaThread "Finalizer" daemon [_thread_blocked, id=30575, stack(0x00007f0a19017000,0x00007f0a19118000)]
  0x00007f0a2c081000 JavaThread "Reference Handler" daemon [_thread_blocked, id=30574, stack(0x00007f0a19118000,0x00007f0a19219000)]
=>0x00007f0a2c00b800 JavaThread "main" [_thread_in_vm, id=30568, stack(0x00007f0a32911000,0x00007f0a32a12000)]

Other Threads:
  0x00007f0a2c079800 VMThread [stack: 0x00007f0a19219000,0x00007f0a1931a000] [id=30573]
  0x00007f0a2c0cf000 WatcherThread [stack: 0x00007f0a18735000,0x00007f0a18836000] [id=30581]

VM state:not at safepoint (normal execution)

VM Mutex/Monitor currently owned by a thread:  ([mutex/lock_event])
[0x00007f0a2c007850] ExpandHeap_lock - owner thread: 0x00007f0a2c00b800
[0x00007f0a2c0083d0] Heap_lock - owner thread: 0x00007f0a2c00b800

Heap:
 PSYoungGen      total 108544K, used 47569K [0x000000076d300000, 0x000000077ac80000, 0x00000007c0000000)
  eden space 108032K, 44% used [0x000000076d300000,0x000000077016c5d8,0x0000000773c80000)
  from space 512K, 6% used [0x000000077ac00000,0x000000077ac08000,0x000000077ac80000)
  to   space 512K, 0% used [0x000000077ab80000,0x000000077ab80000,0x000000077ac00000)
 ParOldGen       total 2485248K, used 2352983K [0x00000006c7800000, 0x000000075f300000, 0x000000076d300000)
  object space 2485248K, 94% used [0x00000006c7800000,0x00000007571d5cd0,0x000000075f300000)
 Metaspace       used 4380K, capacity 5400K, committed 5760K, reserved 1056768K
  class space    used 496K, capacity 520K, committed 640K, reserved 1048576K

Card table byte_map: [0x00007f0a1be41000,0x00007f0a1c606000] byte_map_base: 0x00007f0a18805000

Marking Bits: (ParMarkBitMap*) 0x00007f0a31dc8920
 Begin Bits: [0x00007f0a003c0000, 0x00007f0a041e0000)
 End Bits:   [0x00007f0a041e0000, 0x00007f0a08000000)

Polling page: 0x00007f0a32a35000

CodeCache: size=245760Kb used=3295Kb max_used=3358Kb free=242464Kb
 bounds [0x00007f0a1c9c6000, 0x00007f0a1cd46000, 0x00007f0a2b9c6000]
 total_blobs=868 nmethods=612 adapters=170
 compilation: enabled

Compilation events (10 events):
Event: 98.951 Thread 0x00007f0a2c0ba000 nmethod 659 0x00007f0a1ccec110 code [0x00007f0a1ccec480, 0x00007f0a1cced918]
Event: 98.951 Thread 0x00007f0a2c0ba000  665       4       org.antlr.v4.runtime.misc.Array2DHashSet::getOrAddImpl (146 bytes)
Event: 98.964 Thread 0x00007f0a2c0bd000 nmethod 662 0x00007f0a1cb1e790 code [0x00007f0a1cb1eb60, 0x00007f0a1cb21298]
Event: 98.964 Thread 0x00007f0a2c0bd000  663       4       java.util.ArrayList::iterator (9 bytes)
Event: 98.965 Thread 0x00007f0a2c0bd000 nmethod 663 0x00007f0a1cb6db10 code [0x00007f0a1cb6dc60, 0x00007f0a1cb6dd38]
Event: 98.965 Thread 0x00007f0a2c0bd000  661       4       java.util.HashMap::get (23 bytes)
Event: 98.965 Thread 0x00007f0a2c0ba000 nmethod 665 0x00007f0a1cadb190 code [0x00007f0a1cadb3e0, 0x00007f0a1cadc648]
Event: 98.967 Thread 0x00007f0a2c0bd000 nmethod 661 0x00007f0a1cb25fd0 code [0x00007f0a1cb26140, 0x00007f0a1cb263f8]
Event: 112.203 Thread 0x00007f0a2c0bf000  668       3       java.util.concurrent.locks.ReentrantLock::unlock (10 bytes)
Event: 112.206 Thread 0x00007f0a2c0bf000 nmethod 668 0x00007f0a1cb41450 code [0x00007f0a1cb415e0, 0x00007f0a1cb419d8]

GC Heap History (10 events):
Event: 114.240 GC heap before
{Heap before GC invocations=83 (full 1):
 PSYoungGen      total 86016K, used 85536K [0x000000076d300000, 0x000000077ac80000, 0x00000007c0000000)
  eden space 85504K, 100% used [0x000000076d300000,0x0000000772680000,0x0000000772680000)
  from space 512K, 6% used [0x000000077ab80000,0x000000077ab88000,0x000000077ac00000)
  to   space 512K, 0% used [0x000000077ac00000,0x000000077ac00000,0x000000077ac80000)
 ParOldGen       total 2250240K, used 2118083K [0x00000006c7800000, 0x0000000750d80000, 0x000000076d300000)
  object space 2250240K, 94% used [0x00000006c7800000,0x0000000748c70ed0,0x0000000750d80000)
 Metaspace       used 4380K, capacity 5400K, committed 5760K, reserved 1056768K
  class space    used 496K, capacity 520K, committed 640K, reserved 1048576K
Event: 114.256 GC heap after
Heap after GC invocations=83 (full 1):
 PSYoungGen      total 83968K, used 32K [0x000000076d300000, 0x000000077ac80000, 0x00000007c0000000)
  eden space 83456K, 0% used [0x000000076d300000,0x000000076d300000,0x0000000772480000)
  from space 512K, 6% used [0x000000077ac00000,0x000000077ac08000,0x000000077ac80000)
  to   space 512K, 0% used [0x000000077ab80000,0x000000077ab80000,0x000000077ac00000)
 ParOldGen       total 2250240K, used 2118083K [0x00000006c7800000, 0x0000000750d80000, 0x000000076d300000)
  object space 2250240K, 94% used [0x00000006c7800000,0x0000000748c70ed0,0x0000000750d80000)
 Metaspace       used 4380K, capacity 5400K, committed 5760K, reserved 1056768K
  class space    used 496K, capacity 520K, committed 640K, reserved 1048576K
}
Event: 115.589 GC heap before
{Heap before GC invocations=84 (full 1):
 PSYoungGen      total 83968K, used 83488K [0x000000076d300000, 0x000000077ac80000, 0x00000007c0000000)
  eden space 83456K, 100% used [0x000000076d300000,0x0000000772480000,0x0000000772480000)
  from space 512K, 6% used [0x000000077ac00000,0x000000077ac08000,0x000000077ac80000)
  to   space 512K, 0% used [0x000000077ab80000,0x000000077ab80000,0x000000077ac00000)
 ParOldGen       total 2250240K, used 2118083K [0x00000006c7800000, 0x0000000750d80000, 0x000000076d300000)
  object space 2250240K, 94% used [0x00000006c7800000,0x0000000748c70ed0,0x0000000750d80000)
 Metaspace       used 4380K, capacity 5400K, committed 5760K, reserved 1056768K
  class space    used 496K, capacity 520K, committed 640K, reserved 1048576K
Event: 115.598 GC heap after
Heap after GC invocations=84 (full 1):
 PSYoungGen      total 81920K, used 32K [0x000000076d300000, 0x000000077ac80000, 0x00000007c0000000)
  eden space 81408K, 0% used [0x000000076d300000,0x000000076d300000,0x0000000772280000)
  from space 512K, 6% used [0x000000077ab80000,0x000000077ab88000,0x000000077ac00000)
  to   space 512K, 0% used [0x000000077ac00000,0x000000077ac00000,0x000000077ac80000)
 ParOldGen       total 2250240K, used 2118091K [0x00000006c7800000, 0x0000000750d80000, 0x000000076d300000)
  object space 2250240K, 94% used [0x00000006c7800000,0x0000000748c72ed0,0x0000000750d80000)
 Metaspace       used 4380K, capacity 5400K, committed 5760K, reserved 1056768K
  class space    used 496K, capacity 520K, committed 640K, reserved 1048576K
}
Event: 116.890 GC heap before
{Heap before GC invocations=85 (full 1):
 PSYoungGen      total 81920K, used 81440K [0x000000076d300000, 0x000000077ac80000, 0x00000007c0000000)
  eden space 81408K, 100% used [0x000000076d300000,0x0000000772280000,0x0000000772280000)
  from space 512K, 6% used [0x000000077ab80000,0x000000077ab88000,0x000000077ac00000)
  to   space 512K, 0% used [0x000000077ac00000,0x000000077ac00000,0x000000077ac80000)
 ParOldGen       total 2250240K, used 2118091K [0x00000006c7800000, 0x0000000750d80000, 0x000000076d300000)
  object space 2250240K, 94% used [0x00000006c7800000,0x0000000748c72ed0,0x0000000750d80000)
 Metaspace       used 4380K, capacity 5400K, committed 5760K, reserved 1056768K
  class space    used 496K, capacity 520K, committed 640K, reserved 1048576K
Event: 116.897 GC heap after
Heap after GC invocations=85 (full 1):
 PSYoungGen      total 79872K, used 32K [0x000000076d300000, 0x000000077ac80000, 0x00000007c0000000)
  eden space 79360K, 0% used [0x000000076d300000,0x000000076d300000,0x0000000772080000)
  from space 512K, 6% used [0x000000077ac00000,0x000000077ac08000,0x000000077ac80000)
  to   space 512K, 0% used [0x000000077ab80000,0x000000077ab80000,0x000000077ac00000)
 ParOldGen       total 2250240K, used 2118099K [0x00000006c7800000, 0x0000000750d80000, 0x000000076d300000)
  object space 2250240K, 94% used [0x00000006c7800000,0x0000000748c74ed0,0x0000000750d80000)
 Metaspace       used 4380K, capacity 5400K, committed 5760K, reserved 1056768K
  class space    used 496K, capacity 520K, committed 640K, reserved 1048576K
}
Event: 118.094 GC heap before
{Heap before GC invocations=86 (full 1):
 PSYoungGen      total 79872K, used 79392K [0x000000076d300000, 0x000000077ac80000, 0x00000007c0000000)
  eden space 79360K, 100% used [0x000000076d300000,0x0000000772080000,0x0000000772080000)
  from space 512K, 6% used [0x000000077ac00000,0x000000077ac08000,0x000000077ac80000)
  to   space 512K, 0% used [0x000000077ab80000,0x000000077ab80000,0x000000077ac00000)
 ParOldGen       total 2250240K, used 2118099K [0x00000006c7800000, 0x0000000750d80000, 0x000000076d300000)
  object space 2250240K, 94% used [0x00000006c7800000,0x0000000748c74ed0,0x0000000750d80000)
 Metaspace       used 4380K, capacity 5400K, committed 5760K, reserved 1056768K
  class space    used 496K, capacity 520K, committed 640K, reserved 1048576K
Event: 118.119 GC heap after
Heap after GC invocations=86 (full 1):
 PSYoungGen      total 93184K, used 32K [0x000000076d300000, 0x000000077ac80000, 0x00000007c0000000)
  eden space 92672K, 0% used [0x000000076d300000,0x000000076d300000,0x0000000772d80000)
  from space 512K, 6% used [0x000000077ab80000,0x000000077ab88000,0x000000077ac00000)
  to   space 512K, 0% used [0x000000077ac00000,0x000000077ac00000,0x000000077ac80000)
 ParOldGen       total 2250240K, used 2118107K [0x00000006c7800000, 0x0000000750d80000, 0x000000076d300000)
  object space 2250240K, 94% used [0x00000006c7800000,0x0000000748c76ed0,0x0000000750d80000)
 Metaspace       used 4380K, capacity 5400K, committed 5760K, reserved 1056768K
  class space    used 496K, capacity 520K, committed 640K, reserved 1048576K
}
Event: 119.667 GC heap before
{Heap before GC invocations=87 (full 1):
 PSYoungGen      total 93184K, used 92704K [0x000000076d300000, 0x000000077ac80000, 0x00000007c0000000)
  eden space 92672K, 100% used [0x000000076d300000,0x0000000772d80000,0x0000000772d80000)
  from space 512K, 6% used [0x000000077ab80000,0x000000077ab88000,0x000000077ac00000)
  to   space 512K, 0% used [0x000000077ac00000,0x000000077ac00000,0x000000077ac80000)
 ParOldGen       total 2250240K, used 2118107K [0x00000006c7800000, 0x0000000750d80000, 0x000000076d300000)
  object space 2250240K, 94% used [0x00000006c7800000,0x0000000748c76ed0,0x0000000750d80000)
 Metaspace       used 4380K, capacity 5400K, committed 5760K, reserved 1056768K
  class space    used 496K, capacity 520K, committed 640K, reserved 1048576K
Event: 119.679 GC heap after
Heap after GC invocations=87 (full 1):
 PSYoungGen      total 108544K, used 32K [0x000000076d300000, 0x000000077ac80000, 0x00000007c0000000)
  eden space 108032K, 0% used [0x000000076d300000,0x000000076d300000,0x0000000773c80000)
  from space 512K, 6% used [0x000000077ac00000,0x000000077ac08000,0x000000077ac80000)
  to   space 512K, 0% used [0x000000077ab80000,0x000000077ab80000,0x000000077ac00000)
 ParOldGen       total 2250240K, used 2118107K [0x00000006c7800000, 0x0000000750d80000, 0x000000076d300000)
  object space 2250240K, 94% used [0x00000006c7800000,0x0000000748c76ed0,0x0000000750d80000)
 Metaspace       used 4380K, capacity 5400K, committed 5760K, reserved 1056768K
  class space    used 496K, capacity 520K, committed 640K, reserved 1048576K
}

Deoptimization events (10 events):
Event: 40.007 Thread 0x00007f0a2c00b800 Uncommon trap: reason=unstable_if action=reinterpret pc=0x00007f0a1cc850f4 method=org.antlr.v4.runtime.atn.LexerATNSimulator.execATN(Lorg/antlr/v4/runtime/CharStream;Lorg/antlr/v4/runtime/dfa/DFAState;)I @ 57
Event: 59.510 Thread 0x00007f0a2c00b800 Uncommon trap: reason=array_check action=maybe_recompile pc=0x00007f0a1ccde058 method=org.antlr.v4.runtime.misc.Array2DHashSet.getOrAddImpl(Ljava/lang/Object;)Ljava/lang/Object; @ 74
Event: 59.510 Thread 0x00007f0a2c00b800 Uncommon trap: reason=array_check action=maybe_recompile pc=0x00007f0a1ccde058 method=org.antlr.v4.runtime.misc.Array2DHashSet.getOrAddImpl(Ljava/lang/Object;)Ljava/lang/Object; @ 74
Event: 59.512 Thread 0x00007f0a2c00b800 Uncommon trap: reason=array_check action=maybe_recompile pc=0x00007f0a1ccfc74c method=org.antlr.v4.runtime.misc.Array2DHashSet.getOrAddImpl(Ljava/lang/Object;)Ljava/lang/Object; @ 74
Event: 59.515 Thread 0x00007f0a2c00b800 Uncommon trap: reason=unstable_if action=reinterpret pc=0x00007f0a1cad2eec method=java.util.HashMap.getNode(ILjava/lang/Object;)Ljava/util/HashMap$Node; @ 129
Event: 59.515 Thread 0x00007f0a2c00b800 Uncommon trap: reason=unstable_if action=reinterpret pc=0x00007f0a1cc42298 method=java.util.HashMap.getNode(ILjava/lang/Object;)Ljava/util/HashMap$Node; @ 129
Event: 59.524 Thread 0x00007f0a2c00b800 Uncommon trap: reason=array_check action=maybe_recompile pc=0x00007f0a1cafd080 method=org.antlr.v4.runtime.misc.Array2DHashSet.getOrAddImpl(Ljava/lang/Object;)Ljava/lang/Object; @ 128
Event: 59.524 Thread 0x00007f0a2c00b800 Uncommon trap: reason=array_check action=maybe_recompile pc=0x00007f0a1cafd080 method=org.antlr.v4.runtime.misc.Array2DHashSet.getOrAddImpl(Ljava/lang/Object;)Ljava/lang/Object; @ 128
Event: 98.925 Thread 0x00007f0a2c00b800 Uncommon trap: reason=array_check action=maybe_recompile pc=0x00007f0a1caf4a44 method=org.antlr.v4.runtime.misc.Array2DHashSet.getOrAddImpl(Ljava/lang/Object;)Ljava/lang/Object; @ 133
Event: 98.946 Thread 0x00007f0a2c00b800 Uncommon trap: reason=array_check action=maybe_recompile pc=0x00007f0a1caf4a44 method=org.antlr.v4.runtime.misc.Array2DHashSet.getOrAddImpl(Ljava/lang/Object;)Ljava/lang/Object; @ 133

Classes redefined (0 events):
No events

Internal exceptions (2 events):
Event: 0.038 Thread 0x00007f0a2c00b800 Exception <a 'java/lang/NoSuchMethodError': Method sun.misc.Unsafe.defineClass(Ljava/lang/String;[BII)Ljava/lang/Class; name or signature does not match> (0x000000076d307ca0) thrown at [/HUDSON/workspace/8-2-build-linux-amd64/jdk8u161/10277/hotspot/src/sh
Event: 0.038 Thread 0x00007f0a2c00b800 Exception <a 'java/lang/NoSuchMethodError': Method sun.misc.Unsafe.prefetchRead(Ljava/lang/Object;J)V name or signature does not match> (0x000000076d307f88) thrown at [/HUDSON/workspace/8-2-build-linux-amd64/jdk8u161/10277/hotspot/src/share/vm/prims/jni.c

Events (10 events):
Event: 114.240 Executing VM operation: ParallelGCFailedAllocation
Event: 114.256 Executing VM operation: ParallelGCFailedAllocation done
Event: 115.589 Executing VM operation: ParallelGCFailedAllocation
Event: 115.598 Executing VM operation: ParallelGCFailedAllocation done
Event: 116.890 Executing VM operation: ParallelGCFailedAllocation
Event: 116.897 Executing VM operation: ParallelGCFailedAllocation done
Event: 118.094 Executing VM operation: ParallelGCFailedAllocation
Event: 118.119 Executing VM operation: ParallelGCFailedAllocation done
Event: 119.667 Executing VM operation: ParallelGCFailedAllocation
Event: 119.679 Executing VM operation: ParallelGCFailedAllocation done


Dynamic libraries:
00400000-00401000 r-xp 00000000 103:06 676153                            /usr/lib/jvm/java-8-oracle/bin/java
00600000-00601000 rw-p 00000000 103:06 676153                            /usr/lib/jvm/java-8-oracle/bin/java
01705000-01726000 rw-p 00000000 00:00 0                                  [heap]
6c7800000-75f300000 rw-p 00000000 00:00 0 
76d300000-77ac80000 rw-p 00000000 00:00 0 
77ac80000-7c0000000 ---p 00000000 00:00 0 
7c0000000-7c00a0000 rw-p 00000000 00:00 0 
7c00a0000-800000000 ---p 00000000 00:00 0 
7f09d4000000-7f09d4021000 rw-p 00000000 00:00 0 
7f09d4021000-7f09d8000000 ---p 00000000 00:00 0 
7f09dc000000-7f09dc021000 rw-p 00000000 00:00 0 
7f09dc021000-7f09e0000000 ---p 00000000 00:00 0 
7f09e0000000-7f09e0021000 rw-p 00000000 00:00 0 
7f09e0021000-7f09e4000000 ---p 00000000 00:00 0 
7f09e4000000-7f09e5452000 rw-p 00000000 00:00 0 
7f09e5452000-7f09e8000000 ---p 00000000 00:00 0 
7f09e8000000-7f09e8381000 rw-p 00000000 00:00 0 
7f09e8381000-7f09ec000000 ---p 00000000 00:00 0 
7f09ec000000-7f09ec021000 rw-p 00000000 00:00 0 
7f09ec021000-7f09f0000000 ---p 00000000 00:00 0 
7f09f0000000-7f09f12e3000 rw-p 00000000 00:00 0 
7f09f12e3000-7f09f4000000 ---p 00000000 00:00 0 
7f09f4000000-7f09f4021000 rw-p 00000000 00:00 0 
7f09f4021000-7f09f8000000 ---p 00000000 00:00 0 
7f09f8000000-7f09f8021000 rw-p 00000000 00:00 0 
7f09f8021000-7f09fc000000 ---p 00000000 00:00 0 
7f09fc000000-7f09fc021000 rw-p 00000000 00:00 0 
7f09fc021000-7f0a00000000 ---p 00000000 00:00 0 
7f0a003c0000-7f0a08000000 rw-p 00000000 00:00 0 
7f0a08000000-7f0a08021000 rw-p 00000000 00:00 0 
7f0a08021000-7f0a0c000000 ---p 00000000 00:00 0 
7f0a0c000000-7f0a0c021000 rw-p 00000000 00:00 0 
7f0a0c021000-7f0a10000000 ---p 00000000 00:00 0 
7f0a10000000-7f0a10021000 rw-p 00000000 00:00 0 
7f0a10021000-7f0a14000000 ---p 00000000 00:00 0 
7f0a14000000-7f0a14021000 rw-p 00000000 00:00 0 
7f0a14021000-7f0a18000000 ---p 00000000 00:00 0 
7f0a18584000-7f0a18587000 ---p 00000000 00:00 0 
7f0a18587000-7f0a18685000 rw-p 00000000 00:00 0 
7f0a18685000-7f0a1869f000 r--s 00209000 103:06 1062073                   /home/ahmed/Desktop/eclipse-projects/RDF-Doctor/lib/antlr-4.7.1-complete.jar
7f0a1869f000-7f0a18735000 r--s 0110a000 103:06 806264                    /usr/lib/jvm/java-8-oracle/jre/lib/ext/jfxrt.jar
7f0a18735000-7f0a18736000 ---p 00000000 00:00 0 
7f0a18736000-7f0a18836000 rw-p 00000000 00:00 0 
7f0a18836000-7f0a18839000 ---p 00000000 00:00 0 
7f0a18839000-7f0a18937000 rw-p 00000000 00:00 0 
7f0a18937000-7f0a1893a000 ---p 00000000 00:00 0 
7f0a1893a000-7f0a18a38000 rw-p 00000000 00:00 0 
7f0a18a38000-7f0a18a3b000 ---p 00000000 00:00 0 
7f0a18a3b000-7f0a18b39000 rw-p 00000000 00:00 0 
7f0a18b39000-7f0a18b3c000 ---p 00000000 00:00 0 
7f0a18b3c000-7f0a18c3a000 rw-p 00000000 00:00 0 
7f0a18c3a000-7f0a18c3d000 ---p 00000000 00:00 0 
7f0a18c3d000-7f0a18d3b000 rw-p 00000000 00:00 0 
7f0a18d3b000-7f0a19017000 r--p 00000000 103:06 132049                    /usr/lib/locale/locale-archive
7f0a19017000-7f0a1901a000 ---p 00000000 00:00 0 
7f0a1901a000-7f0a19118000 rw-p 00000000 00:00 0 
7f0a19118000-7f0a1911b000 ---p 00000000 00:00 0 
7f0a1911b000-7f0a19219000 rw-p 00000000 00:00 0 
7f0a19219000-7f0a1921a000 ---p 00000000 00:00 0 
7f0a1921a000-7f0a1a2fc000 rw-p 00000000 00:00 0 
7f0a1a2fc000-7f0a1a4d5000 r--s 03d64000 103:06 806398                    /usr/lib/jvm/java-8-oracle/jre/lib/rt.jar
7f0a1a4d5000-7f0a1aa4b000 rw-p 00000000 00:00 0 
7f0a1aa4b000-7f0a1ad4b000 ---p 00000000 00:00 0 
7f0a1ad4b000-7f0a1b50f000 rw-p 00000000 00:00 0 
7f0a1b50f000-7f0a1b510000 ---p 00000000 00:00 0 
7f0a1b510000-7f0a1b610000 rw-p 00000000 00:00 0 
7f0a1b610000-7f0a1b611000 ---p 00000000 00:00 0 
7f0a1b611000-7f0a1b711000 rw-p 00000000 00:00 0 
7f0a1b711000-7f0a1b712000 ---p 00000000 00:00 0 
7f0a1b712000-7f0a1b812000 rw-p 00000000 00:00 0 
7f0a1b812000-7f0a1b813000 ---p 00000000 00:00 0 
7f0a1b813000-7f0a1bdd1000 rw-p 00000000 00:00 0 
7f0a1bdd1000-7f0a1be41000 ---p 00000000 00:00 0 
7f0a1be41000-7f0a1c2ff000 rw-p 00000000 00:00 0 
7f0a1c2ff000-7f0a1c36e000 ---p 00000000 00:00 0 
7f0a1c36e000-7f0a1c3dc000 rw-p 00000000 00:00 0 
7f0a1c3dc000-7f0a1c605000 ---p 00000000 00:00 0 
7f0a1c605000-7f0a1c614000 rw-p 00000000 00:00 0 
7f0a1c614000-7f0a1c9c6000 ---p 00000000 00:00 0 
7f0a1c9c6000-7f0a1cd46000 rwxp 00000000 00:00 0 
7f0a1cd46000-7f0a2b9c6000 ---p 00000000 00:00 0 
7f0a2b9c6000-7f0a2b9e1000 r-xp 00000000 103:06 806463                    /usr/lib/jvm/java-8-oracle/jre/lib/amd64/libzip.so
7f0a2b9e1000-7f0a2bbe1000 ---p 0001b000 103:06 806463                    /usr/lib/jvm/java-8-oracle/jre/lib/amd64/libzip.so
7f0a2bbe1000-7f0a2bbe2000 rw-p 0001b000 103:06 806463                    /usr/lib/jvm/java-8-oracle/jre/lib/amd64/libzip.so
7f0a2bbe2000-7f0a2bbed000 r-xp 00000000 103:06 1725579                   /lib/x86_64-linux-gnu/libnss_files-2.26.so
7f0a2bbed000-7f0a2bdec000 ---p 0000b000 103:06 1725579                   /lib/x86_64-linux-gnu/libnss_files-2.26.so
7f0a2bdec000-7f0a2bded000 r--p 0000a000 103:06 1725579                   /lib/x86_64-linux-gnu/libnss_files-2.26.so
7f0a2bded000-7f0a2bdee000 rw-p 0000b000 103:06 1725579                   /lib/x86_64-linux-gnu/libnss_files-2.26.so
7f0a2bdee000-7f0a2bdf4000 rw-p 00000000 00:00 0 
7f0a2bdf4000-7f0a2bdff000 r-xp 00000000 103:06 1725581                   /lib/x86_64-linux-gnu/libnss_nis-2.26.so
7f0a2bdff000-7f0a2bffe000 ---p 0000b000 103:06 1725581                   /lib/x86_64-linux-gnu/libnss_nis-2.26.so
7f0a2bffe000-7f0a2bfff000 r--p 0000a000 103:06 1725581                   /lib/x86_64-linux-gnu/libnss_nis-2.26.so
7f0a2bfff000-7f0a2c000000 rw-p 0000b000 103:06 1725581                   /lib/x86_64-linux-gnu/libnss_nis-2.26.so
7f0a2c000000-7f0a2c47c000 rw-p 00000000 00:00 0 
7f0a2c47c000-7f0a30000000 ---p 00000000 00:00 0 
7f0a30013000-7f0a30017000 r--s 00031000 103:06 1060185                   /home/ahmed/Desktop/eclipse-projects/RDF-Doctor/lib/commons-io-2.6.jar
7f0a30017000-7f0a3001c000 r--s 00084000 103:06 806358                    /usr/lib/jvm/java-8-oracle/jre/lib/jfr.jar
7f0a3001c000-7f0a3003d000 rw-p 00000000 00:00 0 
7f0a3003d000-7f0a30054000 r-xp 00000000 103:06 1725576                   /lib/x86_64-linux-gnu/libnsl-2.26.so
7f0a30054000-7f0a30253000 ---p 00017000 103:06 1725576                   /lib/x86_64-linux-gnu/libnsl-2.26.so
7f0a30253000-7f0a30254000 r--p 00016000 103:06 1725576                   /lib/x86_64-linux-gnu/libnsl-2.26.so
7f0a30254000-7f0a30255000 rw-p 00017000 103:06 1725576                   /lib/x86_64-linux-gnu/libnsl-2.26.so
7f0a30255000-7f0a30257000 rw-p 00000000 00:00 0 
7f0a30257000-7f0a3025f000 r-xp 00000000 103:06 1725577                   /lib/x86_64-linux-gnu/libnss_compat-2.26.so
7f0a3025f000-7f0a3045e000 ---p 00008000 103:06 1725577                   /lib/x86_64-linux-gnu/libnss_compat-2.26.so
7f0a3045e000-7f0a3045f000 r--p 00007000 103:06 1725577                   /lib/x86_64-linux-gnu/libnss_compat-2.26.so
7f0a3045f000-7f0a30460000 rw-p 00008000 103:06 1725577                   /lib/x86_64-linux-gnu/libnss_compat-2.26.so
7f0a30460000-7f0a3048b000 r-xp 00000000 103:06 806457                    /usr/lib/jvm/java-8-oracle/jre/lib/amd64/libjava.so
7f0a3048b000-7f0a3068a000 ---p 0002b000 103:06 806457                    /usr/lib/jvm/java-8-oracle/jre/lib/amd64/libjava.so
7f0a3068a000-7f0a3068c000 rw-p 0002a000 103:06 806457                    /usr/lib/jvm/java-8-oracle/jre/lib/amd64/libjava.so
7f0a3068c000-7f0a30699000 r-xp 00000000 103:06 806462                    /usr/lib/jvm/java-8-oracle/jre/lib/amd64/libverify.so
7f0a30699000-7f0a30899000 ---p 0000d000 103:06 806462                    /usr/lib/jvm/java-8-oracle/jre/lib/amd64/libverify.so
7f0a30899000-7f0a3089b000 rw-p 0000d000 103:06 806462                    /usr/lib/jvm/java-8-oracle/jre/lib/amd64/libverify.so
7f0a3089b000-7f0a308a2000 r-xp 00000000 103:06 1725588                   /lib/x86_64-linux-gnu/librt-2.26.so
7f0a308a2000-7f0a30aa1000 ---p 00007000 103:06 1725588                   /lib/x86_64-linux-gnu/librt-2.26.so
7f0a30aa1000-7f0a30aa2000 r--p 00006000 103:06 1725588                   /lib/x86_64-linux-gnu/librt-2.26.so
7f0a30aa2000-7f0a30aa3000 rw-p 00007000 103:06 1725588                   /lib/x86_64-linux-gnu/librt-2.26.so
7f0a30aa3000-7f0a30bf8000 r-xp 00000000 103:06 1725573                   /lib/x86_64-linux-gnu/libm-2.26.so
7f0a30bf8000-7f0a30df7000 ---p 00155000 103:06 1725573                   /lib/x86_64-linux-gnu/libm-2.26.so
7f0a30df7000-7f0a30df8000 r--p 00154000 103:06 1725573                   /lib/x86_64-linux-gnu/libm-2.26.so
7f0a30df8000-7f0a30df9000 rw-p 00155000 103:06 1725573                   /lib/x86_64-linux-gnu/libm-2.26.so
7f0a30df9000-7f0a31ad2000 r-xp 00000000 103:06 806415                    /usr/lib/jvm/java-8-oracle/jre/lib/amd64/server/libjvm.so
7f0a31ad2000-7f0a31cd1000 ---p 00cd9000 103:06 806415                    /usr/lib/jvm/java-8-oracle/jre/lib/amd64/server/libjvm.so
7f0a31cd1000-7f0a31daa000 rw-p 00cd8000 103:06 806415                    /usr/lib/jvm/java-8-oracle/jre/lib/amd64/server/libjvm.so
7f0a31daa000-7f0a31df6000 rw-p 00000000 00:00 0 
7f0a31df6000-7f0a31fcc000 r-xp 00000000 103:06 1725569                   /lib/x86_64-linux-gnu/libc-2.26.so
7f0a31fcc000-7f0a321cc000 ---p 001d6000 103:06 1725569                   /lib/x86_64-linux-gnu/libc-2.26.so
7f0a321cc000-7f0a321d0000 r--p 001d6000 103:06 1725569                   /lib/x86_64-linux-gnu/libc-2.26.so
7f0a321d0000-7f0a321d2000 rw-p 001da000 103:06 1725569                   /lib/x86_64-linux-gnu/libc-2.26.so
7f0a321d2000-7f0a321d6000 rw-p 00000000 00:00 0 
7f0a321d6000-7f0a321d9000 r-xp 00000000 103:06 1725572                   /lib/x86_64-linux-gnu/libdl-2.26.so
7f0a321d9000-7f0a323d8000 ---p 00003000 103:06 1725572                   /lib/x86_64-linux-gnu/libdl-2.26.so
7f0a323d8000-7f0a323d9000 r--p 00002000 103:06 1725572                   /lib/x86_64-linux-gnu/libdl-2.26.so
7f0a323d9000-7f0a323da000 rw-p 00003000 103:06 1725572                   /lib/x86_64-linux-gnu/libdl-2.26.so
7f0a323da000-7f0a323f0000 r-xp 00000000 103:06 677025                    /usr/lib/jvm/java-8-oracle/lib/amd64/jli/libjli.so
7f0a323f0000-7f0a325ef000 ---p 00016000 103:06 677025                    /usr/lib/jvm/java-8-oracle/lib/amd64/jli/libjli.so
7f0a325ef000-7f0a325f0000 rw-p 00015000 103:06 677025                    /usr/lib/jvm/java-8-oracle/lib/amd64/jli/libjli.so
7f0a325f0000-7f0a3260a000 r-xp 00000000 103:06 1725586                   /lib/x86_64-linux-gnu/libpthread-2.26.so
7f0a3260a000-7f0a32809000 ---p 0001a000 103:06 1725586                   /lib/x86_64-linux-gnu/libpthread-2.26.so
7f0a32809000-7f0a3280a000 r--p 00019000 103:06 1725586                   /lib/x86_64-linux-gnu/libpthread-2.26.so
7f0a3280a000-7f0a3280b000 rw-p 0001a000 103:06 1725586                   /lib/x86_64-linux-gnu/libpthread-2.26.so
7f0a3280b000-7f0a3280f000 rw-p 00000000 00:00 0 
7f0a3280f000-7f0a32836000 r-xp 00000000 103:06 1718427                   /lib/x86_64-linux-gnu/ld-2.26.so
7f0a32836000-7f0a3283b000 r--s 002f9000 103:06 806396                    /usr/lib/jvm/java-8-oracle/jre/lib/charsets.jar
7f0a3283b000-7f0a32840000 r--s 0009d000 103:06 806408                    /usr/lib/jvm/java-8-oracle/jre/lib/jsse.jar
7f0a32840000-7f0a32911000 rw-p 00000000 00:00 0 
7f0a32911000-7f0a32914000 ---p 00000000 00:00 0 
7f0a32914000-7f0a32a16000 rw-p 00000000 00:00 0 
7f0a32a16000-7f0a32a19000 r--s 0001a000 103:06 806483                    /usr/lib/jvm/java-8-oracle/jre/lib/jce.jar
7f0a32a19000-7f0a32a2c000 r--s 00345000 103:06 806407                    /usr/lib/jvm/java-8-oracle/jre/lib/resources.jar
7f0a32a2c000-7f0a32a34000 rw-s 00000000 103:06 1837646                   /tmp/hsperfdata_ahmed/30562
7f0a32a34000-7f0a32a35000 rw-p 00000000 00:00 0 
7f0a32a35000-7f0a32a36000 r--p 00000000 00:00 0 
7f0a32a36000-7f0a32a37000 r--p 00027000 103:06 1718427                   /lib/x86_64-linux-gnu/ld-2.26.so
7f0a32a37000-7f0a32a38000 rw-p 00028000 103:06 1718427                   /lib/x86_64-linux-gnu/ld-2.26.so
7f0a32a38000-7f0a32a39000 rw-p 00000000 00:00 0 
7ffd007ba000-7ffd007db000 rw-p 00000000 00:00 0                          [stack]
7ffd007e8000-7ffd007eb000 r--p 00000000 00:00 0                          [vvar]
7ffd007eb000-7ffd007ed000 r-xp 00000000 00:00 0                          [vdso]
ffffffffff600000-ffffffffff601000 r-xp 00000000 00:00 0                  [vsyscall]

VM Arguments:
jvm_args: -Dfile.encoding=UTF-8 
java_command: main.Main
java_class_path (initial): /usr/lib/jvm/java-8-oracle/jre/lib/resources.jar:/usr/lib/jvm/java-8-oracle/jre/lib/rt.jar:/usr/lib/jvm/java-8-oracle/jre/lib/jsse.jar:/usr/lib/jvm/java-8-oracle/jre/lib/jce.jar:/usr/lib/jvm/java-8-oracle/jre/lib/charsets.jar:/usr/lib/jvm/java-8-oracle/jre/lib/jfr.jar:/usr/lib/jvm/java-8-oracle/jre/lib/ext/cldrdata.jar:/usr/lib/jvm/java-8-oracle/jre/lib/ext/dnsns.jar:/usr/lib/jvm/java-8-oracle/jre/lib/ext/sunjce_provider.jar:/usr/lib/jvm/java-8-oracle/jre/lib/ext/sunpkcs11.jar:/usr/lib/jvm/java-8-oracle/jre/lib/ext/jaccess.jar:/usr/lib/jvm/java-8-oracle/jre/lib/ext/nashorn.jar:/usr/lib/jvm/java-8-oracle/jre/lib/ext/sunec.jar:/usr/lib/jvm/java-8-oracle/jre/lib/ext/zipfs.jar:/usr/lib/jvm/java-8-oracle/jre/lib/ext/jfxrt.jar:/usr/lib/jvm/java-8-oracle/jre/lib/ext/localedata.jar:/home/ahmed/Desktop/eclipse-projects/RDF-Doctor/target/classes:/home/ahmed/Desktop/eclipse-projects/RDF-Doctor/lib/commons-io-2.6.jar:/home/ahmed/Desktop/eclipse-projects/RDF-Doctor/lib/antlr-4.7.1-complete.jar
Launcher Type: SUN_STANDARD

Environment Variables:
JAVA_HOME=/usr/lib/jvm/java-8-oracle
PATH=/opt/maven/bin:/usr/local/sbin:/usr/local/bin:/usr/sbin:/usr/bin:/sbin:/bin:/usr/games:/usr/local/games:/snap/bin:/usr/lib/jvm/java-8-oracle/bin:/usr/lib/jvm/java-8-oracle/db/bin:/usr/lib/jvm/java-8-oracle/jre/bin
USERNAME=ahmed
SHELL=/bin/bash
DISPLAY=:1

Signal Handlers:
SIGSEGV: [libjvm.so+0xad01e0], sa_mask[0]=11111111011111111101111111111110, sa_flags=SA_RESTART|SA_SIGINFO
SIGBUS: [libjvm.so+0xad01e0], sa_mask[0]=11111111011111111101111111111110, sa_flags=SA_RESTART|SA_SIGINFO
SIGFPE: [libjvm.so+0x927fb0], sa_mask[0]=11111111011111111101111111111110, sa_flags=SA_RESTART|SA_SIGINFO
SIGPIPE: [libjvm.so+0x927fb0], sa_mask[0]=11111111011111111101111111111110, sa_flags=SA_RESTART|SA_SIGINFO
SIGXFSZ: [libjvm.so+0x927fb0], sa_mask[0]=11111111011111111101111111111110, sa_flags=SA_RESTART|SA_SIGINFO
SIGILL: [libjvm.so+0x927fb0], sa_mask[0]=11111111011111111101111111111110, sa_flags=SA_RESTART|SA_SIGINFO
SIGUSR1: SIG_DFL, sa_mask[0]=00000000000000000000000000000000, sa_flags=none
SIGUSR2: [libjvm.so+0x9297f0], sa_mask[0]=00100000000000000000000000000000, sa_flags=SA_RESTART|SA_SIGINFO
SIGHUP: [libjvm.so+0x92abf0], sa_mask[0]=11111111011111111101111111111110, sa_flags=SA_RESTART|SA_SIGINFO
SIGINT: [libjvm.so+0x92abf0], sa_mask[0]=11111111011111111101111111111110, sa_flags=SA_RESTART|SA_SIGINFO
SIGTERM: [libjvm.so+0x92abf0], sa_mask[0]=11111111011111111101111111111110, sa_flags=SA_RESTART|SA_SIGINFO
SIGQUIT: [libjvm.so+0x92abf0], sa_mask[0]=11111111011111111101111111111110, sa_flags=SA_RESTART|SA_SIGINFO


---------------  S Y S T E M  ---------------

OS:DISTRIB_ID=Ubuntu
DISTRIB_RELEASE=17.10
DISTRIB_CODENAME=artful
DISTRIB_DESCRIPTION="Ubuntu 17.10"

uname:Linux 4.13.0-41-generic #46-Ubuntu SMP Wed May 2 13:38:30 UTC 2018 x86_64
libc:glibc 2.26 NPTL 2.26 
rlimit: STACK 8192k, CORE 0k, NPROC 63188, NOFILE 4096, AS infinity
load average:1.76 1.07 0.99

/proc/meminfo:
MemTotal:       16280364 kB
MemFree:          143972 kB
MemAvailable:      12844 kB
Buffers:            1344 kB
Cached:           205992 kB
SwapCached:        40044 kB
Active:         14313780 kB
Inactive:        1321088 kB
Active(anon):   14300112 kB
Inactive(anon):  1299848 kB
Active(file):      13668 kB
Inactive(file):    21240 kB
Unevictable:        1232 kB
Mlocked:            1232 kB
SwapTotal:       1537788 kB
SwapFree:           7168 kB
Dirty:               100 kB
Writeback:             0 kB
AnonPages:      15390068 kB
Mapped:           320136 kB
Shmem:            172312 kB
Slab:             137108 kB
SReclaimable:      49388 kB
SUnreclaim:        87720 kB
KernelStack:       20528 kB
PageTables:       116780 kB
NFS_Unstable:          0 kB
Bounce:                0 kB
WritebackTmp:          0 kB
CommitLimit:     9677968 kB
Committed_AS:   26223852 kB
VmallocTotal:   34359738367 kB
VmallocUsed:           0 kB
VmallocChunk:          0 kB
HardwareCorrupted:     0 kB
AnonHugePages:         0 kB
ShmemHugePages:        0 kB
ShmemPmdMapped:        0 kB
CmaTotal:              0 kB
CmaFree:               0 kB
HugePages_Total:       0
HugePages_Free:        0
HugePages_Rsvd:        0
HugePages_Surp:        0
Hugepagesize:       2048 kB
DirectMap4k:      544852 kB
DirectMap2M:    15038464 kB
DirectMap1G:     1048576 kB


CPU:total 4 (initial active 4) (4 cores per cpu, 1 threads per core) family 6 model 158 stepping 9, cmov, cx8, fxsr, mmx, sse, sse2, sse3, ssse3, sse4.1, sse4.2, popcnt, avx, avx2, aes, clmul, erms, rtm, 3dnowpref, lzcnt, tsc, tscinvbit, bmi1, bmi2, adx

/proc/cpuinfo:
processor	: 0
vendor_id	: GenuineIntel
cpu family	: 6
model		: 158
model name	: Intel(R) Core(TM) i5-7440HQ CPU @ 2.80GHz
stepping	: 9
microcode	: 0x84
cpu MHz		: 3361.720
cache size	: 6144 KB
physical id	: 0
siblings	: 4
core id		: 0
cpu cores	: 4
apicid		: 0
initial apicid	: 0
fpu		: yes
fpu_exception	: yes
cpuid level	: 22
wp		: yes
flags		: fpu vme de pse tsc msr pae mce cx8 apic sep mtrr pge mca cmov pat pse36 clflush dts acpi mmx fxsr sse sse2 ss ht tm pbe syscall nx pdpe1gb rdtscp lm constant_tsc art arch_perfmon pebs bts rep_good nopl xtopology nonstop_tsc cpuid aperfmperf tsc_known_freq pni pclmulqdq dtes64 monitor ds_cpl vmx smx est tm2 ssse3 sdbg fma cx16 xtpr pdcm pcid sse4_1 sse4_2 x2apic movbe popcnt tsc_deadline_timer aes xsave avx f16c rdrand lahf_lm abm 3dnowprefetch cpuid_fault epb invpcid_single pti retpoline intel_pt rsb_ctxsw spec_ctrl tpr_shadow vnmi flexpriority ept vpid fsgsbase tsc_adjust bmi1 hle avx2 smep bmi2 erms invpcid rtm mpx rdseed adx smap clflushopt xsaveopt xsavec xgetbv1 xsaves dtherm ida arat pln pts hwp hwp_notify hwp_act_window hwp_epp
bugs		: cpu_meltdown spectre_v1 spectre_v2
bogomips	: 5616.00
clflush size	: 64
cache_alignment	: 64
address sizes	: 39 bits physical, 48 bits virtual
power management:

processor	: 1
vendor_id	: GenuineIntel
cpu family	: 6
model		: 158
model name	: Intel(R) Core(TM) i5-7440HQ CPU @ 2.80GHz
stepping	: 9
microcode	: 0x84
cpu MHz		: 3410.209
cache size	: 6144 KB
physical id	: 0
siblings	: 4
core id		: 1
cpu cores	: 4
apicid		: 2
initial apicid	: 2
fpu		: yes
fpu_exception	: yes
cpuid level	: 22
wp		: yes
flags		: fpu vme de pse tsc msr pae mce cx8 apic sep mtrr pge mca cmov pat pse36 clflush dts acpi mmx fxsr sse sse2 ss ht tm pbe syscall nx pdpe1gb rdtscp lm constant_tsc art arch_perfmon pebs bts rep_good nopl xtopology nonstop_tsc cpuid aperfmperf tsc_known_freq pni pclmulqdq dtes64 monitor ds_cpl vmx smx est tm2 ssse3 sdbg fma cx16 xtpr pdcm pcid sse4_1 sse4_2 x2apic movbe popcnt tsc_deadline_timer aes xsave avx f16c rdrand lahf_lm abm 3dnowprefetch cpuid_fault epb invpcid_single pti retpoline intel_pt rsb_ctxsw spec_ctrl tpr_shadow vnmi flexpriority ept vpid fsgsbase tsc_adjust bmi1 hle avx2 smep bmi2 erms invpcid rtm mpx rdseed adx smap clflushopt xsaveopt xsavec xgetbv1 xsaves dtherm ida arat pln pts hwp hwp_notify hwp_act_window hwp_epp
bugs		: cpu_meltdown spectre_v1 spectre_v2
bogomips	: 5616.00
clflush size	: 64
cache_alignment	: 64
address sizes	: 39 bits physical, 48 bits virtual
power management:

processor	: 2
vendor_id	: GenuineIntel
cpu family	: 6
model		: 158
model name	: Intel(R) Core(TM) i5-7440HQ CPU @ 2.80GHz
stepping	: 9
microcode	: 0x84
cpu MHz		: 3392.710
cache size	: 6144 KB
physical id	: 0
siblings	: 4
core id		: 2
cpu cores	: 4
apicid		: 4
initial apicid	: 4
fpu		: yes
fpu_exception	: yes
cpuid level	: 22
wp		: yes
flags		: fpu vme de pse tsc msr pae mce cx8 apic sep mtrr pge mca cmov pat pse36 clflush dts acpi mmx fxsr sse sse2 ss ht tm pbe syscall nx pdpe1gb rdtscp lm constant_tsc art arch_perfmon pebs bts rep_good nopl xtopology nonstop_tsc cpuid aperfmperf tsc_known_freq pni pclmulqdq dtes64 monitor ds_cpl vmx smx est tm2 ssse3 sdbg fma cx16 xtpr pdcm pcid sse4_1 sse4_2 x2apic movbe popcnt tsc_deadline_timer aes xsave avx f16c rdrand lahf_lm abm 3dnowprefetch cpuid_fault epb invpcid_single pti retpoline intel_pt rsb_ctxsw spec_ctrl tpr_shadow vnmi flexpriority ept vpid fsgsbase tsc_adjust bmi1 hle avx2 smep bmi2 erms invpcid rtm mpx rdseed adx smap clflushopt xsaveopt xsavec xgetbv1 xsaves dtherm ida arat pln pts hwp hwp_notify hwp_act_window hwp_epp
bugs		: cpu_meltdown spectre_v1 spectre_v2
bogomips	: 5616.00
clflush size	: 64
cache_alignment	: 64
address sizes	: 39 bits physical, 48 bits virtual
power management:

processor	: 3
vendor_id	: GenuineIntel
cpu family	: 6
model		: 158
model name	: Intel(R) Core(TM) i5-7440HQ CPU @ 2.80GHz
stepping	: 9
microcode	: 0x84
cpu MHz		: 3392.454
cache size	: 6144 KB
physical id	: 0
siblings	: 4
core id		: 3
cpu cores	: 4
apicid		: 6
initial apicid	: 6
fpu		: yes
fpu_exception	: yes
cpuid level	: 22
wp		: yes
flags		: fpu vme de pse tsc msr pae mce cx8 apic sep mtrr pge mca cmov pat pse36 clflush dts acpi mmx fxsr sse sse2 ss ht tm pbe syscall nx pdpe1gb rdtscp lm constant_tsc art arch_perfmon pebs bts rep_good nopl xtopology nonstop_tsc cpuid aperfmperf tsc_known_freq pni pclmulqdq dtes64 monitor ds_cpl vmx smx est tm2 ssse3 sdbg fma cx16 xtpr pdcm pcid sse4_1 sse4_2 x2apic movbe popcnt tsc_deadline_timer aes xsave avx f16c rdrand lahf_lm abm 3dnowprefetch cpuid_fault epb invpcid_single pti retpoline intel_pt rsb_ctxsw spec_ctrl tpr_shadow vnmi flexpriority ept vpid fsgsbase tsc_adjust bmi1 hle avx2 smep bmi2 erms invpcid rtm mpx rdseed adx smap clflushopt xsaveopt xsavec xgetbv1 xsaves dtherm ida arat pln pts hwp hwp_notify hwp_act_window hwp_epp
bugs		: cpu_meltdown spectre_v1 spectre_v2
bogomips	: 5616.00
clflush size	: 64
cache_alignment	: 64
address sizes	: 39 bits physical, 48 bits virtual
power management:



Memory: 4k page, physical 16280364k(142376k free), swap 1537788k(7168k free)

vm_info: Java HotSpot(TM) 64-Bit Server VM (25.161-b12) for linux-amd64 JRE (1.8.0_161-b12), built on Dec 19 2017 16:12:43 by "java_re" with gcc 4.3.0 20080428 (Red Hat 4.3.0-8)

time: Wed May 16 19:26:45 2018
elapsed time: 120 seconds (0d 0h 2m 0s)

