#
# There is insufficient memory for the Java Runtime Environment to continue.
# Native memory allocation (mmap) failed to map 132120576 bytes for committing reserved memory.
# Possible reasons:
#   The system is out of physical RAM or swap space
#   In 32 bit mode, the process size limit was hit
# Possible solutions:
#   Reduce memory load on the system
#   Increase physical memory or swap space
#   Check if swap backing store is full
#   Use 64 bit Java on a 64 bit OS
#   Decrease Java heap size (-Xmx/-Xms)
#   Decrease number of Java threads
#   Decrease Java thread stack sizes (-Xss)
#   Set larger code cache with -XX:ReservedCodeCacheSize=
# This output file may be truncated or incomplete.
#
#  Out of Memory Error (os_linux.cpp:2640), pid=8025, tid=0x00007f172f3f3700
#
# JRE version: Java(TM) SE Runtime Environment (8.0_161-b12) (build 1.8.0_161-b12)
# Java VM: Java HotSpot(TM) 64-Bit Server VM (25.161-b12 mixed mode linux-amd64 compressed oops)
# Failed to write core dump. Core dumps have been disabled. To enable core dumping, try "ulimit -c unlimited" before starting Java again
#

---------------  T H R E A D  ---------------

Current thread (0x00007f1754079800):  VMThread [stack: 0x00007f172f2f3000,0x00007f172f3f4000] [id=8047]

Stack: [0x00007f172f2f3000,0x00007f172f3f4000],  sp=0x00007f172f3f2050,  free space=1020k
Native frames: (J=compiled Java code, j=interpreted, Vv=VM code, C=native code)
V  [libjvm.so+0xacf94a]  VMError::report_and_die()+0x2ba
V  [libjvm.so+0x50050b]  report_vm_out_of_memory(char const*, int, unsigned long, VMErrorType, char const*)+0x8b
V  [libjvm.so+0x92b133]  os::Linux::commit_memory_impl(char*, unsigned long, bool)+0x103
V  [libjvm.so+0x92b5c9]  os::pd_commit_memory(char*, unsigned long, unsigned long, bool)+0x29
V  [libjvm.so+0x924c0a]  os::commit_memory(char*, unsigned long, unsigned long, bool)+0x2a
V  [libjvm.so+0x99ab53]  PSVirtualSpace::expand_by(unsigned long)+0x53
V  [libjvm.so+0x99bf58]  PSYoungGen::resize_generation(unsigned long, unsigned long)+0xf8
V  [libjvm.so+0x99b0b2]  PSYoungGen::resize(unsigned long, unsigned long)+0x22
V  [libjvm.so+0x99838b]  PSScavenge::invoke_no_policy()+0xf3b
V  [libjvm.so+0x998b11]  PSScavenge::invoke()+0x41
V  [libjvm.so+0x94f5a0]  ParallelScavengeHeap::failed_mem_allocate(unsigned long)+0x70
V  [libjvm.so+0xad13c7]  VM_ParallelGCFailedAllocation::doit()+0x97
V  [libjvm.so+0xad8ed5]  VM_Operation::evaluate()+0x55
V  [libjvm.so+0xad729a]  VMThread::evaluate_operation(VM_Operation*)+0xba
V  [libjvm.so+0xad761e]  VMThread::loop()+0x1ce
V  [libjvm.so+0xad7a90]  VMThread::run()+0x70
V  [libjvm.so+0x92da28]  java_start(Thread*)+0x108

VM_Operation (0x00007f175c813750): ParallelGCFailedAllocation, mode: safepoint, requested by thread 0x00007f175400b800


---------------  P R O C E S S  ---------------

Java Threads: ( => current thread )
  0x00007f175414e800 JavaThread "pool-1-thread-1" [_thread_blocked, id=8066, stack(0x00007f172e70e000,0x00007f172e80f000)]
  0x00007f17540e4000 JavaThread "Service Thread" daemon [_thread_blocked, id=8061, stack(0x00007f172e910000,0x00007f172ea11000)]
  0x00007f17540bf000 JavaThread "C1 CompilerThread2" daemon [_thread_blocked, id=8059, stack(0x00007f172ea11000,0x00007f172eb12000)]
  0x00007f17540bd000 JavaThread "C2 CompilerThread1" daemon [_thread_blocked, id=8057, stack(0x00007f172eb12000,0x00007f172ec13000)]
  0x00007f17540ba000 JavaThread "C2 CompilerThread0" daemon [_thread_blocked, id=8055, stack(0x00007f172ec13000,0x00007f172ed14000)]
  0x00007f17540b8800 JavaThread "Signal Dispatcher" daemon [_thread_blocked, id=8054, stack(0x00007f172ed14000,0x00007f172ee15000)]
  0x00007f1754085800 JavaThread "Finalizer" daemon [_thread_blocked, id=8051, stack(0x00007f172f0f1000,0x00007f172f1f2000)]
  0x00007f1754081000 JavaThread "Reference Handler" daemon [_thread_blocked, id=8049, stack(0x00007f172f1f2000,0x00007f172f2f3000)]
  0x00007f175400b800 JavaThread "main" [_thread_blocked, id=8029, stack(0x00007f175c714000,0x00007f175c815000)]

Other Threads:
=>0x00007f1754079800 VMThread [stack: 0x00007f172f2f3000,0x00007f172f3f4000] [id=8047]
  0x00007f17540e9000 WatcherThread [stack: 0x00007f172e80f000,0x00007f172e910000] [id=8064]

VM state:at safepoint (normal execution)

VM Mutex/Monitor currently owned by a thread:  ([mutex/lock_event])
[0x00007f1754007ed0] Threads_lock - owner thread: 0x00007f1754079800
[0x00007f17540083d0] Heap_lock - owner thread: 0x00007f175400b800

Heap:
 PSYoungGen      total 139264K, used 10226K [0x000000076d300000, 0x0000000776500000, 0x00000007c0000000)
  eden space 129024K, 0% used [0x000000076d300000,0x000000076d300000,0x0000000775100000)
  from space 10240K, 99% used [0x0000000775100000,0x0000000775afc920,0x0000000775b00000)
  to   space 10240K, 0% used [0x0000000775b00000,0x0000000775b00000,0x0000000776500000)
 ParOldGen       total 171008K, used 76344K [0x00000006c7800000, 0x00000006d1f00000, 0x000000076d300000)
  object space 171008K, 44% used [0x00000006c7800000,0x00000006cc28e000,0x00000006d1f00000)
 Metaspace       used 3243K, capacity 4566K, committed 4864K, reserved 1056768K
  class space    used 353K, capacity 390K, committed 512K, reserved 1048576K

Card table byte_map: [0x00007f1758c81000,0x00007f1759446000] byte_map_base: 0x00007f1755645000

Marking Bits: (ParMarkBitMap*) 0x00007f175bbcb920
 Begin Bits: [0x00007f173d3c0000, 0x00007f17411e0000)
 End Bits:   [0x00007f17411e0000, 0x00007f1745000000)

Polling page: 0x00007f175c838000

CodeCache: size=245760Kb used=1682Kb max_used=1694Kb free=244077Kb
 bounds [0x00007f1745000000, 0x00007f1745270000, 0x00007f1754000000]
 total_blobs=386 nmethods=144 adapters=156
 compilation: enabled

Compilation events (10 events):
Event: 1.751 Thread 0x00007f17540bf000 nmethod 140 0x00007f1745173b10 code [0x00007f1745173c80, 0x00007f1745173e10]
Event: 1.810 Thread 0x00007f17540ba000 nmethod 139 0x00007f17451a5610 code [0x00007f17451a5920, 0x00007f17451a6bc0]
Event: 1.858 Thread 0x00007f17540bd000  141       4       java.lang.AbstractStringBuilder::append (40 bytes)
Event: 1.861 Thread 0x00007f17540bd000 nmethod 141 0x00007f1745181f10 code [0x00007f1745182080, 0x00007f17451824b8]
Event: 1.877 Thread 0x00007f17540ba000  142       4       java.nio.Buffer::limit (62 bytes)
Event: 1.877 Thread 0x00007f17540ba000 nmethod 142 0x00007f1745182750 code [0x00007f17451828a0, 0x00007f1745182998]
Event: 1.883 Thread 0x00007f17540ba000  143   !   4       java.nio.charset.CharsetDecoder::decode (287 bytes)
Event: 1.885 Thread 0x00007f17540ba000 nmethod 143 0x00007f1745183a90 code [0x00007f1745183c20, 0x00007f1745183e68]
Event: 1.885 Thread 0x00007f17540bd000  144       4       sun.nio.cs.UTF_8$Decoder::decodeLoop (28 bytes)
Event: 1.886 Thread 0x00007f17540bd000 nmethod 144 0x00007f1745181a90 code [0x00007f1745181c00, 0x00007f1745181d48]

GC Heap History (5 events):
Event: 1.228 GC heap before
{Heap before GC invocations=1 (full 0):
 PSYoungGen      total 74752K, used 64512K [0x000000076d300000, 0x0000000772600000, 0x00000007c0000000)
  eden space 64512K, 100% used [0x000000076d300000,0x0000000771200000,0x0000000771200000)
  from space 10240K, 0% used [0x0000000771c00000,0x0000000771c00000,0x0000000772600000)
  to   space 10240K, 0% used [0x0000000771200000,0x0000000771200000,0x0000000771c00000)
 ParOldGen       total 171008K, used 0K [0x00000006c7800000, 0x00000006d1f00000, 0x000000076d300000)
  object space 171008K, 0% used [0x00000006c7800000,0x00000006c7800000,0x00000006d1f00000)
 Metaspace       used 3242K, capacity 4566K, committed 4864K, reserved 1056768K
  class space    used 353K, capacity 390K, committed 512K, reserved 1048576K
Event: 1.275 GC heap after
Heap after GC invocations=1 (full 0):
 PSYoungGen      total 74752K, used 10210K [0x000000076d300000, 0x0000000776500000, 0x00000007c0000000)
  eden space 64512K, 0% used [0x000000076d300000,0x000000076d300000,0x0000000771200000)
  from space 10240K, 99% used [0x0000000771200000,0x0000000771bf8930,0x0000000771c00000)
  to   space 10240K, 0% used [0x0000000775b00000,0x0000000775b00000,0x0000000776500000)
 ParOldGen       total 171008K, used 12680K [0x00000006c7800000, 0x00000006d1f00000, 0x000000076d300000)
  object space 171008K, 7% used [0x00000006c7800000,0x00000006c8462000,0x00000006d1f00000)
 Metaspace       used 3242K, capacity 4566K, committed 4864K, reserved 1056768K
  class space    used 353K, capacity 390K, committed 512K, reserved 1048576K
}
Event: 1.583 GC heap before
{Heap before GC invocations=2 (full 0):
 PSYoungGen      total 74752K, used 74722K [0x000000076d300000, 0x0000000776500000, 0x00000007c0000000)
  eden space 64512K, 100% used [0x000000076d300000,0x0000000771200000,0x0000000771200000)
  from space 10240K, 99% used [0x0000000771200000,0x0000000771bf8930,0x0000000771c00000)
  to   space 10240K, 0% used [0x0000000775b00000,0x0000000775b00000,0x0000000776500000)
 ParOldGen       total 171008K, used 12680K [0x00000006c7800000, 0x00000006d1f00000, 0x000000076d300000)
  object space 171008K, 7% used [0x00000006c7800000,0x00000006c8462000,0x00000006d1f00000)
 Metaspace       used 3242K, capacity 4566K, committed 4864K, reserved 1056768K
  class space    used 353K, capacity 390K, committed 512K, reserved 1048576K
Event: 1.678 GC heap after
Heap after GC invocations=2 (full 0):
 PSYoungGen      total 139264K, used 10210K [0x000000076d300000, 0x0000000776500000, 0x00000007c0000000)
  eden space 129024K, 0% used [0x000000076d300000,0x000000076d300000,0x0000000775100000)
  from space 10240K, 99% used [0x0000000775b00000,0x00000007764f8930,0x0000000776500000)
  to   space 10240K, 0% used [0x0000000775100000,0x0000000775100000,0x0000000775b00000)
 ParOldGen       total 171008K, used 33688K [0x00000006c7800000, 0x00000006d1f00000, 0x000000076d300000)
  object space 171008K, 19% used [0x00000006c7800000,0x00000006c98e6000,0x00000006d1f00000)
 Metaspace       used 3242K, capacity 4566K, committed 4864K, reserved 1056768K
  class space    used 353K, capacity 390K, committed 512K, reserved 1048576K
}
Event: 2.334 GC heap before
{Heap before GC invocations=3 (full 0):
 PSYoungGen      total 139264K, used 139234K [0x000000076d300000, 0x0000000776500000, 0x00000007c0000000)
  eden space 129024K, 100% used [0x000000076d300000,0x0000000775100000,0x0000000775100000)
  from space 10240K, 99% used [0x0000000775b00000,0x00000007764f8930,0x0000000776500000)
  to   space 10240K, 0% used [0x0000000775100000,0x0000000775100000,0x0000000775b00000)
 ParOldGen       total 171008K, used 33688K [0x00000006c7800000, 0x00000006d1f00000, 0x000000076d300000)
  object space 171008K, 19% used [0x00000006c7800000,0x00000006c98e6000,0x00000006d1f00000)
 Metaspace       used 3243K, capacity 4566K, committed 4864K, reserved 1056768K
  class space    used 353K, capacity 390K, committed 512K, reserved 1048576K

Deoptimization events (2 events):
Event: 0.960 Thread 0x00007f175400b800 Uncommon trap: reason=unstable_if action=reinterpret pc=0x00007f17451647b4 method=sun.nio.cs.UTF_8$Decoder.decodeArrayLoop(Ljava/nio/ByteBuffer;Ljava/nio/CharBuffer;)Ljava/nio/charset/CoderResult; @ 191
Event: 1.726 Thread 0x00007f175400b800 Uncommon trap: reason=unstable_if action=reinterpret pc=0x00007f1745185134 method=sun.nio.cs.UTF_8$Decoder.decodeArrayLoop(Ljava/nio/ByteBuffer;Ljava/nio/CharBuffer;)Ljava/nio/charset/CoderResult; @ 184

Classes redefined (0 events):
No events

Internal exceptions (2 events):
Event: 0.279 Thread 0x00007f175400b800 Exception <a 'java/lang/NoSuchMethodError': Method sun.misc.Unsafe.defineClass(Ljava/lang/String;[BII)Ljava/lang/Class; name or signature does not match> (0x000000076d307ca0) thrown at [/HUDSON/workspace/8-2-build-linux-amd64/jdk8u161/10277/hotspot/src/sh
Event: 0.280 Thread 0x00007f175400b800 Exception <a 'java/lang/NoSuchMethodError': Method sun.misc.Unsafe.prefetchRead(Ljava/lang/Object;J)V name or signature does not match> (0x000000076d307f88) thrown at [/HUDSON/workspace/8-2-build-linux-amd64/jdk8u161/10277/hotspot/src/share/vm/prims/jni.c

Events (10 events):
Event: 1.806 Thread 0x00007f175400b800 DEOPT UNPACKING pc=0x00007f1745047784 sp=0x00007f175c8130c0 mode 0
Event: 1.806 Thread 0x00007f175400b800 DEOPT PACKING pc=0x00007f174519fe43 sp=0x00007f175c8132a0
Event: 1.806 Thread 0x00007f175400b800 DEOPT UNPACKING pc=0x00007f1745047784 sp=0x00007f175c8130c0 mode 0
Event: 1.806 Thread 0x00007f175400b800 DEOPT PACKING pc=0x00007f174519fe43 sp=0x00007f175c8132a0
Event: 1.806 Thread 0x00007f175400b800 DEOPT UNPACKING pc=0x00007f1745047784 sp=0x00007f175c8130c0 mode 0
Event: 1.806 Thread 0x00007f175400b800 DEOPT PACKING pc=0x00007f174519fe43 sp=0x00007f175c8132a0
Event: 1.806 Thread 0x00007f175400b800 DEOPT UNPACKING pc=0x00007f1745047784 sp=0x00007f175c8130c0 mode 0
Event: 1.806 Thread 0x00007f175400b800 DEOPT PACKING pc=0x00007f174519fe43 sp=0x00007f175c8132a0
Event: 1.806 Thread 0x00007f175400b800 DEOPT UNPACKING pc=0x00007f1745047784 sp=0x00007f175c8130c0 mode 0
Event: 2.334 Executing VM operation: ParallelGCFailedAllocation


Dynamic libraries:
00400000-00401000 r-xp 00000000 103:06 676153                            /usr/lib/jvm/java-8-oracle/bin/java
00600000-00601000 rw-p 00000000 103:06 676153                            /usr/lib/jvm/java-8-oracle/bin/java
00831000-00852000 rw-p 00000000 00:00 0                                  [heap]
6c7800000-6d1f00000 rw-p 00000000 00:00 0 
6d1f00000-76d300000 ---p 00000000 00:00 0 
76d300000-776500000 rw-p 00000000 00:00 0 
77e300000-7c0000000 ---p 00000000 00:00 0 
7c0000000-7c0080000 rw-p 00000000 00:00 0 
7c0080000-800000000 ---p 00000000 00:00 0 
7f16fc000000-7f16fc021000 rw-p 00000000 00:00 0 
7f16fc021000-7f1700000000 ---p 00000000 00:00 0 
7f1704000000-7f1704021000 rw-p 00000000 00:00 0 
7f1704021000-7f1708000000 ---p 00000000 00:00 0 
7f1708000000-7f1708021000 rw-p 00000000 00:00 0 
7f1708021000-7f170c000000 ---p 00000000 00:00 0 
7f170c000000-7f170c17b000 rw-p 00000000 00:00 0 
7f170c17b000-7f1710000000 ---p 00000000 00:00 0 
7f1710000000-7f1710238000 rw-p 00000000 00:00 0 
7f1710238000-7f1714000000 ---p 00000000 00:00 0 
7f1714000000-7f1714021000 rw-p 00000000 00:00 0 
7f1714021000-7f1718000000 ---p 00000000 00:00 0 
7f1718000000-7f1718184000 rw-p 00000000 00:00 0 
7f1718184000-7f171c000000 ---p 00000000 00:00 0 
7f171c000000-7f171c021000 rw-p 00000000 00:00 0 
7f171c021000-7f1720000000 ---p 00000000 00:00 0 
7f1720000000-7f1720021000 rw-p 00000000 00:00 0 
7f1720021000-7f1724000000 ---p 00000000 00:00 0 
7f1724000000-7f1724021000 rw-p 00000000 00:00 0 
7f1724021000-7f1728000000 ---p 00000000 00:00 0 
7f1728000000-7f1728021000 rw-p 00000000 00:00 0 
7f1728021000-7f172c000000 ---p 00000000 00:00 0 
7f172e486000-7f172e70e000 rw-p 00000000 00:00 0 
7f172e70e000-7f172e711000 ---p 00000000 00:00 0 
7f172e711000-7f172e80f000 rw-p 00000000 00:00 0 
7f172e80f000-7f172e810000 ---p 00000000 00:00 0 
7f172e810000-7f172e910000 rw-p 00000000 00:00 0 
7f172e910000-7f172e913000 ---p 00000000 00:00 0 
7f172e913000-7f172ea11000 rw-p 00000000 00:00 0 
7f172ea11000-7f172ea14000 ---p 00000000 00:00 0 
7f172ea14000-7f172eb12000 rw-p 00000000 00:00 0 
7f172eb12000-7f172eb15000 ---p 00000000 00:00 0 
7f172eb15000-7f172ec13000 rw-p 00000000 00:00 0 
7f172ec13000-7f172ec16000 ---p 00000000 00:00 0 
7f172ec16000-7f172ed14000 rw-p 00000000 00:00 0 
7f172ed14000-7f172ed17000 ---p 00000000 00:00 0 
7f172ed17000-7f172ee15000 rw-p 00000000 00:00 0 
7f172ee15000-7f172f0f1000 r--p 00000000 103:06 132049                    /usr/lib/locale/locale-archive
7f172f0f1000-7f172f0f4000 ---p 00000000 00:00 0 
7f172f0f4000-7f172f1f2000 rw-p 00000000 00:00 0 
7f172f1f2000-7f172f1f5000 ---p 00000000 00:00 0 
7f172f1f5000-7f172f2f3000 rw-p 00000000 00:00 0 
7f172f2f3000-7f172f2f4000 ---p 00000000 00:00 0 
7f172f2f4000-7f1730000000 rw-p 00000000 00:00 0 
7f1730000000-7f1730021000 rw-p 00000000 00:00 0 
7f1730021000-7f1734000000 ---p 00000000 00:00 0 
7f1734000000-7f1734021000 rw-p 00000000 00:00 0 
7f1734021000-7f1738000000 ---p 00000000 00:00 0 
7f1738000000-7f1738021000 rw-p 00000000 00:00 0 
7f1738021000-7f173c000000 ---p 00000000 00:00 0 
7f173c049000-7f173c063000 r--s 00209000 103:06 1062073                   /home/ahmed/Desktop/eclipse-projects/RDF-Doctor/lib/antlr-4.7.1-complete.jar
7f173c063000-7f173c0f9000 r--s 0110a000 103:06 806264                    /usr/lib/jvm/java-8-oracle/jre/lib/ext/jfxrt.jar
7f173c0f9000-7f173c83c000 rw-p 00000000 00:00 0 
7f173c83c000-7f173cbfc000 ---p 00000000 00:00 0 
7f173cbfc000-7f1745000000 rw-p 00000000 00:00 0 
7f1745000000-7f1745270000 rwxp 00000000 00:00 0 
7f1745270000-7f1754000000 ---p 00000000 00:00 0 
7f1754000000-7f175415b000 rw-p 00000000 00:00 0 
7f175415b000-7f1758000000 ---p 00000000 00:00 0 
7f1758003000-7f1758007000 r--s 00031000 103:06 1060185                   /home/ahmed/Desktop/eclipse-projects/RDF-Doctor/lib/commons-io-2.6.jar
7f1758007000-7f175800c000 r--s 00084000 103:06 806358                    /usr/lib/jvm/java-8-oracle/jre/lib/jfr.jar
7f175800c000-7f1758100000 rw-p 00000000 00:00 0 
7f1758100000-7f17582d9000 r--s 03d64000 103:06 806398                    /usr/lib/jvm/java-8-oracle/jre/lib/rt.jar
7f17582d9000-7f175834f000 rw-p 00000000 00:00 0 
7f175834f000-7f1758350000 ---p 00000000 00:00 0 
7f1758350000-7f1758450000 rw-p 00000000 00:00 0 
7f1758450000-7f1758451000 ---p 00000000 00:00 0 
7f1758451000-7f1758551000 rw-p 00000000 00:00 0 
7f1758551000-7f1758552000 ---p 00000000 00:00 0 
7f1758552000-7f1758652000 rw-p 00000000 00:00 0 
7f1758652000-7f1758653000 ---p 00000000 00:00 0 
7f1758653000-7f17587a7000 rw-p 00000000 00:00 0 
7f17587a7000-7f1758c81000 ---p 00000000 00:00 0 
7f1758c81000-7f1758cd5000 rw-p 00000000 00:00 0 
7f1758cd5000-7f17591ae000 ---p 00000000 00:00 0 
7f17591ae000-7f17591f8000 rw-p 00000000 00:00 0 
7f17591f8000-7f1759445000 ---p 00000000 00:00 0 
7f1759445000-7f1759450000 rw-p 00000000 00:00 0 
7f1759450000-7f1759806000 ---p 00000000 00:00 0 
7f1759806000-7f1759821000 r-xp 00000000 103:06 806463                    /usr/lib/jvm/java-8-oracle/jre/lib/amd64/libzip.so
7f1759821000-7f1759a21000 ---p 0001b000 103:06 806463                    /usr/lib/jvm/java-8-oracle/jre/lib/amd64/libzip.so
7f1759a21000-7f1759a22000 rw-p 0001b000 103:06 806463                    /usr/lib/jvm/java-8-oracle/jre/lib/amd64/libzip.so
7f1759a22000-7f1759a2d000 r-xp 00000000 103:06 1725579                   /lib/x86_64-linux-gnu/libnss_files-2.26.so
7f1759a2d000-7f1759c2c000 ---p 0000b000 103:06 1725579                   /lib/x86_64-linux-gnu/libnss_files-2.26.so
7f1759c2c000-7f1759c2d000 r--p 0000a000 103:06 1725579                   /lib/x86_64-linux-gnu/libnss_files-2.26.so
7f1759c2d000-7f1759c2e000 rw-p 0000b000 103:06 1725579                   /lib/x86_64-linux-gnu/libnss_files-2.26.so
7f1759c2e000-7f1759c34000 rw-p 00000000 00:00 0 
7f1759c34000-7f1759c3f000 r-xp 00000000 103:06 1725581                   /lib/x86_64-linux-gnu/libnss_nis-2.26.so
7f1759c3f000-7f1759e3e000 ---p 0000b000 103:06 1725581                   /lib/x86_64-linux-gnu/libnss_nis-2.26.so
7f1759e3e000-7f1759e3f000 r--p 0000a000 103:06 1725581                   /lib/x86_64-linux-gnu/libnss_nis-2.26.so
7f1759e3f000-7f1759e40000 rw-p 0000b000 103:06 1725581                   /lib/x86_64-linux-gnu/libnss_nis-2.26.so
7f1759e40000-7f1759e57000 r-xp 00000000 103:06 1725576                   /lib/x86_64-linux-gnu/libnsl-2.26.so
7f1759e57000-7f175a056000 ---p 00017000 103:06 1725576                   /lib/x86_64-linux-gnu/libnsl-2.26.so
7f175a056000-7f175a057000 r--p 00016000 103:06 1725576                   /lib/x86_64-linux-gnu/libnsl-2.26.so
7f175a057000-7f175a058000 rw-p 00017000 103:06 1725576                   /lib/x86_64-linux-gnu/libnsl-2.26.so
7f175a058000-7f175a05a000 rw-p 00000000 00:00 0 
7f175a05a000-7f175a062000 r-xp 00000000 103:06 1725577                   /lib/x86_64-linux-gnu/libnss_compat-2.26.so
7f175a062000-7f175a261000 ---p 00008000 103:06 1725577                   /lib/x86_64-linux-gnu/libnss_compat-2.26.so
7f175a261000-7f175a262000 r--p 00007000 103:06 1725577                   /lib/x86_64-linux-gnu/libnss_compat-2.26.so
7f175a262000-7f175a263000 rw-p 00008000 103:06 1725577                   /lib/x86_64-linux-gnu/libnss_compat-2.26.so
7f175a263000-7f175a28e000 r-xp 00000000 103:06 806457                    /usr/lib/jvm/java-8-oracle/jre/lib/amd64/libjava.so
7f175a28e000-7f175a48d000 ---p 0002b000 103:06 806457                    /usr/lib/jvm/java-8-oracle/jre/lib/amd64/libjava.so
7f175a48d000-7f175a48f000 rw-p 0002a000 103:06 806457                    /usr/lib/jvm/java-8-oracle/jre/lib/amd64/libjava.so
7f175a48f000-7f175a49c000 r-xp 00000000 103:06 806462                    /usr/lib/jvm/java-8-oracle/jre/lib/amd64/libverify.so
7f175a49c000-7f175a69c000 ---p 0000d000 103:06 806462                    /usr/lib/jvm/java-8-oracle/jre/lib/amd64/libverify.so
7f175a69c000-7f175a69e000 rw-p 0000d000 103:06 806462                    /usr/lib/jvm/java-8-oracle/jre/lib/amd64/libverify.so
7f175a69e000-7f175a6a5000 r-xp 00000000 103:06 1725588                   /lib/x86_64-linux-gnu/librt-2.26.so
7f175a6a5000-7f175a8a4000 ---p 00007000 103:06 1725588                   /lib/x86_64-linux-gnu/librt-2.26.so
7f175a8a4000-7f175a8a5000 r--p 00006000 103:06 1725588                   /lib/x86_64-linux-gnu/librt-2.26.so
7f175a8a5000-7f175a8a6000 rw-p 00007000 103:06 1725588                   /lib/x86_64-linux-gnu/librt-2.26.so
7f175a8a6000-7f175a9fb000 r-xp 00000000 103:06 1725573                   /lib/x86_64-linux-gnu/libm-2.26.so
7f175a9fb000-7f175abfa000 ---p 00155000 103:06 1725573                   /lib/x86_64-linux-gnu/libm-2.26.so
7f175abfa000-7f175abfb000 r--p 00154000 103:06 1725573                   /lib/x86_64-linux-gnu/libm-2.26.so
7f175abfb000-7f175abfc000 rw-p 00155000 103:06 1725573                   /lib/x86_64-linux-gnu/libm-2.26.so
7f175abfc000-7f175b8d5000 r-xp 00000000 103:06 806415                    /usr/lib/jvm/java-8-oracle/jre/lib/amd64/server/libjvm.so
7f175b8d5000-7f175bad4000 ---p 00cd9000 103:06 806415                    /usr/lib/jvm/java-8-oracle/jre/lib/amd64/server/libjvm.so
7f175bad4000-7f175bbad000 rw-p 00cd8000 103:06 806415                    /usr/lib/jvm/java-8-oracle/jre/lib/amd64/server/libjvm.so
7f175bbad000-7f175bbf9000 rw-p 00000000 00:00 0 
7f175bbf9000-7f175bdcf000 r-xp 00000000 103:06 1725569                   /lib/x86_64-linux-gnu/libc-2.26.so
7f175bdcf000-7f175bfcf000 ---p 001d6000 103:06 1725569                   /lib/x86_64-linux-gnu/libc-2.26.so
7f175bfcf000-7f175bfd3000 r--p 001d6000 103:06 1725569                   /lib/x86_64-linux-gnu/libc-2.26.so
7f175bfd3000-7f175bfd5000 rw-p 001da000 103:06 1725569                   /lib/x86_64-linux-gnu/libc-2.26.so
7f175bfd5000-7f175bfd9000 rw-p 00000000 00:00 0 
7f175bfd9000-7f175bfdc000 r-xp 00000000 103:06 1725572                   /lib/x86_64-linux-gnu/libdl-2.26.so
7f175bfdc000-7f175c1db000 ---p 00003000 103:06 1725572                   /lib/x86_64-linux-gnu/libdl-2.26.so
7f175c1db000-7f175c1dc000 r--p 00002000 103:06 1725572                   /lib/x86_64-linux-gnu/libdl-2.26.so
7f175c1dc000-7f175c1dd000 rw-p 00003000 103:06 1725572                   /lib/x86_64-linux-gnu/libdl-2.26.so
7f175c1dd000-7f175c1f3000 r-xp 00000000 103:06 677025                    /usr/lib/jvm/java-8-oracle/lib/amd64/jli/libjli.so
7f175c1f3000-7f175c3f2000 ---p 00016000 103:06 677025                    /usr/lib/jvm/java-8-oracle/lib/amd64/jli/libjli.so
7f175c3f2000-7f175c3f3000 rw-p 00015000 103:06 677025                    /usr/lib/jvm/java-8-oracle/lib/amd64/jli/libjli.so
7f175c3f3000-7f175c40d000 r-xp 00000000 103:06 1725586                   /lib/x86_64-linux-gnu/libpthread-2.26.so
7f175c40d000-7f175c60c000 ---p 0001a000 103:06 1725586                   /lib/x86_64-linux-gnu/libpthread-2.26.so
7f175c60c000-7f175c60d000 r--p 00019000 103:06 1725586                   /lib/x86_64-linux-gnu/libpthread-2.26.so
7f175c60d000-7f175c60e000 rw-p 0001a000 103:06 1725586                   /lib/x86_64-linux-gnu/libpthread-2.26.so
7f175c60e000-7f175c612000 rw-p 00000000 00:00 0 
7f175c612000-7f175c639000 r-xp 00000000 103:06 1718427                   /lib/x86_64-linux-gnu/ld-2.26.so
7f175c639000-7f175c63e000 r--s 002f9000 103:06 806396                    /usr/lib/jvm/java-8-oracle/jre/lib/charsets.jar
7f175c63e000-7f175c643000 r--s 0009d000 103:06 806408                    /usr/lib/jvm/java-8-oracle/jre/lib/jsse.jar
7f175c643000-7f175c714000 rw-p 00000000 00:00 0 
7f175c714000-7f175c717000 ---p 00000000 00:00 0 
7f175c717000-7f175c819000 rw-p 00000000 00:00 0 
7f175c819000-7f175c81c000 r--s 0001a000 103:06 806483                    /usr/lib/jvm/java-8-oracle/jre/lib/jce.jar
7f175c81c000-7f175c82f000 r--s 00345000 103:06 806407                    /usr/lib/jvm/java-8-oracle/jre/lib/resources.jar
7f175c82f000-7f175c837000 rw-s 00000000 103:06 1838902                   /tmp/hsperfdata_ahmed/8025
7f175c837000-7f175c838000 rw-p 00000000 00:00 0 
7f175c838000-7f175c839000 ---p 00000000 00:00 0 
7f175c839000-7f175c83a000 r--p 00027000 103:06 1718427                   /lib/x86_64-linux-gnu/ld-2.26.so
7f175c83a000-7f175c83b000 rw-p 00028000 103:06 1718427                   /lib/x86_64-linux-gnu/ld-2.26.so
7f175c83b000-7f175c83c000 rw-p 00000000 00:00 0 
7fff8ae91000-7fff8aeb2000 rw-p 00000000 00:00 0                          [stack]
7fff8aee8000-7fff8aeeb000 r--p 00000000 00:00 0                          [vvar]
7fff8aeeb000-7fff8aeed000 r-xp 00000000 00:00 0                          [vdso]
ffffffffff600000-ffffffffff601000 r-xp 00000000 00:00 0                  [vsyscall]

VM Arguments:
jvm_args: -Dfile.encoding=UTF-8 
java_command: main.Main
java_class_path (initial): /usr/lib/jvm/java-8-oracle/jre/lib/resources.jar:/usr/lib/jvm/java-8-oracle/jre/lib/rt.jar:/usr/lib/jvm/java-8-oracle/jre/lib/jsse.jar:/usr/lib/jvm/java-8-oracle/jre/lib/jce.jar:/usr/lib/jvm/java-8-oracle/jre/lib/charsets.jar:/usr/lib/jvm/java-8-oracle/jre/lib/jfr.jar:/usr/lib/jvm/java-8-oracle/jre/lib/ext/cldrdata.jar:/usr/lib/jvm/java-8-oracle/jre/lib/ext/dnsns.jar:/usr/lib/jvm/java-8-oracle/jre/lib/ext/sunjce_provider.jar:/usr/lib/jvm/java-8-oracle/jre/lib/ext/sunpkcs11.jar:/usr/lib/jvm/java-8-oracle/jre/lib/ext/jaccess.jar:/usr/lib/jvm/java-8-oracle/jre/lib/ext/nashorn.jar:/usr/lib/jvm/java-8-oracle/jre/lib/ext/sunec.jar:/usr/lib/jvm/java-8-oracle/jre/lib/ext/zipfs.jar:/usr/lib/jvm/java-8-oracle/jre/lib/ext/jfxrt.jar:/usr/lib/jvm/java-8-oracle/jre/lib/ext/localedata.jar:/home/ahmed/Desktop/eclipse-projects/RDF-Doctor/target/classes:/home/ahmed/Desktop/eclipse-projects/RDF-Doctor/lib/commons-io-2.6.jar:/home/ahmed/Desktop/eclipse-projects/RDF-Doctor/lib/antlr-4.7.1-complete.jar
Launcher Type: SUN_STANDARD

Environment Variables:
JAVA_HOME=/usr/lib/jvm/java-8-oracle
PATH=/opt/maven/bin:/usr/local/sbin:/usr/local/bin:/usr/sbin:/usr/bin:/sbin:/bin:/usr/games:/usr/local/games:/snap/bin:/usr/lib/jvm/java-8-oracle/bin:/usr/lib/jvm/java-8-oracle/db/bin:/usr/lib/jvm/java-8-oracle/jre/bin
USERNAME=ahmed
SHELL=/bin/bash
DISPLAY=:1

Signal Handlers:
SIGSEGV: [libjvm.so+0xad01e0], sa_mask[0]=11111111011111111101111111111110, sa_flags=SA_RESTART|SA_SIGINFO
SIGBUS: [libjvm.so+0xad01e0], sa_mask[0]=11111111011111111101111111111110, sa_flags=SA_RESTART|SA_SIGINFO
SIGFPE: [libjvm.so+0x927fb0], sa_mask[0]=11111111011111111101111111111110, sa_flags=SA_RESTART|SA_SIGINFO
SIGPIPE: [libjvm.so+0x927fb0], sa_mask[0]=11111111011111111101111111111110, sa_flags=SA_RESTART|SA_SIGINFO
SIGXFSZ: [libjvm.so+0x927fb0], sa_mask[0]=11111111011111111101111111111110, sa_flags=SA_RESTART|SA_SIGINFO
SIGILL: [libjvm.so+0x927fb0], sa_mask[0]=11111111011111111101111111111110, sa_flags=SA_RESTART|SA_SIGINFO
SIGUSR1: SIG_DFL, sa_mask[0]=00000000000000000000000000000000, sa_flags=none
SIGUSR2: [libjvm.so+0x9297f0], sa_mask[0]=00100000000000000000000000000000, sa_flags=SA_RESTART|SA_SIGINFO
SIGHUP: [libjvm.so+0x92abf0], sa_mask[0]=11111111011111111101111111111110, sa_flags=SA_RESTART|SA_SIGINFO
SIGINT: [libjvm.so+0x92abf0], sa_mask[0]=11111111011111111101111111111110, sa_flags=SA_RESTART|SA_SIGINFO
SIGTERM: [libjvm.so+0x92abf0], sa_mask[0]=11111111011111111101111111111110, sa_flags=SA_RESTART|SA_SIGINFO
SIGQUIT: [libjvm.so+0x92abf0], sa_mask[0]=11111111011111111101111111111110, sa_flags=SA_RESTART|SA_SIGINFO


---------------  S Y S T E M  ---------------

OS:DISTRIB_ID=Ubuntu
DISTRIB_RELEASE=17.10
DISTRIB_CODENAME=artful
DISTRIB_DESCRIPTION="Ubuntu 17.10"

uname:Linux 4.13.0-43-generic #48-Ubuntu SMP Wed May 16 12:18:48 UTC 2018 x86_64
libc:glibc 2.26 NPTL 2.26 
rlimit: STACK 8192k, CORE 0k, NPROC 63187, NOFILE 4096, AS infinity
load average:16.16 10.44 4.43

/proc/meminfo:
MemTotal:       16280364 kB
MemFree:          221936 kB
MemAvailable:     100244 kB
Buffers:             632 kB
Cached:           135812 kB
SwapCached:        18592 kB
Active:         14283920 kB
Inactive:        1347696 kB
Active(anon):   14270288 kB
Inactive(anon):  1293728 kB
Active(file):      13632 kB
Inactive(file):    53968 kB
Unevictable:         456 kB
Mlocked:             456 kB
SwapTotal:       1537788 kB
SwapFree:         305472 kB
Dirty:               120 kB
Writeback:             0 kB
AnonPages:      15478148 kB
Mapped:           196536 kB
Shmem:             68236 kB
Slab:             112796 kB
SReclaimable:      35584 kB
SUnreclaim:        77212 kB
KernelStack:       17200 kB
PageTables:        96556 kB
NFS_Unstable:          0 kB
Bounce:                0 kB
WritebackTmp:          0 kB
CommitLimit:     9677968 kB
Committed_AS:   26927648 kB
VmallocTotal:   34359738367 kB
VmallocUsed:           0 kB
VmallocChunk:          0 kB
HardwareCorrupted:     0 kB
AnonHugePages:         0 kB
ShmemHugePages:        0 kB
ShmemPmdMapped:        0 kB
CmaTotal:              0 kB
CmaFree:               0 kB
HugePages_Total:       0
HugePages_Free:        0
HugePages_Rsvd:        0
HugePages_Surp:        0
Hugepagesize:       2048 kB
DirectMap4k:      407636 kB
DirectMap2M:     9932800 kB
DirectMap1G:     6291456 kB


CPU:total 4 (initial active 4) (4 cores per cpu, 1 threads per core) family 6 model 158 stepping 9, cmov, cx8, fxsr, mmx, sse, sse2, sse3, ssse3, sse4.1, sse4.2, popcnt, avx, avx2, aes, clmul, erms, rtm, 3dnowpref, lzcnt, tsc, tscinvbit, bmi1, bmi2, adx

/proc/cpuinfo:
processor	: 0
vendor_id	: GenuineIntel
cpu family	: 6
model		: 158
model name	: Intel(R) Core(TM) i5-7440HQ CPU @ 2.80GHz
stepping	: 9
microcode	: 0x84
cpu MHz		: 3128.692
cache size	: 6144 KB
physical id	: 0
siblings	: 4
core id		: 0
cpu cores	: 4
apicid		: 0
initial apicid	: 0
fpu		: yes
fpu_exception	: yes
cpuid level	: 22
wp		: yes
flags		: fpu vme de pse tsc msr pae mce cx8 apic sep mtrr pge mca cmov pat pse36 clflush dts acpi mmx fxsr sse sse2 ss ht tm pbe syscall nx pdpe1gb rdtscp lm constant_tsc art arch_perfmon pebs bts rep_good nopl xtopology nonstop_tsc cpuid aperfmperf tsc_known_freq pni pclmulqdq dtes64 monitor ds_cpl vmx smx est tm2 ssse3 sdbg fma cx16 xtpr pdcm pcid sse4_1 sse4_2 x2apic movbe popcnt tsc_deadline_timer aes xsave avx f16c rdrand lahf_lm abm 3dnowprefetch cpuid_fault epb invpcid_single pti retpoline intel_pt rsb_ctxsw spec_ctrl tpr_shadow vnmi flexpriority ept vpid fsgsbase tsc_adjust bmi1 hle avx2 smep bmi2 erms invpcid rtm mpx rdseed adx smap clflushopt xsaveopt xsavec xgetbv1 xsaves dtherm ida arat pln pts hwp hwp_notify hwp_act_window hwp_epp
bugs		: cpu_meltdown spectre_v1 spectre_v2 spec_store_bypass
bogomips	: 5616.00
clflush size	: 64
cache_alignment	: 64
address sizes	: 39 bits physical, 48 bits virtual
power management:

processor	: 1
vendor_id	: GenuineIntel
cpu family	: 6
model		: 158
model name	: Intel(R) Core(TM) i5-7440HQ CPU @ 2.80GHz
stepping	: 9
microcode	: 0x84
cpu MHz		: 3117.170
cache size	: 6144 KB
physical id	: 0
siblings	: 4
core id		: 1
cpu cores	: 4
apicid		: 2
initial apicid	: 2
fpu		: yes
fpu_exception	: yes
cpuid level	: 22
wp		: yes
flags		: fpu vme de pse tsc msr pae mce cx8 apic sep mtrr pge mca cmov pat pse36 clflush dts acpi mmx fxsr sse sse2 ss ht tm pbe syscall nx pdpe1gb rdtscp lm constant_tsc art arch_perfmon pebs bts rep_good nopl xtopology nonstop_tsc cpuid aperfmperf tsc_known_freq pni pclmulqdq dtes64 monitor ds_cpl vmx smx est tm2 ssse3 sdbg fma cx16 xtpr pdcm pcid sse4_1 sse4_2 x2apic movbe popcnt tsc_deadline_timer aes xsave avx f16c rdrand lahf_lm abm 3dnowprefetch cpuid_fault epb invpcid_single pti retpoline intel_pt rsb_ctxsw spec_ctrl tpr_shadow vnmi flexpriority ept vpid fsgsbase tsc_adjust bmi1 hle avx2 smep bmi2 erms invpcid rtm mpx rdseed adx smap clflushopt xsaveopt xsavec xgetbv1 xsaves dtherm ida arat pln pts hwp hwp_notify hwp_act_window hwp_epp
bugs		: cpu_meltdown spectre_v1 spectre_v2 spec_store_bypass
bogomips	: 5616.00
clflush size	: 64
cache_alignment	: 64
address sizes	: 39 bits physical, 48 bits virtual
power management:

processor	: 2
vendor_id	: GenuineIntel
cpu family	: 6
model		: 158
model name	: Intel(R) Core(TM) i5-7440HQ CPU @ 2.80GHz
stepping	: 9
microcode	: 0x84
cpu MHz		: 3125.294
cache size	: 6144 KB
physical id	: 0
siblings	: 4
core id		: 2
cpu cores	: 4
apicid		: 4
initial apicid	: 4
fpu		: yes
fpu_exception	: yes
cpuid level	: 22
wp		: yes
flags		: fpu vme de pse tsc msr pae mce cx8 apic sep mtrr pge mca cmov pat pse36 clflush dts acpi mmx fxsr sse sse2 ss ht tm pbe syscall nx pdpe1gb rdtscp lm constant_tsc art arch_perfmon pebs bts rep_good nopl xtopology nonstop_tsc cpuid aperfmperf tsc_known_freq pni pclmulqdq dtes64 monitor ds_cpl vmx smx est tm2 ssse3 sdbg fma cx16 xtpr pdcm pcid sse4_1 sse4_2 x2apic movbe popcnt tsc_deadline_timer aes xsave avx f16c rdrand lahf_lm abm 3dnowprefetch cpuid_fault epb invpcid_single pti retpoline intel_pt rsb_ctxsw spec_ctrl tpr_shadow vnmi flexpriority ept vpid fsgsbase tsc_adjust bmi1 hle avx2 smep bmi2 erms invpcid rtm mpx rdseed adx smap clflushopt xsaveopt xsavec xgetbv1 xsaves dtherm ida arat pln pts hwp hwp_notify hwp_act_window hwp_epp
bugs		: cpu_meltdown spectre_v1 spectre_v2 spec_store_bypass
bogomips	: 5616.00
clflush size	: 64
cache_alignment	: 64
address sizes	: 39 bits physical, 48 bits virtual
power management:

processor	: 3
vendor_id	: GenuineIntel
cpu family	: 6
model		: 158
model name	: Intel(R) Core(TM) i5-7440HQ CPU @ 2.80GHz
stepping	: 9
microcode	: 0x84
cpu MHz		: 3126.462
cache size	: 6144 KB
physical id	: 0
siblings	: 4
core id		: 3
cpu cores	: 4
apicid		: 6
initial apicid	: 6
fpu		: yes
fpu_exception	: yes
cpuid level	: 22
wp		: yes
flags		: fpu vme de pse tsc msr pae mce cx8 apic sep mtrr pge mca cmov pat pse36 clflush dts acpi mmx fxsr sse sse2 ss ht tm pbe syscall nx pdpe1gb rdtscp lm constant_tsc art arch_perfmon pebs bts rep_good nopl xtopology nonstop_tsc cpuid aperfmperf tsc_known_freq pni pclmulqdq dtes64 monitor ds_cpl vmx smx est tm2 ssse3 sdbg fma cx16 xtpr pdcm pcid sse4_1 sse4_2 x2apic movbe popcnt tsc_deadline_timer aes xsave avx f16c rdrand lahf_lm abm 3dnowprefetch cpuid_fault epb invpcid_single pti retpoline intel_pt rsb_ctxsw spec_ctrl tpr_shadow vnmi flexpriority ept vpid fsgsbase tsc_adjust bmi1 hle avx2 smep bmi2 erms invpcid rtm mpx rdseed adx smap clflushopt xsaveopt xsavec xgetbv1 xsaves dtherm ida arat pln pts hwp hwp_notify hwp_act_window hwp_epp
bugs		: cpu_meltdown spectre_v1 spectre_v2 spec_store_bypass
bogomips	: 5616.00
clflush size	: 64
cache_alignment	: 64
address sizes	: 39 bits physical, 48 bits virtual
power management:



Memory: 4k page, physical 16280364k(221316k free), swap 1537788k(305472k free)

vm_info: Java HotSpot(TM) 64-Bit Server VM (25.161-b12) for linux-amd64 JRE (1.8.0_161-b12), built on Dec 19 2017 16:12:43 by "java_re" with gcc 4.3.0 20080428 (Red Hat 4.3.0-8)

time: Sat May 26 14:15:11 2018
elapsed time: 3 seconds (0d 0h 0m 3s)

