#
# There is insufficient memory for the Java Runtime Environment to continue.
# Native memory allocation (mmap) failed to map 789053440 bytes for committing reserved memory.
# Possible reasons:
#   The system is out of physical RAM or swap space
#   In 32 bit mode, the process size limit was hit
# Possible solutions:
#   Reduce memory load on the system
#   Increase physical memory or swap space
#   Check if swap backing store is full
#   Use 64 bit Java on a 64 bit OS
#   Decrease Java heap size (-Xmx/-Xms)
#   Decrease number of Java threads
#   Decrease Java thread stack sizes (-Xss)
#   Set larger code cache with -XX:ReservedCodeCacheSize=
# This output file may be truncated or incomplete.
#
#  Out of Memory Error (os_linux.cpp:2640), pid=11732, tid=0x00007f7702eb4700
#
# JRE version: Java(TM) SE Runtime Environment (8.0_161-b12) (build 1.8.0_161-b12)
# Java VM: Java HotSpot(TM) 64-Bit Server VM (25.161-b12 mixed mode linux-amd64 compressed oops)
# Failed to write core dump. Core dumps have been disabled. To enable core dumping, try "ulimit -c unlimited" before starting Java again
#

---------------  T H R E A D  ---------------

Current thread (0x00007f7724079800):  VMThread [stack: 0x00007f7702db4000,0x00007f7702eb5000] [id=11743]

Stack: [0x00007f7702db4000,0x00007f7702eb5000],  sp=0x00007f7702eb3350,  free space=1020k
Native frames: (J=compiled Java code, j=interpreted, Vv=VM code, C=native code)
V  [libjvm.so+0xacf94a]  VMError::report_and_die()+0x2ba
V  [libjvm.so+0x50050b]  report_vm_out_of_memory(char const*, int, unsigned long, VMErrorType, char const*)+0x8b
V  [libjvm.so+0x92b133]  os::Linux::commit_memory_impl(char*, unsigned long, bool)+0x103
V  [libjvm.so+0x92b5c9]  os::pd_commit_memory(char*, unsigned long, unsigned long, bool)+0x29
V  [libjvm.so+0x924c0a]  os::commit_memory(char*, unsigned long, unsigned long, bool)+0x2a
V  [libjvm.so+0x99ab53]  PSVirtualSpace::expand_by(unsigned long)+0x53
V  [libjvm.so+0x98b410]  PSOldGen::expand(unsigned long)+0x170
V  [libjvm.so+0x98b61b]  PSOldGen::resize(unsigned long)+0x1cb
V  [libjvm.so+0x993321]  PSParallelCompact::invoke_no_policy(bool)+0x991
V  [libjvm.so+0x998c7d]  PSScavenge::invoke()+0x1ad
V  [libjvm.so+0x94f5a0]  ParallelScavengeHeap::failed_mem_allocate(unsigned long)+0x70
V  [libjvm.so+0xad13c7]  VM_ParallelGCFailedAllocation::doit()+0x97
V  [libjvm.so+0xad8ed5]  VM_Operation::evaluate()+0x55
V  [libjvm.so+0xad729a]  VMThread::evaluate_operation(VM_Operation*)+0xba
V  [libjvm.so+0xad761e]  VMThread::loop()+0x1ce
V  [libjvm.so+0xad7a90]  VMThread::run()+0x70
V  [libjvm.so+0x92da28]  java_start(Thread*)+0x108

VM_Operation (0x00007f772a6d73a0): ParallelGCFailedAllocation, mode: safepoint, requested by thread 0x00007f772400b800


---------------  P R O C E S S  ---------------

Java Threads: ( => current thread )
  0x00007f7724149800 JavaThread "pool-1-thread-1" [_thread_blocked, id=11752, stack(0x00007f7702139000,0x00007f770223a000)]
  0x00007f77240c2000 JavaThread "Service Thread" daemon [_thread_blocked, id=11750, stack(0x00007f77023d1000,0x00007f77024d2000)]
  0x00007f77240bf000 JavaThread "C1 CompilerThread2" daemon [_thread_blocked, id=11749, stack(0x00007f77024d2000,0x00007f77025d3000)]
  0x00007f77240bd000 JavaThread "C2 CompilerThread1" daemon [_thread_blocked, id=11748, stack(0x00007f77025d3000,0x00007f77026d4000)]
  0x00007f77240ba000 JavaThread "C2 CompilerThread0" daemon [_thread_blocked, id=11747, stack(0x00007f77026d4000,0x00007f77027d5000)]
  0x00007f77240b8800 JavaThread "Signal Dispatcher" daemon [_thread_blocked, id=11746, stack(0x00007f77027d5000,0x00007f77028d6000)]
  0x00007f7724085800 JavaThread "Finalizer" daemon [_thread_blocked, id=11745, stack(0x00007f7702bb2000,0x00007f7702cb3000)]
  0x00007f7724081000 JavaThread "Reference Handler" daemon [_thread_blocked, id=11744, stack(0x00007f7702cb3000,0x00007f7702db4000)]
  0x00007f772400b800 JavaThread "main" [_thread_blocked, id=11738, stack(0x00007f772a5d8000,0x00007f772a6d9000)]

Other Threads:
=>0x00007f7724079800 VMThread [stack: 0x00007f7702db4000,0x00007f7702eb5000] [id=11743]
  0x00007f77240c6800 WatcherThread [stack: 0x00007f77022d0000,0x00007f77023d1000] [id=11751]

VM state:at safepoint (normal execution)

VM Mutex/Monitor currently owned by a thread:  ([mutex/lock_event])
[0x00007f7724007870] ExpandHeap_lock - owner thread: 0x00007f7724079800
[0x00007f7724007ef0] Threads_lock - owner thread: 0x00007f7724079800
[0x00007f77240083f0] Heap_lock - owner thread: 0x00007f772400b800

Heap:
 PSYoungGen      total 1508864K, used 338104K [0x00000006eab00000, 0x0000000773d00000, 0x00000007c0000000)
  eden space 799744K, 0% used [0x00000006eab00000,0x00000006eab00000,0x000000071b800000)
  from space 709120K, 47% used [0x0000000747100000,0x000000075bb2e280,0x0000000772580000)
  to   space 713728K, 0% used [0x000000071b800000,0x000000071b800000,0x0000000747100000)
 ParOldGen       total 1987072K, used 1987012K [0x0000000540000000, 0x00000005b9480000, 0x00000006eab00000)
  object space 1987072K, 99% used [0x0000000540000000,0x00000005b9471098,0x00000005b9480000)
 Metaspace       used 4587K, capacity 5528K, committed 5760K, reserved 1056768K
  class space    used 496K, capacity 520K, committed 640K, reserved 1048576K

Card table byte_map: [0x00007f7712de2000,0x00007f77141e3000] byte_map_base: 0x00007f77103e2000

Marking Bits: (ParMarkBitMap*) 0x00007f7729a8f920
 Begin Bits: [0x00007f76e8000000, 0x00007f76f2000000)
 End Bits:   [0x00007f76f2000000, 0x00007f76fc000000)

Polling page: 0x00007f772a6fc000

CodeCache: size=245760Kb used=4992Kb max_used=5005Kb free=240767Kb
 bounds [0x00007f77145a3000, 0x00007f7714a93000, 0x00007f77235a3000]
 total_blobs=1190 nmethods=927 adapters=177
 compilation: enabled

Compilation events (10 events):
Event: 14.615 Thread 0x00007f77240ba000 nmethod 936 0x00007f7714a82550 code [0x00007f7714a826a0, 0x00007f7714a82858]
Event: 14.615 Thread 0x00007f77240ba000  940       4       org.antlr.v4.runtime.CommonToken::getText (67 bytes)
Event: 14.630 Thread 0x00007f77240ba000 nmethod 940 0x00007f7714a81590 code [0x00007f7714a81760, 0x00007f7714a81e98]
Event: 14.630 Thread 0x00007f77240ba000  941       4       org.antlr.v4.runtime.ANTLRInputStream::getText (58 bytes)
Event: 14.634 Thread 0x00007f77240ba000 nmethod 941 0x00007f7714a83bd0 code [0x00007f7714a83d60, 0x00007f7714a841b8]
Event: 14.634 Thread 0x00007f77240ba000  942       4       org.antlr.v4.runtime.tree.TerminalNodeImpl::getText (10 bytes)
Event: 14.638 Thread 0x00007f77240bd000 nmethod 939 0x00007f7714a84b90 code [0x00007f7714a84d40, 0x00007f7714a856b8]
Event: 14.640 Thread 0x00007f77240bd000  943 %     4       org.antlr.v4.runtime.RuleContext::getText @ 20 (54 bytes)
Event: 14.642 Thread 0x00007f77240ba000 nmethod 942 0x00007f7714a82990 code [0x00007f7714a82b60, 0x00007f7714a832d8]
Event: 14.651 Thread 0x00007f77240bd000 nmethod 943% 0x00007f7714a86d10 code [0x00007f7714a86ec0, 0x00007f7714a87878]

GC Heap History (10 events):
Event: 11.517 GC heap after
Heap after GC invocations=19 (full 5):
 PSYoungGen      total 1059840K, used 175040K [0x00000006eab00000, 0x0000000749e00000, 0x00000007c0000000)
  eden space 635904K, 0% used [0x00000006eab00000,0x00000006eab00000,0x0000000711800000)
  from space 423936K, 41% used [0x0000000730000000,0x000000073aaf0000,0x0000000749e00000)
  to   space 461824K, 0% used [0x0000000711800000,0x0000000711800000,0x000000072db00000)
 ParOldGen       total 1987072K, used 1548706K [0x0000000540000000, 0x00000005b9480000, 0x00000006eab00000)
  object space 1987072K, 77% used [0x0000000540000000,0x000000059e868bb0,0x00000005b9480000)
 Metaspace       used 4577K, capacity 5528K, committed 5760K, reserved 1056768K
  class space    used 496K, capacity 520K, committed 640K, reserved 1048576K
}
Event: 12.201 GC heap before
{Heap before GC invocations=20 (full 5):
 PSYoungGen      total 1059840K, used 810944K [0x00000006eab00000, 0x0000000749e00000, 0x00000007c0000000)
  eden space 635904K, 100% used [0x00000006eab00000,0x0000000711800000,0x0000000711800000)
  from space 423936K, 41% used [0x0000000730000000,0x000000073aaf0000,0x0000000749e00000)
  to   space 461824K, 0% used [0x0000000711800000,0x0000000711800000,0x000000072db00000)
 ParOldGen       total 1987072K, used 1548706K [0x0000000540000000, 0x00000005b9480000, 0x00000006eab00000)
  object space 1987072K, 77% used [0x0000000540000000,0x000000059e868bb0,0x00000005b9480000)
 Metaspace       used 4580K, capacity 5528K, committed 5760K, reserved 1056768K
  class space    used 496K, capacity 520K, committed 640K, reserved 1048576K
Event: 12.430 GC heap after
Heap after GC invocations=20 (full 5):
 PSYoungGen      total 1097728K, used 388352K [0x00000006eab00000, 0x0000000758f80000, 0x00000007c0000000)
  eden space 635904K, 0% used [0x00000006eab00000,0x00000006eab00000,0x0000000711800000)
  from space 461824K, 84% used [0x0000000711800000,0x0000000729340000,0x000000072db00000)
  to   space 508928K, 0% used [0x0000000739e80000,0x0000000739e80000,0x0000000758f80000)
 ParOldGen       total 1987072K, used 1548706K [0x0000000540000000, 0x00000005b9480000, 0x00000006eab00000)
  object space 1987072K, 77% used [0x0000000540000000,0x000000059e868bb0,0x00000005b9480000)
 Metaspace       used 4580K, capacity 5528K, committed 5760K, reserved 1056768K
  class space    used 496K, capacity 520K, committed 640K, reserved 1048576K
}
Event: 13.096 GC heap before
{Heap before GC invocations=21 (full 5):
 PSYoungGen      total 1097728K, used 1024256K [0x00000006eab00000, 0x0000000758f80000, 0x00000007c0000000)
  eden space 635904K, 100% used [0x00000006eab00000,0x0000000711800000,0x0000000711800000)
  from space 461824K, 84% used [0x0000000711800000,0x0000000729340000,0x000000072db00000)
  to   space 508928K, 0% used [0x0000000739e80000,0x0000000739e80000,0x0000000758f80000)
 ParOldGen       total 1987072K, used 1548706K [0x0000000540000000, 0x00000005b9480000, 0x00000006eab00000)
  object space 1987072K, 77% used [0x0000000540000000,0x000000059e868bb0,0x00000005b9480000)
 Metaspace       used 4581K, capacity 5528K, committed 5760K, reserved 1056768K
  class space    used 496K, capacity 520K, committed 640K, reserved 1048576K
Event: 14.068 GC heap after
Heap after GC invocations=21 (full 5):
 PSYoungGen      total 1182720K, used 508896K [0x00000006eab00000, 0x0000000768d00000, 0x00000007c0000000)
  eden space 673792K, 0% used [0x00000006eab00000,0x00000006eab00000,0x0000000713d00000)
  from space 508928K, 99% used [0x0000000739e80000,0x0000000758f780b0,0x0000000758f80000)
  to   space 624128K, 0% used [0x0000000713d00000,0x0000000713d00000,0x0000000739e80000)
 ParOldGen       total 1987072K, used 1639754K [0x0000000540000000, 0x00000005b9480000, 0x00000006eab00000)
  object space 1987072K, 82% used [0x0000000540000000,0x00000005a4152bb0,0x00000005b9480000)
 Metaspace       used 4581K, capacity 5528K, committed 5760K, reserved 1056768K
  class space    used 496K, capacity 520K, committed 640K, reserved 1048576K
}
Event: 14.700 GC heap before
{Heap before GC invocations=22 (full 5):
 PSYoungGen      total 1182720K, used 1182688K [0x00000006eab00000, 0x0000000768d00000, 0x00000007c0000000)
  eden space 673792K, 100% used [0x00000006eab00000,0x0000000713d00000,0x0000000713d00000)
  from space 508928K, 99% used [0x0000000739e80000,0x0000000758f780b0,0x0000000758f80000)
  to   space 624128K, 0% used [0x0000000713d00000,0x0000000713d00000,0x0000000739e80000)
 ParOldGen       total 1987072K, used 1639754K [0x0000000540000000, 0x00000005b9480000, 0x00000006eab00000)
  object space 1987072K, 82% used [0x0000000540000000,0x00000005a4152bb0,0x00000005b9480000)
 Metaspace       used 4587K, capacity 5528K, committed 5760K, reserved 1056768K
  class space    used 496K, capacity 520K, committed 640K, reserved 1048576K
Event: 15.060 GC heap after
Heap after GC invocations=22 (full 5):
 PSYoungGen      total 1297920K, used 577216K [0x00000006eab00000, 0x0000000772580000, 0x00000007c0000000)
  eden space 673792K, 0% used [0x00000006eab00000,0x00000006eab00000,0x0000000713d00000)
  from space 624128K, 92% used [0x0000000713d00000,0x00000007370b00c0,0x0000000739e80000)
  to   space 709120K, 0% used [0x0000000747100000,0x0000000747100000,0x0000000772580000)
 ParOldGen       total 1987072K, used 1724282K [0x0000000540000000, 0x00000005b9480000, 0x00000006eab00000)
  object space 1987072K, 86% used [0x0000000540000000,0x00000005a93debb0,0x00000005b9480000)
 Metaspace       used 4587K, capacity 5528K, committed 5760K, reserved 1056768K
  class space    used 496K, capacity 520K, committed 640K, reserved 1048576K
}
Event: 15.260 GC heap before
{Heap before GC invocations=23 (full 5):
 PSYoungGen      total 1297920K, used 1251008K [0x00000006eab00000, 0x0000000772580000, 0x00000007c0000000)
  eden space 673792K, 100% used [0x00000006eab00000,0x0000000713d00000,0x0000000713d00000)
  from space 624128K, 92% used [0x0000000713d00000,0x00000007370b00c0,0x0000000739e80000)
  to   space 709120K, 0% used [0x0000000747100000,0x0000000747100000,0x0000000772580000)
 ParOldGen       total 1987072K, used 1724282K [0x0000000540000000, 0x00000005b9480000, 0x00000006eab00000)
  object space 1987072K, 86% used [0x0000000540000000,0x00000005a93debb0,0x00000005b9480000)
 Metaspace       used 4587K, capacity 5528K, committed 5760K, reserved 1056768K
  class space    used 496K, capacity 520K, committed 640K, reserved 1048576K
Event: 15.656 GC heap after
Heap after GC invocations=23 (full 5):
 PSYoungGen      total 1508864K, used 407648K [0x00000006eab00000, 0x0000000773d00000, 0x00000007c0000000)
  eden space 799744K, 0% used [0x00000006eab00000,0x00000006eab00000,0x000000071b800000)
  from space 709120K, 57% used [0x0000000747100000,0x000000075ff180c0,0x0000000772580000)
  to   space 713728K, 0% used [0x000000071b800000,0x000000071b800000,0x0000000747100000)
 ParOldGen       total 1987072K, used 1938370K [0x0000000540000000, 0x00000005b9480000, 0x00000006eab00000)
  object space 1987072K, 97% used [0x0000000540000000,0x00000005b64f0bb0,0x00000005b9480000)
 Metaspace       used 4587K, capacity 5528K, committed 5760K, reserved 1056768K
  class space    used 496K, capacity 520K, committed 640K, reserved 1048576K
}
Event: 15.679 GC heap before
{Heap before GC invocations=24 (full 6):
 PSYoungGen      total 1508864K, used 407648K [0x00000006eab00000, 0x0000000773d00000, 0x00000007c0000000)
  eden space 799744K, 0% used [0x00000006eab00000,0x00000006eab00000,0x000000071b800000)
  from space 709120K, 57% used [0x0000000747100000,0x000000075ff180c0,0x0000000772580000)
  to   space 713728K, 0% used [0x000000071b800000,0x000000071b800000,0x0000000747100000)
 ParOldGen       total 1987072K, used 1938370K [0x0000000540000000, 0x00000005b9480000, 0x00000006eab00000)
  object space 1987072K, 97% used [0x0000000540000000,0x00000005b64f0bb0,0x00000005b9480000)
 Metaspace       used 4587K, capacity 5528K, committed 5760K, reserved 1056768K
  class space    used 496K, capacity 520K, committed 640K, reserved 1048576K

Deoptimization events (10 events):
Event: 14.609 Thread 0x00007f772400b800 Uncommon trap: reason=unstable_if action=reinterpret pc=0x00007f77149ac308 method=org.antlr.v4.runtime.ANTLRInputStream.LA(I)I @ 38
Event: 14.609 Thread 0x00007f772400b800 Uncommon trap: reason=unstable_if action=reinterpret pc=0x00007f77149a94f0 method=org.antlr.v4.runtime.atn.LexerATNSimulator.getExistingTargetState(Lorg/antlr/v4/runtime/dfa/DFAState;I)Lorg/antlr/v4/runtime/dfa/DFAState; @ 8
Event: 14.609 Thread 0x00007f772400b800 Uncommon trap: reason=unstable_if action=reinterpret pc=0x00007f771492a990 method=org.antlr.v4.runtime.atn.LexerATNSimulator.addDFAEdge(Lorg/antlr/v4/runtime/dfa/DFAState;ILorg/antlr/v4/runtime/dfa/DFAState;)V @ 1
Event: 14.609 Thread 0x00007f772400b800 Uncommon trap: reason=unstable_if action=reinterpret pc=0x00007f77148a9748 method=org.antlr.v4.runtime.ANTLRInputStream.LA(I)I @ 38
Event: 14.610 Thread 0x00007f772400b800 Uncommon trap: reason=unstable_if action=reinterpret pc=0x00007f7714a1f420 method=org.antlr.v4.runtime.BufferedTokenStream.consume()V @ 11
Event: 14.610 Thread 0x00007f772400b800 Uncommon trap: reason=unstable_if action=reinterpret pc=0x00007f7714881248 method=org.antlr.v4.runtime.BufferedTokenStream.consume()V @ 11
Event: 14.610 Thread 0x00007f772400b800 Uncommon trap: reason=unstable_if action=reinterpret pc=0x00007f7714a21d94 method=org.antlr.v4.runtime.BufferedTokenStream.consume()V @ 11
Event: 14.610 Thread 0x00007f772400b800 Uncommon trap: reason=unstable_if action=reinterpret pc=0x00007f7714a2430c method=org.antlr.v4.runtime.BufferedTokenStream.consume()V @ 11
Event: 14.610 Thread 0x00007f772400b800 Uncommon trap: reason=unstable_if action=reinterpret pc=0x00007f77149e2a94 method=core.TurtleParser.start()Lcore/TurtleParser$StartContext; @ 101
Event: 14.610 Thread 0x00007f772400b800 Uncommon trap: reason=unstable_if action=reinterpret pc=0x00007f7714908164 method=org.antlr.v4.runtime.Parser.exitRule()V @ 4

Classes redefined (0 events):
No events

Internal exceptions (7 events):
Event: 0.022 Thread 0x00007f772400b800 Exception <a 'java/lang/NoSuchMethodError': Method sun.misc.Unsafe.defineClass(Ljava/lang/String;[BII)Ljava/lang/Class; name or signature does not match> (0x00000006eab07ca0) thrown at [/HUDSON/workspace/8-2-build-linux-amd64/jdk8u161/10277/hotspot/src/sh
Event: 0.022 Thread 0x00007f772400b800 Exception <a 'java/lang/NoSuchMethodError': Method sun.misc.Unsafe.prefetchRead(Ljava/lang/Object;J)V name or signature does not match> (0x00000006eab07f88) thrown at [/HUDSON/workspace/8-2-build-linux-amd64/jdk8u161/10277/hotspot/src/share/vm/prims/jni.c
Event: 3.089 Thread 0x00007f772400b800 Implicit null exception at 0x00007f7714883913 to 0x00007f77148841ad
Event: 3.093 Thread 0x00007f772400b800 Implicit null exception at 0x00007f771489c9ab to 0x00007f771489e861
Event: 3.094 Thread 0x00007f772400b800 Implicit null exception at 0x00007f77148f3b90 to 0x00007f77148f3c1d
Event: 3.207 Thread 0x00007f772400b800 Implicit null exception at 0x00007f77148804dc to 0x00007f77148805a5
Event: 3.980 Thread 0x00007f772400b800 Implicit null exception at 0x00007f77148c9134 to 0x00007f77148c97cd

Events (10 events):
Event: 14.610 Thread 0x00007f772400b800 DEOPT UNPACKING pc=0x00007f77145e873a sp=0x00007f772a6d73a0 mode 2
Event: 14.610 Thread 0x00007f772400b800 Uncommon trap: trap_request=0xffffff65 fr.pc=0x00007f77149e2a94
Event: 14.610 Thread 0x00007f772400b800 DEOPT PACKING pc=0x00007f77149e2a94 sp=0x00007f772a6d7740
Event: 14.610 Thread 0x00007f772400b800 DEOPT UNPACKING pc=0x00007f77145e873a sp=0x00007f772a6d7708 mode 2
Event: 14.610 Thread 0x00007f772400b800 Uncommon trap: trap_request=0xffffff65 fr.pc=0x00007f7714908164
Event: 14.610 Thread 0x00007f772400b800 DEOPT PACKING pc=0x00007f7714908164 sp=0x00007f772a6d76c0
Event: 14.610 Thread 0x00007f772400b800 DEOPT UNPACKING pc=0x00007f77145e873a sp=0x00007f772a6d76a8 mode 2
Event: 14.700 Executing VM operation: ParallelGCFailedAllocation
Event: 15.060 Executing VM operation: ParallelGCFailedAllocation done
Event: 15.260 Executing VM operation: ParallelGCFailedAllocation


Dynamic libraries:
00400000-00401000 r-xp 00000000 103:06 676153                            /usr/lib/jvm/java-8-oracle/bin/java
00600000-00601000 rw-p 00000000 103:06 676153                            /usr/lib/jvm/java-8-oracle/bin/java
01c73000-01c94000 rw-p 00000000 00:00 0                                  [heap]
540000000-5b9480000 rw-p 00000000 00:00 0 
5e8500000-6eab00000 ---p 00000000 00:00 0 
6eab00000-773d00000 rw-p 00000000 00:00 0 
773d00000-7c0000000 ---p 00000000 00:00 0 
7c0000000-7c00a0000 rw-p 00000000 00:00 0 
7c00a0000-800000000 ---p 00000000 00:00 0 
7f76bc000000-7f76bc021000 rw-p 00000000 00:00 0 
7f76bc021000-7f76c0000000 ---p 00000000 00:00 0 
7f76c4000000-7f76c4021000 rw-p 00000000 00:00 0 
7f76c4021000-7f76c8000000 ---p 00000000 00:00 0 
7f76c8000000-7f76c8021000 rw-p 00000000 00:00 0 
7f76c8021000-7f76cc000000 ---p 00000000 00:00 0 
7f76cc000000-7f76cd9fd000 rw-p 00000000 00:00 0 
7f76cd9fd000-7f76d0000000 ---p 00000000 00:00 0 
7f76d0000000-7f76d077f000 rw-p 00000000 00:00 0 
7f76d077f000-7f76d4000000 ---p 00000000 00:00 0 
7f76d4000000-7f76d4021000 rw-p 00000000 00:00 0 
7f76d4021000-7f76d8000000 ---p 00000000 00:00 0 
7f76d8000000-7f76da78e000 rw-p 00000000 00:00 0 
7f76da78e000-7f76dc000000 ---p 00000000 00:00 0 
7f76dc000000-7f76dc021000 rw-p 00000000 00:00 0 
7f76dc021000-7f76e0000000 ---p 00000000 00:00 0 
7f76e0000000-7f76e0021000 rw-p 00000000 00:00 0 
7f76e0021000-7f76e4000000 ---p 00000000 00:00 0 
7f76e4000000-7f76e4292000 rw-p 00000000 00:00 0 
7f76e4292000-7f76e8000000 ---p 00000000 00:00 0 
7f76e8000000-7f76fc000000 rw-p 00000000 00:00 0 
7f76fc000000-7f76fc191000 rw-p 00000000 00:00 0 
7f76fc191000-7f7700000000 ---p 00000000 00:00 0 
7f7702139000-7f770213c000 ---p 00000000 00:00 0 
7f770213c000-7f770223a000 rw-p 00000000 00:00 0 
7f770223a000-7f77022d0000 r--s 0110a000 103:06 806264                    /usr/lib/jvm/java-8-oracle/jre/lib/ext/jfxrt.jar
7f77022d0000-7f77022d1000 ---p 00000000 00:00 0 
7f77022d1000-7f77023d1000 rw-p 00000000 00:00 0 
7f77023d1000-7f77023d4000 ---p 00000000 00:00 0 
7f77023d4000-7f77024d2000 rw-p 00000000 00:00 0 
7f77024d2000-7f77024d5000 ---p 00000000 00:00 0 
7f77024d5000-7f77025d3000 rw-p 00000000 00:00 0 
7f77025d3000-7f77025d6000 ---p 00000000 00:00 0 
7f77025d6000-7f77026d4000 rw-p 00000000 00:00 0 
7f77026d4000-7f77026d7000 ---p 00000000 00:00 0 
7f77026d7000-7f77027d5000 rw-p 00000000 00:00 0 
7f77027d5000-7f77027d8000 ---p 00000000 00:00 0 
7f77027d8000-7f77028d6000 rw-p 00000000 00:00 0 
7f77028d6000-7f7702bb2000 r--p 00000000 103:06 132049                    /usr/lib/locale/locale-archive
7f7702bb2000-7f7702bb5000 ---p 00000000 00:00 0 
7f7702bb5000-7f7702cb3000 rw-p 00000000 00:00 0 
7f7702cb3000-7f7702cb6000 ---p 00000000 00:00 0 
7f7702cb6000-7f7702db4000 rw-p 00000000 00:00 0 
7f7702db4000-7f7702db5000 ---p 00000000 00:00 0 
7f7702db5000-7f7703e27000 rw-p 00000000 00:00 0 
7f7703e27000-7f7704000000 r--s 03d64000 103:06 806398                    /usr/lib/jvm/java-8-oracle/jre/lib/rt.jar
7f7704000000-7f77045b9000 rw-p 00000000 00:00 0 
7f77045b9000-7f7708000000 ---p 00000000 00:00 0 
7f7708000000-7f770873a000 rw-p 00000000 00:00 0 
7f770873a000-7f770c000000 ---p 00000000 00:00 0 
7f770c000000-7f770c0bb000 rw-p 00000000 00:00 0 
7f770c0bb000-7f7710000000 ---p 00000000 00:00 0 
7f7710006000-7f7710020000 r--s 00209000 103:06 1062073                   /home/ahmed/Desktop/eclipse-projects/RDF-Doctor/lib/antlr-4.7.1-complete.jar
7f7710020000-7f7710689000 rw-p 00000000 00:00 0 
7f7710689000-7f7710989000 ---p 00000000 00:00 0 
7f7710989000-7f7711d89000 rw-p 00000000 00:00 0 
7f7711d89000-7f7711d8a000 ---p 00000000 00:00 0 
7f7711d8a000-7f7711e8a000 rw-p 00000000 00:00 0 
7f7711e8a000-7f7711e8b000 ---p 00000000 00:00 0 
7f7711e8b000-7f7711f8b000 rw-p 00000000 00:00 0 
7f7711f8b000-7f7711f8c000 ---p 00000000 00:00 0 
7f7711f8c000-7f7712457000 rw-p 00000000 00:00 0 
7f7712457000-7f7712de2000 ---p 00000000 00:00 0 
7f7712de2000-7f77131ad000 rw-p 00000000 00:00 0 
7f77131ad000-7f7713b37000 ---p 00000000 00:00 0 
7f7713b37000-7f7713f81000 rw-p 00000000 00:00 0 
7f7713f81000-7f77141e2000 ---p 00000000 00:00 0 
7f77141e2000-7f77141f7000 rw-p 00000000 00:00 0 
7f77141f7000-7f77145a3000 ---p 00000000 00:00 0 
7f77145a3000-7f7714a93000 rwxp 00000000 00:00 0 
7f7714a93000-7f77235a3000 ---p 00000000 00:00 0 
7f77235a3000-7f77235be000 r-xp 00000000 103:06 806463                    /usr/lib/jvm/java-8-oracle/jre/lib/amd64/libzip.so
7f77235be000-7f77237be000 ---p 0001b000 103:06 806463                    /usr/lib/jvm/java-8-oracle/jre/lib/amd64/libzip.so
7f77237be000-7f77237bf000 rw-p 0001b000 103:06 806463                    /usr/lib/jvm/java-8-oracle/jre/lib/amd64/libzip.so
7f77237bf000-7f77237ca000 r-xp 00000000 103:06 1725579                   /lib/x86_64-linux-gnu/libnss_files-2.26.so
7f77237ca000-7f77239c9000 ---p 0000b000 103:06 1725579                   /lib/x86_64-linux-gnu/libnss_files-2.26.so
7f77239c9000-7f77239ca000 r--p 0000a000 103:06 1725579                   /lib/x86_64-linux-gnu/libnss_files-2.26.so
7f77239ca000-7f77239cb000 rw-p 0000b000 103:06 1725579                   /lib/x86_64-linux-gnu/libnss_files-2.26.so
7f77239cb000-7f77239d1000 rw-p 00000000 00:00 0 
7f77239d1000-7f77239dc000 r-xp 00000000 103:06 1725581                   /lib/x86_64-linux-gnu/libnss_nis-2.26.so
7f77239dc000-7f7723bdb000 ---p 0000b000 103:06 1725581                   /lib/x86_64-linux-gnu/libnss_nis-2.26.so
7f7723bdb000-7f7723bdc000 r--p 0000a000 103:06 1725581                   /lib/x86_64-linux-gnu/libnss_nis-2.26.so
7f7723bdc000-7f7723bdd000 rw-p 0000b000 103:06 1725581                   /lib/x86_64-linux-gnu/libnss_nis-2.26.so
7f7723bdd000-7f7723bf4000 r-xp 00000000 103:06 1725576                   /lib/x86_64-linux-gnu/libnsl-2.26.so
7f7723bf4000-7f7723df3000 ---p 00017000 103:06 1725576                   /lib/x86_64-linux-gnu/libnsl-2.26.so
7f7723df3000-7f7723df4000 r--p 00016000 103:06 1725576                   /lib/x86_64-linux-gnu/libnsl-2.26.so
7f7723df4000-7f7723df5000 rw-p 00017000 103:06 1725576                   /lib/x86_64-linux-gnu/libnsl-2.26.so
7f7723df5000-7f7723df7000 rw-p 00000000 00:00 0 
7f7723df7000-7f7723dff000 r-xp 00000000 103:06 1725577                   /lib/x86_64-linux-gnu/libnss_compat-2.26.so
7f7723dff000-7f7723ffe000 ---p 00008000 103:06 1725577                   /lib/x86_64-linux-gnu/libnss_compat-2.26.so
7f7723ffe000-7f7723fff000 r--p 00007000 103:06 1725577                   /lib/x86_64-linux-gnu/libnss_compat-2.26.so
7f7723fff000-7f7724000000 rw-p 00008000 103:06 1725577                   /lib/x86_64-linux-gnu/libnss_compat-2.26.so
7f7724000000-7f77243e7000 rw-p 00000000 00:00 0 
7f77243e7000-7f7728000000 ---p 00000000 00:00 0 
7f7728005000-7f7728026000 rw-p 00000000 00:00 0 
7f7728026000-7f7728027000 ---p 00000000 00:00 0 
7f7728027000-7f7728127000 rw-p 00000000 00:00 0 
7f7728127000-7f7728152000 r-xp 00000000 103:06 806457                    /usr/lib/jvm/java-8-oracle/jre/lib/amd64/libjava.so
7f7728152000-7f7728351000 ---p 0002b000 103:06 806457                    /usr/lib/jvm/java-8-oracle/jre/lib/amd64/libjava.so
7f7728351000-7f7728353000 rw-p 0002a000 103:06 806457                    /usr/lib/jvm/java-8-oracle/jre/lib/amd64/libjava.so
7f7728353000-7f7728360000 r-xp 00000000 103:06 806462                    /usr/lib/jvm/java-8-oracle/jre/lib/amd64/libverify.so
7f7728360000-7f7728560000 ---p 0000d000 103:06 806462                    /usr/lib/jvm/java-8-oracle/jre/lib/amd64/libverify.so
7f7728560000-7f7728562000 rw-p 0000d000 103:06 806462                    /usr/lib/jvm/java-8-oracle/jre/lib/amd64/libverify.so
7f7728562000-7f7728569000 r-xp 00000000 103:06 1725588                   /lib/x86_64-linux-gnu/librt-2.26.so
7f7728569000-7f7728768000 ---p 00007000 103:06 1725588                   /lib/x86_64-linux-gnu/librt-2.26.so
7f7728768000-7f7728769000 r--p 00006000 103:06 1725588                   /lib/x86_64-linux-gnu/librt-2.26.so
7f7728769000-7f772876a000 rw-p 00007000 103:06 1725588                   /lib/x86_64-linux-gnu/librt-2.26.so
7f772876a000-7f77288bf000 r-xp 00000000 103:06 1725573                   /lib/x86_64-linux-gnu/libm-2.26.so
7f77288bf000-7f7728abe000 ---p 00155000 103:06 1725573                   /lib/x86_64-linux-gnu/libm-2.26.so
7f7728abe000-7f7728abf000 r--p 00154000 103:06 1725573                   /lib/x86_64-linux-gnu/libm-2.26.so
7f7728abf000-7f7728ac0000 rw-p 00155000 103:06 1725573                   /lib/x86_64-linux-gnu/libm-2.26.so
7f7728ac0000-7f7729799000 r-xp 00000000 103:06 806415                    /usr/lib/jvm/java-8-oracle/jre/lib/amd64/server/libjvm.so
7f7729799000-7f7729998000 ---p 00cd9000 103:06 806415                    /usr/lib/jvm/java-8-oracle/jre/lib/amd64/server/libjvm.so
7f7729998000-7f7729a71000 rw-p 00cd8000 103:06 806415                    /usr/lib/jvm/java-8-oracle/jre/lib/amd64/server/libjvm.so
7f7729a71000-7f7729abd000 rw-p 00000000 00:00 0 
7f7729abd000-7f7729c93000 r-xp 00000000 103:06 1725569                   /lib/x86_64-linux-gnu/libc-2.26.so
7f7729c93000-7f7729e93000 ---p 001d6000 103:06 1725569                   /lib/x86_64-linux-gnu/libc-2.26.so
7f7729e93000-7f7729e97000 r--p 001d6000 103:06 1725569                   /lib/x86_64-linux-gnu/libc-2.26.so
7f7729e97000-7f7729e99000 rw-p 001da000 103:06 1725569                   /lib/x86_64-linux-gnu/libc-2.26.so
7f7729e99000-7f7729e9d000 rw-p 00000000 00:00 0 
7f7729e9d000-7f7729ea0000 r-xp 00000000 103:06 1725572                   /lib/x86_64-linux-gnu/libdl-2.26.so
7f7729ea0000-7f772a09f000 ---p 00003000 103:06 1725572                   /lib/x86_64-linux-gnu/libdl-2.26.so
7f772a09f000-7f772a0a0000 r--p 00002000 103:06 1725572                   /lib/x86_64-linux-gnu/libdl-2.26.so
7f772a0a0000-7f772a0a1000 rw-p 00003000 103:06 1725572                   /lib/x86_64-linux-gnu/libdl-2.26.so
7f772a0a1000-7f772a0b7000 r-xp 00000000 103:06 677025                    /usr/lib/jvm/java-8-oracle/lib/amd64/jli/libjli.so
7f772a0b7000-7f772a2b6000 ---p 00016000 103:06 677025                    /usr/lib/jvm/java-8-oracle/lib/amd64/jli/libjli.so
7f772a2b6000-7f772a2b7000 rw-p 00015000 103:06 677025                    /usr/lib/jvm/java-8-oracle/lib/amd64/jli/libjli.so
7f772a2b7000-7f772a2d1000 r-xp 00000000 103:06 1725586                   /lib/x86_64-linux-gnu/libpthread-2.26.so
7f772a2d1000-7f772a4d0000 ---p 0001a000 103:06 1725586                   /lib/x86_64-linux-gnu/libpthread-2.26.so
7f772a4d0000-7f772a4d1000 r--p 00019000 103:06 1725586                   /lib/x86_64-linux-gnu/libpthread-2.26.so
7f772a4d1000-7f772a4d2000 rw-p 0001a000 103:06 1725586                   /lib/x86_64-linux-gnu/libpthread-2.26.so
7f772a4d2000-7f772a4d6000 rw-p 00000000 00:00 0 
7f772a4d6000-7f772a4fd000 r-xp 00000000 103:06 1718427                   /lib/x86_64-linux-gnu/ld-2.26.so
7f772a4fd000-7f772a501000 r--s 00031000 103:06 1060185                   /home/ahmed/Desktop/eclipse-projects/RDF-Doctor/lib/commons-io-2.6.jar
7f772a501000-7f772a506000 r--s 00084000 103:06 806358                    /usr/lib/jvm/java-8-oracle/jre/lib/jfr.jar
7f772a506000-7f772a50b000 r--s 002f9000 103:06 806396                    /usr/lib/jvm/java-8-oracle/jre/lib/charsets.jar
7f772a50b000-7f772a510000 r--s 0009d000 103:06 806408                    /usr/lib/jvm/java-8-oracle/jre/lib/jsse.jar
7f772a510000-7f772a5d8000 rw-p 00000000 00:00 0 
7f772a5d8000-7f772a5db000 ---p 00000000 00:00 0 
7f772a5db000-7f772a6dd000 rw-p 00000000 00:00 0 
7f772a6dd000-7f772a6e0000 r--s 0001a000 103:06 806483                    /usr/lib/jvm/java-8-oracle/jre/lib/jce.jar
7f772a6e0000-7f772a6f3000 r--s 00345000 103:06 806407                    /usr/lib/jvm/java-8-oracle/jre/lib/resources.jar
7f772a6f3000-7f772a6fb000 rw-s 00000000 103:06 1839564                   /tmp/hsperfdata_ahmed/11732
7f772a6fb000-7f772a6fc000 rw-p 00000000 00:00 0 
7f772a6fc000-7f772a6fd000 ---p 00000000 00:00 0 
7f772a6fd000-7f772a6fe000 r--p 00027000 103:06 1718427                   /lib/x86_64-linux-gnu/ld-2.26.so
7f772a6fe000-7f772a6ff000 rw-p 00028000 103:06 1718427                   /lib/x86_64-linux-gnu/ld-2.26.so
7f772a6ff000-7f772a700000 rw-p 00000000 00:00 0 
7ffc4a207000-7ffc4a228000 rw-p 00000000 00:00 0                          [stack]
7ffc4a29e000-7ffc4a2a1000 r--p 00000000 00:00 0                          [vvar]
7ffc4a2a1000-7ffc4a2a3000 r-xp 00000000 00:00 0                          [vdso]
ffffffffff600000-ffffffffff601000 r-xp 00000000 00:00 0                  [vsyscall]

VM Arguments:
jvm_args: -Xmx10g -Dfile.encoding=UTF-8 
java_command: main.Main
java_class_path (initial): /usr/lib/jvm/java-8-oracle/jre/lib/resources.jar:/usr/lib/jvm/java-8-oracle/jre/lib/rt.jar:/usr/lib/jvm/java-8-oracle/jre/lib/jsse.jar:/usr/lib/jvm/java-8-oracle/jre/lib/jce.jar:/usr/lib/jvm/java-8-oracle/jre/lib/charsets.jar:/usr/lib/jvm/java-8-oracle/jre/lib/jfr.jar:/usr/lib/jvm/java-8-oracle/jre/lib/ext/cldrdata.jar:/usr/lib/jvm/java-8-oracle/jre/lib/ext/dnsns.jar:/usr/lib/jvm/java-8-oracle/jre/lib/ext/sunjce_provider.jar:/usr/lib/jvm/java-8-oracle/jre/lib/ext/sunpkcs11.jar:/usr/lib/jvm/java-8-oracle/jre/lib/ext/jaccess.jar:/usr/lib/jvm/java-8-oracle/jre/lib/ext/nashorn.jar:/usr/lib/jvm/java-8-oracle/jre/lib/ext/sunec.jar:/usr/lib/jvm/java-8-oracle/jre/lib/ext/zipfs.jar:/usr/lib/jvm/java-8-oracle/jre/lib/ext/jfxrt.jar:/usr/lib/jvm/java-8-oracle/jre/lib/ext/localedata.jar:/home/ahmed/Desktop/eclipse-projects/RDF-Doctor/target/classes:/home/ahmed/Desktop/eclipse-projects/RDF-Doctor/lib/commons-io-2.6.jar:/home/ahmed/Desktop/eclipse-projects/RDF-Doctor/lib/antlr-4.7.1-complete.jar
Launcher Type: SUN_STANDARD

Environment Variables:
JAVA_HOME=/usr/lib/jvm/java-8-oracle
PATH=/opt/maven/bin:/usr/local/sbin:/usr/local/bin:/usr/sbin:/usr/bin:/sbin:/bin:/usr/games:/usr/local/games:/snap/bin:/usr/lib/jvm/java-8-oracle/bin:/usr/lib/jvm/java-8-oracle/db/bin:/usr/lib/jvm/java-8-oracle/jre/bin
USERNAME=ahmed
SHELL=/bin/bash
DISPLAY=:1

Signal Handlers:
SIGSEGV: [libjvm.so+0xad01e0], sa_mask[0]=11111111011111111101111111111110, sa_flags=SA_RESTART|SA_SIGINFO
SIGBUS: [libjvm.so+0xad01e0], sa_mask[0]=11111111011111111101111111111110, sa_flags=SA_RESTART|SA_SIGINFO
SIGFPE: [libjvm.so+0x927fb0], sa_mask[0]=11111111011111111101111111111110, sa_flags=SA_RESTART|SA_SIGINFO
SIGPIPE: [libjvm.so+0x927fb0], sa_mask[0]=11111111011111111101111111111110, sa_flags=SA_RESTART|SA_SIGINFO
SIGXFSZ: [libjvm.so+0x927fb0], sa_mask[0]=11111111011111111101111111111110, sa_flags=SA_RESTART|SA_SIGINFO
SIGILL: [libjvm.so+0x927fb0], sa_mask[0]=11111111011111111101111111111110, sa_flags=SA_RESTART|SA_SIGINFO
SIGUSR1: SIG_DFL, sa_mask[0]=00000000000000000000000000000000, sa_flags=none
SIGUSR2: [libjvm.so+0x9297f0], sa_mask[0]=00100000000000000000000000000000, sa_flags=SA_RESTART|SA_SIGINFO
SIGHUP: [libjvm.so+0x92abf0], sa_mask[0]=11111111011111111101111111111110, sa_flags=SA_RESTART|SA_SIGINFO
SIGINT: [libjvm.so+0x92abf0], sa_mask[0]=11111111011111111101111111111110, sa_flags=SA_RESTART|SA_SIGINFO
SIGTERM: [libjvm.so+0x92abf0], sa_mask[0]=11111111011111111101111111111110, sa_flags=SA_RESTART|SA_SIGINFO
SIGQUIT: [libjvm.so+0x92abf0], sa_mask[0]=11111111011111111101111111111110, sa_flags=SA_RESTART|SA_SIGINFO


---------------  S Y S T E M  ---------------

OS:DISTRIB_ID=Ubuntu
DISTRIB_RELEASE=17.10
DISTRIB_CODENAME=artful
DISTRIB_DESCRIPTION="Ubuntu 17.10"

uname:Linux 4.13.0-43-generic #48-Ubuntu SMP Wed May 16 12:18:48 UTC 2018 x86_64
libc:glibc 2.26 NPTL 2.26 
rlimit: STACK 8192k, CORE 0k, NPROC 63187, NOFILE 4096, AS infinity
load average:1.80 0.94 0.79

/proc/meminfo:
MemTotal:       16280364 kB
MemFree:          194892 kB
MemAvailable:      85420 kB
Buffers:            2804 kB
Cached:           190640 kB
SwapCached:        27440 kB
Active:         14301664 kB
Inactive:        1341900 kB
Active(anon):   14260448 kB
Inactive(anon):  1296200 kB
Active(file):      41216 kB
Inactive(file):    45700 kB
Unevictable:         692 kB
Mlocked:             692 kB
SwapTotal:       1537788 kB
SwapFree:         100860 kB
Dirty:               300 kB
Writeback:             0 kB
AnonPages:      15423844 kB
Mapped:           272928 kB
Shmem:            106552 kB
Slab:             118528 kB
SReclaimable:      40700 kB
SUnreclaim:        77828 kB
KernelStack:       16992 kB
PageTables:       105676 kB
NFS_Unstable:          0 kB
Bounce:                0 kB
WritebackTmp:          0 kB
CommitLimit:     9677968 kB
Committed_AS:   24931916 kB
VmallocTotal:   34359738367 kB
VmallocUsed:           0 kB
VmallocChunk:          0 kB
HardwareCorrupted:     0 kB
AnonHugePages:         0 kB
ShmemHugePages:        0 kB
ShmemPmdMapped:        0 kB
CmaTotal:              0 kB
CmaFree:               0 kB
HugePages_Total:       0
HugePages_Free:        0
HugePages_Rsvd:        0
HugePages_Surp:        0
Hugepagesize:       2048 kB
DirectMap4k:      419924 kB
DirectMap2M:     6774784 kB
DirectMap1G:     9437184 kB


CPU:total 4 (initial active 4) (4 cores per cpu, 1 threads per core) family 6 model 158 stepping 9, cmov, cx8, fxsr, mmx, sse, sse2, sse3, ssse3, sse4.1, sse4.2, popcnt, avx, avx2, aes, clmul, erms, rtm, 3dnowpref, lzcnt, tsc, tscinvbit, bmi1, bmi2, adx

/proc/cpuinfo:
processor	: 0
vendor_id	: GenuineIntel
cpu family	: 6
model		: 158
model name	: Intel(R) Core(TM) i5-7440HQ CPU @ 2.80GHz
stepping	: 9
microcode	: 0x84
cpu MHz		: 3119.549
cache size	: 6144 KB
physical id	: 0
siblings	: 4
core id		: 0
cpu cores	: 4
apicid		: 0
initial apicid	: 0
fpu		: yes
fpu_exception	: yes
cpuid level	: 22
wp		: yes
flags		: fpu vme de pse tsc msr pae mce cx8 apic sep mtrr pge mca cmov pat pse36 clflush dts acpi mmx fxsr sse sse2 ss ht tm pbe syscall nx pdpe1gb rdtscp lm constant_tsc art arch_perfmon pebs bts rep_good nopl xtopology nonstop_tsc cpuid aperfmperf tsc_known_freq pni pclmulqdq dtes64 monitor ds_cpl vmx smx est tm2 ssse3 sdbg fma cx16 xtpr pdcm pcid sse4_1 sse4_2 x2apic movbe popcnt tsc_deadline_timer aes xsave avx f16c rdrand lahf_lm abm 3dnowprefetch cpuid_fault epb invpcid_single pti retpoline intel_pt rsb_ctxsw spec_ctrl tpr_shadow vnmi flexpriority ept vpid fsgsbase tsc_adjust bmi1 hle avx2 smep bmi2 erms invpcid rtm mpx rdseed adx smap clflushopt xsaveopt xsavec xgetbv1 xsaves dtherm ida arat pln pts hwp hwp_notify hwp_act_window hwp_epp
bugs		: cpu_meltdown spectre_v1 spectre_v2 spec_store_bypass
bogomips	: 5616.00
clflush size	: 64
cache_alignment	: 64
address sizes	: 39 bits physical, 48 bits virtual
power management:

processor	: 1
vendor_id	: GenuineIntel
cpu family	: 6
model		: 158
model name	: Intel(R) Core(TM) i5-7440HQ CPU @ 2.80GHz
stepping	: 9
microcode	: 0x84
cpu MHz		: 3191.851
cache size	: 6144 KB
physical id	: 0
siblings	: 4
core id		: 1
cpu cores	: 4
apicid		: 2
initial apicid	: 2
fpu		: yes
fpu_exception	: yes
cpuid level	: 22
wp		: yes
flags		: fpu vme de pse tsc msr pae mce cx8 apic sep mtrr pge mca cmov pat pse36 clflush dts acpi mmx fxsr sse sse2 ss ht tm pbe syscall nx pdpe1gb rdtscp lm constant_tsc art arch_perfmon pebs bts rep_good nopl xtopology nonstop_tsc cpuid aperfmperf tsc_known_freq pni pclmulqdq dtes64 monitor ds_cpl vmx smx est tm2 ssse3 sdbg fma cx16 xtpr pdcm pcid sse4_1 sse4_2 x2apic movbe popcnt tsc_deadline_timer aes xsave avx f16c rdrand lahf_lm abm 3dnowprefetch cpuid_fault epb invpcid_single pti retpoline intel_pt rsb_ctxsw spec_ctrl tpr_shadow vnmi flexpriority ept vpid fsgsbase tsc_adjust bmi1 hle avx2 smep bmi2 erms invpcid rtm mpx rdseed adx smap clflushopt xsaveopt xsavec xgetbv1 xsaves dtherm ida arat pln pts hwp hwp_notify hwp_act_window hwp_epp
bugs		: cpu_meltdown spectre_v1 spectre_v2 spec_store_bypass
bogomips	: 5616.00
clflush size	: 64
cache_alignment	: 64
address sizes	: 39 bits physical, 48 bits virtual
power management:

processor	: 2
vendor_id	: GenuineIntel
cpu family	: 6
model		: 158
model name	: Intel(R) Core(TM) i5-7440HQ CPU @ 2.80GHz
stepping	: 9
microcode	: 0x84
cpu MHz		: 3182.869
cache size	: 6144 KB
physical id	: 0
siblings	: 4
core id		: 2
cpu cores	: 4
apicid		: 4
initial apicid	: 4
fpu		: yes
fpu_exception	: yes
cpuid level	: 22
wp		: yes
flags		: fpu vme de pse tsc msr pae mce cx8 apic sep mtrr pge mca cmov pat pse36 clflush dts acpi mmx fxsr sse sse2 ss ht tm pbe syscall nx pdpe1gb rdtscp lm constant_tsc art arch_perfmon pebs bts rep_good nopl xtopology nonstop_tsc cpuid aperfmperf tsc_known_freq pni pclmulqdq dtes64 monitor ds_cpl vmx smx est tm2 ssse3 sdbg fma cx16 xtpr pdcm pcid sse4_1 sse4_2 x2apic movbe popcnt tsc_deadline_timer aes xsave avx f16c rdrand lahf_lm abm 3dnowprefetch cpuid_fault epb invpcid_single pti retpoline intel_pt rsb_ctxsw spec_ctrl tpr_shadow vnmi flexpriority ept vpid fsgsbase tsc_adjust bmi1 hle avx2 smep bmi2 erms invpcid rtm mpx rdseed adx smap clflushopt xsaveopt xsavec xgetbv1 xsaves dtherm ida arat pln pts hwp hwp_notify hwp_act_window hwp_epp
bugs		: cpu_meltdown spectre_v1 spectre_v2 spec_store_bypass
bogomips	: 5616.00
clflush size	: 64
cache_alignment	: 64
address sizes	: 39 bits physical, 48 bits virtual
power management:

processor	: 3
vendor_id	: GenuineIntel
cpu family	: 6
model		: 158
model name	: Intel(R) Core(TM) i5-7440HQ CPU @ 2.80GHz
stepping	: 9
microcode	: 0x84
cpu MHz		: 3091.316
cache size	: 6144 KB
physical id	: 0
siblings	: 4
core id		: 3
cpu cores	: 4
apicid		: 6
initial apicid	: 6
fpu		: yes
fpu_exception	: yes
cpuid level	: 22
wp		: yes
flags		: fpu vme de pse tsc msr pae mce cx8 apic sep mtrr pge mca cmov pat pse36 clflush dts acpi mmx fxsr sse sse2 ss ht tm pbe syscall nx pdpe1gb rdtscp lm constant_tsc art arch_perfmon pebs bts rep_good nopl xtopology nonstop_tsc cpuid aperfmperf tsc_known_freq pni pclmulqdq dtes64 monitor ds_cpl vmx smx est tm2 ssse3 sdbg fma cx16 xtpr pdcm pcid sse4_1 sse4_2 x2apic movbe popcnt tsc_deadline_timer aes xsave avx f16c rdrand lahf_lm abm 3dnowprefetch cpuid_fault epb invpcid_single pti retpoline intel_pt rsb_ctxsw spec_ctrl tpr_shadow vnmi flexpriority ept vpid fsgsbase tsc_adjust bmi1 hle avx2 smep bmi2 erms invpcid rtm mpx rdseed adx smap clflushopt xsaveopt xsavec xgetbv1 xsaves dtherm ida arat pln pts hwp hwp_notify hwp_act_window hwp_epp
bugs		: cpu_meltdown spectre_v1 spectre_v2 spec_store_bypass
bogomips	: 5616.00
clflush size	: 64
cache_alignment	: 64
address sizes	: 39 bits physical, 48 bits virtual
power management:



Memory: 4k page, physical 16280364k(194272k free), swap 1537788k(101372k free)

vm_info: Java HotSpot(TM) 64-Bit Server VM (25.161-b12) for linux-amd64 JRE (1.8.0_161-b12), built on Dec 19 2017 16:12:43 by "java_re" with gcc 4.3.0 20080428 (Red Hat 4.3.0-8)

time: Tue May 29 07:34:05 2018
elapsed time: 18 seconds (0d 0h 0m 18s)

