#
# There is insufficient memory for the Java Runtime Environment to continue.
# Native memory allocation (malloc) failed to allocate 361056 bytes for Chunk::new
# Possible reasons:
#   The system is out of physical RAM or swap space
#   In 32 bit mode, the process size limit was hit
# Possible solutions:
#   Reduce memory load on the system
#   Increase physical memory or swap space
#   Check if swap backing store is full
#   Use 64 bit Java on a 64 bit OS
#   Decrease Java heap size (-Xmx/-Xms)
#   Decrease number of Java threads
#   Decrease Java thread stack sizes (-Xss)
#   Set larger code cache with -XX:ReservedCodeCacheSize=
# This output file may be truncated or incomplete.
#
#  Out of Memory Error (allocation.cpp:390), pid=4120, tid=10780
#
# JRE version: Java(TM) SE Runtime Environment (8.0_91-b15) (build 1.8.0_91-b15)
# Java VM: Java HotSpot(TM) 64-Bit Server VM (25.91-b15 mixed mode windows-amd64 compressed oops)
# Failed to write core dump. Minidumps are not enabled by default on client versions of Windows
#

---------------  T H R E A D  ---------------

Current thread (0x0000000014ace800):  JavaThread "C2 CompilerThread0" daemon [_thread_in_native, id=10780, stack(0x0000000016040000,0x0000000016140000)]

Stack: [0x0000000016040000,0x0000000016140000]
[error occurred during error reporting (printing stack bounds), id 0xc0000005]

Native frames: (J=compiled Java code, j=interpreted, Vv=VM code, C=native code)


Current CompileTask:
C2:   1977 1319       4       org.apache.jena.iri.impl.LexerHost::yylex (2104 bytes)


---------------  P R O C E S S  ---------------

Java Threads: ( => current thread )
  0x000000001637c000 JavaThread "Service Thread" daemon [_thread_blocked, id=7740, stack(0x0000000016740000,0x0000000016840000)]
  0x0000000014ad8800 JavaThread "C1 CompilerThread2" daemon [_thread_in_native, id=1952, stack(0x0000000016240000,0x0000000016340000)]
  0x0000000014ad0800 JavaThread "C2 CompilerThread1" daemon [_thread_in_native, id=9008, stack(0x0000000016140000,0x0000000016240000)]
=>0x0000000014ace800 JavaThread "C2 CompilerThread0" daemon [_thread_in_native, id=10780, stack(0x0000000016040000,0x0000000016140000)]
  0x0000000014acc800 JavaThread "Attach Listener" daemon [_thread_blocked, id=2696, stack(0x0000000015f40000,0x0000000016040000)]
  0x0000000014acb000 JavaThread "Signal Dispatcher" daemon [_thread_blocked, id=3416, stack(0x0000000015e40000,0x0000000015f40000)]
  0x0000000014ab9800 JavaThread "Finalizer" daemon [_thread_blocked, id=10064, stack(0x0000000015d40000,0x0000000015e40000)]
  0x00000000025d1000 JavaThread "Reference Handler" daemon [_thread_blocked, id=2408, stack(0x0000000015c40000,0x0000000015d40000)]
  0x00000000022de000 JavaThread "main" [_thread_in_Java, id=5752, stack(0x00000000023e0000,0x00000000024e0000)]

Other Threads:
  0x0000000014a97800 VMThread [stack: 0x0000000015b40000,0x0000000015c40000] [id=11880]
  0x0000000016381000 WatcherThread [stack: 0x0000000016840000,0x0000000016940000] [id=10788]

VM state:not at safepoint (normal execution)

VM Mutex/Monitor currently owned by a thread: None

Heap:
 PSYoungGen      total 18432K, used 16947K [0x00000000ebc00000, 0x00000000ed080000, 0x0000000100000000)
  eden space 15872K, 90% used [0x00000000ebc00000,0x00000000eca0ff48,0x00000000ecb80000)
  from space 2560K, 99% used [0x00000000ecb80000,0x00000000ecdfced8,0x00000000ece00000)
  to   space 2560K, 0% used [0x00000000ece00000,0x00000000ece00000,0x00000000ed080000)
 ParOldGen       total 42496K, used 7776K [0x00000000c3400000, 0x00000000c5d80000, 0x00000000ebc00000)
  object space 42496K, 18% used [0x00000000c3400000,0x00000000c3b98038,0x00000000c5d80000)
 Metaspace       used 16273K, capacity 16530K, committed 16896K, reserved 1064960K
  class space    used 2147K, capacity 2227K, committed 2304K, reserved 1048576K

Card table byte_map: [0x00000000119a0000,0x0000000011b90000] byte_map_base: 0x0000000011386000

Marking Bits: (ParMarkBitMap*) 0x000000006c812f70
 Begin Bits: [0x00000000120e0000, 0x0000000013010000)
 End Bits:   [0x0000000013010000, 0x0000000013f40000)

Polling page: 0x0000000000ad0000

CodeCache: size=245760Kb used=4819Kb max_used=4819Kb free=240940Kb
 bounds [0x00000000025e0000, 0x0000000002aa0000, 0x00000000115e0000]
 total_blobs=1695 nmethods=1322 adapters=286
 compilation: enabled

Compilation events (10 events):
Event: 1.964 Thread 0x0000000014ad8800 nmethod 1317 0x0000000002a84b10 code [0x0000000002a84c80, 0x0000000002a84f90]
Event: 1.964 Thread 0x0000000014ad8800 1318       3       org.apache.jena.graph.Node_Literal::<init> (6 bytes)
Event: 1.964 Thread 0x0000000014ad8800 nmethod 1318 0x0000000002a845d0 code [0x0000000002a84740, 0x0000000002a849d0]
Event: 1.965 Thread 0x0000000014ad0800 1320       4       org.apache.jena.riot.tokens.TokenizerText::readIRI (354 bytes)
Event: 1.968 Thread 0x0000000014ad8800 1321       3       org.apache.jena.graph.impl.LiteralLabelFactory::fixDatatype (37 bytes)
Event: 1.968 Thread 0x0000000014ad8800 nmethod 1321 0x0000000002a84050 code [0x0000000002a841c0, 0x0000000002a844e8]
Event: 1.970 Thread 0x0000000014ad8800 1322       3       org.apache.xerces.impl.dv.xs.StringDV::getActualValue (2 bytes)
Event: 1.970 Thread 0x0000000014ad8800 nmethod 1322 0x0000000002a80890 code [0x0000000002a809e0, 0x0000000002a80b30]
Event: 1.970 Thread 0x0000000014ad8800 1323       3       org.apache.jena.datatypes.xsd.XSDDatatype::parseValidated (2 bytes)
Event: 1.970 Thread 0x0000000014ad8800 nmethod 1323 0x0000000002a83c90 code [0x0000000002a83de0, 0x0000000002a83f30]

GC Heap History (6 events):
Event: 0.733 GC heap before
{Heap before GC invocations=1 (full 0):
 PSYoungGen      total 18432K, used 15872K [0x00000000ebc00000, 0x00000000ed080000, 0x0000000100000000)
  eden space 15872K, 100% used [0x00000000ebc00000,0x00000000ecb80000,0x00000000ecb80000)
  from space 2560K, 0% used [0x00000000ece00000,0x00000000ece00000,0x00000000ed080000)
  to   space 2560K, 0% used [0x00000000ecb80000,0x00000000ecb80000,0x00000000ece00000)
 ParOldGen       total 42496K, used 0K [0x00000000c3400000, 0x00000000c5d80000, 0x00000000ebc00000)
  object space 42496K, 0% used [0x00000000c3400000,0x00000000c3400000,0x00000000c5d80000)
 Metaspace       used 6785K, capacity 7200K, committed 7296K, reserved 1056768K
  class space    used 840K, capacity 894K, committed 896K, reserved 1048576K
Event: 0.739 GC heap after
Heap after GC invocations=1 (full 0):
 PSYoungGen      total 18432K, used 2540K [0x00000000ebc00000, 0x00000000ed080000, 0x0000000100000000)
  eden space 15872K, 0% used [0x00000000ebc00000,0x00000000ebc00000,0x00000000ecb80000)
  from space 2560K, 99% used [0x00000000ecb80000,0x00000000ecdfb0e8,0x00000000ece00000)
  to   space 2560K, 0% used [0x00000000ece00000,0x00000000ece00000,0x00000000ed080000)
 ParOldGen       total 42496K, used 1196K [0x00000000c3400000, 0x00000000c5d80000, 0x00000000ebc00000)
  object space 42496K, 2% used [0x00000000c3400000,0x00000000c352b170,0x00000000c5d80000)
 Metaspace       used 6785K, capacity 7200K, committed 7296K, reserved 1056768K
  class space    used 840K, capacity 894K, committed 896K, reserved 1048576K
}
Event: 1.114 GC heap before
{Heap before GC invocations=2 (full 0):
 PSYoungGen      total 18432K, used 18412K [0x00000000ebc00000, 0x00000000ed080000, 0x0000000100000000)
  eden space 15872K, 100% used [0x00000000ebc00000,0x00000000ecb80000,0x00000000ecb80000)
  from space 2560K, 99% used [0x00000000ecb80000,0x00000000ecdfb0e8,0x00000000ece00000)
  to   space 2560K, 0% used [0x00000000ece00000,0x00000000ece00000,0x00000000ed080000)
 ParOldGen       total 42496K, used 1196K [0x00000000c3400000, 0x00000000c5d80000, 0x00000000ebc00000)
  object space 42496K, 2% used [0x00000000c3400000,0x00000000c352b170,0x00000000c5d80000)
 Metaspace       used 11518K, capacity 11704K, committed 11904K, reserved 1058816K
  class space    used 1556K, capacity 1604K, committed 1664K, reserved 1048576K
Event: 1.121 GC heap after
Heap after GC invocations=2 (full 0):
 PSYoungGen      total 18432K, used 2553K [0x00000000ebc00000, 0x00000000ed080000, 0x0000000100000000)
  eden space 15872K, 0% used [0x00000000ebc00000,0x00000000ebc00000,0x00000000ecb80000)
  from space 2560K, 99% used [0x00000000ece00000,0x00000000ed07e5d8,0x00000000ed080000)
  to   space 2560K, 0% used [0x00000000ecb80000,0x00000000ecb80000,0x00000000ece00000)
 ParOldGen       total 42496K, used 4581K [0x00000000c3400000, 0x00000000c5d80000, 0x00000000ebc00000)
  object space 42496K, 10% used [0x00000000c3400000,0x00000000c38794d8,0x00000000c5d80000)
 Metaspace       used 11518K, capacity 11704K, committed 11904K, reserved 1058816K
  class space    used 1556K, capacity 1604K, committed 1664K, reserved 1048576K
}
Event: 1.549 GC heap before
{Heap before GC invocations=3 (full 0):
 PSYoungGen      total 18432K, used 18425K [0x00000000ebc00000, 0x00000000ed080000, 0x0000000100000000)
  eden space 15872K, 100% used [0x00000000ebc00000,0x00000000ecb80000,0x00000000ecb80000)
  from space 2560K, 99% used [0x00000000ece00000,0x00000000ed07e5d8,0x00000000ed080000)
  to   space 2560K, 0% used [0x00000000ecb80000,0x00000000ecb80000,0x00000000ece00000)
 ParOldGen       total 42496K, used 4581K [0x00000000c3400000, 0x00000000c5d80000, 0x00000000ebc00000)
  object space 42496K, 10% used [0x00000000c3400000,0x00000000c38794d8,0x00000000c5d80000)
 Metaspace       used 14784K, capacity 14980K, committed 15104K, reserved 1062912K
  class space    used 1958K, capacity 2032K, committed 2048K, reserved 1048576K
Event: 1.558 GC heap after
Heap after GC invocations=3 (full 0):
 PSYoungGen      total 18432K, used 2547K [0x00000000ebc00000, 0x00000000ed080000, 0x0000000100000000)
  eden space 15872K, 0% used [0x00000000ebc00000,0x00000000ebc00000,0x00000000ecb80000)
  from space 2560K, 99% used [0x00000000ecb80000,0x00000000ecdfced8,0x00000000ece00000)
  to   space 2560K, 0% used [0x00000000ece00000,0x00000000ece00000,0x00000000ed080000)
 ParOldGen       total 42496K, used 7776K [0x00000000c3400000, 0x00000000c5d80000, 0x00000000ebc00000)
  object space 42496K, 18% used [0x00000000c3400000,0x00000000c3b98038,0x00000000c5d80000)
 Metaspace       used 14784K, capacity 14980K, committed 15104K, reserved 1062912K
  class space    used 1958K, capacity 2032K, committed 2048K, reserved 1048576K
}

Deoptimization events (10 events):
Event: 1.349 Thread 0x00000000022de000 Uncommon trap: reason=class_check action=maybe_recompile pc=0x000000000277a428 method=java.lang.String.equals(Ljava/lang/Object;)Z @ 8
Event: 1.349 Thread 0x00000000022de000 Uncommon trap: reason=class_check action=maybe_recompile pc=0x000000000277a428 method=java.lang.String.equals(Ljava/lang/Object;)Z @ 8
Event: 1.481 Thread 0x00000000022de000 Uncommon trap: reason=class_check action=maybe_recompile pc=0x00000000028f03d4 method=java.util.regex.Pattern$7.isSatisfiedBy(I)Z @ 5
Event: 1.481 Thread 0x00000000022de000 Uncommon trap: reason=class_check action=maybe_recompile pc=0x00000000028f03d4 method=java.util.regex.Pattern$7.isSatisfiedBy(I)Z @ 5
Event: 1.481 Thread 0x00000000022de000 Uncommon trap: reason=class_check action=maybe_recompile pc=0x00000000028f03d4 method=java.util.regex.Pattern$7.isSatisfiedBy(I)Z @ 5
Event: 1.481 Thread 0x00000000022de000 Uncommon trap: reason=class_check action=maybe_recompile pc=0x00000000028f03d4 method=java.util.regex.Pattern$7.isSatisfiedBy(I)Z @ 5
Event: 1.528 Thread 0x00000000022de000 Uncommon trap: reason=unstable_if action=reinterpret pc=0x000000000291dee8 method=sun.util.calendar.ZoneInfoFile$ZoneOffsetTransitionRule.toEpochDay(III)J @ 119
Event: 1.699 Thread 0x00000000022de000 Uncommon trap: reason=unstable_if action=reinterpret pc=0x0000000002974430 method=org.apache.jena.atlas.io.CharStreamBuffered.advance()I @ 8
Event: 1.711 Thread 0x00000000022de000 Uncommon trap: reason=unstable_if action=reinterpret pc=0x0000000002974004 method=org.apache.jena.atlas.io.CharStreamBuffered.advance()I @ 8
Event: 1.786 Thread 0x00000000022de000 Uncommon trap: reason=unstable_if action=reinterpret pc=0x00000000029edd68 method=org.apache.jena.riot.system.RiotChars.isPNChars(I)Z @ 17

Internal exceptions (9 events):
Event: 0.042 Thread 0x00000000022de000 Exception <a 'java/lang/NoSuchMethodError': Method sun.misc.Unsafe.defineClass(Ljava/lang/String;[BII)Ljava/lang/Class; name or signature does not match> (0x00000000ebc07cc0) thrown at [C:\re\workspace\8-2-build-windows-amd64-cygwin\jdk8u91\7017\hotspot\sr"Ç]¡¥?
Event: 0.042 Thread 0x00000000022de000 Exception <a 'java/lang/NoSuchMethodError': Method sun.misc.Unsafe.prefetchRead(Ljava/lang/Object;J)V name or signature does not match> (0x00000000ebc07fa8) thrown at [C:\re\workspace\8-2-build-windows-amd64-cygwin\jdk8u91\7017\hotspot\src\share\vm\prims\jp~ÛÆâ Ì?
Event: 0.224 Thread 0x00000000022de000 Exception <a 'java/security/PrivilegedActionException'> (0x00000000ebe47360) thrown at [C:\re\workspace\8-2-build-windows-amd64-cygwin\jdk8u91\7017\hotspot\src\share\vm\prims\jvm.cpp, line 1386]
Event: 0.224 Thread 0x00000000022de000 Exception <a 'java/security/PrivilegedActionException'> (0x00000000ebe47570) thrown at [C:\re\workspace\8-2-build-windows-amd64-cygwin\jdk8u91\7017\hotspot\src\share\vm\prims\jvm.cpp, line 1386]
Event: 0.224 Thread 0x00000000022de000 Exception <a 'java/security/PrivilegedActionException'> (0x00000000ebe4b118) thrown at [C:\re\workspace\8-2-build-windows-amd64-cygwin\jdk8u91\7017\hotspot\src\share\vm\prims\jvm.cpp, line 1386]
Event: 0.224 Thread 0x00000000022de000 Exception <a 'java/security/PrivilegedActionException'> (0x00000000ebe4b328) thrown at [C:\re\workspace\8-2-build-windows-amd64-cygwin\jdk8u91\7017\hotspot\src\share\vm\prims\jvm.cpp, line 1386]
Event: 0.294 Thread 0x00000000022de000 Exception <a 'java/lang/NoSuchFieldError': method resolution failed> (0x00000000ebfb5310) thrown at [C:\re\workspace\8-2-build-windows-amd64-cygwin\jdk8u91\7017\hotspot\src\share\vm\prims\methodHandles.cpp, line 1146]
Event: 0.297 Thread 0x00000000022de000 Exception <a 'java/lang/NoSuchFieldError': method resolution failed> (0x00000000ebfc26b0) thrown at [C:\re\workspace\8-2-build-windows-amd64-cygwin\jdk8u91\7017\hotspot\src\share\vm\prims\methodHandles.cpp, line 1146]
Event: 1.358 Thread 0x00000000022de000 Exception <a 'java/lang/NoSuchMethodError': java.lang.Object.lambda$and$0(Ljava/util/function/Predicate;Ljava/lang/Object;)Z> (0x00000000ec0594e0) thrown at [C:\re\workspace\8-2-build-windows-amd64-cygwin\jdk8u91\7017\hotspot\src\share\vm\interpreter\linkR

Events (10 events):
Event: 1.834 loading class org/apache/jena/mem/HashCommon$MovedKeysIterator
Event: 1.834 loading class org/apache/jena/mem/HashCommon$MovedKeysIterator done
Event: 1.835 loading class org/apache/jena/util/iterator/NiceIterator$1
Event: 1.835 loading class org/apache/jena/util/iterator/NiceIterator$1 done
Event: 1.910 Executing VM operation: ForceSafepoint
Event: 1.910 Executing VM operation: ForceSafepoint done
Event: 1.944 loading class org/apache/xerces/impl/dv/xs/DoubleDV$XDouble
Event: 1.944 loading class org/apache/xerces/impl/dv/xs/DoubleDV$XDouble done
Event: 1.944 loading class org/apache/xerces/xs/datatypes/XSDouble
Event: 1.944 loading class org/apache/xerces/xs/datatypes/XSDouble done


Dynamic libraries:
0x00007ff7bd5a0000 - 0x00007ff7bd5d7000 	C:\Program Files\Java\jre1.8.0_91\bin\javaw.exe
0x00007ff9df8a0000 - 0x00007ff9dfa71000 	C:\WINDOWS\SYSTEM32\ntdll.dll
0x00007ff9df520000 - 0x00007ff9df5cc000 	C:\WINDOWS\System32\KERNEL32.DLL
0x00007ff9dcc10000 - 0x00007ff9dce2d000 	C:\WINDOWS\System32\KERNELBASE.dll
0x00007ff9df670000 - 0x00007ff9df712000 	C:\WINDOWS\System32\ADVAPI32.dll
0x00007ff9df010000 - 0x00007ff9df0ae000 	C:\WINDOWS\System32\msvcrt.dll
0x00007ff9deb30000 - 0x00007ff9deb89000 	C:\WINDOWS\System32\sechost.dll
0x00007ff9df0b0000 - 0x00007ff9df1d1000 	C:\WINDOWS\System32\RPCRT4.dll
0x00007ff9deb90000 - 0x00007ff9decf5000 	C:\WINDOWS\System32\USER32.dll
0x00007ff9dc240000 - 0x00007ff9dc25e000 	C:\WINDOWS\System32\win32u.dll
0x00007ff9df630000 - 0x00007ff9df664000 	C:\WINDOWS\System32\GDI32.dll
0x00007ff9dbe50000 - 0x00007ff9dbfd0000 	C:\WINDOWS\System32\gdi32full.dll
0x00007ff9cb8e0000 - 0x00007ff9cbb5a000 	C:\WINDOWS\WinSxS\amd64_microsoft.windows.common-controls_6595b64144ccf1df_6.0.14393.953_none_42151e83c686086b\COMCTL32.dll
0x00007ff9ded30000 - 0x00007ff9deff8000 	C:\WINDOWS\System32\combase.dll
0x00007ff9dc080000 - 0x00007ff9dc175000 	C:\WINDOWS\System32\ucrtbase.dll
0x00007ff9dc1d0000 - 0x00007ff9dc23a000 	C:\WINDOWS\System32\bcryptPrimitives.dll
0x00007ff9ded00000 - 0x00007ff9ded2e000 	C:\WINDOWS\System32\IMM32.DLL
0x000000006c8a0000 - 0x000000006c972000 	C:\Program Files\Java\jre1.8.0_91\bin\msvcr100.dll
0x000000006c000000 - 0x000000006c893000 	C:\Program Files\Java\jre1.8.0_91\bin\server\jvm.dll
0x00007ff9dd260000 - 0x00007ff9dd268000 	C:\WINDOWS\System32\PSAPI.DLL
0x00007ff9d6af0000 - 0x00007ff9d6af9000 	C:\WINDOWS\SYSTEM32\WSOCK32.dll
0x00007ff9d9a70000 - 0x00007ff9d9a93000 	C:\WINDOWS\SYSTEM32\WINMM.dll
0x00007ff9df790000 - 0x00007ff9df7fa000 	C:\WINDOWS\System32\WS2_32.dll
0x00007ff9d1b20000 - 0x00007ff9d1b2a000 	C:\WINDOWS\SYSTEM32\VERSION.dll
0x0000000000aa0000 - 0x0000000000acb000 	C:\WINDOWS\SYSTEM32\WINMMBASE.dll
0x00007ff9dc180000 - 0x00007ff9dc1c2000 	C:\WINDOWS\System32\cfgmgr32.dll
0x000000006bff0000 - 0x000000006bfff000 	C:\Program Files\Java\jre1.8.0_91\bin\verify.dll
0x000000006bfc0000 - 0x000000006bfe9000 	C:\Program Files\Java\jre1.8.0_91\bin\java.dll
0x000000006bfa0000 - 0x000000006bfb6000 	C:\Program Files\Java\jre1.8.0_91\bin\zip.dll
0x00007ff9dd3c0000 - 0x00007ff9de8c8000 	C:\WINDOWS\System32\SHELL32.dll
0x00007ff9dc530000 - 0x00007ff9dcc0a000 	C:\WINDOWS\System32\windows.storage.dll
0x00007ff9dbd10000 - 0x00007ff9dbd5c000 	C:\WINDOWS\System32\powrprof.dll
0x00007ff9dd330000 - 0x00007ff9dd382000 	C:\WINDOWS\System32\shlwapi.dll
0x00007ff9dbd70000 - 0x00007ff9dbd7f000 	C:\WINDOWS\System32\kernel.appcore.dll
0x00007ff9dbfd0000 - 0x00007ff9dc079000 	C:\WINDOWS\System32\shcore.dll
0x00007ff9dbd80000 - 0x00007ff9dbd94000 	C:\WINDOWS\System32\profapi.dll
0x00007ff9db7e0000 - 0x00007ff9db7f7000 	C:\WINDOWS\SYSTEM32\CRYPTSP.dll
0x00007ff9db1e0000 - 0x00007ff9db213000 	C:\WINDOWS\system32\rsaenh.dll
0x00007ff9db8f0000 - 0x00007ff9db91b000 	C:\WINDOWS\SYSTEM32\bcrypt.dll
0x00007ff9db4c0000 - 0x00007ff9db4df000 	C:\WINDOWS\SYSTEM32\USERENV.dll
0x00007ff9db8b0000 - 0x00007ff9db8bb000 	C:\WINDOWS\SYSTEM32\CRYPTBASE.dll
0x000000006bf80000 - 0x000000006bf9a000 	C:\Program Files\Java\jre1.8.0_91\bin\net.dll
0x00007ff9db640000 - 0x00007ff9db69c000 	C:\WINDOWS\system32\mswsock.dll
0x00007ff9db3c0000 - 0x00007ff9db3f8000 	C:\WINDOWS\SYSTEM32\IPHLPAPI.DLL
0x00007ff9dd3b0000 - 0x00007ff9dd3b8000 	C:\WINDOWS\System32\NSI.dll
0x00007ff9d5b20000 - 0x00007ff9d5b36000 	C:\WINDOWS\SYSTEM32\dhcpcsvc6.DLL
0x00007ff9d6390000 - 0x00007ff9d63aa000 	C:\WINDOWS\SYSTEM32\dhcpcsvc.DLL
0x000000006bf60000 - 0x000000006bf71000 	C:\Program Files\Java\jre1.8.0_91\bin\nio.dll

VM Arguments:
jvm_args: -Dfile.encoding=UTF-8 
java_command: HtmlGenerator.SimpleHtmlGenerator.App
java_class_path (initial): E:\dev\RDFlibTesting\trial_01\testwithRDFstoreJS\SimpleSparqlQuery\SimpleSparqlQuery\target\classes;C:\Users\ahmed\.m2\repository\org\apache\jena\jena-tdb\3.0.1\jena-tdb-3.0.1.jar;C:\Users\ahmed\.m2\repository\org\apache\jena\jena-arq\3.0.1\jena-arq-3.0.1.jar;C:\Users\ahmed\.m2\repository\org\apache\jena\jena-core\3.0.1\jena-core-3.0.1.jar;C:\Users\ahmed\.m2\repository\org\apache\jena\jena-iri\3.0.1\jena-iri-3.0.1.jar;C:\Users\ahmed\.m2\repository\xerces\xercesImpl\2.11.0\xercesImpl-2.11.0.jar;C:\Users\ahmed\.m2\repository\xml-apis\xml-apis\1.4.01\xml-apis-1.4.01.jar;C:\Users\ahmed\.m2\repository\commons-cli\commons-cli\1.3\commons-cli-1.3.jar;C:\Users\ahmed\.m2\repository\org\apache\jena\jena-base\3.0.1\jena-base-3.0.1.jar;C:\Users\ahmed\.m2\repository\com\github\andrewoma\dexx\dexx-collections\0.2\dexx-collections-0.2.jar;C:\Users\ahmed\.m2\repository\org\apache\jena\jena-shaded-guava\3.0.1\jena-shaded-guava-3.0.1.jar;C:\Users\ahmed\.m2\repository\org\apache\httpcomponents\httpclient\4.2.6\httpclient-4.2.6.jar;C:\Users\ahmed\.m2\repository\org\apache\httpcomponents\httpcore\4.2.5\httpcore-4.2.5.jar;C:\Users\ahmed\.m2\repository\commons-codec\commons-codec\1.6\commons-codec-1.6.jar;C:\Users\ahmed\.m2\repository\com\github\jsonld-java\jsonld-java\0.7.0\jsonld-java-0.7.0.jar;C:\Users\ahmed\.m2\repository\com\fasterxml\jackson\core\jackson-core\2.3.3\jackson-core-2.3.3.jar;C:\Users\ahmed\.m2\repository\com\fasterxml\jackson\core\jackson-databind\2.3.3\jackson-databind-2.3.3.jar;C:\Users\ahmed\.m2\repository\com\fasterxml\jackson\core\jackson-annotations\2.3.0\jackson-annotations-2.3.0.jar;C:\Users\ahmed\.m2\repository\commons-io\commons-io\2.4\commons-io-2.4.jar;C:\Users\ahmed\.m2\repository\org\apache\httpcomponents\httpclient-cache\4.2.6\httpclient-cache-4.2.6.jar;C:\Users\ahmed\.m2\repository\org\apache\thrift\libthrift\0.9.2\libthrift-0.9.2.jar;C:\Users\ahmed\.m2\repository\org\slf4j\jcl-over-slf4j\1.7.12\jcl-over-slf4j-1.7.12.jar;C:\U
Launcher Type: SUN_STANDARD

Environment Variables:
JAVA_HOME=C:\Program Files\Java\jdk1.8.0_71;C:\Program Files\Java\jdk1.8.0_91\bin
PATH=C:\ProgramData\Oracle\Java\javapath;C:\WINDOWS\system32;C:\WINDOWS;C:\WINDOWS\System32\Wbem;C:\WINDOWS\System32\WindowsPowerShell\v1.0\;;C:\Program Files (x86)\Microsoft ASP.NET\ASP.NET Web Pages\v1.0\;C:\Program Files\Git\cmd;E:\vagrant\bin;E:\Semantic Project\nodejs\;E:\brackets\command;C:\Program Files\PuTTY\;C:\Users\ahmed\AppData\Local\Microsoft\WindowsApps;C:\Program Files\Java\jdk1.8.0_91\bin;C:\Users\ahmed\AppData\Roaming\npm
USERNAME=ahmed
OS=Windows_NT
PROCESSOR_IDENTIFIER=Intel64 Family 6 Model 37 Stepping 5, GenuineIntel



---------------  S Y S T E M  ---------------

OS: Windows 10.0 , 64 bit Build 14393 (10.0.14393.1198)

CPU:total 4 (2 cores per cpu, 2 threads per core) family 6 model 37 stepping 5, cmov, cx8, fxsr, mmx, sse, sse2, sse3, ssse3, sse4.1, sse4.2, popcnt, aes, clmul, ht, tsc, tscinvbit

Memory: 4k page, physical 3980672k(819360k free), swap 5606568k(3156k free)

vm_info: Java HotSpot(TM) 64-Bit Server VM (25.91-b15) for windows-amd64 JRE (1.8.0_91-b15), built on May 20 2016 17:43:15 by "java_re" with MS VC++ 10.0 (VS2010)

time: Mon Sep 04 13:34:12 2017
elapsed time: 1 seconds (0d 0h 0m 1s)

