#
# A fatal error has been detected by the Java Runtime Environment:
#
#  SIGSEGV (0xb) at pc=0x00007f6cc3ef634a, pid=21160, tid=21160
#
# JRE version: Java(TM) SE Runtime Environment (9.0+11) (build 9.0.1+11)
# Java VM: Java HotSpot(TM) 64-Bit Server VM (9.0.1+11, mixed mode, tiered, compressed oops, g1 gc, linux-amd64)
# Problematic frame:
# V  [libjvm.so+0xb6434a]  SR_handler(int, siginfo*, ucontext*)+0x2a
#
# Core dump will be written. Default location: Core dumps may be processed with "/usr/lib/systemd/systemd-coredump %P %u %g %s %t %e" (or dumping to /home/project/vocol/helper/tools/ttl2ntConverter/core.21160)
#
# If you would like to submit a bug report, please visit:
#   http://bugreport.java.com/bugreport/crash.jsp
#

---------------  S U M M A R Y ------------

Command Line: ttl2ntConverter.jar ../../../../repoFolder/skosMe.ttl temp.nt

Host: AMD Opteron(tm) Processor 6172, 4 cores, 7G, Ubuntu 16.04.3 LTS
Time: Thu May  3 11:40:20 2018 UTC elapsed time: 0 seconds (0d 0h 0m 0s)

---------------  T H R E A D  ---------------

Current thread is native thread

Stack: [0x00007ffccaea6000,0x00007ffccafa6000],  sp=0x00007ffccaf9fbc0,  free space=998k
Native frames: (J=compiled Java code, A=aot compiled Java code, j=interpreted, Vv=VM code, C=native code)
V  [libjvm.so+0xb6434a]  SR_handler(int, siginfo*, ucontext*)+0x2a
C  [libpthread.so.0+0x11390]


siginfo: si_signo: 11 (SIGSEGV), si_code: 1 (SEGV_MAPERR), si_addr: 0x0000000000000028

Register to memory mapping:

RAX=0x0000000000000000 is an unknown value
RBX=0x00007f6cc5546698 is an unknown value
RCX=0x00007f6cc4efc98d: pthread_join+0x00000000000000bd in /lib/x86_64-linux-gnu/libpthread.so.0 at 0x00007f6cc4ef4000
RDX=0x00007f6cc5546a20 is an unknown value
RSP=0x00007ffccaf9fbc0 is an unknown value
RBP=0x00007ffccaf9fc70 is an unknown value
RSI=0x00007ffccaf9fdb0 is an unknown value
RDI=0x0000000000000001 is an unknown value
R8 =0x00000000000000ca is an unknown value
R9 =0x00007f6cc55449d0 is pointing into the stack for thread: 0x00007f6cbc012000
R10=0x0000000000000000 is an unknown value
R11=0x0000000000000246 is an unknown value
R12=0x0000000000000000 is an unknown value
R13=0x00007ffccaf9fdb0 is an unknown value
R14=0x00007ffccaf9fc80 is an unknown value
R15=0x00007f6cc5544d28 is pointing into the stack for thread: 0x00007f6cbc012000


Registers:
RAX=0x0000000000000000, RBX=0x00007f6cc5546698, RCX=0x00007f6cc4efc98d, RDX=0x00007f6cc5546a20
RSP=0x00007ffccaf9fbc0, RBP=0x00007ffccaf9fc70, RSI=0x00007ffccaf9fdb0, RDI=0x0000000000000001
R8 =0x00000000000000ca, R9 =0x00007f6cc55449d0, R10=0x0000000000000000, R11=0x0000000000000246
R12=0x0000000000000000, R13=0x00007ffccaf9fdb0, R14=0x00007ffccaf9fc80, R15=0x00007f6cc5544d28
RIP=0x00007f6cc3ef634a, EFLAGS=0x0000000000010246, CSGSFS=0x0000000000000033, ERR=0x0000000000000004
  TRAPNO=0x000000000000000e

Top of Stack: (sp=0x00007ffccaf9fbc0)
0x00007ffccaf9fbc0:   ffffffffffffffff 0000000000000000
0x00007ffccaf9fbd0:   00007ffccaf9fc70 00007f6cc4cf0a61
0x00007ffccaf9fbe0:   ffffffffffffffff 0000000000000000
0x00007ffccaf9fbf0:   0000000000000040 00007f6cc4cf14d4 

Instructions: (pc=0x00007f6cc3ef634a)
0x00007f6cc3ef632a:   41 54 49 89 f5 53 49 89 d6 48 81 ec 88 00 00 00
0x00007f6cc3ef633a:   e8 d1 e5 70 ff 48 89 c3 44 8b 20 e8 86 da 18 00
0x00007f6cc3ef634a:   48 83 78 28 00 74 16 4c 8b b8 48 01 00 00 41 8b
0x00007f6cc3ef635a:   87 a8 00 00 00 83 f8 01 74 1c 44 89 23 48 81 c4 


---------------  P R O C E S S  ---------------

VM state:not at safepoint (normal execution)

VM Mutex/Monitor currently owned by a thread: None

Heap address: 0x0000000084e00000, size: 1970 MB, Compressed Oops mode: 32-bit
Narrow klass base: 0x0000000000000000, Narrow klass shift: 3
Compressed class space size: 1073741824 Address: 0x0000000100000000

Heap:
 garbage-first heap   total 126976K, used 7168K [0x0000000084e00000, 0x0000000084f003e0, 0x0000000100000000)
  region size 1024K, 8 young (8192K), 0 survivors (0K)
 Metaspace       used 7702K, capacity 7820K, committed 7936K, reserved 1056768K
  class space    used 684K, capacity 702K, committed 768K, reserved 1048576K
Heap Regions: E=young(eden), S=young(survivor), O=old, HS=humongous(starts), HC=humongous(continues), CS=collection set, F=free, A=archive, TS=gc time stamp, AC=allocation context, TAMS=top-at-mark-start (previous, next)
|   0|0x0000000084e00000, 0x0000000084e00000, 0x0000000084f00000|  0%| F|  |TS  0|AC  0|TAMS 0x0000000084e00000, 0x0000000084e00000|
|   1|0x0000000084f00000, 0x0000000084f00000, 0x0000000085000000|  0%| F|  |TS  0|AC  0|TAMS 0x0000000084f00000, 0x0000000084f00000|
|   2|0x0000000085000000, 0x0000000085000000, 0x0000000085100000|  0%| F|  |TS  0|AC  0|TAMS 0x0000000085000000, 0x0000000085000000|
|   3|0x0000000085100000, 0x0000000085100000, 0x0000000085200000|  0%| F|  |TS  0|AC  0|TAMS 0x0000000085100000, 0x0000000085100000|
|   4|0x0000000085200000, 0x0000000085200000, 0x0000000085300000|  0%| F|  |TS  0|AC  0|TAMS 0x0000000085200000, 0x0000000085200000|
|   5|0x0000000085300000, 0x0000000085300000, 0x0000000085400000|  0%| F|  |TS  0|AC  0|TAMS 0x0000000085300000, 0x0000000085300000|
|   6|0x0000000085400000, 0x0000000085400000, 0x0000000085500000|  0%| F|  |TS  0|AC  0|TAMS 0x0000000085400000, 0x0000000085400000|
|   7|0x0000000085500000, 0x0000000085500000, 0x0000000085600000|  0%| F|  |TS  0|AC  0|TAMS 0x0000000085500000, 0x0000000085500000|
|   8|0x0000000085600000, 0x0000000085600000, 0x0000000085700000|  0%| F|  |TS  0|AC  0|TAMS 0x0000000085600000, 0x0000000085600000|
|   9|0x0000000085700000, 0x0000000085700000, 0x0000000085800000|  0%| F|  |TS  0|AC  0|TAMS 0x0000000085700000, 0x0000000085700000|
|  10|0x0000000085800000, 0x0000000085800000, 0x0000000085900000|  0%| F|  |TS  0|AC  0|TAMS 0x0000000085800000, 0x0000000085800000|
|  11|0x0000000085900000, 0x0000000085900000, 0x0000000085a00000|  0%| F|  |TS  0|AC  0|TAMS 0x0000000085900000, 0x0000000085900000|
|  12|0x0000000085a00000, 0x0000000085a00000, 0x0000000085b00000|  0%| F|  |TS  0|AC  0|TAMS 0x0000000085a00000, 0x0000000085a00000|
|  13|0x0000000085b00000, 0x0000000085b00000, 0x0000000085c00000|  0%| F|  |TS  0|AC  0|TAMS 0x0000000085b00000, 0x0000000085b00000|
|  14|0x0000000085c00000, 0x0000000085c00000, 0x0000000085d00000|  0%| F|  |TS  0|AC  0|TAMS 0x0000000085c00000, 0x0000000085c00000|
|  15|0x0000000085d00000, 0x0000000085d00000, 0x0000000085e00000|  0%| F|  |TS  0|AC  0|TAMS 0x0000000085d00000, 0x0000000085d00000|
|  16|0x0000000085e00000, 0x0000000085e00000, 0x0000000085f00000|  0%| F|  |TS  0|AC  0|TAMS 0x0000000085e00000, 0x0000000085e00000|
|  17|0x0000000085f00000, 0x0000000085f00000, 0x0000000086000000|  0%| F|  |TS  0|AC  0|TAMS 0x0000000085f00000, 0x0000000085f00000|
|  18|0x0000000086000000, 0x0000000086000000, 0x0000000086100000|  0%| F|  |TS  0|AC  0|TAMS 0x0000000086000000, 0x0000000086000000|
|  19|0x0000000086100000, 0x0000000086100000, 0x0000000086200000|  0%| F|  |TS  0|AC  0|TAMS 0x0000000086100000, 0x0000000086100000|
|  20|0x0000000086200000, 0x0000000086200000, 0x0000000086300000|  0%| F|  |TS  0|AC  0|TAMS 0x0000000086200000, 0x0000000086200000|
|  21|0x0000000086300000, 0x0000000086300000, 0x0000000086400000|  0%| F|  |TS  0|AC  0|TAMS 0x0000000086300000, 0x0000000086300000|
|  22|0x0000000086400000, 0x0000000086400000, 0x0000000086500000|  0%| F|  |TS  0|AC  0|TAMS 0x0000000086400000, 0x0000000086400000|
|  23|0x0000000086500000, 0x0000000086500000, 0x0000000086600000|  0%| F|  |TS  0|AC  0|TAMS 0x0000000086500000, 0x0000000086500000|
|  24|0x0000000086600000, 0x0000000086600000, 0x0000000086700000|  0%| F|  |TS  0|AC  0|TAMS 0x0000000086600000, 0x0000000086600000|
|  25|0x0000000086700000, 0x0000000086700000, 0x0000000086800000|  0%| F|  |TS  0|AC  0|TAMS 0x0000000086700000, 0x0000000086700000|
|  26|0x0000000086800000, 0x0000000086800000, 0x0000000086900000|  0%| F|  |TS  0|AC  0|TAMS 0x0000000086800000, 0x0000000086800000|
|  27|0x0000000086900000, 0x0000000086900000, 0x0000000086a00000|  0%| F|  |TS  0|AC  0|TAMS 0x0000000086900000, 0x0000000086900000|
|  28|0x0000000086a00000, 0x0000000086a00000, 0x0000000086b00000|  0%| F|  |TS  0|AC  0|TAMS 0x0000000086a00000, 0x0000000086a00000|
|  29|0x0000000086b00000, 0x0000000086b00000, 0x0000000086c00000|  0%| F|  |TS  0|AC  0|TAMS 0x0000000086b00000, 0x0000000086b00000|
|  30|0x0000000086c00000, 0x0000000086c00000, 0x0000000086d00000|  0%| F|  |TS  0|AC  0|TAMS 0x0000000086c00000, 0x0000000086c00000|
|  31|0x0000000086d00000, 0x0000000086d00000, 0x0000000086e00000|  0%| F|  |TS  0|AC  0|TAMS 0x0000000086d00000, 0x0000000086d00000|
|  32|0x0000000086e00000, 0x0000000086e00000, 0x0000000086f00000|  0%| F|  |TS  0|AC  0|TAMS 0x0000000086e00000, 0x0000000086e00000|
|  33|0x0000000086f00000, 0x0000000086f00000, 0x0000000087000000|  0%| F|  |TS  0|AC  0|TAMS 0x0000000086f00000, 0x0000000086f00000|
|  34|0x0000000087000000, 0x0000000087000000, 0x0000000087100000|  0%| F|  |TS  0|AC  0|TAMS 0x0000000087000000, 0x0000000087000000|
|  35|0x0000000087100000, 0x0000000087100000, 0x0000000087200000|  0%| F|  |TS  0|AC  0|TAMS 0x0000000087100000, 0x0000000087100000|
|  36|0x0000000087200000, 0x0000000087200000, 0x0000000087300000|  0%| F|  |TS  0|AC  0|TAMS 0x0000000087200000, 0x0000000087200000|
|  37|0x0000000087300000, 0x0000000087300000, 0x0000000087400000|  0%| F|  |TS  0|AC  0|TAMS 0x0000000087300000, 0x0000000087300000|
|  38|0x0000000087400000, 0x0000000087400000, 0x0000000087500000|  0%| F|  |TS  0|AC  0|TAMS 0x0000000087400000, 0x0000000087400000|
|  39|0x0000000087500000, 0x0000000087500000, 0x0000000087600000|  0%| F|  |TS  0|AC  0|TAMS 0x0000000087500000, 0x0000000087500000|
|  40|0x0000000087600000, 0x0000000087600000, 0x0000000087700000|  0%| F|  |TS  0|AC  0|TAMS 0x0000000087600000, 0x0000000087600000|
|  41|0x0000000087700000, 0x0000000087700000, 0x0000000087800000|  0%| F|  |TS  0|AC  0|TAMS 0x0000000087700000, 0x0000000087700000|
|  42|0x0000000087800000, 0x0000000087800000, 0x0000000087900000|  0%| F|  |TS  0|AC  0|TAMS 0x0000000087800000, 0x0000000087800000|
|  43|0x0000000087900000, 0x0000000087900000, 0x0000000087a00000|  0%| F|  |TS  0|AC  0|TAMS 0x0000000087900000, 0x0000000087900000|
|  44|0x0000000087a00000, 0x0000000087a00000, 0x0000000087b00000|  0%| F|  |TS  0|AC  0|TAMS 0x0000000087a00000, 0x0000000087a00000|
|  45|0x0000000087b00000, 0x0000000087b00000, 0x0000000087c00000|  0%| F|  |TS  0|AC  0|TAMS 0x0000000087b00000, 0x0000000087b00000|
|  46|0x0000000087c00000, 0x0000000087c00000, 0x0000000087d00000|  0%| F|  |TS  0|AC  0|TAMS 0x0000000087c00000, 0x0000000087c00000|
|  47|0x0000000087d00000, 0x0000000087d00000, 0x0000000087e00000|  0%| F|  |TS  0|AC  0|TAMS 0x0000000087d00000, 0x0000000087d00000|
|  48|0x0000000087e00000, 0x0000000087e00000, 0x0000000087f00000|  0%| F|  |TS  0|AC  0|TAMS 0x0000000087e00000, 0x0000000087e00000|
|  49|0x0000000087f00000, 0x0000000087f00000, 0x0000000088000000|  0%| F|  |TS  0|AC  0|TAMS 0x0000000087f00000, 0x0000000087f00000|
|  50|0x0000000088000000, 0x0000000088000000, 0x0000000088100000|  0%| F|  |TS  0|AC  0|TAMS 0x0000000088000000, 0x0000000088000000|
|  51|0x0000000088100000, 0x0000000088100000, 0x0000000088200000|  0%| F|  |TS  0|AC  0|TAMS 0x0000000088100000, 0x0000000088100000|
|  52|0x0000000088200000, 0x0000000088200000, 0x0000000088300000|  0%| F|  |TS  0|AC  0|TAMS 0x0000000088200000, 0x0000000088200000|
|  53|0x0000000088300000, 0x0000000088300000, 0x0000000088400000|  0%| F|  |TS  0|AC  0|TAMS 0x0000000088300000, 0x0000000088300000|
|  54|0x0000000088400000, 0x0000000088400000, 0x0000000088500000|  0%| F|  |TS  0|AC  0|TAMS 0x0000000088400000, 0x0000000088400000|
|  55|0x0000000088500000, 0x0000000088500000, 0x0000000088600000|  0%| F|  |TS  0|AC  0|TAMS 0x0000000088500000, 0x0000000088500000|
|  56|0x0000000088600000, 0x0000000088600000, 0x0000000088700000|  0%| F|  |TS  0|AC  0|TAMS 0x0000000088600000, 0x0000000088600000|
|  57|0x0000000088700000, 0x0000000088700000, 0x0000000088800000|  0%| F|  |TS  0|AC  0|TAMS 0x0000000088700000, 0x0000000088700000|
|  58|0x0000000088800000, 0x0000000088800000, 0x0000000088900000|  0%| F|  |TS  0|AC  0|TAMS 0x0000000088800000, 0x0000000088800000|
|  59|0x0000000088900000, 0x0000000088900000, 0x0000000088a00000|  0%| F|  |TS  0|AC  0|TAMS 0x0000000088900000, 0x0000000088900000|
|  60|0x0000000088a00000, 0x0000000088a00000, 0x0000000088b00000|  0%| F|  |TS  0|AC  0|TAMS 0x0000000088a00000, 0x0000000088a00000|
|  61|0x0000000088b00000, 0x0000000088b00000, 0x0000000088c00000|  0%| F|  |TS  0|AC  0|TAMS 0x0000000088b00000, 0x0000000088b00000|
|  62|0x0000000088c00000, 0x0000000088c00000, 0x0000000088d00000|  0%| F|  |TS  0|AC  0|TAMS 0x0000000088c00000, 0x0000000088c00000|
|  63|0x0000000088d00000, 0x0000000088d00000, 0x0000000088e00000|  0%| F|  |TS  0|AC  0|TAMS 0x0000000088d00000, 0x0000000088d00000|
|  64|0x0000000088e00000, 0x0000000088e00000, 0x0000000088f00000|  0%| F|  |TS  0|AC  0|TAMS 0x0000000088e00000, 0x0000000088e00000|
|  65|0x0000000088f00000, 0x0000000088f00000, 0x0000000089000000|  0%| F|  |TS  0|AC  0|TAMS 0x0000000088f00000, 0x0000000088f00000|
|  66|0x0000000089000000, 0x0000000089000000, 0x0000000089100000|  0%| F|  |TS  0|AC  0|TAMS 0x0000000089000000, 0x0000000089000000|
|  67|0x0000000089100000, 0x0000000089100000, 0x0000000089200000|  0%| F|  |TS  0|AC  0|TAMS 0x0000000089100000, 0x0000000089100000|
|  68|0x0000000089200000, 0x0000000089200000, 0x0000000089300000|  0%| F|  |TS  0|AC  0|TAMS 0x0000000089200000, 0x0000000089200000|
|  69|0x0000000089300000, 0x0000000089300000, 0x0000000089400000|  0%| F|  |TS  0|AC  0|TAMS 0x0000000089300000, 0x0000000089300000|
|  70|0x0000000089400000, 0x0000000089400000, 0x0000000089500000|  0%| F|  |TS  0|AC  0|TAMS 0x0000000089400000, 0x0000000089400000|
|  71|0x0000000089500000, 0x0000000089500000, 0x0000000089600000|  0%| F|  |TS  0|AC  0|TAMS 0x0000000089500000, 0x0000000089500000|
|  72|0x0000000089600000, 0x0000000089600000, 0x0000000089700000|  0%| F|  |TS  0|AC  0|TAMS 0x0000000089600000, 0x0000000089600000|
|  73|0x0000000089700000, 0x0000000089700000, 0x0000000089800000|  0%| F|  |TS  0|AC  0|TAMS 0x0000000089700000, 0x0000000089700000|
|  74|0x0000000089800000, 0x0000000089800000, 0x0000000089900000|  0%| F|  |TS  0|AC  0|TAMS 0x0000000089800000, 0x0000000089800000|
|  75|0x0000000089900000, 0x0000000089900000, 0x0000000089a00000|  0%| F|  |TS  0|AC  0|TAMS 0x0000000089900000, 0x0000000089900000|
|  76|0x0000000089a00000, 0x0000000089a00000, 0x0000000089b00000|  0%| F|  |TS  0|AC  0|TAMS 0x0000000089a00000, 0x0000000089a00000|
|  77|0x0000000089b00000, 0x0000000089b00000, 0x0000000089c00000|  0%| F|  |TS  0|AC  0|TAMS 0x0000000089b00000, 0x0000000089b00000|
|  78|0x0000000089c00000, 0x0000000089c00000, 0x0000000089d00000|  0%| F|  |TS  0|AC  0|TAMS 0x0000000089c00000, 0x0000000089c00000|
|  79|0x0000000089d00000, 0x0000000089d00000, 0x0000000089e00000|  0%| F|  |TS  0|AC  0|TAMS 0x0000000089d00000, 0x0000000089d00000|
|  80|0x0000000089e00000, 0x0000000089e00000, 0x0000000089f00000|  0%| F|  |TS  0|AC  0|TAMS 0x0000000089e00000, 0x0000000089e00000|
|  81|0x0000000089f00000, 0x0000000089f00000, 0x000000008a000000|  0%| F|  |TS  0|AC  0|TAMS 0x0000000089f00000, 0x0000000089f00000|
|  82|0x000000008a000000, 0x000000008a000000, 0x000000008a100000|  0%| F|  |TS  0|AC  0|TAMS 0x000000008a000000, 0x000000008a000000|
|  83|0x000000008a100000, 0x000000008a100000, 0x000000008a200000|  0%| F|  |TS  0|AC  0|TAMS 0x000000008a100000, 0x000000008a100000|
|  84|0x000000008a200000, 0x000000008a200000, 0x000000008a300000|  0%| F|  |TS  0|AC  0|TAMS 0x000000008a200000, 0x000000008a200000|
|  85|0x000000008a300000, 0x000000008a300000, 0x000000008a400000|  0%| F|  |TS  0|AC  0|TAMS 0x000000008a300000, 0x000000008a300000|
|  86|0x000000008a400000, 0x000000008a400000, 0x000000008a500000|  0%| F|  |TS  0|AC  0|TAMS 0x000000008a400000, 0x000000008a400000|
|  87|0x000000008a500000, 0x000000008a500000, 0x000000008a600000|  0%| F|  |TS  0|AC  0|TAMS 0x000000008a500000, 0x000000008a500000|
|  88|0x000000008a600000, 0x000000008a600000, 0x000000008a700000|  0%| F|  |TS  0|AC  0|TAMS 0x000000008a600000, 0x000000008a600000|
|  89|0x000000008a700000, 0x000000008a700000, 0x000000008a800000|  0%| F|  |TS  0|AC  0|TAMS 0x000000008a700000, 0x000000008a700000|
|  90|0x000000008a800000, 0x000000008a800000, 0x000000008a900000|  0%| F|  |TS  0|AC  0|TAMS 0x000000008a800000, 0x000000008a800000|
|  91|0x000000008a900000, 0x000000008a900000, 0x000000008aa00000|  0%| F|  |TS  0|AC  0|TAMS 0x000000008a900000, 0x000000008a900000|
|  92|0x000000008aa00000, 0x000000008aa00000, 0x000000008ab00000|  0%| F|  |TS  0|AC  0|TAMS 0x000000008aa00000, 0x000000008aa00000|
|  93|0x000000008ab00000, 0x000000008ab00000, 0x000000008ac00000|  0%| F|  |TS  0|AC  0|TAMS 0x000000008ab00000, 0x000000008ab00000|
|  94|0x000000008ac00000, 0x000000008ac00000, 0x000000008ad00000|  0%| F|  |TS  0|AC  0|TAMS 0x000000008ac00000, 0x000000008ac00000|
|  95|0x000000008ad00000, 0x000000008ad00000, 0x000000008ae00000|  0%| F|  |TS  0|AC  0|TAMS 0x000000008ad00000, 0x000000008ad00000|
|  96|0x000000008ae00000, 0x000000008ae00000, 0x000000008af00000|  0%| F|  |TS  0|AC  0|TAMS 0x000000008ae00000, 0x000000008ae00000|
|  97|0x000000008af00000, 0x000000008af00000, 0x000000008b000000|  0%| F|  |TS  0|AC  0|TAMS 0x000000008af00000, 0x000000008af00000|
|  98|0x000000008b000000, 0x000000008b000000, 0x000000008b100000|  0%| F|  |TS  0|AC  0|TAMS 0x000000008b000000, 0x000000008b000000|
|  99|0x000000008b100000, 0x000000008b100000, 0x000000008b200000|  0%| F|  |TS  0|AC  0|TAMS 0x000000008b100000, 0x000000008b100000|
| 100|0x000000008b200000, 0x000000008b200000, 0x000000008b300000|  0%| F|  |TS  0|AC  0|TAMS 0x000000008b200000, 0x000000008b200000|
| 101|0x000000008b300000, 0x000000008b300000, 0x000000008b400000|  0%| F|  |TS  0|AC  0|TAMS 0x000000008b300000, 0x000000008b300000|
| 102|0x000000008b400000, 0x000000008b400000, 0x000000008b500000|  0%| F|  |TS  0|AC  0|TAMS 0x000000008b400000, 0x000000008b400000|
| 103|0x000000008b500000, 0x000000008b500000, 0x000000008b600000|  0%| F|  |TS  0|AC  0|TAMS 0x000000008b500000, 0x000000008b500000|
| 104|0x000000008b600000, 0x000000008b600000, 0x000000008b700000|  0%| F|  |TS  0|AC  0|TAMS 0x000000008b600000, 0x000000008b600000|
| 105|0x000000008b700000, 0x000000008b700000, 0x000000008b800000|  0%| F|  |TS  0|AC  0|TAMS 0x000000008b700000, 0x000000008b700000|
| 106|0x000000008b800000, 0x000000008b800000, 0x000000008b900000|  0%| F|  |TS  0|AC  0|TAMS 0x000000008b800000, 0x000000008b800000|
| 107|0x000000008b900000, 0x000000008b900000, 0x000000008ba00000|  0%| F|  |TS  0|AC  0|TAMS 0x000000008b900000, 0x000000008b900000|
| 108|0x000000008ba00000, 0x000000008ba00000, 0x000000008bb00000|  0%| F|  |TS  0|AC  0|TAMS 0x000000008ba00000, 0x000000008ba00000|
| 109|0x000000008bb00000, 0x000000008bb00000, 0x000000008bc00000|  0%| F|  |TS  0|AC  0|TAMS 0x000000008bb00000, 0x000000008bb00000|
| 110|0x000000008bc00000, 0x000000008bc00000, 0x000000008bd00000|  0%| F|  |TS  0|AC  0|TAMS 0x000000008bc00000, 0x000000008bc00000|
| 111|0x000000008bd00000, 0x000000008bd00000, 0x000000008be00000|  0%| F|  |TS  0|AC  0|TAMS 0x000000008bd00000, 0x000000008bd00000|
| 112|0x000000008be00000, 0x000000008be00000, 0x000000008bf00000|  0%| F|  |TS  0|AC  0|TAMS 0x000000008be00000, 0x000000008be00000|
| 113|0x000000008bf00000, 0x000000008bf00000, 0x000000008c000000|  0%| F|  |TS  0|AC  0|TAMS 0x000000008bf00000, 0x000000008bf00000|
| 114|0x000000008c000000, 0x000000008c000000, 0x000000008c100000|  0%| F|  |TS  0|AC  0|TAMS 0x000000008c000000, 0x000000008c000000|
| 115|0x000000008c100000, 0x000000008c100000, 0x000000008c200000|  0%| F|  |TS  0|AC  0|TAMS 0x000000008c100000, 0x000000008c100000|
| 116|0x000000008c200000, 0x000000008c28fe38, 0x000000008c300000| 56%| E|  |TS  0|AC  0|TAMS 0x000000008c200000, 0x000000008c200000|
| 117|0x000000008c300000, 0x000000008c400000, 0x000000008c400000|100%| E|CS|TS  0|AC  0|TAMS 0x000000008c300000, 0x000000008c300000|
| 118|0x000000008c400000, 0x000000008c500000, 0x000000008c500000|100%| E|CS|TS  0|AC  0|TAMS 0x000000008c400000, 0x000000008c400000|
| 119|0x000000008c500000, 0x000000008c600000, 0x000000008c600000|100%| E|CS|TS  0|AC  0|TAMS 0x000000008c500000, 0x000000008c500000|
| 120|0x000000008c600000, 0x000000008c700000, 0x000000008c700000|100%| E|CS|TS  0|AC  0|TAMS 0x000000008c600000, 0x000000008c600000|
| 121|0x000000008c700000, 0x000000008c800000, 0x000000008c800000|100%| E|CS|TS  0|AC  0|TAMS 0x000000008c700000, 0x000000008c700000|
| 122|0x000000008c800000, 0x000000008c900000, 0x000000008c900000|100%| E|CS|TS  0|AC  0|TAMS 0x000000008c800000, 0x000000008c800000|
| 123|0x000000008c900000, 0x000000008ca00000, 0x000000008ca00000|100%| E|CS|TS  0|AC  0|TAMS 0x000000008c900000, 0x000000008c900000|

Card table byte_map: [0x00007f6cc0365000,0x00007f6cc073e000] byte_map_base: 0x00007f6cbff3e000

Marking Bits (Prev, Next): (CMBitMap*) 0x00007f6cbc05b870, (CMBitMap*) 0x00007f6cbc05b8a8
 Prev Bits: [0x00007f6c7a138000, 0x00007f6c7c000000)
 Next Bits: [0x00007f6c78270000, 0x00007f6c7a138000)

Polling page: 0x00007f6cc554d000

CodeHeap 'non-profiled nmethods': size=120032Kb used=173Kb max_used=173Kb free=119858Kb
 bounds [0x00007f6ca9605000, 0x00007f6ca9875000, 0x00007f6cb0b3d000]
CodeHeap 'profiled nmethods': size=120032Kb used=896Kb max_used=896Kb free=119135Kb
 bounds [0x00007f6ca20cd000, 0x00007f6ca233d000, 0x00007f6ca9605000]
CodeHeap 'non-nmethods': size=5696Kb used=1183Kb max_used=1204Kb free=4512Kb
 bounds [0x00007f6ca1b3d000, 0x00007f6ca1dad000, 0x00007f6ca20cd000]
 total_blobs=1083 nmethods=571 adapters=254
 compilation: enabled

Compilation events (10 events):
Event: 0.841 Thread 0x00007f6cbc188800  567       3       java.util.Collections$UnmodifiableCollection$1::next (10 bytes)
Event: 0.841 Thread 0x00007f6cbc188800 nmethod 567 0x00007f6ca21a8590 code [0x00007f6ca21a8740, 0x00007f6ca21a8968]
Event: 0.844 Thread 0x00007f6cbc184800 nmethod 552 0x00007f6ca962e010 code [0x00007f6ca962e260, 0x00007f6ca962f490]
Event: 0.844 Thread 0x00007f6cbc184800  565       4       jdk.internal.module.SystemModuleFinder$ImageModuleReader::find (54 bytes)
Event: 0.849 Thread 0x00007f6cbc188800  569       1       sun.nio.fs.NativeBuffer::size (5 bytes)
Event: 0.849 Thread 0x00007f6cbc188800 nmethod 569 0x00007f6ca962fd90 code [0x00007f6ca962ff40, 0x00007f6ca9630050]
Event: 0.849 Thread 0x00007f6cbc188800  570       1       sun.nio.fs.NativeBuffer::owner (5 bytes)
Event: 0.849 Thread 0x00007f6cbc188800 nmethod 570 0x00007f6ca9630090 code [0x00007f6ca9630240, 0x00007f6ca9630350]
Event: 0.849 Thread 0x00007f6cbc188800  568       1       sun.nio.fs.UnixFileSystem::needToResolveAgainstDefaultDirectory (5 bytes)
Event: 0.849 Thread 0x00007f6cbc188800 nmethod 568 0x00007f6ca9630390 code [0x00007f6ca9630540, 0x00007f6ca9630650]

GC Heap History (0 events):
No events

Deoptimization events (0 events):
No events

Classes redefined (0 events):
No events

Internal exceptions (1 events):
Event: 0.757 Thread 0x00007f6cbc012000 Exception <a 'java/lang/NoClassDefFoundError'{0x000000008c4c58d8}: org/slf4j/impl/StaticLoggerBinder> (0x000000008c4c58d8) thrown at [/scratch/opt/mach5/mesos/work_dir/slaves/e72b529e-af37-4c00-b29e-141f3b57348c-S1075/frameworks/1735e8a2-a1db-478c-8104-60

Events (10 events):
Event: 0.837 loading class java/util/EnumMap$1
Event: 0.837 loading class java/util/EnumMap$1 done
Event: 0.838 loading class java/util/Spliterators$1Adapter
Event: 0.838 loading class java/util/Spliterators$1Adapter done
Event: 0.838 loading class java/util/ServiceLoader$LazyClassPathLookupIterator
Event: 0.838 loading class java/util/ServiceLoader$LazyClassPathLookupIterator done
Event: 0.838 loading class java/util/ServiceLoader$2
Event: 0.838 loading class java/util/ServiceLoader$2 done
Event: 0.838 loading class java/util/ServiceLoader$3
Event: 0.838 loading class java/util/ServiceLoader$3 done


Dynamic libraries:
00400000-00401000 r-xp 00000000 08:11 3043912                            /usr/lib/jvm/java-9-oracle/bin/java
00600000-00601000 rw-p 00000000 08:11 3043912                            /usr/lib/jvm/java-9-oracle/bin/java
01250000-015a7000 rw-p 00000000 00:00 0                                  [heap]
84e00000-8ca00000 rw-p 00000000 00:00 0 
8ca00000-100000000 ---p 00000000 00:00 0 
100000000-1000c0000 rw-p 00000000 00:00 0 
1000c0000-140000000 ---p 00000000 00:00 0 
7f6c40000000-7f6c40021000 rw-p 00000000 00:00 0 
7f6c40021000-7f6c44000000 ---p 00000000 00:00 0 
7f6c44000000-7f6c44021000 rw-p 00000000 00:00 0 
7f6c44021000-7f6c48000000 ---p 00000000 00:00 0 
7f6c48000000-7f6c48021000 rw-p 00000000 00:00 0 
7f6c48021000-7f6c4c000000 ---p 00000000 00:00 0 
7f6c4c000000-7f6c4c021000 rw-p 00000000 00:00 0 
7f6c4c021000-7f6c50000000 ---p 00000000 00:00 0 
7f6c50000000-7f6c50298000 rw-p 00000000 00:00 0 
7f6c50298000-7f6c54000000 ---p 00000000 00:00 0 
7f6c54000000-7f6c54210000 rw-p 00000000 00:00 0 
7f6c54210000-7f6c58000000 ---p 00000000 00:00 0 
7f6c58000000-7f6c58021000 rw-p 00000000 00:00 0 
7f6c58021000-7f6c5c000000 ---p 00000000 00:00 0 
7f6c5c000000-7f6c5c414000 rw-p 00000000 00:00 0 
7f6c5c414000-7f6c60000000 ---p 00000000 00:00 0 
7f6c60000000-7f6c60021000 rw-p 00000000 00:00 0 
7f6c60021000-7f6c64000000 ---p 00000000 00:00 0 
7f6c64000000-7f6c64021000 rw-p 00000000 00:00 0 
7f6c64021000-7f6c68000000 ---p 00000000 00:00 0 
7f6c68000000-7f6c68021000 rw-p 00000000 00:00 0 
7f6c68021000-7f6c6c000000 ---p 00000000 00:00 0 
7f6c6c000000-7f6c6c021000 rw-p 00000000 00:00 0 
7f6c6c021000-7f6c70000000 ---p 00000000 00:00 0 
7f6c71dfe000-7f6c71dff000 ---p 00000000 00:00 0 
7f6c71dff000-7f6c71eff000 rw-p 00000000 00:00 0 
7f6c71eff000-7f6c71f03000 ---p 00000000 00:00 0 
7f6c71f03000-7f6c72000000 rw-p 00000000 00:00 0 
7f6c72000000-7f6c74000000 rwxp 00000000 00:00 0 
7f6c74000000-7f6c74021000 rw-p 00000000 00:00 0 
7f6c74021000-7f6c78000000 ---p 00000000 00:00 0 
7f6c78059000-7f6c7806f000 r-xp 00000000 08:11 3044210                    /usr/lib/jvm/java-9-oracle/lib/libnet.so
7f6c7806f000-7f6c7826f000 ---p 00016000 08:11 3044210                    /usr/lib/jvm/java-9-oracle/lib/libnet.so
7f6c7826f000-7f6c78270000 rw-p 00016000 08:11 3044210                    /usr/lib/jvm/java-9-oracle/lib/libnet.so
7f6c78270000-7f6c78460000 rw-p 00000000 00:00 0 
7f6c78460000-7f6c7a138000 ---p 00000000 00:00 0 
7f6c7a138000-7f6c7a328000 rw-p 00000000 00:00 0 
7f6c7a328000-7f6c7c000000 ---p 00000000 00:00 0 
7f6c7c000000-7f6c7c021000 rw-p 00000000 00:00 0 
7f6c7c021000-7f6c80000000 ---p 00000000 00:00 0 
7f6c80000000-7f6c80021000 rw-p 00000000 00:00 0 
7f6c80021000-7f6c84000000 ---p 00000000 00:00 0 
7f6c84000000-7f6c84021000 rw-p 00000000 00:00 0 
7f6c84021000-7f6c88000000 ---p 00000000 00:00 0 
7f6c88000000-7f6c88021000 rw-p 00000000 00:00 0 
7f6c88021000-7f6c8c000000 ---p 00000000 00:00 0 
7f6c8c000000-7f6c8c021000 rw-p 00000000 00:00 0 
7f6c8c021000-7f6c90000000 ---p 00000000 00:00 0 
7f6c90000000-7f6c90021000 rw-p 00000000 00:00 0 
7f6c90021000-7f6c94000000 ---p 00000000 00:00 0 
7f6c94000000-7f6c94021000 rw-p 00000000 00:00 0 
7f6c94021000-7f6c98000000 ---p 00000000 00:00 0 
7f6c98000000-7f6c98021000 rw-p 00000000 00:00 0 
7f6c98021000-7f6c9c000000 ---p 00000000 00:00 0 
7f6c9c000000-7f6c9c021000 rw-p 00000000 00:00 0 
7f6c9c021000-7f6ca0000000 ---p 00000000 00:00 0 
7f6ca00d1000-7f6ca00d5000 ---p 00000000 00:00 0 
7f6ca00d5000-7f6ca01d2000 rw-p 00000000 00:00 0 
7f6ca01d2000-7f6ca01e2000 r-xp 00000000 08:11 3044211                    /usr/lib/jvm/java-9-oracle/lib/libnio.so
7f6ca01e2000-7f6ca03e2000 ---p 00010000 08:11 3044211                    /usr/lib/jvm/java-9-oracle/lib/libnio.so
7f6ca03e2000-7f6ca03e3000 rw-p 00010000 08:11 3044211                    /usr/lib/jvm/java-9-oracle/lib/libnio.so
7f6ca03e3000-7f6ca03e7000 ---p 00000000 00:00 0 
7f6ca03e7000-7f6ca04e4000 rw-p 00000000 00:00 0 
7f6ca04e4000-7f6ca04e8000 ---p 00000000 00:00 0 
7f6ca04e8000-7f6ca05e5000 rw-p 00000000 00:00 0 
7f6ca05e5000-7f6ca05e9000 ---p 00000000 00:00 0 
7f6ca05e9000-7f6ca06e6000 rw-p 00000000 00:00 0 
7f6ca06e6000-7f6ca06ea000 ---p 00000000 00:00 0 
7f6ca06ea000-7f6ca07e7000 rw-p 00000000 00:00 0 
7f6ca07e7000-7f6ca07eb000 ---p 00000000 00:00 0 
7f6ca07eb000-7f6ca08e8000 rw-p 00000000 00:00 0 
7f6ca08e8000-7f6ca08ec000 ---p 00000000 00:00 0 
7f6ca08ec000-7f6ca09e9000 rw-p 00000000 00:00 0 
7f6ca09e9000-7f6ca09ed000 ---p 00000000 00:00 0 
7f6ca09ed000-7f6ca0aea000 rw-p 00000000 00:00 0 
7f6ca0aea000-7f6ca0aeb000 ---p 00000000 00:00 0 
7f6ca0aeb000-7f6ca1361000 rw-p 00000000 00:00 0 
7f6ca1361000-7f6ca1461000 ---p 00000000 00:00 0 
7f6ca1461000-7f6ca17a2000 rw-p 00000000 00:00 0 
7f6ca17a2000-7f6ca1b3d000 ---p 00000000 00:00 0 
7f6ca1b3d000-7f6ca1dad000 rwxp 00000000 00:00 0 
7f6ca1dad000-7f6ca20cd000 ---p 00000000 00:00 0 
7f6ca20cd000-7f6ca233d000 rwxp 00000000 00:00 0 
7f6ca233d000-7f6ca9605000 ---p 00000000 00:00 0 
7f6ca9605000-7f6ca9875000 rwxp 00000000 00:00 0 
7f6ca9875000-7f6cb0b3d000 ---p 00000000 00:00 0 
7f6cb0b3d000-7f6cbc000000 r--s 00000000 08:11 3044227                    /usr/lib/jvm/java-9-oracle/lib/modules
7f6cbc000000-7f6cbc72e000 rw-p 00000000 00:00 0 
7f6cbc72e000-7f6cc0000000 ---p 00000000 00:00 0 
7f6cc0007000-7f6cc0163000 rw-p 00000000 00:00 0 
7f6cc0163000-7f6cc0164000 ---p 00000000 00:00 0 
7f6cc0164000-7f6cc0264000 rw-p 00000000 00:00 0 
7f6cc0264000-7f6cc0265000 ---p 00000000 00:00 0 
7f6cc0265000-7f6cc03a3000 rw-p 00000000 00:00 0 
7f6cc03a3000-7f6cc0b17000 ---p 00000000 00:00 0 
7f6cc0b17000-7f6cc0b55000 rw-p 00000000 00:00 0 
7f6cc0b55000-7f6cc0ef0000 ---p 00000000 00:00 0 
7f6cc0ef0000-7f6cc0ef1000 ---p 00000000 00:00 0 
7f6cc0ef1000-7f6cc0ff1000 rw-p 00000000 00:00 0 
7f6cc0ff1000-7f6cc0ff2000 ---p 00000000 00:00 0 
7f6cc0ff2000-7f6cc10f2000 rw-p 00000000 00:00 0 
7f6cc10f2000-7f6cc10f3000 ---p 00000000 00:00 0 
7f6cc10f3000-7f6cc11f3000 rw-p 00000000 00:00 0 
7f6cc11f3000-7f6cc11f4000 ---p 00000000 00:00 0 
7f6cc11f4000-7f6cc12f4000 rw-p 00000000 00:00 0 
7f6cc12f4000-7f6cc12f5000 ---p 00000000 00:00 0 
7f6cc12f5000-7f6cc17f9000 rw-p 00000000 00:00 0 
7f6cc17f9000-7f6cc17fa000 ---p 00000000 00:00 0 
7f6cc17fa000-7f6cc18fa000 rw-p 00000000 00:00 0 
7f6cc18fa000-7f6cc18fb000 ---p 00000000 00:00 0 
7f6cc18fb000-7f6cc19fb000 rw-p 00000000 00:00 0 
7f6cc19fb000-7f6cc19fc000 ---p 00000000 00:00 0 
7f6cc19fc000-7f6cc1afc000 rw-p 00000000 00:00 0 
7f6cc1afc000-7f6cc1afd000 ---p 00000000 00:00 0 
7f6cc1afd000-7f6cc1c02000 rw-p 00000000 00:00 0 
7f6cc1c02000-7f6cc1ce8000 ---p 00000000 00:00 0 
7f6cc1ce8000-7f6cc1ced000 rw-p 00000000 00:00 0 
7f6cc1ced000-7f6cc1dd3000 ---p 00000000 00:00 0 
7f6cc1dd3000-7f6cc1ded000 r-xp 00000000 08:11 3044200                    /usr/lib/jvm/java-9-oracle/lib/libjimage.so
7f6cc1ded000-7f6cc1fec000 ---p 0001a000 08:11 3044200                    /usr/lib/jvm/java-9-oracle/lib/libjimage.so
7f6cc1fec000-7f6cc1fee000 rw-p 00019000 08:11 3044200                    /usr/lib/jvm/java-9-oracle/lib/libjimage.so
7f6cc1fee000-7f6cc2000000 rw-p 00000000 00:00 0 
7f6cc2000000-7f6cc2007000 r-xp 00000000 08:11 3044226                    /usr/lib/jvm/java-9-oracle/lib/libzip.so
7f6cc2007000-7f6cc2206000 ---p 00007000 08:11 3044226                    /usr/lib/jvm/java-9-oracle/lib/libzip.so
7f6cc2206000-7f6cc2207000 rw-p 00006000 08:11 3044226                    /usr/lib/jvm/java-9-oracle/lib/libzip.so
7f6cc2207000-7f6cc2212000 r-xp 00000000 08:11 2109184                    /lib/x86_64-linux-gnu/libnss_files-2.23.so
7f6cc2212000-7f6cc2411000 ---p 0000b000 08:11 2109184                    /lib/x86_64-linux-gnu/libnss_files-2.23.so
7f6cc2411000-7f6cc2412000 r--p 0000a000 08:11 2109184                    /lib/x86_64-linux-gnu/libnss_files-2.23.so
7f6cc2412000-7f6cc2413000 rw-p 0000b000 08:11 2109184                    /lib/x86_64-linux-gnu/libnss_files-2.23.so
7f6cc2413000-7f6cc2419000 rw-p 00000000 00:00 0 
7f6cc2419000-7f6cc2424000 r-xp 00000000 08:11 2109188                    /lib/x86_64-linux-gnu/libnss_nis-2.23.so
7f6cc2424000-7f6cc2623000 ---p 0000b000 08:11 2109188                    /lib/x86_64-linux-gnu/libnss_nis-2.23.so
7f6cc2623000-7f6cc2624000 r--p 0000a000 08:11 2109188                    /lib/x86_64-linux-gnu/libnss_nis-2.23.so
7f6cc2624000-7f6cc2625000 rw-p 0000b000 08:11 2109188                    /lib/x86_64-linux-gnu/libnss_nis-2.23.so
7f6cc2625000-7f6cc263b000 r-xp 00000000 08:11 2109178                    /lib/x86_64-linux-gnu/libnsl-2.23.so
7f6cc263b000-7f6cc283a000 ---p 00016000 08:11 2109178                    /lib/x86_64-linux-gnu/libnsl-2.23.so
7f6cc283a000-7f6cc283b000 r--p 00015000 08:11 2109178                    /lib/x86_64-linux-gnu/libnsl-2.23.so
7f6cc283b000-7f6cc283c000 rw-p 00016000 08:11 2109178                    /lib/x86_64-linux-gnu/libnsl-2.23.so
7f6cc283c000-7f6cc283e000 rw-p 00000000 00:00 0 
7f6cc283e000-7f6cc2846000 r-xp 00000000 08:11 2109180                    /lib/x86_64-linux-gnu/libnss_compat-2.23.so
7f6cc2846000-7f6cc2a45000 ---p 00008000 08:11 2109180                    /lib/x86_64-linux-gnu/libnss_compat-2.23.so
7f6cc2a45000-7f6cc2a46000 r--p 00007000 08:11 2109180                    /lib/x86_64-linux-gnu/libnss_compat-2.23.so
7f6cc2a46000-7f6cc2a47000 rw-p 00008000 08:11 2109180                    /lib/x86_64-linux-gnu/libnss_compat-2.23.so
7f6cc2a47000-7f6cc2a72000 r-xp 00000000 08:11 3044188                    /usr/lib/jvm/java-9-oracle/lib/libjava.so
7f6cc2a72000-7f6cc2c71000 ---p 0002b000 08:11 3044188                    /usr/lib/jvm/java-9-oracle/lib/libjava.so
7f6cc2c71000-7f6cc2c73000 rw-p 0002a000 08:11 3044188                    /usr/lib/jvm/java-9-oracle/lib/libjava.so
7f6cc2c73000-7f6cc2c80000 r-xp 00000000 08:11 3044225                    /usr/lib/jvm/java-9-oracle/lib/libverify.so
7f6cc2c80000-7f6cc2e7f000 ---p 0000d000 08:11 3044225                    /usr/lib/jvm/java-9-oracle/lib/libverify.so
7f6cc2e7f000-7f6cc2e81000 rw-p 0000c000 08:11 3044225                    /usr/lib/jvm/java-9-oracle/lib/libverify.so
7f6cc2e81000-7f6cc2e88000 r-xp 00000000 08:11 2109209                    /lib/x86_64-linux-gnu/librt-2.23.so
7f6cc2e88000-7f6cc3087000 ---p 00007000 08:11 2109209                    /lib/x86_64-linux-gnu/librt-2.23.so
7f6cc3087000-7f6cc3088000 r--p 00006000 08:11 2109209                    /lib/x86_64-linux-gnu/librt-2.23.so
7f6cc3088000-7f6cc3089000 rw-p 00007000 08:11 2109209                    /lib/x86_64-linux-gnu/librt-2.23.so
7f6cc3089000-7f6cc3191000 r-xp 00000000 08:11 2109167                    /lib/x86_64-linux-gnu/libm-2.23.so
7f6cc3191000-7f6cc3390000 ---p 00108000 08:11 2109167                    /lib/x86_64-linux-gnu/libm-2.23.so
7f6cc3390000-7f6cc3391000 r--p 00107000 08:11 2109167                    /lib/x86_64-linux-gnu/libm-2.23.so
7f6cc3391000-7f6cc3392000 rw-p 00108000 08:11 2109167                    /lib/x86_64-linux-gnu/libm-2.23.so
7f6cc3392000-7f6cc43a6000 r-xp 00000000 08:11 3811497                    /usr/lib/jvm/java-9-oracle/lib/server/libjvm.so
7f6cc43a6000-7f6cc45a6000 ---p 01014000 08:11 3811497                    /usr/lib/jvm/java-9-oracle/lib/server/libjvm.so
7f6cc45a6000-7f6cc4677000 r--p 01014000 08:11 3811497                    /usr/lib/jvm/java-9-oracle/lib/server/libjvm.so
7f6cc4677000-7f6cc46ae000 rw-p 010e5000 08:11 3811497                    /usr/lib/jvm/java-9-oracle/lib/server/libjvm.so
7f6cc46ae000-7f6cc4717000 rw-p 00000000 00:00 0 
7f6cc4717000-7f6cc48d7000 r-xp 00000000 08:11 2109135                    /lib/x86_64-linux-gnu/libc-2.23.so
7f6cc48d7000-7f6cc4ad7000 ---p 001c0000 08:11 2109135                    /lib/x86_64-linux-gnu/libc-2.23.so
7f6cc4ad7000-7f6cc4adb000 r--p 001c0000 08:11 2109135                    /lib/x86_64-linux-gnu/libc-2.23.so
7f6cc4adb000-7f6cc4add000 rw-p 001c4000 08:11 2109135                    /lib/x86_64-linux-gnu/libc-2.23.so
7f6cc4add000-7f6cc4ae1000 rw-p 00000000 00:00 0 
7f6cc4ae1000-7f6cc4ae4000 r-xp 00000000 08:11 2109148                    /lib/x86_64-linux-gnu/libdl-2.23.so
7f6cc4ae4000-7f6cc4ce3000 ---p 00003000 08:11 2109148                    /lib/x86_64-linux-gnu/libdl-2.23.so
7f6cc4ce3000-7f6cc4ce4000 r--p 00002000 08:11 2109148                    /lib/x86_64-linux-gnu/libdl-2.23.so
7f6cc4ce4000-7f6cc4ce5000 rw-p 00003000 08:11 2109148                    /lib/x86_64-linux-gnu/libdl-2.23.so
7f6cc4ce5000-7f6cc4cf3000 r-xp 00000000 08:11 4199783                    /usr/lib/jvm/java-9-oracle/lib/jli/libjli.so
7f6cc4cf3000-7f6cc4ef3000 ---p 0000e000 08:11 4199783                    /usr/lib/jvm/java-9-oracle/lib/jli/libjli.so
7f6cc4ef3000-7f6cc4ef4000 rw-p 0000e000 08:11 4199783                    /usr/lib/jvm/java-9-oracle/lib/jli/libjli.so
7f6cc4ef4000-7f6cc4f0c000 r-xp 00000000 08:11 2109203                    /lib/x86_64-linux-gnu/libpthread-2.23.so
7f6cc4f0c000-7f6cc510b000 ---p 00018000 08:11 2109203                    /lib/x86_64-linux-gnu/libpthread-2.23.so
7f6cc510b000-7f6cc510c000 r--p 00017000 08:11 2109203                    /lib/x86_64-linux-gnu/libpthread-2.23.so
7f6cc510c000-7f6cc510d000 rw-p 00018000 08:11 2109203                    /lib/x86_64-linux-gnu/libpthread-2.23.so
7f6cc510d000-7f6cc5111000 rw-p 00000000 00:00 0 
7f6cc5111000-7f6cc512a000 r-xp 00000000 08:11 2109234                    /lib/x86_64-linux-gnu/libz.so.1.2.8
7f6cc512a000-7f6cc5329000 ---p 00019000 08:11 2109234                    /lib/x86_64-linux-gnu/libz.so.1.2.8
7f6cc5329000-7f6cc532a000 r--p 00018000 08:11 2109234                    /lib/x86_64-linux-gnu/libz.so.1.2.8
7f6cc532a000-7f6cc532b000 rw-p 00019000 08:11 2109234                    /lib/x86_64-linux-gnu/libz.so.1.2.8
7f6cc532b000-7f6cc5351000 r-xp 00000000 08:11 2109115                    /lib/x86_64-linux-gnu/ld-2.23.so
7f6cc5372000-7f6cc5435000 rw-p 00000000 00:00 0 
7f6cc5435000-7f6cc543c000 ---p 00000000 00:00 0 
7f6cc543c000-7f6cc5444000 rw-s 00000000 08:11 3946605                    /tmp/hsperfdata_root/21160
7f6cc5444000-7f6cc5449000 ---p 00000000 00:00 0 
7f6cc5449000-7f6cc5549000 rw-p 00000000 00:00 0 
7f6cc554b000-7f6cc554d000 rw-p 00000000 00:00 0 
7f6cc554d000-7f6cc554e000 r--p 00000000 00:00 0 
7f6cc554e000-7f6cc5550000 rw-p 00000000 00:00 0 
7f6cc5550000-7f6cc5551000 r--p 00025000 08:11 2109115                    /lib/x86_64-linux-gnu/ld-2.23.so
7f6cc5551000-7f6cc5552000 rw-p 00026000 08:11 2109115                    /lib/x86_64-linux-gnu/ld-2.23.so
7f6cc5552000-7f6cc5553000 rw-p 00000000 00:00 0 
7ffccaf85000-7ffccafa6000 rw-p 00000000 00:00 0                          [stack]
7ffccafb2000-7ffccafb5000 r--p 00000000 00:00 0                          [vvar]
7ffccafb5000-7ffccafb7000 r-xp 00000000 00:00 0                          [vdso]
ffffffffff600000-ffffffffff601000 r-xp 00000000 00:00 0                  [vsyscall]

VM Arguments:
java_command: ttl2ntConverter.jar ../../../../repoFolder/skosMe.ttl temp.nt
java_class_path (initial): ttl2ntConverter.jar
Launcher Type: SUN_STANDARD

Logging:
Log output configuration:
#0: stdout all=warning uptime,level,tags
#1: stderr all=off uptime,level,tags

Environment Variables:
PATH=/home/project/vocol/node_modules/.bin:/usr/local/sbin:/usr/local/bin:/usr/sbin:/usr/bin:/sbin:/bin

Signal Handlers:
SIGSEGV: [libjvm.so+0xd4ce90], sa_mask[0]=11111111011111111101111111111110, sa_flags=SA_RESTART|SA_SIGINFO
SIGBUS: [libjvm.so+0xd4ce90], sa_mask[0]=11111111011111111101111111111110, sa_flags=SA_RESTART|SA_SIGINFO
SIGFPE: [libjvm.so+0xd4ce90], sa_mask[0]=11111111011111111101111111111110, sa_flags=SA_RESTART|SA_SIGINFO
SIGPIPE: [libjvm.so+0xb64460], sa_mask[0]=11111111011111111101111111111110, sa_flags=SA_RESTART|SA_SIGINFO
SIGXFSZ: [libjvm.so+0xb64460], sa_mask[0]=11111111011111111101111111111110, sa_flags=SA_RESTART|SA_SIGINFO
SIGILL: [libjvm.so+0xd4ce90], sa_mask[0]=11111111011111111101111111111110, sa_flags=SA_RESTART|SA_SIGINFO
SIGUSR2: [libjvm.so+0xb64320], sa_mask[0]=00000000000000000000000000000000, sa_flags=SA_RESTART|SA_SIGINFO
SIGHUP: [libjvm.so+0xb64530], sa_mask[0]=11111111011111111101111111111110, sa_flags=SA_RESTART|SA_SIGINFO
SIGINT: [libjvm.so+0xb64530], sa_mask[0]=11111111011111111101111111111110, sa_flags=SA_RESTART|SA_SIGINFO
SIGTERM: [libjvm.so+0xb64530], sa_mask[0]=11111111011111111101111111111110, sa_flags=SA_RESTART|SA_SIGINFO
SIGQUIT: [libjvm.so+0xb64530], sa_mask[0]=11111111011111111101111111111110, sa_flags=SA_RESTART|SA_SIGINFO


---------------  S Y S T E M  ---------------

OS:DISTRIB_ID=Ubuntu
DISTRIB_RELEASE=16.04
DISTRIB_CODENAME=xenial
DISTRIB_DESCRIPTION="Ubuntu 16.04.3 LTS"
uname:Linux 4.4.114-94.14-default #1 SMP Mon Feb 19 14:46:07 UTC 2018 (14c5f0f) x86_64
libc:glibc 2.23 NPTL 2.23 
rlimit: STACK 8192k, CORE infinity, NPROC 1048576, NOFILE 1048576, AS infinity
load average:1.43 0.51 0.29

/proc/meminfo:
MemTotal:        8064644 kB
MemFree:          234352 kB
MemAvailable:     307188 kB
Buffers:           27236 kB
Cached:           323064 kB
SwapCached:       117800 kB
Active:          3714512 kB
Inactive:        3733928 kB
Active(anon):    3537044 kB
Inactive(anon):  3650864 kB
Active(file):     177468 kB
Inactive(file):    83064 kB
Unevictable:          80 kB
Mlocked:              80 kB
SwapTotal:       2103292 kB
SwapFree:              0 kB
Dirty:             16280 kB
Writeback:             0 kB
AnonPages:       6980972 kB
Mapped:           123624 kB
Shmem:             89396 kB
Slab:             171320 kB
SReclaimable:      67576 kB
SUnreclaim:       103744 kB
KernelStack:       44720 kB
PageTables:        70256 kB
NFS_Unstable:          0 kB
Bounce:                0 kB
WritebackTmp:          0 kB
CommitLimit:     6135612 kB
Committed_AS:   24197476 kB
VmallocTotal:   34359738367 kB
VmallocUsed:           0 kB
VmallocChunk:          0 kB
HardwareCorrupted:     0 kB
AnonHugePages:   3018752 kB
HugePages_Total:       0
HugePages_Free:        0
HugePages_Rsvd:        0
HugePages_Surp:        0
Hugepagesize:       2048 kB
DirectMap4k:      376768 kB
DirectMap2M:     8011776 kB


CPU:total 4 (initial active 4) (2 cores per cpu, 1 threads per core) family 16 model 2 stepping 3, cmov, cx8, fxsr, mmx, sse, sse2, sse3, popcnt, mmxext, 3dnowpref, lzcnt, sse4a, tsc, tscinvbit, tscinv
CPU Model and flags from /proc/cpuinfo:
model name	: AMD Opteron(tm) Processor 6172
flags		: fpu vme de pse tsc msr pae mce cx8 apic sep mtrr pge mca cmov pat pse36 clflush mmx fxsr sse sse2 ht syscall nx mmxext fxsr_opt rdtscp lm constant_tsc rep_good nopl tsc_reliable nonstop_tsc pni cx16 popcnt hypervisor lahf_lm extapic abm sse4a misalignsse 3dnowprefetch osvw rsb_ctxsw retpoline retpoline_amd vmmcall

Memory: 4k page, physical 8064644k(234104k free), swap 2103292k(0k free)

vm_info: Java HotSpot(TM) 64-Bit Server VM (9.0.1+11) for linux-amd64 JRE (9.0.1+11), built on Sep 27 2017 20:48:27 by "mach5one" with gcc 4.9.2

END.
